[8mha:AAACBB+LCAAAAAAAAACFj0+P0kAYxkcUJR715saExOx6aNIObCFlNx7aAoUy/NHSVeA0pbUtS/9sOzQtJn4eD/pl/AaeNsZ492iH0jXGg88c5pd33ud9n/n8E1TjCJw5OzMOfDbc7mzXj1nsx+462AYRK+YkU5oExAKF7lVABYHaoWGMQwJeosLPHf3cnZ+78+eNlwg8MDHBBDxBG5xgbot9m9NI5Pr2ZRqBZ8cU68CPg63FysX992aQhnng0/8Hzhf++FQLvi202wq4vwJVwz6Efbr6d3n++p6+3oCP4GGe0seeRbmShruodLDUwR4dX75e3X5//kE5BMqT1Qh49IKX6aHU78NclCCkXNRK4ttCU+LLvn6/7Cuof9CO7q+VkyEs58ndP5MpF7WSGr3OcR6tyN2yr6Beix4CqimxIo+AXxrBEbHMupHVd7EV1U9WgufgCzGX5zBIFktJhtDCEjHc4eu5spmMdH4GhWQ6Z5JpV/Cv1sL5LNMbaXuaDZEeqPtx0swYTlV1SXTcpSLZN67jXMOJthl13+7fGedvzC2SdG2hqNeCQsK9nsw0rSsJSouMXF8aKsMlE6dI7XHLfS8ZzDu8OnL3KIW4LaW6t1Gm+iQwBzGyxWzasxcMZyK3IaMOH2uaZk+QmI1FBkWDcDymH3h1soJejEkGO7D5+De/Z01a9wIAAA==[0mStarted by user [8mha:AAAAmh+LCAAAAAAAAABb85aBtbiIQTGjNKU4P08vOT+vOD8nVc83PyU1x6OyILUoJzMv2y+/JJUBAhiZGBgqihhk0NSjKDWzXb3RdlLBUSYGJk8GtpzUvPSSDB8G5tKinBIGIZ+sxLJE/ZzEvHT94JKizLx0a6BxUmjGOUNodHsLgAyOEgY+/dLi1CL94sSSSgNLAyMA+LrHpMMAAAA=[0msaty0902
[8mha:AAABYx+LCAAAAAAAAACFkc1Kw0AUha/RanCpO0EoiH+bTJQqSldt2rhJ3RQE6WqaxjRtOhNnJjUg+Dwu9GV8A1dFxHdwJpOpiAvvLPJx55x7z5CXL6hxBgfjfMQpcbI0jxPCHUx4EtKUMqclyVN0TUUEulYssAKwS0EPZwIOA+1HlR8t/Wjpl8JmAGsjLLCArWCC5xilmMSoL1hC4mbBYKdKEVLCaRo5nv7+3gxFJgPv/x9YLvx8tun7bX9hweoAasO4DLs9+Ltc3t6p23t4gnWZkuBZpNgqspwZh6McTuV4fbtZfOw+XpWBZDJbwMZew1NHke+7shS5rmLdM9Q4vzhtN4zO941Ok19WrvbbZrLrmnle52eyYt0zdNK9rOapjtcxOk3dM3UE1AoRsZmAbjtP0pF8Tj0h9QfKpjzDYVRHc8xQmgzRJCJT9TsndMhRP8IsHB/1MJfmY7SUb34DN+03NUQCAAA=[0mBuilding in workspace /var/lib/jenkins/jobs/Search(Master)/workspace
[8mha:AAABfh+LCAAAAAAAAACFkc1Kw0AUha/RanCpO0EoiH8LM6m0pdqNmjZuUjcFQbqapGOaNp2Jk0kNCD6PC30Z38BVEfEdnMlPi7jwziIfd+4595B5/YZKzOFglAxjRo0oTPyAxgamceCxkHHjUpKl6IYJAnmtaKA5oGcDPRwJOHRyPSr0aKFHC70cbDuwNsQCC9hyxniGUYipj/qCB9Rvpxx2ihQeozELiWHl39+bIY1k4P3/A8uFXy86+7jrzzVYHUDF9bOw24O/y+Xtvbp9gGdYlykpnhLFWholvFQYSmEUirf32/nn7tN1Fkgm0wVs7NUtdRTZtilLkWkqznsl1Zut06t6OWfb5VxOdlaJ2q+XzqZZ+lmdpbPivFdSrXtW+KmO1Snncuo21BFQSQXhUwGhNSLehCXi/JHxSRxhj1RRFc0wR2HgojGhE/WaY+bGqE8w90ZHPRxL7TFaCk6qxVtwMmVC/hvDYR6W1phSEl7U6kO30Wo2N38AnuQAomsCAAA=[0mCheckout:workspace / /var/lib/jenkins/jobs/Search(Master)/workspace - hudson.remoting.LocalChannel@14db5866
[8mha:AAABRR+LCAAAAAAAAACFj8FKxDAQhsdqtXjUiwjCgqi3tEoVdU9ru/VSvSwKsqe4m60r3aQmqVQEn8eDvoxv4GkR8R1MmmZFPDg55GPy/zN/Xr7AFRy2b8qhYBQVeZmNqUCYivGA5YyjjqJI0zmTBEzNOeCk4NWCM1xI2EmN32/8/szvz/xK2E5hYYgllrCS3uJ77OeYZn5P8jHN2hWH9SbFgFHBcoIic//eDFWhAm/9H1gt/Hz22PtVb+rAfB/c66wOu9r/u1y9jvTrHTzBokpJ8YRodqqi5NaBtAM1jte3y+nHxuNpHUgl8yQsbYaRPpqSJFClKQg0m56l8OBw7yS0uiSxOkNJXaXe79nJQWDnRfHPZM2mZ2m3e9TM050otjpD3X19JLiVJHwiYe1CqL+0hORYkuzhuBWTES5zufwNzjSVeRcCAAA=[0mUsing strategy: Default
[8mha:AAABdB+LCAAAAAAAAACFkctKw0AUho/RanCpO0EIiLdNLm1qE7uyaeMmurCgSFeTS2MkzcTJpAQEn8eFvoxv4KqI+A7O5FIRF55ZzMeZ8//nh3n5glZG4OAu9zOcyGmch1GSySjJIg/HmMhnjCxOl5gGUNWKAIIDYjlwgVIKh06lV2q9stQrSz0b7Duw5iOKKGw592iOlBgloTKmJErCfkFgp07h4STDcSBb1f17MxQpC7z/f2C28PNZxO+344UAqxNouWEZdnvydzl7nfLXB3iCdZYyQbOAs1CkOWkUMlfIteL17Xrxsft4XgZiyUQKG3u6xQ8n21ZZcVJVzlWvIf3EaA/0Zs62m7mK7LJyvl9snFW18bOGP86cq15D2sis/XjHGjZzFY26/FBoFTQgMwo3DsqoNMijmEpXwTzKIpycLklyvcBEvhloSNU0ZOrIQF2v0zY03/R0w+z1XLfndaYd6QiTiH2DMmN2ATne/AZlMiTLVgIAAA==[0mLast Built Revision: Revision bce9ad9e1a011a94a8a5c3281d9c48977bb7c3f3 (origin/master)
[8mha:AAABRx+LCAAAAAAAAACFj8FKxDAQhsdqtXjUmygURL2lVaooe1q7Wy/Vy4Iie4rdbq12k5qkWhB8Hg/6Mr6Bp0XEdzBpmhXx4OSQj8n/z/x5+QKbM9i+rkacElQWVZYTjjDheUILylBXUqjojIoUdM1ZYMXgNIJTXArYibXfa/3ezO/N/FLYiWFhhAUWsBLf4HvsFZhk3kCwnGSdmsFamyKhhNMiRaG+f2+GupSBt/4PLBd+Pjv0/XIwtWB+CPZV1oRdHf5dLl/H6vUOnmBRpiR4kiq26rJixoGUA7WO17fz6cfG40kTSCZzBCxtBqE6iqLIl6XI9xXrnqHg4HDvODC6KDI6TVFTldrvmMm+b+aFvZ/JinXP0G7/qJ2nOmHP6DT199URYNciZRMB6xd5KT/j0kq4D5Td8hInqTvOGRdo+RuPvx88GwIAAA==[0mWiping out workspace first.
[8mha:AAABSh+LCAAAAAAAAACFkMFKxDAQhsdqtXjUmyAsinpLq1RR9qTZ7V6qlwVB9hR3Y7fSJjVNpSL4PB70ZXwDT4uI72DSNCviwcmhH5P/n/nTly9wSwG702pScoaKrEpSViLCynTMMy7QqSKs6YJLCqYWHHBi8BrBOSkk7MXG77d+f+73534l7MawNCGSSFiLb8k98TPCEn8oRcqSbi1go00x5qzkGUXYfH9vhrpQgXf+D6wWfj57/P1qOHNgcQTuddKEXR/9Xa5ub/TtHTzBskrJSE41O3VRCetA2oFax+vb5exj83HQBFLJPAkr2yHWR1MUBao0BYFm07MUHh0fnIVWF0VWZyhqqtL7PTs5COw83PuZrNn0LO33T9p5uoN7Vmeof6iPBLeWVOQStnDGmXpNR05pR9Bc/ejOIJUKC16mkouH1W/FYWJZIQIAAA==[0mCloning the remote Git repository
[8mha:AAABWx+LCAAAAAAAAACFkc9KxDAQxsfqavGoN0FYEPWWVln/7kXtbr1ULwuC7Cnbjd1qN+kmqVQEn8eDvoxv4GkR8R1MmmZFPDih5MfMfDNf6MsXNASHrVExFIyiPCuSlAqEqUhjljGOThUFmi6ZJGBizgEnArdquMC5hO3I6L1a78303kyvGtsRLAyxxBJWolt8j70M08TrSZ7SpF1yWKtdxIwKlhEUmPv3ZihzZXjzf8Nq4eezy96ve1MH5vvQGCSV2dX+3+WqeqOrE3iCReWS4jHR7JR5wa0CaQWqFa9vV9OP9cfzypBy5kpY2mgF+mgKQ1+FJt/XbHKWWvuHu2ct2xeGts9QWEWh97t2su/beUHnZ7Jmk7O00z2q5+lM0LF9hrp7+kholJLwsYSDIGNUvabJSc5EKhl/aCapPFHfqBio/zA+5ji+EzmOiScI5vEIqdryN5TOt5w2AgAA[0mCloning repository git@github.com:rackspace/search.git
[8mha:AAABPR+LCAAAAAAAAACFjsFKw0AQhsdoNXjwoDdBEEQ9dRMlitJTTRsv0UtBkJ7WNsZIuht3NyUg+Dwe9GV8A09FxHdwJ5utiAdnDvsx+/8z/8sXtKSAvbtyLDkjRV6mGZOEMpmNeM4F6WoKkS65SsDUggNODG4tuKCFgv3Y+L3G78393tyvhZ0YlsZUUQXr8T2dUi+nLPUGSmQs7VQCNpsUI84kzxMSmvf3ZagKHXj3/8D64Oezy9+vBzMHFofQuknrsBvDv8f17y3+PsATLOuUjE4SZKcqSmEdBB2kcby+Xc0+th7P60A6matgZScIsZGiyNeF5PvIZmYpOD45PAusLoqszlBUV4n3XbvZ9+2+sPezGdnMLB30T5t9OAl7Vmeof4StoFWpREwUrKWZ2m63p4mQGWer3w64/sgNAgAA[0mgit --version
[8mha:AAABQR+LCAAAAAAAAACFjs9Kw0AQxsdoNHhUT4JQEPW2SST+oydNGy/RS0GQntY2xki6GzebEhB8Hg/6Mr6BpyLiO7iTzVbEgzOH/TH7fTPfyxfYpYDdu2pcckaKvEozVhLKymzEcy7IqaIQ6ZLLBHQtWGDF4DSCC1pI2Iu132397tzvzv1K2I1haUwllbAW39MpdXPKUncgRcbSbi1gs00x4qzkeUJC/f6+DHWhAu/8H1gd/Hx2+Pv1YGbB4hDsm7QJuz78e1z93uLvAzzBskrJ6CRBtuqiEsZB0EFax+vb1exj6/G8CaSSORJWtoMQGymKPFVInoesZ4aCw+P9s8DoosjoNEVNVXjfMZs9z+wLez+bkfXMkN8/affhJOwZnab+AbYEu5aJmEjYSDPZmSaizDjr+OSIBMRf/QbG5e/DEwIAAA==[0mgit version 1.7.4.1
[8mha:AAABTh+LCAAAAAAAAACFkMFKxDAQhsfqavGoN0EoiOutrVJF2ZN2t16qlwVB9hS72bbSJjVJl4Lg83jQl/ENPC0ivoNJ06yIByeHfkz+f+ZPX76gxxn0s3rKKXGrok5zwl1EeJ7QgjL3XFKo6JoKDLpWLLBisFvBFaoEHMTa73V+b+n3ln4pHMSwNkUCCdiK79EceQUiqTcWLCfpoGGw06VIKOG0wG6ov783Q1PJwPv/B5YLP59t+n47XliwOoHeXdqG3Z78XS5vZ+r2AZ5gXaYkqMSKraaqmXG4yuF2jte3m8XH7uNlG0gmswVs7AWhOoqiyJelyPcV656h4OT06CIwuigyOk1RW7Xab5vJvm/mhcOfyYp1z9Dh6Kybpzrh0Og0jY7VEdBrBGalgH6ERZLJ5zh1xQXDqHSSTD4Sc2fGaOlQlsu/u/kN8/xwbyUCAAA=[0mFetching upstream changes from origin
[8mha:AAABQB+LCAAAAAAAAACFkMFKxDAQhsfqavGoN0EQRL2lVaooe3KzWy/Vy4Ige4rdWKvdpCapFgSfx4O+jG/gaRHxHUyaZkU8ODn0Y/L/M3/68gUdKWD7uhpLzlBZVFnOJCJM5ikvuEDHmrChM64o2JrzwEvAbwSnpFSwk1h/0PqDmT+Y+bWwm8DCmCiiYCW5IfckKAjLgqESOcu6tYC1NkXKmeQFRdh+f2+GutSBt/4PrBd+Pvv8/WI49WB+BJ3LrAm7Ovq7XN9emds7eIJFnZKRCTXs1WUlnAMZB2odr2/n04/1x5MmkE7mK1jajLA5huI41GUoDA3bnqPo4HCvFzldHDudpbipyuz33eQwdPNw/2eyYdtztDs4aueZDu47naXBvjkKOrWiYqJ/BS4oYfo5Gw9c3MqSpHT5G/K1b/oSAgAA[0mCleaning workspace
[8mha:AAABQh+LCAAAAAAAAACFj8FKxDAQhsdqtXjUgyAIgqi3tkoVZU9rd+ulenBBkD3F3VhXu0lNUi0IPo8HfRnfwNMi4juYaZoV8eDkkI/J/8/8efkCVwrYui6HkjO/yMtsxKRPmBwNeM6F39YUI51yRcHUjANOCl4tOCGFgu3U+IPGH0z9wdSvha0U5oZEEQVL6Q25J0FOWBb0lBixrFUJWG1SDDiTPKd+bO7fm6EqdODN/wPrhZ/PHn+/6E0cmO2De5nVYZf7f5fr1yt8vYMnmNcpGRlTZKcqSmEdPjr8xvH6dj75WHs8rgPpZJ6ChY0oxoOUJKEupDBENj1L0f7B7lFkdUlidYaSukrc79nJYWjnxZ2fycimZ2mne9jMw07csTpD3T08CtxKUTFWsHJGJVVK/2f9gYtbvJWgdPEbxHseXBYCAAA=[0mResetting working tree
[8mha:AAABeB+LCAAAAAAAAACFkctKw0AUho/RanCpO0EIiLdNLm1qE7rStHETXVgoSFeTS2MkmYnJpAQEn8eFvoxv4KqI+A7O5FIRF55Z5OPM+f/zD3n5gk6ewdFd4ecEy2lchBHOZYTzyCMxyeRzRhana0IDqGtNAMEBsRq4QimFY6fWK41eWemVlZ4NDh3Y8BFFFHace7RASoxwqExoFuFwWGaw16TwCM5JHMhW/f29GcqUBT78PzBb+PkskvfbyVKA9Rl03LAKuzv7u5zdzvntAzzBJkuJURJwFsq0yFqFzBVyo3h9my4/9h8vq0AsmUhh60C3+OFk2yorTqrKue61pJ8Z3Qu9nbPtdq4mu6qC7xdbZ1Vt/azRjzPnuteSNjYbP96xRu1cTeM+PxQ6JQ2yhMLUIkkSYI89SHKLKPYlMpdugkWURwRLrheYyDcDDamahkwdGajv9bqG5puebpiDgesOvN68J52QLGJ/QUlQznxPt78B8X/rXlUCAAA=[0mCommencing build of Revision bce9ad9e1a011a94a8a5c3281d9c48977bb7c3f3 (origin/master)
[8mha:AAABcx+LCAAAAAAAAACFkMtKw0AUho/RanCpO0EIiLdNLm1qE7rStHETFSwI0tXk0jSaZmIyKQHB53GhL+MbuCoivoMzSaYiLjyzyMeZ8//nn7x8QSvP4GBa+DlO5DQuwijJZZTkkYdjnMmnlCxGl5gEUNeKAIIDYjVwgVICh06tVxq9stQrSz0d7Duw5iOCCGw5d2iOlBgloTIiWZSE/TKDnSaFh5Mcx4Fs1d/fm6FMaeD9/wPThZ/PIn6/HS0EWB1Dyw2rsNvjv8vp7YTdPsATrNOUCZoFjIUyLTKukJlCbhSvbzeLj93H8yoQTSYS2NjTLXYY2bZKi5GqMq57nPQTo32m8znb5nM12VUVbL/InVWV+1mDH2fGdY+TNjQbP9axBnyupmGXHQKtkgTZjMCVNQ28e/ocCRdEug7mUR7hRHK9wES+GWhI1TRk6shAXa/TNjTf9HTD7PVct+d1Jh3pCGcR/f3KDOXU8HjzG2rSxRFOAgAA[0mChecking out Revision bce9ad9e1a011a94a8a5c3281d9c48977bb7c3f3 (origin/master)
[8mha:AAABQB+LCAAAAAAAAACFkMFKxDAQhsfqavGoN0EQRL2lVaooe3KzWy/Vy4Ige4rdWKvdpCapFgSfx4O+jG/gaRHxHUyaZkU8ODn0Y/L/M3/68gUdKWD7uhpLzlBZVFnOJCJM5ikvuEDHmrChM64o2JrzwEvAbwSnpFSwk1h/0PqDmT+Y+bWwm8DCmCiiYCW5IfckKAjLgqESOcu6tYC1NkXKmeQFRdh+f2+GutSBt/4PrBd+Pvv8/WI49WB+BJ3LrAm7Ovq7XN9emds7eIJFnZKRCTXs1WUlnAMZB2odr2/n04/1x5MmkE7mK1jajLA5huI41GUoDA3bnqPo4HCvFzldHDudpbipyuz33eQwdPNw/2eyYdtztDs4aueZDu47naXBvjkKOrWiYqJ/BS4oYfo5Gw9c3MqSpHT5G/K1b/oSAgAA[0mCleaning workspace
[8mha:AAABQh+LCAAAAAAAAACFj8FKxDAQhsdqtXjUgyAIgqi3tkoVZU9rd+ulenBBkD3F3VhXu0lNUi0IPo8HfRnfwNMi4juYaZoV8eDkkI/J/8/8efkCVwrYui6HkjO/yMtsxKRPmBwNeM6F39YUI51yRcHUjANOCl4tOCGFgu3U+IPGH0z9wdSvha0U5oZEEQVL6Q25J0FOWBb0lBixrFUJWG1SDDiTPKd+bO7fm6EqdODN/wPrhZ/PHn+/6E0cmO2De5nVYZf7f5fr1yt8vYMnmNcpGRlTZKcqSmEdPjr8xvH6dj75WHs8rgPpZJ6ChY0oxoOUJKEupDBENj1L0f7B7lFkdUlidYaSukrc79nJYWjnxZ2fycimZ2mne9jMw07csTpD3T08CtxKUTFWsHJGJVVK/2f9gYtbvJWgdPEbxHseXBYCAAA=[0mResetting working tree
[8mha:AAABYx+LCAAAAAAAAACFkM1Kw0AUha/RanCpO0EI+Lcyk5ZEG+pG08ZNdFMQpLiYtjGNpjMxM9GA4PO40JfxDVwVEd/BTCZTERfeWczHnXPuPczLFzRYBruTfMwoMdMkj2LCTExYPKIJzczjkjxB55SHIGtBAy0AvRKc4ZTDXiD9qPajuR/N/aWwE8DSGHPMYS24wfcYJZhEqM+zmESdIoONOsWIEkaT0PTk/XszFGkZeOf/wOXCz2edvl/2ZxosDqAxjKqw64O/y8vXa/F6B0+wXKYkeBoK1oo0z5TDFA6zdry+Xcw+Nh9Pq0BlMp3DypbtiSPI962yBFmWYNlTZB+0Wye20vm+0knyq8rFfl1Ntiw1z+v+TBYse4qaPbeeJzpeV+kk9RxxODQKHmZTDkeDB5rdshSPwitj20DDmCA2MfaL0EB8miL5yQct17Fcy247drvpOu6h65pssvoNLnG+eTsCAAA=[0m[workspace] $ /bin/sh -xe /tmp/hudson6295090485481959799.sh
[8mha:AAABPR+LCAAAAAAAAACFj8FKxDAQhsdqtQhe9CYIgqi3tEoVZU/a3Xrp6sKCIHuKu7WudJOapFIQfB4P+jK+gadFxHcw0zQr4sHJIR+T/5/58/IFrhSwc1uOJGekyMtszCShTI6HPOeCnGiKkM65SsHUnANOAl4t6NJCwW5i/H7j92d+f+bXwlYCCyOqqILV5I4+UD+nLPP7SoxZ1qoErDcphpxJnqckMvfvzVAVOvD2/4H1ws9nj79f9acOzA/Avc7qsGuDv8v16w2+3sMTLOqUjE5SZKcqSmEdBB2kcby+XU4/Nh7P6kA6madgaSuM8CDFcaALKQiQTc9SeHi0fxpaXRxbnaG4rhL3e3ZyENh5UftnMrLpWdrrHDfzsBO1rc5Q5wCPArdSqZgoWOlRIfVvNnsXXbn8DbkHMrQMAgAA[0mParsing POMs
[8mha:AAABVR+LCAAAAAAAAACFj8FKxDAQhsfqavGoN0EoiHqRtkoVZU/a3XrpelkQZE+xjW0lm9Q0lYrg83jQl/ENPC0ivoNJ06yIByeHfEz+f+bPyxf0Kg47eZ1WjLolqbOCVi6iVZEwwrh7KilUdMEEBl0LFlgx2K1ghEoBu7H2e53fm/u9uV8K+zEspUggAWvxLbpHHkE088aCFzTrNxw2uhQJoxUj2A31/XszNKUMvP1/YLnw89lm71fjmQWLE+hdZ23Y9cnf5fL1Rr3ewRMsy5QUTbFiqylrbhyucrid4/Xtcvax+XjeBpLJbAErW0GojqIo8mUp8n3FumcoODo+OAuMLoqMTlPUVq3222ay75t54eBnsmLdM7Q/POnmqU44MDpNw0N1BPQagflUgD9iaU1w5SS5/BpO9xyOE0SSmiAhP+mkuMQ0xTR5cDKOynz1G8zd5bIvAgAA[0mModules changed, recalculating dependency graph
[8mha:AAAB9B+LCAAAAAAAAACdUstu1DAUdQcGRixhh4QUCSir2JlMqPpY0XSCkGa6qQRCI4Q8HpMmzdjBdtJISKz6MSzan+EPWFUI8Q/4EQ8gJJCwFzm+vueec31z+R0MpQDbp81KcgbrqskLJiFmsiC84gI+0yg16JgrCtzaGoDBDIxswhzXCjyZOT7q+WjDRxu+TjyYgZsrrLACd2clbjGqMMvRiRIFyw86Ae73LghnklcUpu77uzLoam348b8Na8Fvn0b8y+uT6wG4sQDDZW7N3lv8Ka5v35nb9+AjuKVdMrymBg+6uhGeAQ0D9oyrzy+vvz748Nwa0s5GCtx+mKRmG5RlkV4GRZHBLuZRsrMbHyY+L8t8nkOZXY3RH/nKUeTrpUc/KxvsYh6Np3t9PRNJj3yeQ9OnZisw7BQVa7V1sZBUtAWhb4JHAZKiRYrzSqJydTaGOzB6O9lFy4Ih030QkjpALRaoKpaopOzMDNoPfI1bykJ3Qq+mh+GL48wm2otJiHPKVDiGMSyx2EeN1GU4wRXCNSanNHT8CYxggpacK12Ydo0MSYWlPOeiWskwholhB1zksGwZVbD/CZwGtBpwbg9zXLDgrzKuF2LCm27OdeRX84KuudLT1tKxdf7/D1Aw/eSE1ooL/wxBMt6Lkzs/AP/PaBmDAwAA[0m[service] $ /srv/tools/jdk1.6.0_38/bin/java -cp /var/lib/jenkins/plugins/maven-plugin/WEB-INF/lib/maven3-agent-1.2.jar:/usr/local/apache-maven-3.0.4/boot/plexus-classworlds-2.4.jar org.jvnet.hudson.maven3.agent.Maven3Main /usr/local/apache-maven-3.0.4 /var/cache/jenkins/war/WEB-INF/lib/remoting-2.22.jar /var/lib/jenkins/plugins/maven-plugin/WEB-INF/lib/maven3-interceptor-1.2.jar 41924
[8mha:AAABZR+LCAAAAAAAAACFjsFKw0AQhsdoNXjUmyAURL0lUapYaoWaJqWaRrFFKMXD2sa0Jd2NyUYCgvg4HvQdfAbfwFMR8R3czWYr4sGdw37M/P/M//wFhTiCrWEyiAnWwiDxRzjWEI5HfRKQSKsxMjm5hHog3pwCigNqJmihkMK2I/x67tdnfn3mZ8KKAwsDRBGFFWeM7pAeIOzrbRqNsF9JI1jLU/QJjkngaab4f1+GNGSBN/8PzA5+PqnkvdueKjDfg8K1n4Vd7f09zqY3fHoLD7DIUmI08TgraZhE0qFxh5Y7Xt4upx/r940sEEumUljaKJm8ONm2wR4nw+AsepJK+we7xyWps22pE2RnL+H3VbnZMOQ+s/6zmbPoSdqxyvk+3jHrUifI2uNFoZBSL5pQKB9Wq9XeieWeNt128cJqnXWabqNo1s5rZrPTvWLTo9dHXv0hwtgLijFFEfUGy9+ipMKpOAIAAA==[0m<===[JENKINS REMOTING CAPACITY]===>   channel started
[8mha:AAABfx+LCAAAAAAAAACFkc1Kw0AUha/RanCpO0EIiH+bSZQqaldt2riJXVhQpKtpMk0ryUycmZSA4PO40JfxDVwVEd/BmaZTERfOQPJx55x7D9yXL6gJDnujIhaMojwtkjEVCFMxjljKOGoq8jV1mSRQnSULrBDsmeAK5xL2w8rvzv3uwu8u/ErYCGElxhJL2Ajv8QS7KaaJ25N8TJNGyWFrniJiVLCUIL/6/54MZa4C7/4fWA38fLbZ+11vasFyH2qDZBZ2s/93uHod6tcHeIJVlZLijGi2yrzgxoG0A80dr28304/tx8tZIJXMlrC2U/f11RQEnjqaPE9zVTNUPz07btWNLgiMrqJgdgo93zadPc/089s/nTVXNUNHnfN5P13x20ZXUedEXwm1UhKeSaApS+r3F7fN667TZQ7Oc0JjwoUTsSKNnQFxhqygsfpyR0kTwp0DxhOEcxyNiNpTlqkVoQHBtJDjVOjNTQhXzQVqMbU6TH1TOUTr35yMoNltAgAA[0mlog4j:WARN No appenders could be found for logger (org.apache.commons.beanutils.converters.BooleanConverter).
[8mha:AAABWx+LCAAAAAAAAACFjsFKw0AQhsdqNXjUmyAERL0lUaJUe6pp4yUWsaBIT2u7pinb3bi7kVTB5/GgL+MbeCoivoO7SbYiHpw57Mfs/8/8L19QFxx2RtlQMOqkJIsTKhxERTJghHGnpSjQ1GUSQ1kLNahFYBWCM5RK2I1Kv1v53bnfnfuVsBnB0hBJJGEtGqN75BJEY7cneULjZs5ho0oxYFQwgp2gfH9fhjxVgbf/D6wOfj5b7P26N6vBYh/qN3ERdr3/97j6vdW/d/AEyyolRROsuZanGTcORzucyvH6djn72Hw8LQKpZJaElS0/0K0pDD1VmjxPczkz5B829k98owtDoyspLCrT9y2z2fPMvqD9s1lzOTO01zmq9ulJ0Da6kjoHuiXUc4n5REKDsNgfH1+1Lrr2OcFIYDuhiUwQSR6wLUfYLgS2mAqJJ3bKWYo5mTqr37TuDLo3AgAA[0mlog4j:WARN Please initialize the log4j system properly.
[8mha:AAABex+LCAAAAAAAAACFkc1Kw0AUha/RanGpO0EIiH+LZqJUUbuyaeOmdVMQpAuZptM0bToTZyYxIPg8LvRlfANXRcR3cCY/FXHhncV83Dnn3hPy8gUVwWFvHA8Fo1YUxn5AhYWpCDwWMm5dKnI0XTNJIK8lA4wOVDNBF0cS9ju5HxV+tPCjhV8JGx1YGWKJJWx0JjjBKMTURz3JA+o3Ug5bRQqPUcFCYjn5/XszpJEKvPt/YLXw87nK3m97cwOW+1AZ+FnYzf7f5ep1pF/v4QlWVUqKZ0SzkUYxLx2WdliF4/XtZv6x/XiVBVLJqhLWduqOPppc11alybY1572S6qdnx816qXPdUpeTm1Ws91fLybZdznNaP5M1572SjtrnxTzdcVqlLqf2iT4SKqkkfCbhrp0SL5bqe8wuTgi9MM1a06yNTJRgjsJggCaETvUPnbCBQD2CuTc+6GKh7IfogfGpiLBHkCA8CdQdsZmVzkJTNafYJ+vfULyZql4CAAA=[0mExecuting Maven:  -B -f /var/lib/jenkins/jobs/Search(Master)/workspace/service/pom.xml package
[8mha:AAABSx+LCAAAAAAAAACFj8FKxDAQhsdqtXjUmyAURL2lVaooe9LuVoS6HgqCFA+x261duklNUykIPo8HfRnfwNMi4juYNM2KeHByyMfk/2f+vHyBWTHYuatHFSWoLOosJxXCpMoTWlCGTgT5koaUp6BqwQAjBKsVXOCSw26o/E7nd+Z+Z+4Xwl4ISyPMMYe1cIIfsFNgkjkRZznJeg2DjS5FQklFixT56v69GZpSBN7+P7BY+Pls0ffraGbAYgzmbdaGXY//LhevY/l6D0+wLFISPE0lG01ZM+1A0oE6x+vb1exj8/GsDSSSWRxWtjxfHklB4IqS5LqSVU+Td3i0f+ppXRBonaKgrVrut/Rk19Xz/P7PZMmqp2lvcNzNkx2/r3WKBgfycDAbnrIpBzs+HwaXN3aUYELEr+wxZXbJ6CRNeIUQWv0GRZF5QB8CAAA=[0m[INFO] Scanning for projects...
[8mha:AAABPR+LCAAAAAAAAABb85aBtbiIQS2jNKU4P0+vIKc0PTOvWC8xrzgzOT8nv0jPEchyBrH88ktSGSCAkYmByYeBA6zAN7GghEHdB6JfH6pfH65fH64fqNDah4ElJbEksYRByCcrsSxRPycxL10/uKQoMy/duqKIQQrqiuT8vOL8nFQ9ZwiNajNDRQHQwaqEHQy08PUKjvyHkcHPmRiYoxlYk9LBjhWOxrQcKJsGki1kqGNgA7oyLzE3FcRmqigoLYLp0APp0IPqWHsp7PlL2Wp3sIOALuMoYWBXNnEGQRDLzc0ACEAsAwMQGyIGY5mYWRg5mcDUubnB1EFYbmBQCrKfA2aygQHMPGcXhMkgNkQMxjJ0tYSaBxJxdoGpg7BcTUGwhIG1oiS1KLeEISDa08/NP1aBWoALADftnitPAgAA[0m[INFO]                                                                         
[8mha:AAABPh+LCAAAAAAAAABb85aBtbiIQS2jNKU4P0+vIKc0PTOvWC8xrzgzOT8nv0jPEchyBrH88ktSGSCAkYmByYeBA6zAN7GghEHdB6JfH6pfH65fH64fqNDah4ElJbEksYRByCcrsSxRPycxL10/uKQoMy/duqKIQQrqiuT8vOL8nFQ9ZwiNajNDRQHQwaqEHQy08PUKjvyHkcHPmRiYoxlYk9LBjhWOxrQcKJsGki1kqGNgA7oyLzE3FcRmqigoLYLp0APp0IPqWHsp7PlL2Wp3sIOALuMoYWBXNnEGQRDLzc0ACEAsAwMQGyIGY5mYWRg5mcDUubnB1EFYbmBQCrKfA2aygQHMPGcXhMkgNkQMxjJ0tYSaBxJxdoGpg7BcTUGwhIG1oiS1KLeEISDa08/NP1ZBl0qACwBzBPd0TwIAAA==[0m[INFO] ------------------------------------------------------------------------
[8mha:AAABWB+LCAAAAAAAAACFj9FKwzAUho/VafFS7wRhICpemHYyRdnV1q0q1E2oCDJEsq12lS6paSoFwefxQl/GN/BqiPgOJk0zES88ucjHyf+f8+flCyopg61xNkopQUmchRFJESZpNKQxZagpyJHUpTwAVXMGGB6YheAMJxy2PeW3Sr8181szvxA2PFgYYY45rHh3+AFbMSah5XMWkbCRM1grUwwpSWkcIEfdvzdDnojAm/8HFgs/n036fuVPDZjvQ2UQFmFX+3+Xi9db+XoPT7AoUhI8CSQbeZIx7UDSgUrH69vl9GP98bgIJJKZHJY26o48klzXFiXJtiWrnqb6weFeq651rqt1ityiMrnf1JNtW89z2j+TJaueplrnqJwnO05b6xR19uXhUMl5wCYcdvqnXbd3XW1lUTwSv6qmAWbDcdVGNWTfDGq7frd57p/0Lpa/AenC/usoAgAA[0m[INFO] Building search 0.1.0_b1-SNAPSHOT
[8mha:AAABPh+LCAAAAAAAAABb85aBtbiIQS2jNKU4P0+vIKc0PTOvWC8xrzgzOT8nv0jPEchyBrH88ktSGSCAkYmByYeBA6zAN7GghEHdB6JfH6pfH65fH64fqNDah4ElJbEksYRByCcrsSxRPycxL10/uKQoMy/duqKIQQrqiuT8vOL8nFQ9ZwiNajNDRQHQwaqEHQy08PUKjvyHkcHPmRiYoxlYk9LBjhWOxrQcKJsGki1kqGNgA7oyLzE3FcRmqigoLYLp0APp0IPqWHsp7PlL2Wp3sIOALuMoYWBXNnEGQRDLzc0ACEAsAwMQGyIGY5mYWRg5mcDUubnB1EFYbmBQCrKfA2aygQHMPGcXhMkgNkQMxjJ0tYSaBxJxdoGpg7BcTUGwhIG1oiS1KLeEISDa08/NP1ZBl0qACwBzBPd0TwIAAA==[0m[INFO] ------------------------------------------------------------------------
[8mha:AAABOR+LCAAAAAAAAACFjsFKxDAQhsdqtXjUmyAIot7SKlWUPbndrQh1PSwIUjzE3Vor3aSmqRQEn8eDvoxv4GkR8R3MNM2KeHDmkI/J/8/8L19glwK2b6txyRkp8irNWEkoK7MRz7kgx4oCpAGXCeias8CKwGkEZ7SQsBNpv9v63ZnfnfmVsBPBwphKKmEluqMP1M0pS92hFBlLO7WAtTbFiLOS5wkJ9Pv7MtSFCrz1f2B18PPZ4e+Xw6kF8zHY12kTdjX+e1z93uDvPTzBokrJ6CRBtuqiEsZB0EFax+vbxfRj/fGkCaSSORKWNv0AGykMPVVInoesZ4b8g8O9rm90YWh0msKmKrzvmM2eZ/YFvZ/NyHpmaLd/1O7DSdAzOk39fWwJdi0TMZHgxKeD8PxqY/kbaqkK+wcCAAA=[0m[INFO] 
[8mha:AAAB6R+LCAAAAAAAAACFkU2L00AYx8dqtXjUm4sQEN8ozcuSurHLgs20Cd2NbZZosBv2MEln08S81GQSUgU/jwf9Ml49eVpE/A7OJM2KePCZw/x45vk//z/M51+gm2fg0bpY5WnCb6LCD5KcR0keeGmUZvyYEmQ0TwkGTV3rgI4BevXAS7Qh4LHR6IWdXrjSC1d6OnhogBsrRBABd4wQlUiIUOILFsmCxD+sMnBvl8JLkzyNMA+b+29nUG1o4If/D0wNf37qpd+X1mUHXHdA1/XrsHedf83p6wV7fQc+gps0ZYJizLhTbYqsVfBMwe8UX77alz/uf9DrQDRZj4BbD2TIDiNNE2kxEkXGTa8l+Zmyr8rtnKa1cw1pdRXMv9duFsV2H5z82cy46bUkTZ/v9rEOnLRzDU2H7BDQrQjOYgK+ObO5tjjn9hwlXqPRmNZS7Rtw3JbqKkOkEjeYnVpxOD95LZtivzw2pnIh+aUZ4sqY2Ob7ajXVyzI+6785GJ7ht0a0sC/KV6GnaOaxj/QgmOknKNCH5laRy61nT6QEjiVrSw1CCDX1FNr7B4twWXseHe05YjwYDDg/RiVOBs0fjyReHvk4wRki2CKFm3NP3CKIVnqWpmWA86fcCy7HKPPWHBXf/g0x8s5m2gIAAA==[0m[INFO] [8mha:AAAAYB+LCAAAAAAAAABb85aBtbiIQSmjNKU4P0+vJLE4u1gvPjexLDVPzxdEGvvmZ+X75ZekLlOVfvTjc8FPJgaGiiIGKaiG5Py84vycVD1nCA1SyAABjCCFBQCV27OjYAAAAA==[0m--- gmaven-plugin:1.4:generateStubs (buildGroovies) @ search ---
[8mha:AAABSx+LCAAAAAAAAACFj0FLwzAUx5/VafGoN0EpiHprq3Si7KTdOpQ6DwNBiodsi3XSJV2SSkHw83jQL+M38DRE/A4mTTMRD74c8uPl/3/vn5cvaHAGu3fFiFPi5lmRjgl3EeHjIc0oc08khYp6VGDQtWCBFYNdCS5QLmAv1n6v9ntzvzf3S2ErhqUREkjAWnyPHpCXIZJ6fcHGJG2VDDbqFENKOM2wG+r792Yocxl45//AcuHns03fr/szCxYTaAzSKux68ne5fL1Vr1N4gmWZkqAJVmyVecGMw1UOt3a8vl3NPjYfu1UgmcwWsLIdhOooiiJfliLfV6x7hoLDo4PTwOiiyOg0RVUVar9tJvu+mRe2fyYr1j1D+53jep7qhG2j09RpqiOgUQrMJgK2krNedHnjdDHBDAk8cprOufypw0Ux4Kvf1HbX6R0CAAA=[0m[INFO] Generated 5 Java stubs
[8mha:AAABOR+LCAAAAAAAAACFjsFKxDAQhsdqtXjUmyAIot7SKlWUPbndrQh1PSwIUjzE3Vor3aSmqRQEn8eDvoxv4GkR8R3MNM2KeHDmkI/J/8/8L19glwK2b6txyRkp8irNWEkoK7MRz7kgx4oCpAGXCeias8CKwGkEZ7SQsBNpv9v63ZnfnfmVsBPBwphKKmEluqMP1M0pS92hFBlLO7WAtTbFiLOS5wkJ9Pv7MtSFCrz1f2B18PPZ4e+Xw6kF8zHY12kTdjX+e1z93uDvPTzBokrJ6CRBtuqiEsZB0EFax+vbxfRj/fGkCaSSORKWNv0AGykMPVVInoesZ4b8g8O9rm90YWh0msKmKrzvmM2eZ/YFvZ/NyHpmaLd/1O7DSdAzOk39fWwJdi0TMZHgxKeD8PxqY/kbaqkK+wcCAAA=[0m[INFO] 
[8mha:AAAB6R+LCAAAAAAAAACFkctu00AUhodAIGIJOyokS4ibIl8SOa1JVYl4EltpTeIqYJFaLCbO1LHxDXtsHJB4HhbwMrwBYlEhxDswY8etEAvOLPzNmfOf/5f85TdoZyl4tMnXWRwJSZC7XpQJKMo8Jw7iVBhRgoxmMcGgrmst0DJApxp4gRICHhu1XtzpxUu9eKmng4cGuLFGBBFwx/BRgcQARa64IKkXuYdlCu7tUjhxlMUBFmD9/dsZlAkN/PD/ganhr8+d+PtycdEC123QXrlV2Lv2v+b09Zy9vgOfwE2aMkIhZtwqkzxtFAJTCDvF12/Wxc/7H/UqEE3WIeDWAxmyw0jTJFqMJIlx3WtI3lf6qtzMaVozV5NWVc78O81mSWr2wfHVZsZ1r6He5NluH+vAcTNX02TADgHtkuA0JOCHPZ1p8zfcnq2EGzQc0VqqXQOOmlJXygCpZOVNTxehPzt5JZtStzg2JnLecwvTx6UxtswP5XqiF0V41n19MDjDb41gbp0XL31H0cxjF+meN9VPkKcPzK0iF1vHGvciOOotttTAh1BTT6HVP5j7y8rz6GjPlkKe57kQFTjiU5zFeergjK9/9rAv7A+dONlevXBPqvt7vEJJ8pR7zmUYpc6Go0tu/wH73NyR4gIAAA==[0m[INFO] [8mha:AAAAYB+LCAAAAAAAAABb85aBtbiIQSmjNKU4P0+vJLE4u1gvPjexLDVPzxdEGvvmZ+X75ZekLlOVfvTjc8FPJgaGiiIGKaiG5Py84vycVD1nCA1SyAABjCCFBQCV27OjYAAAAA==[0m--- maven-resources-plugin:2.6:copy-resources (copy-webapp) @ search ---
[8mha:AAABOR+LCAAAAAAAAACFjsFKxDAQhsdqtXjUmyAIot7SKlWUPbndrQh1PSwIUjzE3Vor3aSmqRQEn8eDvoxv4GkR8R3MNM2KeHDmkI/J/8/8L19glwK2b6txyRkp8irNWEkoK7MRz7kgx4oCpAGXCeias8CKwGkEZ7SQsBNpv9v63ZnfnfmVsBPBwphKKmEluqMP1M0pS92hFBlLO7WAtTbFiLOS5wkJ9Pv7MtSFCrz1f2B18PPZ4e+Xw6kF8zHY12kTdjX+e1z93uDvPTzBokrJ6CRBtuqiEsZB0EFax+vbxfRj/fGkCaSSORKWNv0AGykMPVVInoesZ4b8g8O9rm90YWh0msKmKrzvmM2eZ/YFvZ/NyHpmaLd/1O7DSdAzOk39fWwJdi0TMZHgxKeD8PxqY/kbaqkK+wcCAAA=[0m[INFO] 
[8mha:AAAB4x+LCAAAAAAAAACFUduK00AYHqvV4qXeuQgB8UTJoSXdjV0WbKZN6G5ss1SD3bAX03SaJuZQk0lIFXweL/RlfANBWER8B2eSpot44T8X8/HPd4L58hs00wQ8WWfLNI6ETZC5XpQKKEo9Jw7iRBhQBBmaxASDam40QMMArZLwCm0IeGpUenGnF/d6ca+nxGMD3Foiggi4Z/goR2KAIleckcSL3OMiAQ92LZw4SuMAC7C6/04GxYYWfvz/wjTw1+dW/H0+u2qAmzZoLtyy7H3733D6umKv78EncJu2jFCIGW4UmyypFQJTCDvF12/W1c+HH/WyEG3WIuDOIxmyw5CmSXQYkiSGq12N5EOlq8o1T9NqXoW0cjKW36qdJan2g8NrZ4arXY06oxc7P7aBw5pXoVGPHQKaBcFJSMAPezzRppfcga2Ea9Qf0JmrbQMO6lEXSg+pZOGNz2ehPzl7I5tSOz81RnLWcXPTx4UxtMwPxXKk53l40X571LvA74xgaq3y176jaOapi3TPG+tnyNN75laR861jDTsRHHRmWxrgQ6ip59DqHk39eZl5cnJgSyHP81yIchzxCU7jLHFwylef3e8Kh/39knu2xCuUBeSa95x7yaUYJc6aoy53/wAem74a4wIAAA==[0m[INFO] [8mha:AAAAYB+LCAAAAAAAAABb85aBtbiIQSmjNKU4P0+vJLE4u1gvPjexLDVPzxdEGvvmZ+X75ZekLlOVfvTjc8FPJgaGiiIGKaiG5Py84vycVD1nCA1SyAABjCCFBQCV27OjYAAAAA==[0m--- maven-resources-plugin:2.6:resources (default-resources) @ search ---
[8mha:AAABOR+LCAAAAAAAAACFjsFKxDAQhsdqtXjUmyAIot7SKlWUPbndrQh1PSwIUjzE3Vor3aSmqRQEn8eDvoxv4GkR8R3MNM2KeHDmkI/J/8/8L19glwK2b6txyRkp8irNWEkoK7MRz7kgx4oCpAGXCeias8CKwGkEZ7SQsBNpv9v63ZnfnfmVsBPBwphKKmEluqMP1M0pS92hFBlLO7WAtTbFiLOS5wkJ9Pv7MtSFCrz1f2B18PPZ4e+Xw6kF8zHY12kTdjX+e1z93uDvPTzBokrJ6CRBtuqiEsZB0EFax+vbxfRj/fGkCaSSORKWNv0AGykMPVVInoesZ4b8g8O9rm90YWh0msKmKrzvmM2eZ/YFvZ/NyHpmaLd/1O7DSdAzOk39fWwJdi0TMZHgxKeD8PxqY/kbaqkK+wcCAAA=[0m[INFO] 
[8mha:AAAB4h+LCAAAAAAAAACFUduK00AYHqvV4qXeuQgB8UTJoTV1Y5cFm2kTuhvbLNVgN3gxTdM0MSeTSUgVfB4v9GV8g71aRHwHZ5rMinjhPxfz8c93gvn6C7TzDDzaFus8iYU0LDw/zgUU576ThEkmjAiCFM0S7IJ6rrVAywCdPeEVSjF4bNR6sdGLV3rxSk+IRwa4sUYYYXDHCFCJxBDFnrjAmR97R1UG7jUtnCTOk9AVYH3/nQyqlBR++P/CJPDnl05ysVxctsB1G7RX3r7sXfvfcPK6oa8fwGdwk7SMUeRS3KrSImMKgSqERvHtu3X54/4nfV+INOtgcOuBDOmhSNMkMhRJEsX1jiH5udJXZcbTNMarkbafguZ3mLMkMT84/uNMcb1jqDd50fjRDRwzXo0mA3owaFfYzSIMLuzpTJu/4w5sJdqi4YjMUu0acMRGXSkDpOKVPz1bRMHs9I1sSt3yxJjIRc8rzcCtjLFlfqzWE70so/Pu28PBufveCOfWpnwdOIpmnnhI9/2pfop8fWDuFLncOda4F8NRb7EjAQGEmnoGrf7hPFjuM4+PD2wp4nmei1DpxryTRKkfuhlf//WwLzwT+sNmyz1ZuxtUhJjRnnIvudxFmbPliMXt3ybVCs7gAgAA[0m[INFO] [8mha:AAAAYB+LCAAAAAAAAABb85aBtbiIQSmjNKU4P0+vJLE4u1gvPjexLDVPzxdEGvvmZ+X75ZekLlOVfvTjc8FPJgaGiiIGKaiG5Py84vycVD1nCA1SyAABjCCFBQCV27OjYAAAAA==[0m--- maven-compiler-plugin:2.3.2:compile (default-compile) @ search ---
[8mha:AAABYB+LCAAAAAAAAACFj0FLwzAUx5/VafGoN0EoiO5kW2XKdCftVhHqPMwJMjzENquVmtQklYrg5/GgX8Zv4GmI+B1M2mYiHnw55MfL///ePy9f0OAMNq7ziFNiZ2keJ4TbiPAkpCll9oEkT1GfCgxVzRhgBGCWghOUCWgGld+p/c7U70z9UtgJYC5CAglYCm7QPXJSRGJnIFhC4k7BYKVOEVLCaYptr7p/b4Yik4HX/w8sF34+m/T9YjAxYHYEjau4DLs8+rtcvo7V6x08wbxMSdAtVmwUWc60w1YOu3a8vp1PPlYfj8pAMpkpYGGt5amjyPddWYpcV3HV09TabW8ftrTO97WuIr+sXO039WTX1fO87s9kxVVP01Zvr56nOl5X6yrq7agjoFEIzG4F7I+O+/7ppTXk8ktWc3jmb7abFiYhjVRDUCuk2YM1TlKpx5HFMKc5CzG3F78Bz0LDdTkCAAA=[0m[INFO] Using 'UTF-8' encoding to copy filtered resources.
[8mha:AAABSR+LCAAAAAAAAACFj8FKxDAQhsdqtXjUmyIURL21Vasoe9LuVoS6HhYEKR5it9ZKN+kmqVQEn8eDvoxv4GkR8R1MmmZFPDg55GPy/zN/Xr7AZBQ2b6shI9gpiyrLMXMQZnlCCkKdI0GBpD7hKaiaMcCIwGoEZ6jksBUpv9v63anfnfqFsBPB3BBxxGEpukP3yC0QztwBpznOOjWFlTZFQjAjReoE6v69GepSBN74P7BY+PlskffLwcSA2RjM66wJuxz/XS5eb+TrGJ5gXqTEaJRKNuqyotrhSIfTOl7fLiYfa48nTSCRzOKwsO4H8kgKQ0+UJM+TrHqa/P2DnWNf68JQ6xSFTVVyv6Une56eF3R/JktWPU3bvcN2nuwEXa1T1NuTh4NZ85SOOKzGp/3w/MoOSPkgPmXv2jRlpKJJyha/AWKwgQgaAgAA[0m[INFO] Copying 3 resources
[8mha:AAABYB+LCAAAAAAAAACFj0FLwzAUx5/VafGoN0EoiO5kW2XKdCftVhHqPMwJMjzENquVmtQklYrg5/GgX8Zv4GmI+B1M2mYiHnw55MfL///ePy9f0OAMNq7ziFNiZ2keJ4TbiPAkpCll9oEkT1GfCgxVzRhgBGCWghOUCWgGld+p/c7U70z9UtgJYC5CAglYCm7QPXJSRGJnIFhC4k7BYKVOEVLCaYptr7p/b4Yik4HX/w8sF34+m/T9YjAxYHYEjau4DLs8+rtcvo7V6x08wbxMSdAtVmwUWc60w1YOu3a8vp1PPlYfj8pAMpkpYGGt5amjyPddWYpcV3HV09TabW8ftrTO97WuIr+sXO039WTX1fO87s9kxVVP01Zvr56nOl5X6yrq7agjoFEIzG4F7I+O+/7ppTXk8ktWc3jmb7abFiYhjVRDUCuk2YM1TlKpx5HFMKc5CzG3F78Bz0LDdTkCAAA=[0m[INFO] Using 'UTF-8' encoding to copy filtered resources.
[8mha:AAABSR+LCAAAAAAAAACFj8FKxDAQhsdqtXjUmyIURL21Vaq47Em7WxHqelgQpHiI3Vor3aSbpFIRfB4P+jK+gadFxHcwaZoV8eDkkI/J/8/8efkCk1HYvq1GjGCnLKosx8xBmOUJKQh1jgQFkgaEp6BqzgAjAqsRnKGSw06k/G7rd2d+d+YXwm4ECyPEEYeV6A7dI7dAOHOHnOY469YU1toUCcGMFKkTqPv3ZqhLEXjr/8Bi4eezRd4vh1MD5mMwr7Mm7Gr8d7l4vZGvE3iCRZESo3Eq2ajLimqHIx1O63h9u5h+bDyeNIFEMovD0qYfyCMpDD1RkjxPsupp8g8O9459rQtDrVMUNlXJ/Zae7Hl6XtD7mSxZ9TTt9jvtPNkJelqnqL8vDwez5ikdc1iPTwfh+ZUdkPJBfMru2DRlpKJJypa/AQNYtuIaAgAA[0m[INFO] Copying 9 resources
[8mha:AAABTR+LCAAAAAAAAACFj8FKxDAQhsdqtXjUmyBURL2lXami7Em7WxHqelgQpHiI3Vor3aSbplIRfB4P+jK+gadFxHcwaZoV8eDkkI/J/8/8efkCs2SwfVuNSkpQkVdpRkqESZnFNKcMHQnyJQ0oT0DVnAFGCFYjOMMFh51Q+Z3W78z8zswvhN0QFkaYYw4r4R2+x06OSeoMOctI2q0ZrLUpYkpKmifIV/fvzVAXIvDW/4HFws9ni75fDqcGzEdgXqdN2NXo73LxeiNfJ/AEiyIlweNEslEXFdMOJB2odby+XUw/1h9PmkAimcVhadPz5ZEUBK4oSa4rWfU0efsHu8ee1gWB1ikKmqrkfktPdl09z+/9TJasepo6/cN2nuz4Pa1T1N+Th4NZ84SNOWxEp4Pg/Mr2afEgPmV3bJaUtGJxYnNqI+QsfwO3RMy9IAIAAA==[0m[INFO] Copying 1 resource to ../
[8mha:AAABgx+LCAAAAAAAAACFkc1Kw0AUha/VanCpO0EIiH+bTCpRlK40bURI66IgSHExTadp0jQTZyY1IPg8LvRlfANXRcR3cCY/FXHhncV83Lnn3BPy8gV1zmBvnA45jY0kSv0g5gaOeeDRiDLjXJKtqEsFgaKWalBzQcsHOjgRsO8WelTq0UKPFno52HRhZYgFFrDhhniGUYRjH/UEC2K/mTHYKlN4NOY0IoZd3L83Q5bIwLv/B5YLP581+n7bm9dguQ/1gZ+H3ez/XS5fR+r1Hp5gVaaM8ZQormVJyiqFoRRGqXh9u5l/bD9e5oFkMk3A2o5lq6PIcUxZikxTcdGryDo5PbqwqjnHqeYKcvJK1X6tcjbNys9u/TgrLnoVNdpnpZ/q2K1qrqD2sToC6pkgbCog7F91nes73abTJIjkZ+kNS+c0ZR7RR0FEuC6ojmaYoSgYoJDEE/VzQzrgqEcw88YHHcyl1SF6oGzCE+wRxAmbBfIWmPlEIC/CnBO+/g3Ys6+SaQIAAA==[0m[INFO] Compiling 14 source files to /var/lib/jenkins/jobs/Search(Master)/workspace/service/target/classes
[8mha:AAABOR+LCAAAAAAAAACFjsFKxDAQhsdqtXjUmyAIot7SKlWUPbndrQh1PSwIUjzE3Vor3aSmqRQEn8eDvoxv4GkR8R3MNM2KeHDmkI/J/8/8L19glwK2b6txyRkp8irNWEkoK7MRz7kgx4oCpAGXCeias8CKwGkEZ7SQsBNpv9v63ZnfnfmVsBPBwphKKmEluqMP1M0pS92hFBlLO7WAtTbFiLOS5wkJ9Pv7MtSFCrz1f2B18PPZ4e+Xw6kF8zHY12kTdjX+e1z93uDvPTzBokrJ6CRBtuqiEsZB0EFax+vbxfRj/fGkCaSSORKWNv0AGykMPVVInoesZ4b8g8O9rm90YWh0msKmKrzvmM2eZ/YFvZ/NyHpmaLd/1O7DSdAzOk39fWwJdi0TMZHgxKeD8PxqY/kbaqkK+wcCAAA=[0m[INFO] 
[8mha:AAAB5R+LCAAAAAAAAACFkd+K00AUxsdqtXipdy5CQPxHaf4sqRu7LNikTehubLNUg92yF9N0Np2YZGIyCamCz+OFvozgA3i1iPgOziTNinjhmYv5ceZ85/tgPv8C7SwFjzb5OiOxmIS5j+NMhHGGPRKSVBwyMjhNCUWgrmst0LJBpxp4CRMKHtu1XtrppSu9dKVng4c2uLGGFFJwxw5gAaUQxr40pymO/cMyBfd2KTwSZyREolHffzuDMmGBH/4/MDP8+alDvi/mly1wfQnaK78Ke3f5rzl7veCv78BHcJOljGGEOLfKJE8bhcgV4k7x5at7+eP+B6sKxJJ1KLj1QDX44WSaMitOssy57jWkPtP2dbWZM81mriazqpz7d5rNstzsM0Z/NnOuew0p4+e7fbxjjJq5msZ9fiholxSlEQXflpOpOTsX9pZatIGDIauF3rWNYVP6SutDna7w5HQeBdOT16ojd4tje6zmil84ASrtkeu8L9djqyiis+6bg/4ZemuHM/eieBV4mukc+9DCeGKdQGz1na2mFlvPHSmxMVTmW2YQGIapnxru/sEsWFSeR0d7Sznq9XqCH8ECxb36jweKqA48EiU4RMKTVY7DtZUSUmCUPRVeCBmCqbcRmOz2b0B37vrUAgAA[0m[INFO] [8mha:AAAAYB+LCAAAAAAAAABb85aBtbiIQSmjNKU4P0+vJLE4u1gvPjexLDVPzxdEGvvmZ+X75ZekLlOVfvTjc8FPJgaGiiIGKaiG5Py84vycVD1nCA1SyAABjCCFBQCV27OjYAAAAA==[0m--- gmaven-plugin:1.4:compile (buildGroovies) @ search ---
[8mha:AAABOR+LCAAAAAAAAACFjsFKxDAQhsdqtXjUmyAIot7SKlWUPbndrQh1PSwIUjzE3Vor3aSmqRQEn8eDvoxv4GkR8R3MNM2KeHDmkI/J/8/8L19glwK2b6txyRkp8irNWEkoK7MRz7kgx4oCpAGXCeias8CKwGkEZ7SQsBNpv9v63ZnfnfmVsBPBwphKKmEluqMP1M0pS92hFBlLO7WAtTbFiLOS5wkJ9Pv7MtSFCrz1f2B18PPZ4e+Xw6kF8zHY12kTdjX+e1z93uDvPTzBokrJ6CRBtuqiEsZB0EFax+vbxfRj/fGkCaSSORKWNv0AGykMPVVInoesZ4b8g8O9rm90YWh0msKmKrzvmM2eZ/YFvZ/NyHpmaLd/1O7DSdAzOk39fWwJdi0TMZHgxKeD8PxqY/kbaqkK+wcCAAA=[0m[INFO] 
[8mha:AAAB5x+LCAAAAAAAAACFkc1u00AUhYdAaMQSdlRIlqpSUBT/VA51U1UinsRWWpO4BCxSi8XEmTg2/kntseWAxPOwgJdhw5pVhRDvwIwdFyEW3Fn405177jkjf/4FmmkCHq+yRRpH/DrIXC9KeRSlnhMHccL3KUFG45hgUNWtBmgYoFUOvEBrAg6MSi9s9cKNXrjR08ETA9xZIIIIuG/4KEdCgCJXmJLEi9yTIgEPtymcOErjAPOw+v7tDIo1Dbz//8DU8OenVvx9Nr1ugNs2aM7dMuwD+19zertkt1fgI7hLU0YoxIwbxTpLagXPFPxW8eWrdf3j0Qe9DESTtQjY2ZMhO4w0TaTFSBQZV72a5GfKoSrXc5pWz1WklZUx/1a9WRTrfXDwZzPjqleTNDze7mMdOKjnKhp22SGgWRCchAR8s0djbfKW27WVcIV6fVoztW3Afl3qXOkilcy90cU09Mfnr2VTbOdnxlDOJDc3fVwYA8t8XyyGep6Hl+03R91L/M4IJtYyf+U7imaeuUj3vJF+jjy9a24UOd841kCKYF+abqiBD6GmXkDr8Gjiz0rP09NdWww7nQ7nhijHUaf6xz2Jl3u4wE5GMPdk6QX0CS9xGmeJg9On3HMuxShxVhwV3vsNLfAUdtYCAAA=[0m[INFO] [8mha:AAAAYB+LCAAAAAAAAABb85aBtbiIQSmjNKU4P0+vJLE4u1gvPjexLDVPzxdEGvvmZ+X75ZekLlOVfvTjc8FPJgaGiiIGKaiG5Py84vycVD1nCA1SyAABjCCFBQCV27OjYAAAAA==[0m--- gmaven-plugin:1.4:execute (filterResources) @ search ---
[8mha:AAABTh+LCAAAAAAAAACFjsFKw0AQhsdoNHjUmyAERb0lqcSi9KRpU4RYDwVBgoe1jTGS7sbdTYkIPo8HfRnfwFMR8R3czWYr4sGZw37M/v/M//IFJqOwe1uOGcFOkZdphpmDMMtGJCfUORYUSBoQnoCqBQOMCKxacIYKDnuR8ruN35373blfCDsRLI0RRxzWojs0RW6OcOoOOc1w2qkobDQpRgQzkidOoN7fl6EqROCd/wOLg5/PFnm/HM4MWIzBvE7rsOvx3+Pi90b+3sMTLIuUGE0SyUZVlFQ7HOlwGsfr28XsY/OxXwcSySwOK9t+IFtSGHqiJHmeZDXT5LcP9098rQtDrVMU1lXK+5be7Hl6X9D92SxZzTS1ekfNPjkJulqnqHcgm4NZ8YROOGzFp4Pw/MoOyKTI8mRst9p2nxIyfbBHOWIsYavf1B7OyyECAAA=[0m[INFO] Compiled 16 Groovy classes
[8mha:AAABOR+LCAAAAAAAAACFjsFKxDAQhsdqtXjUmyAIot7SKlWUPbndrQh1PSwIUjzE3Vor3aSmqRQEn8eDvoxv4GkR8R3MNM2KeHDmkI/J/8/8L19glwK2b6txyRkp8irNWEkoK7MRz7kgx4oCpAGXCeias8CKwGkEZ7SQsBNpv9v63ZnfnfmVsBPBwphKKmEluqMP1M0pS92hFBlLO7WAtTbFiLOS5wkJ9Pv7MtSFCrz1f2B18PPZ4e+Xw6kF8zHY12kTdjX+e1z93uDvPTzBokrJ6CRBtuqiEsZB0EFax+vbxfRj/fGkCaSSORKWNv0AGykMPVVInoesZ4b8g8O9rm90YWh0msKmKrzvmM2eZ/YFvZ/NyHpmaLd/1O7DSdAzOk39fWwJdi0TMZHgxKeD8PxqY/kbaqkK+wcCAAA=[0m[INFO] 
[8mha:AAAB7B+LCAAAAAAAAACFkd+Ok0AUxsdqtfFS79yYkBj/pSl/NtTFbjax0EK6iy0bVmKXeDHQWQrCUGEgVBOfxwt9GV/AeLUxxndwBsoa44VnLuaXM+c735fM51+gm2fg0bpY5SnmN3ERhDjnIc5DP43TjB9T0hjNU4JAU9c6oGOCXj3wEm4IeGw2emGnF670wpWeDh6a4MYKEkjAHTOCJRRiiAPBJlmIg8MqA/d2KfwU52mMeK25/3YG1YYGfvj/wNTw56de+n1pX3bAdRd0vaAOe9f915y+XrDXd+AjuElTYpggxp1qU2StgmcKfqf48tW5/HH/g1EHosl6BNx6IGvsMNJ1kRYjUWTc9FqSnyn7qtzO6Xo715BeV8H8e+1mUWz3aZM/mxk3vZak6fPdPtbRJu1cQ9MhOwR0K4KyhIBv7myuL95we66SrOFoTGup9k1t3JbqKUOoEi+cndpJND95JVtivzw2p3IhBaUVocqcONb7ajU1yjI5778+GJ6jt2a8cC7Ks8hXdOs4gEYYzowTGBpDa6vI5dZ3JhLWxpK9pQaRpunqqebsHyyiZe15dLTnislgMOCCBJYID5o/Hkm8PAoQRhkk6AzlxCaFl3NPvCKMV0aWpmWI8qfcCy5HMPPXHF1w+zfWq68m3gIAAA==[0m[INFO] [8mha:AAAAYB+LCAAAAAAAAABb85aBtbiIQSmjNKU4P0+vJLE4u1gvPjexLDVPzxdEGvvmZ+X75ZekLlOVfvTjc8FPJgaGiiIGKaiG5Py84vycVD1nCA1SyAABjCCFBQCV27OjYAAAAA==[0m--- gmaven-plugin:1.4:generateTestStubs (buildGroovies) @ search ---
[8mha:AAABTR+LCAAAAAAAAACFj09LwzAYxl+r1eJRb4JQkOmtrTL/sZN261DqPAwEGR6yNdZJl3RJKgXBz+NBv4zfwNMQ8TuYNM1EPPjmkB9vnud9n7x8gc0ZbN8VCafEy7MiHRPuIcLHI5pR5p1IChX1qMCga8ECKwanElygXMBOrP1+7ffnfn/ul8JWDEsJEkjAWnyPHpCfIZL6fcHGJG2VDDbqFCNKOM2wF+r792Yocxm48X9gufDz2aHv1/2ZBYsDsIdpFXZ98He5fL1Vr1N4gmWZkqAJVmyVecGMw1MOr3a8vl3NPjYfu1UgmcwRsLLVDNVRFEWBLEVBoFj3DDUPjvZOm0YXRUanKaqqUPsdMzkIzLyw/TNZse4Z2u0c1/NUJ2wbnabOvjoC7FJgNhHQGJz1ossbt766mGCGBE7cQ/dcftjlohjy1W+Vg+OaJAIAAA==[0m[INFO] [INFO] Generated 7 Java stubs
[8mha:AAABYB+LCAAAAAAAAACFj0FLwzAUx5/VafGoN0EoiO5kW2XKdCftVhHqPMwJMjzENquVmtQklYrg5/GgX8Zv4GmI+B1M2mYiHnw55MfL///ePy9f0OAMNq7ziFNiZ2keJ4TbiPAkpCll9oEkT1GfCgxVzRhgBGCWghOUCWgGld+p/c7U70z9UtgJYC5CAglYCm7QPXJSRGJnIFhC4k7BYKVOEVLCaYptr7p/b4Yik4HX/w8sF34+m/T9YjAxYHYEjau4DLs8+rtcvo7V6x08wbxMSdAtVmwUWc60w1YOu3a8vp1PPlYfj8pAMpkpYGGt5amjyPddWYpcV3HV09TabW8ftrTO97WuIr+sXO039WTX1fO87s9kxVVP01Zvr56nOl5X6yrq7agjoFEIzG4F7I+O+/7ppTXk8ktWc3jmb7abFiYhjVRDUCuk2YM1TlKpx5HFMKc5CzG3F78Bz0LDdTkCAAA=[0m[INFO] Using 'UTF-8' encoding to copy filtered resources.
[8mha:AAABSR+LCAAAAAAAAACFj8FKxDAQhsdqtXjUmyIURL21dami7Em7WxHqelgQpHiI3Vor3aSbpFIRfB4P+jK+gadFxHcwaZoV8eDkkI/J/8/8efkCk1HYvq1GjGCnLKosx8xBmOUJKQh1jgQFkgaEp6BqzgAjAqsRnKGSw06k/G7rd2d+d+YXwm4ECyPEEYeV6A7dI7dAOHOHnOY469YU1toUCcGMFKkTqPv3ZqhLEXjr/8Bi4eezRd4vh1MD5mMwr7Mm7Gr8d7l4vZGvE3iCRZESo3Eq2ajLimqHIx1O63h9u5h+bDyeNIFEMovD0qYfyCMpDD1RkjxPsupp8vcPOse+1oWh1ikKm6rkfktP9jw9L+j9TJasepp2+4ftPNkJelqnqL8nDwez5ikdc1iPTwfh+ZUdkPJBfMru2DRlpKJJypa/AQ38JJMaAgAA[0m[INFO] Copying 2 resources
[8mha:AAABMR+LCAAAAAAAAACFjrFOwzAQhq+BQMQIGxITAjY7oIBAnSBtWAJLJSTUybQhBKV2cJwqEhLPw9C+DG/AVCHEO+CL4yLEwN3gT+f/v/tnX+CWEvYfqnEpOCnyKs14SRgvs5HIhSTnmkKka6ESMNVxwInBawRXrFBwEBs/bf106adLvxZ2Y1gdM8UUbMaPbMpoznhKB0pmPO3WErbbFCPBS5EnJDTv78tQFzrw3v+B9cHPV0+83w4WDqwMwb1Lm7Bbw7/H9e89/j7BC6zplJxNEmSnLippHQQdpHXM324WHzvPl00gncxTsL4bhNhIUeTrQvJ9ZDOzFJycHl0EVhdFVmcoaqrC+57d7Pt2X9j72YxsZpYO+2ftPpyEPasz1D/GVuDWKpETBZ2Nbxim58gAAgAA[0m
[8mha:AAAB6h+LCAAAAAAAAACFkctu00AUhodAIGIJOyokS6hcFPmSyGlNqkrETmylNYlLwCK1WEyciWPXl2CPLQcknocFvAxvwKpCwDswY2eKKhacWfjTOec//y/5y2/QzFLweJ0vsyQWNmHu+XEmwDjz3SRMUmFASKM0STACdd1ogIYJWtXCS7jB4IlZ68WdXrzSi1d6snhkgltLiCEG98wAFlAMYeyJM5z6sXdUpuDBLoWbxFkSIkGrv9edQbkhgff/H5gY/vzcSr7PZ5cNcNMBzYVXhb3v/GtOpis6fQ8+gdskZQwjRLlRbvKUKQSqEHaKr9/syx8PPxpVIJKshcGdR7JGHyVdl0hRkiTKdY+RfKB0VZnt6Trbq0mvKqf+LXZZktg9bfj3MuW6x6gzer67RzvakO3VNOrRh0GzxCiNMPjljCf69B235yjRGvYHpOZq29QGrNSF0oMqXvjjs1kUTE7fyJbULk7MkZx3vMIKUGkObetDuRwZRRGdt98e9s7RhRlO7VXxOnAV3TrxoOH7Y+MU+kbP2ipysXXtYSfWBp3ZlhgEmqarZ5rdPZwG88rz+HjPkSKe57kIFijmU5QleeqijK9/dr8rHPQxyvArNuCeLtEK5iHmr7WfcS+4DMHUXXPk2t0/tPG+XusCAAA=[0m[INFO] [8mha:AAAAYB+LCAAAAAAAAABb85aBtbiIQSmjNKU4P0+vJLE4u1gvPjexLDVPzxdEGvvmZ+X75ZekLlOVfvTjc8FPJgaGiiIGKaiG5Py84vycVD1nCA1SyAABjCCFBQCV27OjYAAAAA==[0m--- maven-resources-plugin:2.6:testResources (default-testResources) @ search ---
[8mha:AAABOR+LCAAAAAAAAACFjsFKxDAQhsdqtXjUmyAIot7SKlWUPbndrQh1PSwIUjzE3Vor3aSmqRQEn8eDvoxv4GkR8R3MNM2KeHDmkI/J/8/8L19glwK2b6txyRkp8irNWEkoK7MRz7kgx4oCpAGXCeias8CKwGkEZ7SQsBNpv9v63ZnfnfmVsBPBwphKKmEluqMP1M0pS92hFBlLO7WAtTbFiLOS5wkJ9Pv7MtSFCrz1f2B18PPZ4e+Xw6kF8zHY12kTdjX+e1z93uDvPTzBokrJ6CRBtuqiEsZB0EFax+vbxfRj/fGkCaSSORKWNv0AGykMPVVInoesZ4b8g8O9rm90YWh0msKmKrzvmM2eZ/YFvZ/NyHpmaLd/1O7DSdAzOk39fWwJdi0TMZHgxKeD8PxqY/kbaqkK+wcCAAA=[0m[INFO] 
[8mha:AAAB6x+LCAAAAAAAAACFkctu00AUhodAIGIJOyokS6hcFPmS4FCTqhLxJLbSmiRVwCK1upg4E8eub9hjywGJ52EBL8MbsKoqxDswY8cFxIIzC3865/zn/yV/+QmaaQIeb7JVGoVC7GeOG6YCClPXjvwoEQaUIKNJRDCo6kYDNAzQKhdeo5iAJ0alF3d68VovXuvp4qEBbq0QQQTcMzyUI9FHoSPOSeKGzmGRgAe7FHYUppGPBVh9/3YGRUwD7/8/MDX88bkVfV/MLxvgpgWaS6cMe9/615xO12z6HnwCt2nKEAWYcaOIs6RWCEwh7BRfv5mXVw8/6mUgmqxFwJ1HMmSPkaZJtBhJEuOqV5P8Qumqcr2nafVeRVpZGfNv1Zclqb4Hh78vM656NXVGL3f3WAcO672KRj32CGgWBCcBAVfWeKJNz7k9Swk2qD+gtVDbBhzUpS6VHlLJ0h2fzgNvcvJWnknt/NgYyVnHyWceLoyhOftQrEZ6ngdn7XcHvTN8YfhTc52/8WxFmx07SHfdsX6CXL032ypyvrXNYSeEg858Sw08CDX1FJrdg6m3KD2PjvYsKeB5ngtQjkPejoLY9XHCV/+63xWeC90+wSmB1YR7usJrlPmE/6P5jHvFpRgl9oajp+7+An8RNufoAgAA[0m[INFO] [8mha:AAAAYB+LCAAAAAAAAABb85aBtbiIQSmjNKU4P0+vJLE4u1gvPjexLDVPzxdEGvvmZ+X75ZekLlOVfvTjc8FPJgaGiiIGKaiG5Py84vycVD1nCA1SyAABjCCFBQCV27OjYAAAAA==[0m--- maven-compiler-plugin:2.3.2:testCompile (default-testCompile) @ search ---
[8mha:AAABhh+LCAAAAAAAAACFkctKw0AUho/RanGpO0EIiLeFmSj1RleaNiKkdVEQpLiYptM0NZ2JM5MaEHweF/oyvoGrIuI7OJNLRVx4ZjEfZ87/nz/k5QsqgsPWMOkLRq04SoKQCgtTEfosYtw6U+RoajNJIK85AwwPqtlAC8cStr1cjwo9munRTK8G6x4s9LHEEla8EZ5gFGEaoI7kIQ3qKYe1IoXPqGARsZz8/r0Z0lgF3vw/sFr4+Vxl7zedqQHzXaj0gizsavfvcvU60K/38ASLKiXFY6LZSOOElwpLK6xC8fp2Pf1Yf7zIAqlkVQlLGzVHH02ua6vSZNua815JtaOTg/NaOee65VxOblaJ3l8tnW279HMaP86a815J+83Twk93nEY5l1PzUB8JlVQSPpZAu5dt9+rWdNg4DiP1WeaxKVjCfWIOwogIUzITTTBHUdhDI0Lv9L8dsZ5AHYK5P9xpYaGcdtED43cixj5BgvBJqG6JeUAkkkTIPT/CQhCx/A0SkHNPbQIAAA==[0m[INFO] Compiling 7 source files to /var/lib/jenkins/jobs/Search(Master)/workspace/service/target/test-classes
[8mha:AAABOR+LCAAAAAAAAACFjsFKxDAQhsdqtXjUmyAIot7SKlWUPbndrQh1PSwIUjzE3Vor3aSmqRQEn8eDvoxv4GkR8R3MNM2KeHDmkI/J/8/8L19glwK2b6txyRkp8irNWEkoK7MRz7kgx4oCpAGXCeias8CKwGkEZ7SQsBNpv9v63ZnfnfmVsBPBwphKKmEluqMP1M0pS92hFBlLO7WAtTbFiLOS5wkJ9Pv7MtSFCrz1f2B18PPZ4e+Xw6kF8zHY12kTdjX+e1z93uDvPTzBokrJ6CRBtuqiEsZB0EFax+vbxfRj/fGkCaSSORKWNv0AGykMPVVInoesZ4b8g8O9rm90YWh0msKmKrzvmM2eZ/YFvZ/NyHpmaLd/1O7DSdAzOk39fWwJdi0TMZHgxKeD8PxqY/kbaqkK+wcCAAA=[0m[INFO] 
[8mha:AAAB5x+LCAAAAAAAAACFkU2L00AYx8dqtXjUm4sQEN8ozcuSurHLgs20Cd2NbZZqsFv2ME1n04l5M5mEVMHP40G/jDePnhYRv4MzSbMiHnzmMD+eef7P/w/z+RdoZyl4tMnXWRyJSZB7JMpEFGXEjYM4FYeMIKdpTDGo61oLtCzQqQZeooSCx1atl3Z66UovXenZ4KEFbqwRRRTcsXxUIClAkSfNaUoi77BMwb1dCjeOsjjAIqzvv51BmbDAD/8fmBn+/NSJvy/mly1wfQnaK68Ke3f5rzl7veCv78BHcJOljFCIObfKJE8bhcgV4k7x5atz+eP+B7MKxJJ1KLj1QIX8cDIMmRUnWeZc9xpSn2n7utrMGUYzV5NRVc79O81mWW72wdGfzZzrXkPK+PluH+/AUTNX07jPDwXtkuI0pODbcjI1ZufC3lILN2gwZLXQuxYcNqWvtD7S6YpMTuehPz15rdpytzi2xmqueIXt49IaOfb7cj02iyI867456J/ht1Ywcy6KV76rGfaxh0xCJuYJImbf3mpqsXWdkRLBoTLfMgMfQkM/hc7+wcxfVJ5HR3tLOez1eoIXogJHvfqPB4qoDijOKIzDhARYeLLKSbA20zguCM6eCi+EDKPU3QhMevs3ZTG7ctgCAAA=[0m[INFO] [8mha:AAAAYB+LCAAAAAAAAABb85aBtbiIQSmjNKU4P0+vJLE4u1gvPjexLDVPzxdEGvvmZ+X75ZekLlOVfvTjc8FPJgaGiiIGKaiG5Py84vycVD1nCA1SyAABjCCFBQCV27OjYAAAAA==[0m--- gmaven-plugin:1.4:testCompile (buildGroovies) @ search ---
[8mha:AAABTx+LCAAAAAAAAACFjsFKw0AQhsdoNHjUmyAERb0lqUZRetK0KUKsh4IgwcPaxhhJd+PupkQEn8eDvoxv4KmI+A7uZrMV8eDMYT9m/3/mf/kCk1HYvi1HjGCnyMs0w8xBmGVDkhPqHAsKJPUJT0DVnAFGBFYtOEMFh51I+d3G78787swvhO0IFkaIIw4r0R2aIDdHOHUHnGY4bVcU1poUQ4IZyRMnUO/vy1AVIvDW/4HFwc9ni7xfDqYGzMdgXqd12NX473HxeyN/7+EJFkVKjMaJZKMqSqodjnQ4jeP17WL6sf7YqwOJZBaHpU0/kC0pDD1RkjxPsppp8g8Od098rQtDrVMU1lXK+5be7Hl6X9D52SxZzTS1ukfNPjkJOlqnqLsvm4NZ8YSOOWzEp/3w/MoOyLjI8mRkt/bsHiVk8mAPc8RYwpa/AVjyYD8hAgAA[0m[INFO] Compiled 13 Groovy classes
[8mha:AAABOR+LCAAAAAAAAACFjsFKxDAQhsdqtXjUmyAIot7SKlWUPbndrQh1PSwIUjzE3Vor3aSmqRQEn8eDvoxv4GkR8R3MNM2KeHDmkI/J/8/8L19glwK2b6txyRkp8irNWEkoK7MRz7kgx4oCpAGXCeias8CKwGkEZ7SQsBNpv9v63ZnfnfmVsBPBwphKKmEluqMP1M0pS92hFBlLO7WAtTbFiLOS5wkJ9Pv7MtSFCrz1f2B18PPZ4e+Xw6kF8zHY12kTdjX+e1z93uDvPTzBokrJ6CRBtuqiEsZB0EFax+vbxfRj/fGkCaSSORKWNv0AGykMPVVInoesZ4b8g8O9rm90YWh0msKmKrzvmM2eZ/YFvZ/NyHpmaLd/1O7DSdAzOk39fWwJdi0TMZHgxKeD8PxqY/kbaqkK+wcCAAA=[0m[INFO] 
[8mha:AAAB5h+LCAAAAAAAAACFkU2L00AYx8dqtXjUm4sQEN8oeSupG7ss2Eyb0N3YZqkGu2EP03SaJualJpOQKvh5POiX8ejN0yLid3AmaVbEg88c8ptnnv/z/0M+/wLtLAWPNvkqS2JhG+aeH2cCijPfTcIkFYaUIKNpQjCo61oLtEzQqQZeoi0Bj81aL+714pVevNLTwSMT3Fghggi4YwaoQGKIYk+ck9SPvaMyBff2KdwkzpIQC7D+/u0Myi0N/PD/ganhz0+d5PtiftkC1x3QXnpV2LvOv+b0dc1e34GP4CZNGaMIM26V2zxtFAJTCHvFl6/25Y/7H4wqEE3WIeDWAwWyw0jXJVqMJIlx3WtIeab2NKWZ0/Vmria9qpz5d5rNktTsg6M/mxnXvYbk8fP9PtaBo2aupnGfHQLaJcFpRMA3ZzLVZxfcgaNGGzQY0lpoXRMOm9KWah9pZOlPzuZRMD19rVhStzgxx0oue4UV4NIc2db7cjU2iiI677457J/jt2Y4s9fFq8BVdevEQ4bvT4xT5Bt9a6cqxc61R3IMh/J8Rw0CCHXtDNq9w1mwqDyPjw8cKeJ5notQgWM+y1O89lPM1/960BNkaUBwRrgnK7xGeUh4dnvKveAyjFJ3w1Ht7d8mUkaL2QIAAA==[0m[INFO] [8mha:AAAAYB+LCAAAAAAAAABb85aBtbiIQSmjNKU4P0+vJLE4u1gvPjexLDVPzxdEGvvmZ+X75ZekLlOVfvTjc8FPJgaGiiIGKaiG5Py84vycVD1nCA1SyAABjCCFBQCV27OjYAAAAA==[0m--- maven-surefire-plugin:2.10:test (default-test) @ search ---
[8mha:AAABgh+LCAAAAAAAAACFkc1Kw0AUha/RanCpO0EoiH8LM1GqqF1p2oiQ1kVAkOJimk7T1DSTzkxqRPB5XOjL+Aauiojv4Ex+KuLCO4v5uHPPuQfm5QsqnMHWIOlxGhlxmPhBxA0c8cCjIWXGmSRLUZsKAnnNaaA5oGcDLRwL2HZyPSr0aKZHM70crDuw0MMCC1hxhniCUYgjH7mCBZFfTxmsFSk8GnEaEsPK79+bIY1l4M3/A8uFn886fb9xpxrMd6DS9bOwq52/y+VrX72O4QkWZcoIj4hiLY0TVioMpTAKxevb9fRj/fEiCyST6QKWNmqWOops25SlyDQV572SakfHB+e1cs62y7mc7KwStV8vnU2z9LMaP86K815J+82Twk91rEY5l1PzUB0BlVQQNhIw7ly27avbqpsw0g8YqTISUyaqPcmeoOzhtIommKEw6KIhie7U1w5plyOXYOYNdlqYS6NddE/ZHY+xRxAnbBLIW2DmE4F4YbyXG/Plb4soDiNwAgAA[0m[INFO] Surefire report directory: /var/lib/jenkins/jobs/Search(Master)/workspace/service/target/surefire-reports
[8mha:AAABMR+LCAAAAAAAAACFjrFOwzAQhq+BQMQIGxITAjY7oIBAnSBtWAJLJSTUybQhBKV2cJwqEhLPw9C+DG/AVCHEO+CL4yLEwN3gT+f/v/tnX+CWEvYfqnEpOCnyKs14SRgvs5HIhSTnmkKka6ESMNVxwInBawRXrFBwEBs/bf106adLvxZ2Y1gdM8UUbMaPbMpoznhKB0pmPO3WErbbFCPBS5EnJDTv78tQFzrw3v+B9cHPV0+83w4WDqwMwb1Lm7Bbw7/H9e89/j7BC6zplJxNEmSnLippHQQdpHXM324WHzvPl00gncxTsL4bhNhIUeTrQvJ9ZDOzFJycHl0EVhdFVmcoaqrC+57d7Pt2X9j72YxsZpYO+2ftPpyEPasz1D/GVuDWKpETBZ2Nbxim58gAAgAA[0m
[8mha:AAABNR+LCAAAAAAAAACdjrFKxEAQhsdoNFhqJ1iJWrkbJcrJVZq72ESbA0GuWu9ijOR242ZzBASfx0JfxjewOkR8B3ey2ROxEJwp9mP2/2f+509wSwk7t9W4FJwUeZVmvCSMl9lI5EKSE00h0oVQCZhacMCJwWsE56xQsBsbP239dO6nc78WdmNYGjPFFKzFd2zKaM54SgdKZjzt1hI22hQjwUuRJyQ078/LUBc68PbfgfXBjydPvF0NZg4sDsG9Tpuw68Pfx/XvDf7ewyMs65ScTRJkpy4qaR0EHaR1vLxezt43H86aQDqZp2BlKwixkaLI14Xk+8hmZik46hycBlYXRVZnKGqqwvue3ez7dl/Y+96MbGaW9vvH7T6chD2rM9Q/xFbg1iqREwWdvf/V6hdjsPiwNwIAAA==[0m-------------------------------------------------------
[8mha:AAABOR+LCAAAAAAAAACFjsFKxDAQhsdqtehNb4JQEPWWVqmi7Em7rZfqpSLInuJurSvdpKapFASfx4O+jG/gaRHxHcw0zYp4cALJx+T/Z/6XL7ArAdu39ajijJRFnY9ZRSirxkNecEGOFYVI51xmoGvOAisBpxWc0VLCTqL9Xuf3Zn5v5lfCXgILIyqphNXkjj5Qr6As91IpxizvNQLWuxRDzipeZCTU7+/N0JQq8Nb/gdXCz2eHv1+lUwvmB2Bf523YtcHf5er3Bn/v4QkWVUpGJxmy1ZS1MA6CDtI5Xt8upx8bj6dtIJXMkbC0GYR4kOLYV4Xk+8i6Zyg4ONw7CYwujo1OU9xWjfsdM9n3zbyw/zMZWfcM7UZH3TzshH2j0xTt45FgNzITEwkr7oUbuam60+Vv763aYgoCAAA=[0m T E S T S
[8mha:AAABNR+LCAAAAAAAAACdjrFKxEAQhsdoNFhqJ1iJWrkbJcrJVZq72ESbA0GuWu9ijOR242ZzBASfx0JfxjewOkR8B3ey2ROxEJwp9mP2/2f+509wSwk7t9W4FJwUeZVmvCSMl9lI5EKSE00h0oVQCZhacMCJwWsE56xQsBsbP239dO6nc78WdmNYGjPFFKzFd2zKaM54SgdKZjzt1hI22hQjwUuRJyQ078/LUBc68PbfgfXBjydPvF0NZg4sDsG9Tpuw68Pfx/XvDf7ewyMs65ScTRJkpy4qaR0EHaR1vLxezt43H86aQDqZp2BlKwixkaLI14Xk+8hmZik46hycBlYXRVZnKGqqwvue3ez7dl/Y+96MbGaW9vvH7T6chD2rM9Q/xFbg1iqREwWdvf/V6hdjsPiwNwIAAA==[0m-------------------------------------------------------
[8mha:AAABXh+LCAAAAAAAAACFkUFLwzAUx5/VafGoN0EQRL2lVaooA2F26y7VgxNBdopd7KZdUpNUK4Kfx4N+Gb+BpyHidzBpmol48OXQHy///3v/kpcvaAgOm8NiIBhFeVakIyoQpmKUsIxx1FIUajphkoCpGQecGNxKcIxzCVux8Xu135v6valfCZsxzA2wxBKW4mt8h70M09TrST6iabPksFKnSBgVLCMoNN/fm6HMVeCN/wOrhZ/PLnu/6E0cmO1D4zKtwi73/y5Xt1f69haeYF6lpHhMNDtlXnDrQNqBasfr2/nkY/WxWwVSyVwJC+tBqI+mKPJVafJ9zaZnKdjb3zkKrC6KrM5QVFWh97t2su/beWH7Z7Jm07O03Tmo5+lO2LY6Q51dfSQ0Skn4WMLhaUGp+pu1hI0Rx8mNyHFCkCCYJ0OUYknu8YN6Dq7fgpNWIYdd0zwjQi5+A48TGAA9AgAA[0mRunning com.rackspace.search.gateway.core.CoreAuthGatewayTest
[8mha:AAABih+LCAAAAAAAAACFkUFLwzAUx5/T6fCoN0EIiHrRtHObqDtpt4pQ50ERZHiIbVarXVLTdFQUP48H/TJ+A08i4ncwaRdFPPhy6I+X9/+/P+nTJ1RTASuXWZByhpM4CyOWYsLSyOcxF3hXkaOpxyWFsiYqUPGgVgwckkTCqlfqrbHe+tZb33o12PZgKiCSSJjzrsiIWDFhoXUsRcTCdi5gYZzC5yzlMcVO+f29GfJEBV7+P7Ba+PFY469nx28VmOxD9SIsws73/y5XtwN9ewMPMK1SMjKkmit5kgmjwFqBx4rnl9O398W7/SKQSlaTMLPUdPTR5Lq2Kk22rbnsGWpubm3sNc2c65q5ktyiMr2/Zpxt2/g5nR9nzWXPUL27PfbTHadj5krqtvSRUM0lFUMJyYa9U2/s1LfWGq06ul8/6LlHKGLIv8Q3PMUxDy+If439mKTqebHHw5AK9VckzWU/oAOSxfIcrSOHZ3GAekcnaBCxAAma8kz4FPWNQyg4H92ez34BlVU03G8CAAA=[0m20:13:18,351 |-INFO in ch.qos.logback.classic.LoggerContext[default] - Could NOT find resource [logback.groovy]
[8mha:AAABix+LCAAAAAAAAACFkUFLwzAUx5/T6fCoN0EIiHpxaTen6HbSakWo86AIMjzENqvVLNmSVAqKn8eDfhm/gScR8TuYrK0iHnw59MfL+//fn/TpE6pKwspVGinB8ZClccIVJlwloWBC4h1DnqWu0BTymqhAJYDaeOCIDDWsBrneKfTOt9751pvBTgBTEdFEw1xwTW6JwwiPnRMtEx53MgkLRYpQcCUYxV7+/b0ZsqEJvPx/YLPw47EmXs9P3iow2YPqZTwOO9/7u9zc9u3tCB5g2qTkZEAtV7JhKksFtgpcKJ5fzt7eF+8OxoFMspqGmaWWZ48l33dNWXJdy3mvpNbmVnO3Vc75fjmXkz+u1O6vlc6uW/p5ez/OlvNeSY397cLPdry9ci6n/Q17NFQzTeVAg2y67cZ6u7G1tr7RRPf1w65/jBKOwis8EgozEV+S8AaHjCjzvDgQcUyl+SuaZroX0T5Jmb5AdeSJlEWoe3yK+gmPkKRKpDKkqFc41DVVGmcDdjH7BSwOtpRxAgAA[0m20:13:18,352 |-INFO in ch.qos.logback.classic.LoggerContext[default] - Could NOT find resource [logback-test.xml]
[8mha:AAABwx+LCAAAAAAAAACFksFuEzEQhoeUQNQj3JCQLCEoSNTepGlV0hNsu6jStj1EQkKrHpyNs9nEsbe2N6wE6vP00L4Dz8AbcKqqinfA3o1bEAfGB38azz/zy/blL2hrBa+m5VhLgQteZrnQmAqdp5JLhd9bCh0dS8OgiQctaMXQqQuOaGFgI270ZKUnd3pyp7eFezE8HFNDDTyJZ3RJCaciI0OjcpHtVQqerVykUmjJGQ6b/e/JUBXW8Mv/G7YDby868ufn4XUL1hJoj7La7NPk3+H2dOJOz+AcHlmXgi6Y41ZVlMorsFPgleLqx6frm+dfP9aGrLOOgccv+qFbjqIosOEoCBw3OU/9nd3eh76viyJf11BUR+nmd3znIPD9wv37zo6bnKfuwbtVP5cJ931dQwfbbhloV4aphYHvvWDQ3Rp0d99ubffQt83D4+gE5QKlU3wmNeYyG9F0jlNOtb1eHMssY8q+imGVScZsQktuTtEmimQpxkgxLUuVMpR4YbXgp4galExyzgZkSRXh+YjMmJi7XzKTI02GjKp0+vqIauvpDfki1VwXNGVEM7XM7W6oypghtQmmyZ+9138D8/bw678CAAA=[0m20:13:18,352 |-INFO in ch.qos.logback.classic.LoggerContext[default] - Found resource [logback.xml] at [file:/var/lib/jenkins/jobs/Search(Master)/workspace/service/target/classes/logback.xml]
[8mha:AAABgx+LCAAAAAAAAACFkc9Kw0AQxsdoNXjUmyAERL3YTVqjxPZU00aEWA8FQXrapGmamu6myUYCis/jQV/GN/BURHwHd/OnIh6cPeS3s/PNfExevqCWxHAwSUcJJSgKUz8gCcIkCVwa0hh1OJmC+pR5UMSKBJINcl5whSMGh3ahV0u9utSrSz0vbNuwNsIMM9iyp/geqyEmvjpgcUD8dhbDTunCpSShoYfM4vt7MmQRN7z/v2E+8PNZpu+3g4UEq0OoOX5udnv4dzh/HYvXOTzBOndJ8MwTLGVRGlcKJBSoVLy+3Sw+dh8uckPcmcxgY083xRFkWRoPQZomuMhVpJ8azXO9qrOsqq4gK49UzJerzppW9TO7P50FF7mKGr2zsp/ImN2qrqDeiTgMahnz4hmDoKm1GsethnGkG4byWL/sW9dKQBR3guY0QSH1HezeITfECV8vmtIYE4RdFvDN858zDvw0xuLWyXNKXRl5TuormPElOSnzFEKZknhs8xsTY81laAIAAA==[0m20:13:18,488 |-INFO in ch.qos.logback.classic.joran.action.ConfigurationAction - debug attribute not set
[8mha:AAABlx+LCAAAAAAAAACFUUFLwzAY/ZxOh0e9CUJA1Ium3Zwy3Wl2qwhTQUGQ4SHrstrZJTVNZaL4X7x50D/jP/A0RPwPJm2jiIJfDnn58t77HsnTBxRjASsXSS/mDEdh4gcsxoTFgcdDLnBDIUejQy4pZDVRgEIbSinhgEQSVtuZ3sr11pfe+tIrYr0NUz0iiYS59oBcEyskzLdOpAiYXx8JWMhTeJzFPKTYyfafk2EUqcDL/wdWA98fS/z17GRcgMkOFLt+Gna+83u4uu3r2yu4h2mVkpEh1bgwihJhFFgrcK54fjkdvy3e7qWBVLKShJmlqqOXRq5rq9LItjXOegZVt2qV3arhua7hZchNK9HzS8bZto2f0/x21jjrGVRubed+uuM0DS9DrU29JBRHkoqhhIeKvVPe2CnX1jbLNrpb3z90j1DAkHeBr3iMQ+53iXep/kNQPOCCMEw8Gahnb0QRZT0qGukRraNGlycSSa7UsSRMBkRSRHIW4n0kbyKKOn8ZCx6G6kXxcba7QUiN/fnsJ9/h2augAgAA[0m20:13:18,510 |-INFO in ch.qos.logback.core.joran.action.AppenderAction - About to instantiate appender of type [ch.qos.logback.core.rolling.RollingFileAppender]
[8mha:AAABgx+LCAAAAAAAAACFkc9Kw0AQxsdqNXjUmyAERL3YTVrbou2ppk0pxBQsCFI8bNM0TU13081WCorP40FfxjfwVER8B3fzpyIenD3sb2fnm/nYffmCfMTgaDwfRpSgMJh7PokQJpHv0IAy1BBkSLIpdyGJtRzkLFDigksccji2Er2W6rWVXlvpRWHdgo0h5pjDjjXB91gLMPG0Hmc+8eoLBnupC4eSiAYuMpL992RYhMLw4f+GxcDPZ4W+3/SWOVjvQ37gxWZ3+3+Hi9uRvJ3BE2wKlwRPXcm5RThnmQJJBUoVr2/Xy4/9h3ZsSDhTOGwdlA25JJmmLkKSrktOchmVq2eli3JWZ5pZXUJmHHM5X8k663rWz2j+dJac5DIqts7TfjJjNLO6hFoVuTjkF9xlUw6jkl4rntaKZyeVUlV9LHRss6v6RHXGaEYjFFBvgJ078R/MRRPKMEHY4b549kYYumToskZ8VAuqjafiVVSc5lUcqf2rrmV17Pbt9jealSwNZQIAAA==[0m20:13:18,526 |-INFO in ch.qos.logback.core.joran.action.AppenderAction - Naming appender as [ROLLING]
[8mha:AAABfB+LCAAAAAAAAACFkc1Kw0AUha/VanGpO0EIiLqxk7RWre3Kpo0ItYoVRboa0zFGpjPpzETqDz6PC30Z38BVEfEdnGmairjwziIfd8659wx5+YKsFLB2HXclZyiicRAyiTCToc8pF2hPk2uoxRWBpKYykGlCbiQ4xJGC9Wbit8d+e+K3J34trDZhposVVrDQvMG32KaYBXZbiZAF1YGApXEKnzPJKUFu8v29GQaRDrz6f2C98PM5x98v2sMMTHcgexmMwi52/i7Xt1fmtg9PMKtTMtwjhjODKBapAxkHGjte386GH8sP+6NAOllOwdxKyTXHkOc5ugw5juGkl1Jpu1yslVKd56W6hLxRxWZ/Lp3sOOk8t/4z2XDSS6nQ2B3PMx23nuoSamyZoyA7UET0FHSKTqWwWSmUN7aLO9Zj/qDlHVkhs3zUR1T/BkGQ4JTq96LTsEdqWJLuSdI45jT076y8dR5SasWSWMG95fNeJIiUIWfz33OIqbdaAgAA[0m20:13:18,627 |-INFO in c.q.l.core.rolling.TimeBasedRollingPolicy - Will use gz compression
[8mha:AAABwB+LCAAAAAAAAACFkUFP2zAUxx9lHRXH7TYJyRIqXIiTQocYnCBtpkptmShsmjggL3FTT64dbAcVAfs8HDaJz7JvsBOaJr7D7KRhQhz2fMhPz+//f//I3x+grhWsTfJES4EznqdMaEyEZrHkUuF9S6GjoTQUylqoQa0PjWJgQDID6/1S78/1/qPef9Tbwb0+vEiIIQZe9b+SC+JzIlJ/ZBQT6d5MwZt5ilgKLTnFYfl9uhlmmQ3c/H9gu/DPbUP++jy6r8HiKdS/pEXY16fPl9vbsbs9h2/w0qYUZEod12ZZrioFdgo8V/z4+fH+98rV+yKQTdYwsLTaDt1xFEWBLUdB4LjsVdTe3tk8aFdzUVTNlRQVlbv9jco5CCq/sPPP2XHZq6jVfTf3c52wU82V1H3rjoH6zFA1NXC3Gey2tnZbOxvbWwG69nrD6BAxgWJ8jrl9BkWxkpzb/8XHbEoPiKbJUdn4IDmLL5GHPjHOUa4pMhOKMmKsszWQU6xzgQnR2D6PISKmR1Kas97o7GTY6Ua9Ybfjc5lqX1Oi4onXTK4ubXmDgZckN7jJ0FiqwpPEhl1QNGacLv8FgeqBKq8CAAA=[0m20:13:18,630 |-INFO in c.q.l.core.rolling.TimeBasedRollingPolicy - Will use the pattern com.sun.aas.instanceRoot_IS_UNDEFINED/logs/search-%d{yyyy-MM-dd}.%i for the active file
[8mha:AAAB1h+LCAAAAAAAAACFUdFu0zAUNR2Fikd4Q0KyhEpeiJN2Zeq2F7q0QZXagGhBQnuY7hI3NSR2ZjtT2YDv4QF+BokP4GlCiH/AbppOiAeuH3J0fc65x7lffqOmkujRskyU4KTIypRxRYArFotMSDIwKLAoEpqiqm40UGOCWmvCFAqNnEml9zZ6b6v3tnpDPJygmwlo0Oju5C2cg5cBT72ZloynhyuJ7m9SxIIrkVESVN+/J6NVYQK3/x/YDPz1uSV+vJldNdDOMWqepuuw947/HW5uF/b2DH1Ct0xKDjm1uLEqSlkriFWQjeLrt9dXPx9cPlsHMslaGt1+2AvssSgMfVMW+b7FVa9Gvb1+96hX88Kw5lUoXFdp57dqZ9+v/YLhtbPFVa9GndH+xs92gmHNq9DoiT0aNVeaylyj713/oLN70Ok/3tvt4Q/uOAqfY8ZxvCRnQpFMpKcQvzP7kJRIkWXMvp9d0AFP5iynR6BoEkaD+Yun+31IgHaxi+dLis2SKS5AmykcM4Wd96bc6dRNEgcvpMjxgmUU27+8pTmxyIkqOQFQxKxUA4/pSyH0yXh28ioajsJxNBp6JpPyFAUZL912cnlt/JG0GUkvHHLnDzS21KHUAgAA[0m20:13:18,634 |-INFO in ch.qos.logback.core.rolling.SizeAndTimeBasedFNATP@98adae2 - The date pattern is 'yyyy-MM-dd' from file name pattern 'com.sun.aas.instanceRoot_IS_UNDEFINED/logs/search-%d{yyyy-MM-dd}.%i.gz'.
[8mha:AAABix+LCAAAAAAAAACFkc1OwkAUha8oSlzqzsSkiVE3Mi0/En42QqHGBNEIMTGsBjqWwTID04EQNT6PC30Z38AVMcZ3cIZSjHHhnUW/3Dnn3jPpyxfEAwEHvbEbcIaG/tijLECYBbTLfS5QWZGtqcElgbBWYhCrQ2IuOMdDCYf10G8u/ObSby79Sliqw5qLJZawVe/jCTZ9zDyzKQVlXmkqYGeRostZwH2C7PD7ezNMhyrw/v+B1cLP5wR/v2nOYrDahnjHm4fdbv9drm5v9e0InmBdpWR4QDTHpsOxiBxIO9DC8fp2PfvYfTidB1LJEhI29rK2Ppocx1KlybI0h72Isrl8upKNdI4T6UJy5jXW+xPRZMuK5tnVn8maw15EqVphMU937GqkC6l2rI+E+FQSMZDQT1vFVKaYyh/lMlnjMXnWcC4MyoxuD414gHzudXD3Tv0PQZDgvk/1++k9KTO3RQekggPiOo1y6/KkkMcuJmkjaVwpXZJPiDCwNAbUZdTrSbT5DUJagiBpAgAA[0m20:13:18,634 |-INFO in ch.qos.logback.core.rolling.SizeAndTimeBasedFNATP@98adae2 - Roll-over at midnight.
[8mha:AAABnR+LCAAAAAAAAACFkdEuA0EUho9SGpfcSSSTCG6Y3W1L2rpRy4qkStIi4mp0xxq2M2t2Kg3iATyJC17GG7gSEe9gptsh4sKZi/32zP+f82/26RPyqYSF816YCo6TuBcxnmLCU9YRsZC4rsk31BSKQlYjOcg1oDAQ7JJEwWIj8ztDv/Ptd779WrjWgLGQKKJgqnFBrokTEx45LSUZj9b6EmaGKTqCpyKm2M+evzdDP9GB5/8PrBd+PBbE63HrLQejJ5A/jQZhp0/+Lte3Z+b2Cu5hXKfkpEsN5/pJT1oHNg48dDy/HL69z95uDwLpZAUFE3Nl3xxDQeDqMuS6hrOepfJqpbhRtrogsLqMgkH1zP6Cney6dp6/+TPZcNaz5G1Vh/NMx9+0uoy2VsxRkO8rKrsKHopuzSvVvMrSaqmK7pZ3msEeYhx1zvGVSHEsolPSudT/Q1IsRRwz8/3shtZ52GZdukFSGgbNent/vVohIaFFtIxaVCmt02OYYiRGCZVMhEgJdERDtEsk8krI7kUHbV+/eKXJL44ZDJSJAgAA[0m20:13:18,639 |-INFO in ch.qos.logback.core.rolling.SizeAndTimeBasedFNATP@98adae2 - Setting initial period to Wed Mar 13 20:13:18 UTC 2013
[8mha:AAABrx+LCAAAAAAAAACFkcFO4zAQhoeyhYrjckNCsoSAC3VS6JYCpxIIQsp2pYJAq2oPbmLSgGsH20FFIB5ntQd4Gd6AE0Jo32HtJmGFODA++NPM/DO/5fu/UFUSVoZZpATHKcvihCtMuEpCwYTEHUOepa7QFPKYqkAlgNqk4TtJNawGud4p9M6b3nnTm8adAL5ERBMNX4NzckUcRnjsHGmZ8HhnLGGhcBEKrgSj2Mvv95thnBrDy58bNgtf/9TE08+j5wpM96E6iCdm5/sfl5vqma1ewh3MGJecjKjlyjjNZKnAVoELxcPjyfPL4s3BxJBxVtMwu9T07LHk+64JS65rOc+V1Gy113ebZZ/vl305+ZPI7P5aOdl1y3ne3v/JlvNcSY39rWKezXh7ZV9O+9/s0VAdaypHGn6vu9uNje1Ge6212UK39dNOr4sSjsIhvhQKMxEPSHhh/kNSLAVj5uG4l99+wmgnTSmPqOz3fgTBYffgF6qj42GiECkKiAvEBI8NkWiUaFNBjFyLTCNiWWWDeihGqeCU6zWkqMlzRHkorNj8q6YkwnP/AA9pMxqlAgAA[0m20:13:18,676 |-WARN in ch.qos.logback.core.rolling.RollingFileAppender[ROLLING] - This appender no longer admits a layout as a sub-component, set an encoder instead.
[8mha:AAABqh+LCAAAAAAAAACFkc9O20AQxoeUQNRjuSEhrVTRXmDtQAgpnFInRkhuKgUEQhGHjbMYw2Z3s163QSAehCfgAC/TN+gJVRXvwK7/gBAHZg/z08x8M5/lu0eoJgq+nKajRHAsWRrFPMGEJ3EomFC4bciz1BOaQh4zFagEUMsGfhCp4WuQ651C7zzrnWe9GdwOYHZENNHwKTgjv4jDCI+cPa1iHm1PFSwWLkLBE8Eo9vL8+jJMpTG8/L5hc/D/bU38Pdp7qMCHAVSHUWZ2YfD2uOme2O4ErmHOuORkTC1XpjJVpQJbBS4U938OHv4tXe5khoyzmob5zw3PPku+75qw5LqW81pJjWZr7XujnPP9ci4nP4vU3q+Vm1233Od1XjZbzmsl1bvfin224nXKuZy6G/ZpqE41VWMNN2vuVn19q95aaW420dXqYbvfQzFH4SmeiAQzEQ1JeG7+h6JYCcbMh+N+nv2Y0baUlI+oGvR/BsFub+cYraJ9gShPUkVRKMaS6HgYs1hfrKDfikhphOhCpAoxYpK2t4KMDotul4fCbMQfnwDVG772mQIAAA==[0m20:13:18,676 |-WARN in ch.qos.logback.core.rolling.RollingFileAppender[ROLLING] - To ensure compatibility, wrapping your layout in LayoutWrappingEncoder.
[8mha:AAABrx+LCAAAAAAAAACFkUFP2zAUxx+FbhVHuCEhWUIbF3BS1nVQTl1oEFIoUisxoWoHk7hJwLWD7UydQHwVrhy2L7NvsBNC074DdlODJg57Pvin5/f/v3+UH3+hriS8z8pECY4LVqY5V5hwlceCCYm7hgJLfaEpVLVQg1oEjdnAMSk0bEaV3pvrvWe996w3g/sRLCVEEw0r0QX5RjxGeOoNtcx5uj+VsDZPEQuuBKM4qO5/N8O0MIHf/T+wWfjnviF+nw0farA4gvp5Ogu7Onq93LyO7esV3MIbk5KTCbVcmxaldApsFXiu+Pnr9OFx/fpwFsgka2h4u9EK7LEUhr4pS75vueo5arV3dz633FwYurmKwlmVdn/DOfu+8wsOXpwtVz1Hzd7e3M92ggM3V1Hvoz0a6lNN5UTD3Y7faX7oNHe32p/a6Gb7S3fQRzlHcYavhMJMpOckvjT/Q1IsBWPmw/GgusOc0W5RUJ5QORqcRNFR//Ar2kZDShFhSqBM66Ljec7D+sWZF4uEKpzpCdtg5Lso9RFXmpLkZNzj9k2isZAooZrkTC0/AZ4q/TyeAgAA[0m20:13:18,676 |-WARN in ch.qos.logback.core.rolling.RollingFileAppender[ROLLING] - See also http://logback.qos.ch/codes.html#layoutInsteadOfEncoder for details
[8mha:AAABrB+LCAAAAAAAAACFkUFLwzAYhj+n0+FRb4IQEPWiaadT5zzNbpVBrbChIEMkdrFWu6QmqQwUf4pnD/pn/AeeRMT/YLKuingwOeThy/t+39vm6ROKUsDSRdqTnOEkTsOISUyYjAIec4HrmhxDPlcUsjVWgIIHpaFgnyQKlr3Mb4381rff+vZr4Y4HEz2iiIIZ75LcECsmLLQ6SkQs3BkImBulCDiTPKbYyc7fk2GQ6MCL/wfWAz8eS/z1uPNWgPEuFM/CYdjZ7t/h+vbc3F7DPUzqlIz0qeHCIElF7sDGgUeO55ejt/f5271hIJ2spGBqoeKYbch1bb0M2bbhrJZTZbO6tlvJda6b6zJyhys180t5Z9vO+zmNn86Gs1pO5eb2qJ+pOI1cl1Fzw2wFxYGioq/gYc2ulddr5erK5tYWultt+e4BihgKLvA1lzjm4RkJrvR7CIoFj2P94bidnW4U03qSUNajots+8LyWv3eCVlE9UNENRdqKzrUEmT9ZQwHvY5kyTIjE+rkUYQFtc65OW53TQ7/RdFt+s2Fpk7QkJULP1zz9BbAAJ9GdAgAA[0m20:13:18,677 |-INFO in ch.qos.logback.core.rolling.RollingFileAppender[ROLLING] - Active log file name: com.sun.aas.instanceRoot_IS_UNDEFINED/logs/search.log
[8mha:AAABrh+LCAAAAAAAAACFkc9KAzEQxsdqtXjUmyAERL1odqv1/6luu6WwrtCiIEUkbuO6uk3WJCsVxYfx5EFfxjfwJCK+g0m3q4gHZw75MZlv5gt5+oSiFLBwnnYlZziJ0zBiEhMmo4DHXOCqJseQzxWFLEYKUPCgNGjYI4mCRS/TW0O99a23vvW6cceDsS5RRMGUd0GuiRUTFlptJSIW7vQFzAxdBJxJHlPsZOfvzdBPtOH5/w3rhR+PJf561H4rwGgHiqfhwOx05+9yfXtmbq/gHsa1S0Z61HChn6QiV2CjwEPF88vh2/vsbWNgSDsrKZiYqzgmDbmurcOQbRvOajlV1jdXdit5n+vmfRm5g0jN/lI+2bbzeU7tZ7LhrJZTub41nGcqTi3vy6i+ZlJBsa+o6Cl4WLG3y6vb5c2l9Y0NdLfc9N19FDEUnOMrLnHMw1MSXOr/EBQLHsf64biVnW4U02qSUNalotPa97ym3zhGy8jUUSJ4QoW6QZFEkiqkOOoEvIdlyjAhEusfU4QFtMW5Omm2Tw78Wt1t+vWapVdKS1IitAXNx5Nft2hvkKECAAA=[0m20:13:18,677 |-INFO in ch.qos.logback.core.rolling.RollingFileAppender[ROLLING] - File property is set to [com.sun.aas.instanceRoot_IS_UNDEFINED/logs/search.log]
[8mha:AAABiB+LCAAAAAAAAACFkMFKAzEQhsdqtXjUmyAERL1odltrrfZUt90irHoQBfGUpnG7uk22SSoFxefxoC/jG3gqIr6DyW5XEQ9ODvmY/P/MT54/oagkbPRHPSU4TuJRGHGFCVcRFbGQuGnIs3QiNIOsZgpQCKCUCo5JomEzyPzO1O98+51vvxE2ApjrEU00LAU35I44MeGhc6ZlxMPGWMLKNAUVXImYYS+7f2+GcWICr/8f2Cz8eCqJt8uzSQFmr6DYDdOwy1d/l5vXa/s6hEeYNyk5GTDLhXEykrkDWweeOl5eLybvq/edNJBJVtKwsFb17LHk+64pS65rOevlVK3VK4fVXOf7uS4jP62R3V/KJ7tuPs9r/Uy2nPVyKrf3p/Nsx2vluozau/ZoKI41kwMNw4p7UN45KNe3anv76GH76MQ/RRFHtI+HQuFYhF1CbzGNiTLfi2+EJBwTqiPz8wG7Y3EzZbSNqBhgabQqIZRhxYikfRRbCVJMIy1Qq3143ln8ApscKh1wAgAA[0m20:13:18,679 |-INFO in ch.qos.logback.classic.joran.action.LevelAction - com.rackspace.search level set to DEBUG
[8mha:AAABgB+LCAAAAAAAAACFkMtKw0AUho/VanGpO0EYEHVjJ2mttZdVmzZFiC14A+lqmsY0NZ1Jk0kpKD6PC30Z38BVEfEdnMmlIi48s5iPM/9/zs+8fEE28OFgFA4DRrHnhrZDA0xo4JjMZT5uCNIkdRm3IK6VDGQMyEWCc+JxODRiv5L4laVfWfqFsG7A2pBwwmHLGJMZUVxCbeWS+w6163MfdpIUJqMBcy2sxffvzTD3ROD9/wOLhZ/POfZ+e7nIwGofsgM7Crvd/7tcvN7J1yk8wbpIScnEkpyZe6GfOrB04MTx+naz+Nh96ESBRLIch429kiaPJF1XRUlSVclxL6VSuVJsllKdrqe6mPSoQrk/l05W1XSe1vqZLDnupVRoV5N5sqO1Ul1M7RN5OGTn3PInHEhRrRWOa4XKUfm0ih7zZ129hxyKzBGesgC7zB4Q8x6bLgnE9+Ix8wnFxOSO+HnDmlluI2KURxe93hVyZQsFFkecoVa7ed3Z/AYZaQs7YAIAAA==[0m20:13:18,679 |-INFO in ch.qos.logback.classic.joran.action.LevelAction - ROOT level set to DEBUG
[8mha:AAABlB+LCAAAAAAAAACFkc9Kw0AQxsdqtXjUmyAsiHrRTVprqe2pxqYIsQUVQUoP23Sbpqa7cbOVgqKv40FfxjfwJCK+g7v5o4gHZw/5MTPfzMfk6RPykYCt0XQQcYbDYOr5LMKERb7LAy5wQ5Glqc0lhSTmcpBzoBA3nJBQwraT6I1Ub3zrjW+9aqw7sDAgkkhYccbkhhgBYZ5xJoXPvPpMwFrqwuUs4gHFVvL9vRlmoTK8+b9htfDjscBfL8/ecjDfhXzfi82udv8uV9Whrl7DPSwql4xMqObcLJyKTIG1AqeK55eLt/f121ZsSDkrSFjaKFv6abJtU4Um09Sc5DIqV6qlw3LWZ9tZX0J2HFO9v5BNNs1snnX0M1lzksuo2DxI5+mMdZT1JdTc109CfiapmEh4KJm14l6tWN2pVE10t3vctjvIZ8gd4Wse4YB7feJeqf8hKB5zQRgmrvTV2RthSNmAilM6bMQZtIsaUhJ3pG6DSFpF+owD1D3tOM5xu9VDkiOHex4VKtU57y1/AXcT/aV+AgAA[0m20:13:18,680 |-INFO in ch.qos.logback.core.joran.action.AppenderRefAction - Attaching appender named [ROLLING] to Logger[ROOT]
[8mha:AAABMR+LCAAAAAAAAACFjrFOwzAQhq+BQMQIGxITAjY7oIBAnSBtWAJLJSTUybQhBKV2cJwqEhLPw9C+DG/AVCHEO+CL4yLEwN3gT+f/v/tnX+CWEvYfqnEpOCnyKs14SRgvs5HIhSTnmkKka6ESMNVxwInBawRXrFBwEBs/bf106adLvxZ2Y1gdM8UUbMaPbMpoznhKB0pmPO3WErbbFCPBS5EnJDTv78tQFzrw3v+B9cHPV0+83w4WDqwMwb1Lm7Bbw7/H9e89/j7BC6zplJxNEmSnLippHQQdpHXM324WHzvPl00gncxTsL4bhNhIUeTrQvJ9ZDOzFJycHl0EVhdFVmcoaqrC+57d7Pt2X9j72YxsZpYO+2ftPpyEPasz1D/GVuDWKpETBZ2Nbxim58gAAgAA[0m
[8mha:AAABZB+LCAAAAAAAAACFjsFKw0AQhsdoNXjUmyAERL2UJC1VtD1pmggSvbQI0tParjGa7sbdjQQEn8eDvoxv4KmI+A7uZrMV8eDMYT9m/3/mf/mCBmewc1NMOCVunhVJSriLCE/HNKPMPZIUKDqnAoOuBQusGOxKcIZyAbux9nu135v7vblfCnsxLE2QQALW4lv0gLwMkcQbCJaSpFcy2KhTjCnhNMNuoN/fl6HMZeDt/wPLg5/PNn2/HMwsWBxB4yqpwq6P/h6Xv9fq9x6eYFmmJGiKFVtlXjDjcJXDrR2vbxezj83HkyqQTGYLWNnqBKoVRZEvS5HvK9YzQ539g/Zxx+iiyOg0RVUV6r5tNvu+2Rf0fzYr1jNDrfCw3qcmQd/oNIV7qgU0SoHZVMDpEHPBHVaQrtNuOhFKs4Jh3nX8phMyRpnGwV2a53hS8TCdYgdnKOdq0Hb9VsvheLz6DefA68xJAgAA[0mTests run: 2, Failures: 0, Errors: 0, Skipped: 0, Time elapsed: 2.011 sec
[8mha:AAABXx+LCAAAAAAAAACFkUFLwzAUx5/VafGoN0EQRL2lVaYoXtRu3aV6cEOQnWIXu7ouqUmqFcHP40G/jN/A0xDxO5g0zUQ8+HLoj5f//71/ycsXNASHzWExEIyiPCuSlAqEqUhjljGOjhUFms6YJGBqxgEnArcSnOJcwlZk/F7t96Z+b+pXwsMI5gZYYglL0Q2+w16GaeJ1JU9pclhyWKlTxIwKlhEUmO/vzVDmKvDG/4HVws9nl71fdicOzPahcZVUYZf7f5er22t9ewtPMK9SUjwmmp0yL7h1IO1AteP17WLysfrYqQKpZK6EhfVmoI+mMPRVafJ9zaZnqbm3v3PStLowtDpDYVWF3u/ayb5v5wWtn8maTc/Sdvugnqc7QcvqDLV39ZHQKCXhYwlH5wWl6m/WYjZGHMcjkeOYIEEwj4cowZLc4wf1HFy/BSe9NB4R2THtHhFy8Rshky2yPwIAAA==[0mRunning com.rackspace.search.gateway.core.CoreTicketGatewayTest
[8mha:AAABYh+LCAAAAAAAAACFjsFKw0AQhsdoNXjUmyAERL2UJJUotT1p2ogQvbQI0tParjGa7sbdjQQEn8eDvoxv4KmI+A7uZrMV8eDMYT9m/3/mf/mCBmewc1NMOCVunhVJSriLCE/HNKPMPZIUKjqnAoOuBQusGOxKcIZyAbux9nu135v7vblfCrsxLE2QQALW4lv0gLwMkcQbCJaSpFsy2KhTjCnhNMNuqN/fl6HMZeDt/wPLg5/PNn2/HMwsWBxB4yqpwq6P/h6Xv9fq9x6eYFmmJGiKFVtlXjDjcJXDrR2vbxezj83HkyqQTGYLWNkKQtWKosiXpcj3FeuZoeCgvXccGF0UGZ2mqKpC3bfNZt83+8Lez2bFemao1T+s96lJ2DM6Tf191QIapcBsKuB0iLngDitIxwmaToTSrGCYdxy/6fQZo0zj4C7NczypeJhOsYMzlPNq4LZbDsfj1W+xs3j7SAIAAA==[0mTests run: 4, Failures: 0, Errors: 0, Skipped: 0, Time elapsed: 0.81 sec
[8mha:AAABaR+LCAAAAAAAAACFkc1Kw0AUha/RanCpO0EQRN1NolRRuqpp4yb+YIsgXY3TMY1NZ+LMRAKCz+NCX8Y3cFVEfAdnkkxFXHhnkS93zrn3hLx8QUMK2B7lQ8kZytI8TphEmMmE8JQL1NYUGDrjikJVcw44Ebil4BRnCnaiyu/Vfm/m92Z+LWxFsDDECitYie7wA/ZSzGKvp0TC4lYhYK1OQTiTPKUoqJ6/N0OR6cBb/wfWCz+fXf5+3Zs6MD+Axk1chl0d/F2ub2/N7T08waJOyfCEGnaKLBfWgYwD1Y7Xt6vpx/rjSRlIJ3MVLG02A3MMhaGvy5DvG656lpoHh3vHTasLQ6urKCwrN/tdO9n37byg8zPZcNWztNs9queZTtCxuoq6++YoaBSKiomC88ucMf01G4RPkMBkLDNMKJIUCzJCNMVSJaR+I2lCmdL/RNB+QsZUXQhOqJRctIniok+lWv4GfNBEBE4CAAA=[0mRunning com.rackspace.search.elasticsearch.client.CoreTicketProcessorActorTest
[8mha:AAABdB+LCAAAAAAAAACFjs1Kw0AUha/VanCpO0EYEXVTklSj2J9NTRMRogtbFelqbMcYTSdxZiIBwedxoS/jG7gqIr6DM/mpiAvvXczHnXPuPS9fUOUMNm+SEY+oHoeJH1CuY8qDYRRGTO9IshWdRIJAXjMVqHigZYJjHAvY8nK/UfiNqd+Y+qWw5cHcCAssYMm7xQ/YCDH1jZ5gAfVbKYOVIsUwojwKiW7n7+/LkMYy8Mb/geXBz2cter/sTSowO4DqlZ+FXR78PS5/r9XvPTzBvExJ8ZgorqRxwkqHrhx64Xh9O598rD4eZoFkMk3Awrplq1bkuqYsRaapOJ+VZO3tbx9Ypc51S11OblaJuq+Vm02z3Gd3fzYrzmcl1Z1GsU9N7G6py8nZVS2gmgrCxgIu+oQLjlhCm2inhlwchAkjvInqNeQwFjGJZg317oI4JqOM+8GYIBLimKtBXW9Ye4iTIWq328jtHHlnp87a4jdSCfpxVgIAAA==[0mTests run: 3, Failures: 1, Errors: 0, Skipped: 0, Time elapsed: 1.946 sec <<< FAILURE!
[8mha:AAABZR+LCAAAAAAAAACFj7FOwzAQho9CIWKEDQkJCQGbE1BBoE40bVgCAwUk1Mm4Jg2kdrAdFITE8zDAy/AGTBVCvAN2HBchBs5DPv++/+7Pyxc0pYDNUTGUnKE8K5KUSYSZTAnPuECHmkJDJ1xRsDXTgEYMXtVwjHMFW7H1+7Xfn/r9qV83tmOYG2KFFSzFN/ge+xlmid9XImVJuxSwUqcgnEmeURTa7+/NUOY68Mb/gfXCz2ePv1/2Jw2YHUDzKqnCLg/+Ltev1+b1Dp5gXqdkeEwNN8q8EM6BjAPVjte3i8nH6uNRFUgn8xQsrLdCcwxFUaDLUBAYtpqj1t7+Tqfl+qLI9VmKqirMfs9NDgI3L+z+TDZsNUfbvYN6nlHCruuz1Ns1R0GzVFSMFZyfFozpv1kjfIwEJrcyx4QiSbEgI0QzLFVK6hvJUsoU6lmxX4lhpUWYKC4eOhSzMyrV4jdjihW8VAIAAA==[0mRunning com.rackspace.search.elasticsearch.client.ElasticSearchClientFactoryBeanTest
[8mha:AAABZR+LCAAAAAAAAACFjsFKw0AQhsdoNXjUmyAERL2UJC2pqD1p2ngwemkRpKe1XWM03Y27GwkIPo8HfRnfwFMR8R3czWYr4sGZw37M/v/M//IFDc5g56aYcErcPCuSlHAXEZ6OaUaZeyQpVHROBQZdCxZYMdiV4AzlAnZj7fdqvzf3e3O/FHZjWJoggQSsxbfoAXkZIok3ECwlSbdksFGnGFPCaYbdUL+/L0OZy8Db/weWBz+fbfp+OZhZsDiCxlVShV0f/T0uf6/V7z08wbJMSdAUK7bKvGDG4SqHWzte3y5mH5uPJ1UgmcwWsLIVhKoVRZEvS5HvK9YzQ8Hefvs4MLooMjpNUVWFum+bzb5v9oW9n82K9cxQq39Q71OTsGd0mvod1QIapcBsKuB0iLngDivIodNuOhFKs4Jhfuj4TafPGGUaB3dpnuNJxcN0ih2coZyrQStwO0Hb4Xi8+g28VkRtSgIAAA==[0mTests run: 2, Failures: 0, Errors: 0, Skipped: 0, Time elapsed: 14.542 sec
[8mha:AAABWh+LCAAAAAAAAACFkcFKxDAQhsfqavGoN0EQRL2lVVZR9uR2t16qB1cE2VPMxm61m9QklYLg83jQl/ENPC0ivoNJ06yIByeHfp38/8xf+vIFLSlge1yOJGeoyMs0YxJhJjPCcy7QsabI0BlXFGzNeeAl4NeCU1wo2EmsP2j8wcwfzPxa2ElgYYQVVrCS3OIHHOSYpcFAiYylnUrAWpOCcCZ5TlFkn783Q1XowFv/B9YLP599/n41mHowP4TWdVqHXR3+Xa5vb8ztPTzBok7J8IQa9qqiFM6BjAM1jte3y+nH+uNJHUgn8xUsbbYjcwzFcajLUBgatj1H7YPDvW7b6eLY6SzFdZVmv+8mh6GbF/V+Jhu2PUe7/aNmnulEPaez1N83R0GrUlRMFHTOS8b012wQPkECkztZYEKRpFiQMaI5liojzRvJM8qU/ieCXlCplr8BoYmQDDoCAAA=[0mRunning com.rackspace.search.elasticsearch.client.CoreTest
[8mha:AAABXB+LCAAAAAAAAACFjs1KxDAUha/V0eJSd4JQEHUjbZVR1FlpZ+qmuplBkFnFmVirnSQmqRQEn8eFvoxv4GoQ8R3MT6OIC28W+XJzzr3n+RNagsPGdTUWlISsrPKCiBARUYxoSXl4pCjRdEYlBlszHngZ+EZwipiEzcz6o8Yfffujb78SdjKYGyOJJCxlN+geRSUiedSXvCB5p+aw0qQYUSJoicPE3r83Q81U4PX/A6uFH08+fbvoTz2YHULrMjdhl4d/l6vfK/17B48wr1ISNMGavZpV3DlC7Qgbx8vr+fR99eHEBFLJfAkLa+1EH01pGqvSFMeabc9Re29/57jtdGnqdJZSU5Xe77vJcezmJd2fyZptz9F276CZpztJ1+ks9Xb1kdCqJeYTCekACykCXpHDIN4KUlSUFcfCPHqcU26xf1swhseGB8UEB7hETJhGIPBo8QvHIjQARQIAAA==[0mTests run: 0, Failures: 0, Errors: 0, Skipped: 0, Time elapsed: 0 sec
[8mha:AAABXR+LCAAAAAAAAACFj8FKxDAQhsfqavGoN0EQRL2lVVZR9qTdrSDVgyuC7ClmY7faTWqSSkHweTzoy/gGnhYR38GkaVbEg5NDv/yZf+bvyxe0pIDNUTmUnKEiL9OMSYSZzAjPuUCHmiJDZ1xRsDXjgZeAXzec4kLBVmL9QeMPpv5g6teNnQTmhlhhBUvJLX7AQY5ZGvSVyFjaqQSsNCkIZ5LnFEX2+3szVIUOvPF/YL3w89nn71f9iQezA2hdp3XY5cHf5fr1xrzewxPM65QMj6lhrypK4RzIOFDjeH27nHysPh7XgXQyX8HCejsyx1Ach7oMhaFhqzlq7+3vHLVdXxy7PktxXaXZ77vJYejmRd2fyYat5mi7d9DMM0rUdX2WervmKGhVioqxgpPzkjH9N2uEj5HA5E4WmFAkKRZkhGiOpcpIcyN5RplCPSv2azGqtQsq1eI3bhR0LkkCAAA=[0mRunning com.rackspace.search.elasticsearch.client.ElasticSearchClientTest
[8mha:AAABZB+LCAAAAAAAAACFjs9Kw0AQxsdoNXjUmyAERL2UJJYq/XPStBEhemkRpKe1XWM03U13NxIQfB4P+jK+gaci4ju4m81WxIMzh/0x+30z38sX1DiDvdt8wilxszSPE8JdRHgypill7rGkQNEFFRh0LVlgRWCXgnOUCdiPtN+r/N7C7y38UtiNYGWCBBKwEd2hB+SliMTeQLCExN2CwVaVYkwJpyl2A/3+vgxFJgPv/h9YHvx8tun71WBuwfIIatdxGXZz9Pe4/L1RvzN4glWZkqApVmwVWc6Mw1UOt3K8vl3OP7YfT8tAMpktYG2nGahWFIa+LEW+r1jPDDWPWo2TptGFodFpCsvK1X3bbPZ9sy/o/WxWrGeGDvrtap+aBD2j09Q/VC2gVgjMpgLOhpgL7rCcdJxG3QlRkuYM847j150+Y5RpHNwnWYYnJQ+TKXZwijKuBi233XY4Hq9/A9LVPghIAgAA[0mTests run: 2, Failures: 0, Errors: 0, Skipped: 0, Time elapsed: 8.99 sec
[8mha:AAABTR+LCAAAAAAAAACFj8FKxDAQhsdqtXjUmyCsiHprq6yi7GntbkWte7AgyOIhtrGudJOapFIQfB4P+jK+gadFxHcwaZoV8eDkkI/J/8/8efkCmzPYvC1TTolb5GU2ItxFhI8SmlPmdiUFigZUYNA1Y4EVgVMLzlAhYCvSfq/xe1O/N/VLYSeCuRQJJGApukMPyMsRybxYsBHJOhWDlSZFQgmnOXYDff/eDFUhA2/8H1gu/Hx26PtlPLFgdgj2dVaHXR7+XS5fb9TrPTzBvExJ0BgrtqqiZMbhKofbOF7fLiYfq49HdSCZzBGwsN4O1FEUhr4sRb6vWPcMtff2dw7bRheGRqcprKtU+x0z2ffNvKD3M1mx7hna7h8081Qn6Bmdpv6uOgLsSmA2FrA2POkPTo8H8VXrHCeUpfJnLYG5aDHMy1zwxW9i5kciIAIAAA==[0m[JENKINS] Recording test results
[8mha:AAABOR+LCAAAAAAAAACFjsFKxDAQhsdqtexRb4IgiHpLq1RR96TdrZfqwQVB9hR3a610k5qkUhB8Hg/6Mr6Bp0XEdzDTNCviwZlDPib/P/O/fIErBWzdVmPJGSmLKsuZJJTJfMQLLsixpgjpnKsUTM054CTgNYIzWirYTozfb/3+zO/P/FrYTWBhTBVVsJzc0QfqF5Rl/kCJnGXdWsBqm2LEmeRFSiLz/r4MdakDb/4fWB/8fPb4+9Vg6sD8ENzrrAm7Mvx7XP/e4O89PMGiTsnoJEV26rIS1kHQQVrH69vl9GPt8bQJpJN5CpY2wggbKY4DXUhBgGxmlsL9g92T0Ori2OoMxU1VeN+zm4PA7ot6P5uRzczSTv+w3YeTqGd1hvp72ArcWqVioqBzkcqqUHL9qPMNuwXJUgkCAAA=[0mResults :
[8mha:AAABMR+LCAAAAAAAAACFjrFOwzAQhq+BQMQIGxITAjY7oIBAnSBtWAJLJSTUybQhBKV2cJwqEhLPw9C+DG/AVCHEO+CL4yLEwN3gT+f/v/tnX+CWEvYfqnEpOCnyKs14SRgvs5HIhSTnmkKka6ESMNVxwInBawRXrFBwEBs/bf106adLvxZ2Y1gdM8UUbMaPbMpoznhKB0pmPO3WErbbFCPBS5EnJDTv78tQFzrw3v+B9cHPV0+83w4WDqwMwb1Lm7Bbw7/H9e89/j7BC6zplJxNEmSnLippHQQdpHXM324WHzvPl00gncxTsL4bhNhIUeTrQvJ9ZDOzFJycHl0EVhdFVmcoaqrC+57d7Pt2X9j72YxsZpYO+2ftPpyEPasz1D/GVuDWKpETBZ2Nbxim58gAAgAA[0m
[8mha:AAABpx+LCAAAAAAAAACFkcFO3DAQhqdLl656bG9IlSwhoL04KVoq2D1BIL0sVSW2lRAn4wyL2cQO9gStisSrcOVAX6Zv0BOqUN+h9iahQhywD/ky/v+ZX5rbv9B1FlZPq8wZzcu8mijtuNBOSZMby7c9JYG+GEKoz4sOdEbQmwv2RUmwNqr9UeOPHvzRg98LhyN4mQkSBG9GZ+JCRLnQk+iArNKT4czCUpNCGu1Mjjypv48nw6z0gVeeD+wH3t/0zO/Dg7sOLBxB93gyD/v26Olw/3oSXs/hChZ9Si0KDNyZlZVtHTw4eOP4+ev73Z93l5/ngXyyHsGr5X4SbqA0jf0JFMeB61pL/U+b6zv9Vpemra6mdH6qML/Xdo7jtl+y+79z4LrW0se9raZfqCS7ra6mvY1wCbozQlsQXKdC5ZgxQkduwBgrxBSZqywyvydkyjG/iwu0FESGfRsnjFSB7IfR+F6aglshp64UErlDYeUpx1w4UrL5k7lCTX6RFsdKTpG+WiPROWO3JRk79nM/DJjfc6ZIGc20IeYEKXeiMBu8/gfIU4G+ngIAAA==[0mFailed tests:   make sure date is converted to UTC time zone(com.rackspace.search.elasticsearch.client.CoreTicketProcessorActorTest): Condition not satisfied:
[8mha:AAABMR+LCAAAAAAAAACFjrFOwzAQhq+BQMQIGxITAjY7oIBAnSBtWAJLJSTUybQhBKV2cJwqEhLPw9C+DG/AVCHEO+CL4yLEwN3gT+f/v/tnX+CWEvYfqnEpOCnyKs14SRgvs5HIhSTnmkKka6ESMNVxwInBawRXrFBwEBs/bf106adLvxZ2Y1gdM8UUbMaPbMpoznhKB0pmPO3WErbbFCPBS5EnJDTv78tQFzrw3v+B9cHPV0+83w4WDqwMwb1Lm7Bbw7/H9e89/j7BC6zplJxNEmSnLippHQQdpHXM324WHzvPl00gncxTsL4bhNhIUeTrQvJ9ZDOzFJycHl0EVhdFVmcoaqrC+57d7Pt2X9j72YxsZpYO+2ftPpyEPasz1D/GVuDWKpETBZ2Nbxim58gAAgAA[0m
[8mha:AAABVh+LCAAAAAAAAACFjrFOwzAQho9AIWKEDQkpEgKWKklLQUAnSBuWwBKEhDqZxoRAagfbQZGQeB4GeBnegKlCiHfAjuMixMB58Ofz/9/9L1/Q4gy2bsqEU+IWeZlmhLuI8GxMc8rcI0mBojMqMOias8CKwK4Fp6gQsB1pv9f4vZnfm/mlsB/BQoIEErAS3aIH5OWIpF4sWEbSfsVgrUkxpoTTHLuBvn9vhqqQgTf/DywXfj7b9P0ynlowP4LWVVqHXR39XS5/r9XvPTzBokxJ0AQrtqqiZMbhKofbOF7fLqYf648ndSCZzBawtNEL1FEUhr4sRb6vWPcM9fb2u8c9owtDo9MU1lWq/baZ7PtmXjD4maxY9wx1hgfNPNUJBkanabirjoBWJTCbCOieYy64w0py6HR22k6IsrxkmMtX2xkyRplEv+3Ed1lR4ETy8jdIQPYrMQIAAA==[0mTests run: 13, Failures: 1, Errors: 0, Skipped: 0
[8mha:AAABMR+LCAAAAAAAAACFjrFOwzAQhq+BQMQIGxITAjY7oIBAnSBtWAJLJSTUybQhBKV2cJwqEhLPw9C+DG/AVCHEO+CL4yLEwN3gT+f/v/tnX+CWEvYfqnEpOCnyKs14SRgvs5HIhSTnmkKka6ESMNVxwInBawRXrFBwEBs/bf106adLvxZ2Y1gdM8UUbMaPbMpoznhKB0pmPO3WErbbFCPBS5EnJDTv78tQFzrw3v+B9cHPV0+83w4WDqwMwb1Lm7Bbw7/H9e89/j7BC6zplJxNEmSnLippHQQdpHXM324WHzvPl00gncxTsL4bhNhIUeTrQvJ9ZDOzFJycHl0EVhdFVmcoaqrC+57d7Pt2X9j72YxsZpYO+2ftPpyEPasz1D/GVuDWKpETBZ2Nbxim58gAAgAA[0m
[8mha:AAABzh+LCAAAAAAAAACFjkFv0zAYhk2hUHGEGxNSJQQcKiUZSli3aYfETcbatGuTtVAiDm7qpimJ0yZOiUDi93CA237J/gGnCSH+A3ZSDyEOfJblR5/f9/ver79APUvBs2U+zxIiraM8CEkmIZKFfhIlqaQzgpwGCcWgqls1ULNBoxT00ZqC53bll3d++cYv3/iZ8NgGd+aIIgoe2Cu0RXKESCC7NA1JcFyk4NEuhZ+QLImwBKv3782gWLPAT/8fmC38+aWRfJ+61zVw2wP1WVCGfej9u5z9LvjvBnwGd1lKgmLMuVas81Q4JO6Qdo5vV5PrH48/nZaBWLIGBfeeqJAfTpalsOKkKJyrniD1ZfuFoQqdZQldRVZZOd/fEJMVRcyDnT+TOVc9Qfvm4W4e78CO0FVkavxQUC8oTmMKLve8drxERzqrqdGyoS7KmLU1ZNBZeDZy49WgN1aHSmvbtU013w+2wxUu7M5k+LGYm/lyOtGchaa9xe/PI//A6ZFh79XBWdE3RmN/FBjz1yPSPXxDuq2LTe73k7HZO3WhbiL3g67DbGDBzbTceXKy5ymxZzrOufOuebHEKW4idinOaHOBwihPcSbd/w11MQtXswIAAA==[0m[8mha:AAAAYB+LCAAAAAAAAABb85aBtbiIQSmjNKU4P0+vJLE4u1gvPjexLDVPzxdEuhYV5Rf55ZekOlc7RKnPKH7IxMBQUcQgBdWQnJ9XnJ+TqucMoUEKGSCAEaSwAACsNFCqYAAAAA==[0m[ERROR] There are test failures.
[8mha:AAABMR+LCAAAAAAAAACFjrFOwzAQhq+BQMQIGxITAjY7oIBAnSBtWAJLJSTUybQhBKV2cJwqEhLPw9C+DG/AVCHEO+CL4yLEwN3gT+f/v/tnX+CWEvYfqnEpOCnyKs14SRgvs5HIhSTnmkKka6ESMNVxwInBawRXrFBwEBs/bf106adLvxZ2Y1gdM8UUbMaPbMpoznhKB0pmPO3WErbbFCPBS5EnJDTv78tQFzrw3v+B9cHPV0+83w4WDqwMwb1Lm7Bbw7/H9e89/j7BC6zplJxNEmSnLippHQQdpHXM324WHzvPl00gncxTsL4bhNhIUeTrQvJ9ZDOzFJycHl0EVhdFVmcoaqrC+57d7Pt2X9j72YxsZpYO+2ftPpyEPasz1D/GVuDWKpETBZ2Nbxim58gAAgAA[0m
[8mha:AAABjx+LCAAAAAAAAACFkc9KAzEQxsdqtXjUmyAsiP8OblapovSk266XVoSCID2l7XSbdpusSXYtCOLjeNCX8Q08FRHfwaTbrYgHJ4f8mMz3zQd5+YKikrDTT7pKcDeOkpBx5VKuWEdEQrrnhnxLV0IjZLVQgEIdStOBBo017NYzPZnpyVxP5nozWKnDUpdqqmGtPqApJRHlIWlqyXhYGUvYmKXoCK5EhK6f3b83wzg2gbf/D2wWfj6XxPttc1KAxRYU2+E07Hrr73Lz2rOvd/AIyyYlpyO0XBjHicwVrlW4M8Xr283kY/PhchrIJCtpWNkq+/ZYCgLPlCXPs5z1ciqfnB5dlPO5IMjnMgqmldj9pdzZ83I/v/rjbDnr5XRYO5v52Y5fzecyqh3bo6E41ihHGp6uI6QKHYk9lI4WDkmpJBFrkwHyof3IgWgr0kQqO/29BlVGtk/uhRyqmHaQKJQpM7emMkRNVGKMmMQDibGQWjk9YVz76DDeZSnrJjRyNCpt9qkk0spd/QbZzI82fwIAAA==[0mPlease refer to /var/lib/jenkins/jobs/Search(Master)/workspace/service/target/surefire-reports for the individual test results.
[8mha:AAABMR+LCAAAAAAAAACFjrFOwzAQhq+BQMQIGxITAjY7oIBAnSBtWAJLJSTUybQhBKV2cJwqEhLPw9C+DG/AVCHEO+CL4yLEwN3gT+f/v/tnX+CWEvYfqnEpOCnyKs14SRgvs5HIhSTnmkKka6ESMNVxwInBawRXrFBwEBs/bf106adLvxZ2Y1gdM8UUbMaPbMpoznhKB0pmPO3WErbbFCPBS5EnJDTv78tQFzrw3v+B9cHPV0+83w4WDqwMwb1Lm7Bbw7/H9e89/j7BC6zplJxNEmSnLippHQQdpHXM324WHzvPl00gncxTsL4bhNhIUeTrQvJ9ZDOzFJycHl0EVhdFVmcoaqrC+57d7Pt2X9j72YxsZpYO+2ftPpyEPasz1D/GVuDWKpETBZ2Nbxim58gAAgAA[0m
[8mha:AAABOR+LCAAAAAAAAACFjsFKxDAQhsdqtXjUmyAIot7SKlWUPbndrQh1PSwIUjzE3Vor3aSmqRQEn8eDvoxv4GkR8R3MNM2KeHDmkI/J/8/8L19glwK2b6txyRkp8irNWEkoK7MRz7kgx4oCpAGXCeias8CKwGkEZ7SQsBNpv9v63ZnfnfmVsBPBwphKKmEluqMP1M0pS92hFBlLO7WAtTbFiLOS5wkJ9Pv7MtSFCrz1f2B18PPZ4e+Xw6kF8zHY12kTdjX+e1z93uDvPTzBokrJ6CRBtuqiEsZB0EFax+vbxfRj/fGkCaSSORKWNv0AGykMPVVInoesZ4b8g8O9rm90YWh0msKmKrzvmM2eZ/YFvZ/NyHpmaLd/1O7DSdAzOk39fWwJdi0TMZHgxKeD8PxqY/kbaqkK+wcCAAA=[0m[INFO] 
[8mha:AAAB4R+LCAAAAAAAAACFkctu00AUhodAIGIJOyokS6hcFPmS4FCTqhLxJLbSmsRVwCK1upg4jmPXl2CPjQMSz8MCXqZvwKpCiHdgxs4UIRacWfibM+c//y/56y/QzFLweJ0vsyQWNmHu+XEmoDjznSRMUmFACFKaJNgFdd1ogIYBWtXAa7TB4IlR68WdXrzWi9d6MnhogFtLhBEG94wAFUgMUeyJM5z6sXdYpuDBLoWTxFkSugKsv387g3JDAu//PzAx/PmllXyfz64a4KYNmguvCnvf/tecvK7o63vwGdwmKWMUuZQb5SZPmUKgCmGn+HZpXf14+EmvApFkLQzuPJIhPZQ0TSJFSZIo1z1G8gulq8psTtPYXE1aVTn1b7HNksT2weGfzZTrHqPO6OVuH+3AIZuradSjB4Nmid00wuDSHk+06Tm3ZyvRGvUHpOZq24ADVupC6SEVL/zx6SwKJidvZVNqF8fGSM47XmEGbmkMLfNjuRzpRRGdtd8d9M7cCyOcWqviTeAomnnsId33x/oJ8vWeuVXkYutYw04MB53ZlhgEEGrqKbS6B9NgXnkeHe3ZUsTzPBehwo35Dyjl69/c7wrP++TKPV26K5SHmL49415xmYtSZ80Rzd3fxh2x6NECAAA=[0m[INFO] [8mha:AAAAYB+LCAAAAAAAAABb85aBtbiIQSmjNKU4P0+vJLE4u1gvPjexLDVPzxdEGvvmZ+X75ZekLlOVfvTjc8FPJgaGiiIGKaiG5Py84vycVD1nCA1SyAABjCCFBQCV27OjYAAAAA==[0m--- maven-war-plugin:2.3:war (default-war) @ search ---
[8mha:AAABSB+LCAAAAAAAAACFkMFKxDAQhsdqtXjUiwjCgqi3tkoVZU9rdytCXYUFQYqHbLfWajeJaaoFwefxoC/jG3haRHwHk6ZZEQ9ODvmY/P/MT16+wCwYbF6Xo4Jgm+ZlmuHCRrjIYpITZncE+ZL6hCegasYAIwSrFpwgymErVH6n8TtTvzP1C2E7hLkR4ojDUniD7pGTI5w6A84ynLYrBqtNipjgguSJ7av792aoqAi88X9gsfDz2SLvF4OJAbMRmMO0Drsc/V0uXq/k6x08wbxIidE4kWxUtGTaYUuH3The384nH2uPR3UgkczisLDu+fJICgJXlCTXlax6mry9/Z1DT+uCQOsUBXWVcr+lJ7uunud3fyZLVj1N272DZp7s+F2tU9TblYeDWfGEjTmsRMf94PSydYbiWyT+MW09JENE6eI3T7JTuRcCAAA=[0m[INFO] Packaging webapp
[8mha:AAABkh+LCAAAAAAAAACFkc1Kw0AUha/VanGpO0EIiH8LM6lUUVzVaFSIrRARJBSZ1DGmTWfizLQWhD6PC30Z38BVEfEdnMlPRVx4ZzEfd+4594S8fEFZcFi7798KRs0k7ocRFSamImqzmHGzrsjW1GCSQFZTJSi5UEkHznEiYd3N9CjXo4keTfRq8MCFmVsssYQFt4MHGMWYhsiTPKLhwZDDUp6izahgMTHt7P69GYaJCrz6f2C18PO5wt6vvXEJpn0oB2EadtH/u1y93unXBxjBrEpJcY9oLg2TPi8UplaYueL17Wr8sfx0kgZSySoS5lZqtj6aHMdSpcmyNGe9gmq7e9uHtWLOcYq5jJy0+np/pXC2rMLPPvpx1pz1Cqoe7+d+umMfFXMZHe/oI6E8lIT3JIz8s4bTbBl1IUgviNV3GY8kwEli+IJg3r5vGRE1fDTAHMVRgDqEdvXv7bBAIC+d2DjHQpltokfGuyLBbYIE4YNI3RLzkEiUOW1ZZtW0boLqlteoX3inzcvW/Dd6utghfQIAAA==[0m[INFO] Assembling webapp [search] in [/var/lib/jenkins/jobs/Search(Master)/workspace/service/target/search-0.1.0_b1-SNAPSHOT]
[8mha:AAABSh+LCAAAAAAAAACFj8FKxDAQhsdqtXjUm6AURL21Vaooe9LuVoS6CguCFA+xW2uXblKTVAuCz+NBX8Y38LSI+A4mTbMiHpwc8jH5/5k/L19gMgqbt9WQEeyURZXlmDkIszwhBaHOoaBAUp/wFFTNGGBEYDWCU1Ry2IqU32397tTvTv1C2Ilgbog44rAUjdA9cguEM3fAaY6zTk1hpU2REMxIkTqBun9vhroUgTf+DywWfj5b5P1yMDFgNgbzOmvCLsd/l4vXG/l6B08wL1JiNE4lG3VZUe1wpMNpHa9vF5OP1cfjJpBIZnFYWPcDeSSFoSdKkudJVj1N/t7+zpGvdWGodYrCpiq539KTPU/PC7o/kyWrnqbt3kE7T3aCrtYp6u3Kw8GseUrHHNbik354dmWfU5KkjIl/2Q+I2iUlozThi9+LL6nHHQIAAA==[0m[INFO] Processing war project
[8mha:AAABVB+LCAAAAAAAAACFkUFLwzAUx5/VafGoN0EoiHprO91E2Um7VYQ6DwNFyg7pFmulTWqTSkHw83jQL+M38DRE/A4mTTMRD74c8uPl/3/vD3n5ghYrYOe2nDJK7Dwt44QwGxGWTGhKC/tYkCdpSDkGVQsGGAGYteAc5Rx2A+V3Gr8z9ztzvxD2AliaIo44rAV36AE5KSKxM+JFQuJeVcBGk2JCCaMptj11/94MVS4Cb/8fWCz8fDbp+/VoZsBiCK0orsOuh3+Xi9cb+XoPT7AsUhKUYclGlZeFdtjSYTeO17fL2cfm42kdSCQzOaxsdTx5JPm+K0qS60pWPU2dg8O9k47W+b7WKfLrKuV+U092XT3P6/9Mlqx6mtqDo2ae7Hh9rVM06MrDoVVxXGTi38KzoX8xtq5whPLcQozhLErx1EqIFe5321bG8ISNV78BsOXtJiYCAAA=[0m[INFO] Webapp assembled in [351 msecs]
[8mha:AAABix+LCAAAAAAAAACFkd9KwzAUxo/T6fBS7wRhIP67WNLJFHVXW7eqsD9CRZAhkm2x69Y1NUm3guDzeKEv4xt4NUR8B5N1nYgXnlzkl+T7zvlKX74gLTjs9MKuYD4KvNBxfYGIL9wO8xhHJUWmpgaTFOJaSEGqBpmpoE4CCbu12I9nfjz347lfCYs1WOoSSSSs1fpkRLBHfAfbkru+U4w4bMxSdJgvmEeRGe+/J0MUqMDb/wdWAz+fM+z9xp6kYLEF6bYzDbve+jtcvd7r1wd4gmWV0idDqjkVBSFPHEg70Mzx+nY9+dh8PJsGUskyEla2CqZemizLUKXJMDTHdwkVjo4PyoVEZ1mJLiZrWqGen0k6G0bSz6z8dNYc3yWUr57M+ukbs5LoYqoe6iUhHUnKhxKC1kXDat5my6HrddVXZceEn2bxiHDsuW3cp/5A/80+awtsU8I7vb06Ecq7j8eMD0RAOhQLykeu2iXhDpXqqHU5A+WRcdfO5+xG6dI+b14h1Xv1G3yL4D1vAgAA[0m[INFO] Building war: /var/lib/jenkins/jobs/Search(Master)/workspace/service/target/search-0.1.0_b1-SNAPSHOT.war
[8mha:AAABOR+LCAAAAAAAAACFjsFKxDAQhsdqtXjUmyAIot7SKlWUPbndrQh1PSwIUjzE3Vor3aSmqRQEn8eDvoxv4GkR8R3MNM2KeHDmkI/J/8/8L19glwK2b6txyRkp8irNWEkoK7MRz7kgx4oCpAGXCeias8CKwGkEZ7SQsBNpv9v63ZnfnfmVsBPBwphKKmEluqMP1M0pS92hFBlLO7WAtTbFiLOS5wkJ9Pv7MtSFCrz1f2B18PPZ4e+Xw6kF8zHY12kTdjX+e1z93uDvPTzBokrJ6CRBtuqiEsZB0EFax+vbxfRj/fGkCaSSORKWNv0AGykMPVVInoesZ4b8g8O9rm90YWh0msKmKrzvmM2eZ/YFvZ/NyHpmaLd/1O7DSdAzOk39fWwJdi0TMZHgxKeD8PxqY/kbaqkK+wcCAAA=[0m[INFO] 
[8mha:AAAB5R+LCAAAAAAAAACFUc1u00AYXFICEUe4USFZQtCiyD+JHGpSVSLexFZak7gKWKQWh42zdez6J7XXlgMSz8MBXoYzF04VQrwDu3YchDgwe9jRtzPfjLSff4FmmoCnq2yZxpGwDjLXi1IBRannxEGcCAPKIGOTmGBQ4VYDNAzQKgWv0JqAA6Pyi1u/uPOLOz8VHhvg9hIRRMB9w0c5EgMUueKMJF7kHhcJeLht4cRRGgdYgNX9dzIo1rTwk/8XpoE/P7Xi7/PZTQPs2aC5cMuyD+x/w+nrJXu9Bh/BHdoyQiFmvFGss6R2CMwhbB1fvlo3Px590MtCtFmLgLuPZcgOY5omUTAmSYxXs5rJz5WuKtc6Tat1FdNKZCy/VW+WpHofHP7ZzHg1q1ln9GK7j03gsNZVbNRjh4BmQXASEvDNHk+06Ttu31bCFeoPKOZq24CDGupC6SGVLLzx+Sz0J2dvZFNq56fGSM46bm76uDCGlvm+WI70PA8v2m+Pehf4ygim1mX+2ncUzTx1ke55Y/0MeXrP3ChyvnGsYSeCg85sQwN8CDX1HFrdo6k/LzNPTvZtKeR5ngtRjiMepSkOF8GGr/663xW6/ZR+QYC5wxBd4Z3gGfeSSzFKnBVH3fd+A9IogSbbAgAA[0m[INFO] [8mha:AAAAYB+LCAAAAAAAAABb85aBtbiIQSmjNKU4P0+vJLE4u1gvPjexLDVPzxdEGvvmZ+X75ZekLlOVfvTjc8FPJgaGiiIGKaiG5Py84vycVD1nCA1SyAABjCCFBQCV27OjYAAAAA==[0m--- maven-assembly-plugin:2.2:single (make-assembly) @ search ---
[8mha:AAABiB+LCAAAAAAAAACFkc1Kw0AUha/VanGpO0EoiH+bTJQqaleaNiK0FSwIUlxM0rFNTWbizKRGBJ/Hhb6Mb+CqiPgOziSZirjwzmI+7txz7gl5+YKy4LAxTPqCUSsOk0FAhYWpCHwWMm4dK3I0dZgkkNdMCUotqGQDbRxL2GzlelTo0VSPpno1WG/BXB9LLGGpNcJjjEJMB6greUAH9ZTDSpHCZ1SwkFhOfv/eDGmsAq//H1gt/HyusPer7qQEsz0oe4Ms7HLv73L1eqNf7+AJ5lVKiiOiuZTGCTcKSyusQvH6djn5WH08zQKpZBUJC2s1Rx9Nrmur0mTbmvOeodr+we5Jzcy5rpnLyc0q0fsrxtm2jZ/T+HHWnPcM7TQPCz/dcRpmLqfmnj4SyqkkPJKQ9s467vl19YLgvvqoKhaCRF74UO0T4fMglowfVdEYcxQGHhoReqt/7oh5AnUJ5v5wq42FstpG94zfihj7BAnCx4G+uY8iHFBkTNWLllhpFC5+A9GzNsx3AgAA[0m[INFO] Reading assembly descriptor: /var/lib/jenkins/jobs/Search(Master)/workspace/service/src/main/assembly/search.xml
[8mha:AAABjR+LCAAAAAAAAACFkd9KwzAUxo/T6fBS7wRhIP67WNLJFHVXW7eqsD9CRZAhkm2xduuamqSzIPg8XujL+AZeDRHfwWRtJ+KFJxf5Jfm+c77Sly/ICg5bd2FfMB8FXui4vkDEF26PeYyjiiJTU4tJCnHNZSDTgNxU0CSBhO1G7MeJH8/8eOZXwnIDFvpEEgkrjQEZE+wR38G25K7vlCMOa0mKHvMF8ygy4/33ZIgCFXjz/8Bq4Odzjr1f2ZMMzHcg23WmYVc7f4er11v9eg9PsKhS+mRENWeiIOSpA2kHShyvb5eTj/XHk2kglSwnYWmjZOqlybIMVZoMQ3N8l1Lp4HCvWkp1lpXqYrKmFer5ubSzYaT9zNpPZ83xXUrF+lHST9+YtVQXU31fLwnZSFI+khB1zlpW+zpfDV2vr74qPyD8OI/HhGPP7eIB9Yf6bw5YV2CbEt6722kSoby7+IHxoQhIj2JB+dhVuyTcoVIdta5goCIybrrFgt2qnNun7YtCokNqxvI3IgXXancCAAA=[0m[INFO] Building jar: /var/lib/jenkins/jobs/Search(Master)/workspace/service/target/search-0.1.0_b1-SNAPSHOT-service.jar
[8mha:AAABPh+LCAAAAAAAAABb85aBtbiIQS2jNKU4P0+vIKc0PTOvWC8xrzgzOT8nv0jPEchyBrH88ktSGSCAkYmByYeBA6zAN7GghEHdB6JfH6pfH65fH64fqNDah4ElJbEksYRByCcrsSxRPycxL10/uKQoMy/duqKIQQrqiuT8vOL8nFQ9ZwiNajNDRQHQwaqEHQy08PUKjvyHkcHPmRiYoxlYk9LBjhWOxrQcKJsGki1kqGNgA7oyLzE3FcRmqigoLYLp0APp0IPqWHsp7PlL2Wp3sIOALuMoYWBXNnEGQRDLzc0ACEAsAwMQGyIGY5mYWRg5mcDUubnB1EFYbmBQCrKfA2aygQHMPGcXhMkgNkQMxjJ0tYSaBxJxdoGpg7BcTUGwhIG1oiS1KLeEISDa08/NP1ZBl0qACwBzBPd0TwIAAA==[0m[INFO] ------------------------------------------------------------------------
[8mha:AAABRh+LCAAAAAAAAACFjsFKw0AQhsdoNHhUvAhCQdRbEiWK0pPdJFKI9RAqSPCwtjFG0t002UhA8Hk86Mv4Bp6KiO/gbjZbEQ/OHPZj9v9n/pcv0MsCdu+qcUmJmWdVkpLSxKRMRzSjhXnKCQkaUBaDrAUNtACMRnCOcwZ7gfRbrd+a+625nwu7ASyNMcMM1oJ7/ICtDJPEClmRkqRbF7DZphhRUtIsNpF8f1+GOueBd/4PzA9+Phv0/SqcabAYgX6TNGHXo7/H+e+t+J3CEyzzlARPYsFanVeFcpjCYbaO17fL2cfW41kTiCczGKxsO0i0IN+3eQmybcFypsg5Oj7oOUrn+0onyW+qEvcNtdm21T7k/mwWLGeK9r2Tdp+YIFfpJHmHohnoNYuLCYONqD/wL647vWE/cDvhECEvDFe/AYw5bAIUAgAA[0m[INFO] BUILD SUCCESS
[8mha:AAABPh+LCAAAAAAAAABb85aBtbiIQS2jNKU4P0+vIKc0PTOvWC8xrzgzOT8nv0jPEchyBrH88ktSGSCAkYmByYeBA6zAN7GghEHdB6JfH6pfH65fH64fqNDah4ElJbEksYRByCcrsSxRPycxL10/uKQoMy/duqKIQQrqiuT8vOL8nFQ9ZwiNajNDRQHQwaqEHQy08PUKjvyHkcHPmRiYoxlYk9LBjhWOxrQcKJsGki1kqGNgA7oyLzE3FcRmqigoLYLp0APp0IPqWHsp7PlL2Wp3sIOALuMoYWBXNnEGQRDLzc0ACEAsAwMQGyIGY5mYWRg5mcDUubnB1EFYbmBQCrKfA2aygQHMPGcXhMkgNkQMxjJ0tYSaBxJxdoGpg7BcTUGwhIG1oiS1KLeEISDa08/NP1ZBl0qACwBzBPd0TwIAAA==[0m[INFO] ------------------------------------------------------------------------
[8mha:AAABSx+LCAAAAAAAAACFjsFKw0AQhsdoNXjUm1AIiHrbbGsUbU+aNiLEeqgIUjysbYyRZDdNNhIQfB4P+jK+gaci4ju4m81WxIMzh/2Y/f+Z/+ULGnkG23fFJGcUpXERRjRHhObRmMUsQ0eCXEkDxgNQtWCA4YNZCc5IymHHV3679ttzvz33C2HXh6UJ4YTDmn9PHogdExraQ55FNOyWGWzUKcaM5iwOkKve35ehTEXgrf8Di4OfzyZ7vxrODFgcQeMmrMKuj/4eF7+38ncKT7AsUlKSBJKNMi0y7UDSgWrH69vl7KP5eFIFEslMDiubjitbkudhUZIwlqxmmpz9g/axo3Wep3WKvKoKed/UmzHW+9zez2bJaqap1T+s98mJ29M6Rf092RwaJQ+yhENzdDrwzq+tC8ZJbPEoCTpWq4MdtNvG+eo3T2GHlBwCAAA=[0m[INFO] Total time: 1:04.320s
[8mha:AAABWx+LCAAAAAAAAACFjs1Kw0AUha/RanCpO0EIiLrLT9OKtitNOyKkdVF/kOJibGMaSWdiMpGA4PO40JfxDVwVEd/BmUymIi68s5hv7pxz73n5glqWws4kH2eUmEmchxHJTEyyaERjmpqHnDxBfcoCkLWggeaDXgp6OGGw60u/Vfmtud+a+7mw7cPSGDPMYM2/ww/YijEJrQFLIxK2ixQ2qhQjSjIaB6Yn79+boUh44O3/A/OFn886fb8azDRYHELtJizDrg//Lue/t+L3Hp5gmackeBoI1ookT5XDFA6zcry+Xcw+Nh+Py0A8mc5gZavhiSMIIZuXINsWLHuKGnv79aOG0iGkdJJQWbnYr6vJtq3meZ2fyYJlT5HTPajmiY7XUTpJ3aY4DGoFC9IpA2d40ken1waKSJRNgrGBWcu45HcPp4bjGnW75bitpmOcn3n84bir3w0BmrEwAgAA[0m[INFO] Finished at: Wed Mar 13 20:13:51 UTC 2013
[8mha:AAABTB+LCAAAAAAAAACFjsFKw0AQhsdoNHjUm1AoiHpLotZa7UnTrghJPRQEKR7WNsZIshs3G4kIPo8HfRnfwFMR8R3czWYr4sGZw37M/v/M//IFZs5g86aY5JTYWVJEMcltTPJ4TBPK7CNBnqQB5SGomjPA8MGqBAHOOGz5yu/Ufmfmd2Z+Iez6sDDBHHNY8W/xPXYSTCJnyFlMom7JYK1OMaYkp0loe+r9fRnKTATe+D+wOPj5bNH3i+HUgPkRmFdRFXZ19Pe4+L2Wv3fwBIsiJcFpKNkos4Jphy0ddu14fTuffjQeT6pAIpnFYWm95cmWhJArSpLrSlYzTa12Z+e4pXUIaZ0iVFUh71t6s+vqfV7vZ7NkNdO03T+o98mJ19M6Rf092RzMkocs5dAYnQ7Q2WUTxQQnzSBMKXs4bO62A6ezHyx/AzqFwuwcAgAA[0m[INFO] Final Memory: 36M/87M
[8mha:AAABPh+LCAAAAAAAAABb85aBtbiIQS2jNKU4P0+vIKc0PTOvWC8xrzgzOT8nv0jPEchyBrH88ktSGSCAkYmByYeBA6zAN7GghEHdB6JfH6pfH65fH64fqNDah4ElJbEksYRByCcrsSxRPycxL10/uKQoMy/duqKIQQrqiuT8vOL8nFQ9ZwiNajNDRQHQwaqEHQy08PUKjvyHkcHPmRiYoxlYk9LBjhWOxrQcKJsGki1kqGNgA7oyLzE3FcRmqigoLYLp0APp0IPqWHsp7PlL2Wp3sIOALuMoYWBXNnEGQRDLzc0ACEAsAwMQGyIGY5mYWRg5mcDUubnB1EFYbmBQCrKfA2aygQHMPGcXhMkgNkQMxjJ0tYSaBxJxdoGpg7BcTUGwhIG1oiS1KLeEISDa08/NP1ZBl0qACwBzBPd0TwIAAA==[0m[INFO] ------------------------------------------------------------------------
[8mha:AAABxR+LCAAAAAAAAACNUd1O2zAYdcsKFZfjDgmpEj/bLmI7bUEgrkpotrHSIQUhoQohJzVtShIH2ymRkPY8u4CX4Q12VaFp7zA7PyDUC/h84aPvO+d8x/L9P1ATHGyNk6FgEYyDZORHApJI+B4LGIcdhSyN+kxSkFelCqo9UM8IxySW4FMv16NCj5716FmviPs98GFIJJHgY29CpgQFJBohR3I/Gu2nHKwWKTwWCRZQaOX3680gjVXgzbcDq4V/f9fZn3NnVgULA1BzR1nYlcH8cjW90tMb8AssqpQRCanG1TROeKmAWgELxcPj2exp7e5rFkglq0uwtN629NHItrEqjTDWOO+VqL2z2zxolzzbLnk5srNK9P566Yxx6WcdvjhrnPdKZHb3Cj/dsQ5LXo662/pIUEsl5aGsLA2Ouv0f3/vORaPDvbE/VS9roCnhKPBdNKHRtf7MCXMFcihRjM/HRCjpF3TL+LWIiUeRoHzqqztmIUzDoCHZ+xxCNkwCKpCndJx4uRsksb8hMiJyEz8YCtTEZsvALcNsXTaxYTaNNkYkC0vntajQYmhCfOmahtPvnDjffp4WA2NuAFXu5f+/DFgjBgMAAA==[0m[JENKINS] Archiving /var/lib/jenkins/jobs/Search(Master)/workspace/service/pom.xml to /var/lib/jenkins/jobs/Search(Master)/modules/com.rackspace.api$search/builds/2013-03-13_20-12-40/archive/com.rackspace.api/search/0.1.0_b1-SNAPSHOT/search-0.1.0_b1-SNAPSHOT.pom
[8mha:AAAByh+LCAAAAAAAAACNUdFu0zAU9boVqj2ONySkSoNtPMR22oJAeypZM2BdhxSEhCo03aReli6Ng+10lSbxPTyMn9kf7GlCiH+YHSebUCXg+sHH1+eceyxf/kZNKdDWaTGRPMN5WsRJJjFkMol4ygXua+QZNOKKIVsrDdQYolZJOIRcoe2h1ZNKT+705E6vibtDtDYBBQptDKcwB5JCFpNAiSSLdxcCPa5SRDyTPGXYs/ufk9Ei14Gf/TuwHvjre4tffw5uGmh1jJphXIZ9NF4erm9PzO1X9A090CkzmDGDG4u8ELUCGwWuFD+uPt38fHKxXwbSyVoKPdzseWYZ5PtUl0GUGmx7Neq9fNV506t5vl/zLPLLKsz8Vu1Mae3n7d07G2x7NXIHrys/0/H2ap5FgxdmKdRcKCZmamVz/H4wOng3Cr60+yI6Teb6ZW0yB0HSJCRTlp2Zz5zyUJKAgWbsHILU0ufknIszmUPEiGRinuhdgYiZ0kfDcyh2MT0OXScY9T8Eb48+4nMQbcX/z33GJ0XKJIn4DAuI7CQMefLU2pOwSNKJJB3qdh3addzucYc6bsfpUQLlQ9iytopGlqL9NfP6LangvjwiAwAA[0m[JENKINS] Archiving /var/lib/jenkins/jobs/Search(Master)/workspace/service/target/search-0.1.0_b1-SNAPSHOT.war to /var/lib/jenkins/jobs/Search(Master)/modules/com.rackspace.api$search/builds/2013-03-13_20-12-40/archive/com.rackspace.api/search/0.1.0_b1-SNAPSHOT/search-0.1.0_b1-SNAPSHOT.war
[8mha:AAABzB+LCAAAAAAAAACNUdFu0zAU9Qpl1R7Z2ySkSgzYHmI7bZmG9lSyBhhdmRSENFVoukm9LF0aB9splZD4Hh7gZ/YHe5rQtH/AjpOhqQ/b9YOPr8+551j+fYOaUqCXZ8VE8gznaREnmcSQySTiKRe4r5Fn0IgrhmytNFBjiFol4RByhV4NrZ5UenKrJ7d6TdwboscTUKDQ0+EU5kBSyGISKJFk8d5CoI0qRcQzyVOGPbvfdUaLXAd+cX9gbXj9q8Uvj4OrBno0Rs0wLsOuj5fN9e2puf2GfqInOmUGM2ZwY5EXolZgo8CV4s/Fl6u/z368KwPpZC2FVp/3PLMM8n2qyyBKDba9GvV2djtvezXP92ueRX5ZhfFv1ZMpred5+/8nG2x7NXIHb6p5puPt1zyLBq/NUqi5UEzM1Ep3fDAYffwwCr62+yI6S+b6ZW0yB0HSJCRTlp2bz5zyUJKAgWZsHYLU0m3ynYtzmUPEiGRinuhdgYiZ0kfDcyh2MT0JXScY9Y+C958+OxUPT0G0FX+Yy4xPipRJEvEZFhBZRwx5smltSFgk6USSDnW7Du06bvekQx234/QogfJBbFlbRSRLER+Ufe0fbmTTfjIDAAA=[0m[JENKINS] Archiving /var/lib/jenkins/jobs/Search(Master)/workspace/service/target/search-0.1.0_b1-SNAPSHOT-service.jar to /var/lib/jenkins/jobs/Search(Master)/modules/com.rackspace.api$search/builds/2013-03-13_20-12-40/archive/com.rackspace.api/search/0.1.0_b1-SNAPSHOT/search-0.1.0_b1-SNAPSHOT-service.jar
[8mha:AAABUx+LCAAAAAAAAACFkUFLwzAUx5/VafGoN0EoiHpLq0xRdnLdKkj1MlBkp9h1XbVLappKQfDzeNAv4zfwNET8DuY1zUQ8mBz64+X/f++f9OULWoWAnUk5KjgjeVYmKSsIZUUa8YwLcqLIR7rgMga9FiywQrBrwTnNJeyG2u82fnfud+d+JeyEsDSikkpYC2/pA3UzyhJ3IEXKkk4lYKNJEXFW8Cwmvv7+ngxVrgJv/x9YDfx8tvn79WBmweIQWjdJHXZ9+He4Oh3j6T08wbJKyeg0RraqvBTGQdBBGsfr2+XsY/PxtA6kktkSVrbaPm6kIPDUQvI8ZF0z1D482u+2jS4IjE5TUK8S59ums+eZfn7vpzOyrhna6x83/bDi94xOU/8At4RWJWMxlUCuaCrVbZwxF85ZzO7UUzqSO+OUpcXEUQ+axVEtwN+2+g0wYBqzLQIAAA==[0mWaiting for Jenkins to finish collecting data
[8mha:AAABPR+LCAAAAAAAAACFjsFKxDAQhsdqtXgSvQmCIOotrVJF2dPa3XqpXhYE2VNsa7fSTWKSSkHweTzoy/gGnhYR38GkaVbEgzOHfEz+f+Z/+QJXcNib1JmgBLGqLkoiECaiTGlFOeorijRdUpmDqQUHnAS8VnCBmYT9xPj9zu/P/f7cr4S9BJYyLLGE9eQOP2C/wqTwR5KXpOg1HDa7FCklglY5isz7+zI0TAXe/T+wOvj57NH369HMgcUxuDdFG3Zj/Pe4+r3Vv/fwBMsqJcHTXLPTsJpbB9IO1Dle365mH1uP520glcyTsLITRro1xXGgSlMQaDYzS+HxyeFZaHVxbHWG4rZqfd+zm4PA7osGP5s1m5mlg+Fpt09PooHVGRoe6ZbgNjLnUwlr6QQTklfbQlLG8mz1Gz4JNyQPAgAA[0mchannel stopped
[8mha:AAABQh+LCAAAAAAAAACFkMFKxDAQhsfqavGoN0EQRL21Vaqoe9rtNl7qXqqC7Clua7fSTWqSSkHweTzoy/gGnhYR38GkaVbEg5NDPib/P/OTly/ocAa7kyrhlDhlUWU54Q4mPB/TgjKnJylQNKQiBV0LFlgR2I3gHJcC9iLtd1u/O/e7c78UdiNYSrDAAtaiO/yA3QKTzI0Fy0nWrRlstCnGlHBapE6g79+boS5l4J3/A8uFn882fb+OZxYsjqBzkzVh10d/l8vXW/V6D0+wLFMSPE0VW3VZMeNwlMNpHa9vV7OPzcezJpBMZgtY2fYDdRQh5MlS5HmKdc+Qf3R80PeNDiGj04SaqtR+20z2PDMvGPxMVqx7hvbDk3ae6gQDo9MUHqojoFOLlE3lV6Cc5HySJqdbl8P4otePwtVvvtQoJBICAAA=[0mFinished: UNSTABLE
