[8mha:AAACFh+LCAAAAAAAAACFkU+Pk0AYxmer1caLid7cbNLEqIcmQHdpQ90Tf1q2MNvWpay77WlaEGjLQGEgFBM/jwf9Mn4DTxtj/A4ypawxHnzmwC/vvM/7PhO+/AL1OAKv3cSKA8yEm8TxcMwgHHvLYBNEjFiQTGkUEBuUOqqBGgSNfcMlCgl4A0s/e/Cz93723l80nkPw0EIEEfAMrlCK2A3CDmuQyMPOeRaBF4cUywDHwcZm5PL792aQhUXgV/8PXCz8+bkRfL817mrgwRzUF84+7PP5v8uL2w/0dgs+gUdFSox8m3ItC5OocjDUwRwcX79d3/04+ajuAxXJGgQ8fsnL9FAaDLhClDiOclmriO8KpxJf9Q0GVV9Jg70Sur9RTea4ap6s/JlMuaxV1O73DvNoRVaqvpL6HXoIqGfEjnxy9NQgKCK21VzsmklsR83jueC76K1YKJRaUBYrSQuhgySy8IbvpupqpJv8hBPS8bSVjhUBXy+Fs8nObGfd8W4IzUDLL9PTXYvVNFMSXW+mSs7Wc901NzJWuvI+v1mcXVkbKJnGraqtBZWEuZlODEORBLVDdA9LQ3U4a8UZ1PrsLO+nF9Mer+leDjMOdaXM9Ffq2BwF1kUMHTF3+85MYy3otWXY4wt/G+7MYG30sqEuX+mytL3xZ+JkAiWsjOlrjuecHyeRja0IMSgMUfFnbew9+Q0LAQ6oDgMAAA==[0mStarted by user [8mha:AAAApB+LCAAAAAAAAABb85aBtbiIQTGjNKU4P08vOT+vOD8nVc83PyU1x6OyILUoJzMv2y+/JJUBAhiZGBgqihhk0NSjKDWzXb3RdlLBUSYGJk8GtpzUvPSSDB8G5tKinBIGIZ+sxLJE/ZzEvHT94JKizLx0a6BxUmjGOUNodHsLgAzhEgZJ/dLi1CL94tKi1LyUokS9xIKCRKCBqXmZAPPLBnDOAAAA[0msurendra.appalaneni
[8mha:AAABZx+LCAAAAAAAAACFkUFLwzAUx5/VafGoN0EYiHprqkxRdnLd6qWKOBFkp6zLum5dUpN0FgQ/jwf9Mn4DT0PE72DSNhPx4MuhP17+//f+oS9fUBMc9kbZQDDqpEkWxVQ4mIo4ZAnjzpkiT9MlkwTKWrLACsAuBBc4lbAflH5U+dHCjxZ+JWwGsDLAEkvYCMZ4hlGCaYS6ksc0auYctqoUIaOCJcTxyu/vzZCnKvDu/4HVws9nm73fdecWLPeg1o+KsJu9v8vV7VDf3sMTrKqUFE+JZitPM24cjnY4leP17Xb+sf14XgRSyWwJazsNTx9Nvu+q0uS6msueocbxyWGrYXS+b3Ql+UVler9tJruumee1fyZrLnuGDjqn1Tzd8dpGV1LnSB8JtVwSPpUQtLI4Gajn1GNaf2B8IlIckjqaYY6SuI/GhE707xyzvkA3XYJ5OLoifMj49JokBAuCFq71b2rysgNLAgAA[0mBuilding in workspace /var/lib/jenkins/jobs/TSearchPerformRelease/workspace
[8mha:AAABgx+LCAAAAAAAAACFkc1Kw0AUha/VanCpO0EoiLoyk0pbqt2oaeMmilgRpKtpOjZp05k4M6kBwedxoS/jG7gqIr6DM/lpERfeWeTjzjn3HjKv31AWHPb8eCAYNaMwHgZUmJiKwGMh4+apIlvTJZMEsloqQckFIxVc4EjCvpv5Ue5Hcz+a+5Ww5cLKAEssYcMd4SlGIaZD1JU8oMNWwmErT+ExKlhITDv7/t4MSaQC7/4fWC38ejHYx113VoLlHpT7wzTsZu/vcnV7r28f4BlWVUqKJ0RzKYliXjhM7TBzx9v77exz++k8DaSSGRLWdmq2Ppocx1KlybI0Z72Cao3m4Vmt0DlOocvISSvW+41ismUV8+z2YrLmrFdQtXOUz9Mdu13oMurU9ZFQTiThEwnC9ok3ZrE8fmR8LCLskQqqoCnmKAz6aEToWL/miPUFuukSzD3/ivB7xifXJCRYELTwHVTyJ+FkwqT6RabLPBzaPqaUhCeNZrWOG83B+g95NciPcgIAAA==[0mCheckout:workspace / /var/lib/jenkins/jobs/TSearchPerformRelease/workspace - hudson.remoting.LocalChannel@6815a68d
[8mha:AAABRR+LCAAAAAAAAACFj8FKxDAQhsdqtXjUiwjCgqi3tEoVdU9ru/VSvSwKsqe4m60r3aQmqVQEn8eDvoxv4GkR8R1MmmZFPDg55GPy/zN/Xr7AFRy2b8qhYBQVeZmNqUCYivGA5YyjjqJI0zmTBEzNOeCk4NWCM1xI2EmN32/8/szvz/xK2E5hYYgllrCS3uJ77OeYZn5P8jHN2hWH9SbFgFHBcoIic//eDFWhAm/9H1gt/Hz22PtVb+rAfB/c66wOu9r/u1y9jvTrHTzBokpJ8YRodqqi5NaBtAM1jte3y+nHxuNpHUgl8yQsbYaRPpqSJFClKQg0m56l8OBw7yS0uiSxOkNJXaXe79nJQWDnRfHPZM2mZ2m3e9TM050otjpD3X19JLiVJHwiYe1CqL+0hORYkuzhuBWTES5zufwNzjSVeRcCAAA=[0mUsing strategy: Default
[8mha:AAABdR+LCAAAAAAAAACFkctKw0AUho/VanCpO0EIiLdNkiZpmtiVTRs30YWCIl1Nm4uRNBMnkxIQfB4X+jK+gasi4js4k0tFXHhmMR9nzv+fH+blC9oZgYO73MtwIqVxHkZJJqEki6Y4xkQ6ZWRzusDUh6pWWtByQSgHzlFK4dCt9HKtl5d6ealng30X1jxEEYUt9x7NkRyjJJSvKImSsF8Q2KlTTHGS4diX7Or+vRmKlAXe/z8wW/j5LOD326tFC1bH0J6EZdjt8d/l7DXgrw/wBOssZYJmPudWkeakUUhcIdWK17frxcfu41kZiCUTKGzs6TY/nBxHYcVJUThXvYZ0w1QHejPnOM1cRU5ZOd8vNM6K0vjZwx9nzlWvoc7Iqv14xx42cxWNuvxQaBfUJzMKNy7KqDjIo5iKl/48yiKcnCxJ9DU9sAxP1XxVU9SuEgSmanSQ1zMmlmd2NdOz9GnP0MUjTCL2DfKM2fnkePMbrAuOw1YCAAA=[0mLast Built Revision: Revision e34f96d23e230250ff8261ad76b9d8538d94c764 (origin/master)
[8mha:AAABRx+LCAAAAAAAAACFj8FKxDAQhsdqtXjUmygURL2lVaooe1q7Wy/Vy4Iie4rdbq12k5qkWhB8Hg/6Mr6Bp0XEdzBpmhXx4OSQj8n/z/x5+QKbM9i+rkacElQWVZYTjjDheUILylBXUqjojIoUdM1ZYMXgNIJTXArYibXfa/3ezO/N/FLYiWFhhAUWsBLf4HvsFZhk3kCwnGSdmsFamyKhhNMiRaG+f2+GupSBt/4PLBd+Pjv0/XIwtWB+CPZV1oRdHf5dLl/H6vUOnmBRpiR4kiq26rJixoGUA7WO17fz6cfG40kTSCZzBCxtBqE6iqLIl6XI9xXrnqHg4HDvODC6KDI6TVFTldrvmMm+b+aFvZ/JinXP0G7/qJ2nOmHP6DT199URYNciZRMB6xd5KT/j0kq4D5Td8hInqTvOGRdo+RuPvx88GwIAAA==[0mWiping out workspace first.
[8mha:AAABSh+LCAAAAAAAAACFkMFKxDAQhsdqtXjUmyAsinpLq1RR9qTZ7V6qlwVB9hR3Y7fSJjVNpSL4PB70ZXwDT4uI72DSNCviwcmhH5P/n/nTly9wSwG702pScoaKrEpSViLCynTMMy7QqSKs6YJLCqYWHHBi8BrBOSkk7MXG77d+f+73534l7MawNCGSSFiLb8k98TPCEn8oRcqSbi1go00x5qzkGUXYfH9vhrpQgXf+D6wWfj57/P1qOHNgcQTuddKEXR/9Xa5ub/TtHTzBskrJSE41O3VRCetA2oFax+vb5exj83HQBFLJPAkr2yHWR1MUBao0BYFm07MUHh0fnIVWF0VWZyhqqtL7PTs5COw83PuZrNn0LO33T9p5uoN7Vmeof6iPBLeWVOQStnDGmXpNR05pR9Bc/ejOIJUKC16mkouH1W/FYWJZIQIAAA==[0mCloning the remote Git repository
[8mha:AAABWx+LCAAAAAAAAACFkc9KxDAQxsfqavGoN0FYEPWWVln/7kXtbr1ULwuC7Cnbjd1qN+kmqVQEn8eDvoxv4GkR8R1MmmZFPDih5MfMfDNf6MsXNASHrVExFIyiPCuSlAqEqUhjljGOThUFmi6ZJGBizgEnArdquMC5hO3I6L1a78303kyvGtsRLAyxxBJWolt8j70M08TrSZ7SpF1yWKtdxIwKlhEUmPv3ZihzZXjzf8Nq4eezy96ve1MH5vvQGCSV2dX+3+WqeqOrE3iCReWS4jHR7JR5wa0CaQWqFa9vV9OP9cfzypBy5kpY2mgF+mgKQ1+FJt/XbHKWWvuHu2ct2xeGts9QWEWh97t2su/beUHnZ7Jmk7O00z2q5+lM0LF9hrp7+kholJLwsYSDIGNUvabJSc5EKhl/aCapPFHfqBio/zA+5ji+EzmOiScI5vEIqdryN5TOt5w2AgAA[0mCloning repository git@github.com:rackspace/search.git
[8mha:AAABPR+LCAAAAAAAAACFjsFKw0AQhsdoNXjwoDdBEEQ9dRMlitJTTRsv0UtBkJ7WNsZIuht3NyUg+Dwe9GV8A09FxHdwJ5utiAdnDvsx+/8z/8sXtKSAvbtyLDkjRV6mGZOEMpmNeM4F6WoKkS65SsDUggNODG4tuKCFgv3Y+L3G78393tyvhZ0YlsZUUQXr8T2dUi+nLPUGSmQs7VQCNpsUI84kzxMSmvf3ZagKHXj3/8D64Oezy9+vBzMHFofQuknrsBvDv8f17y3+PsATLOuUjE4SZKcqSmEdBB2kcby+Xc0+th7P60A6matgZScIsZGiyNeF5PvIZmYpOD45PAusLoqszlBUV4n3XbvZ9+2+sPezGdnMLB30T5t9OAl7Vmeof4StoFWpREwUrKWZ2m63p4mQGWer3w64/sgNAgAA[0mgit --version
[8mha:AAABQR+LCAAAAAAAAACFjs9Kw0AQxsdoNHhUT4JQEPW2SST+oydNGy/RS0GQntY2xki6GzebEhB8Hg/6Mr6BpyLiO7iTzVbEgzOH/TH7fTPfyxfYpYDdu2pcckaKvEozVhLKymzEcy7IqaIQ6ZLLBHQtWGDF4DSCC1pI2Iu132397tzvzv1K2I1haUwllbAW39MpdXPKUncgRcbSbi1gs00x4qzkeUJC/f6+DHWhAu/8H1gd/Hx2+Pv1YGbB4hDsm7QJuz78e1z93uLvAzzBskrJ6CRBtuqiEsZB0EFax+vb1exj6/G8CaSSORJWtoMQGymKPFVInoesZ4aCw+P9s8DoosjoNEVNVXjfMZs9z+wLez+bkfXMkN8/affhJOwZnab+AbYEu5aJmEjYSDPZmSaizDjr+OSIBMRf/QbG5e/DEwIAAA==[0mgit version 1.7.4.1
[8mha:AAABTh+LCAAAAAAAAACFkMFKxDAQhsfqavGoN0EoiOutrVJF2ZN2t16qlwVB9hS72bbSJjVJl4Lg83jQl/ENPC0ivoNJ06yIByeHfkz+f+ZPX76gxxn0s3rKKXGrok5zwl1EeJ7QgjL3XFKo6JoKDLpWLLBisFvBFaoEHMTa73V+b+n3ln4pHMSwNkUCCdiK79EceQUiqTcWLCfpoGGw06VIKOG0wG6ov783Q1PJwPv/B5YLP59t+n47XliwOoHeXdqG3Z78XS5vZ+r2AZ5gXaYkqMSKraaqmXG4yuF2jte3m8XH7uNlG0gmswVs7AWhOoqiyJelyPcV656h4OT06CIwuigyOk1RW7Xab5vJvm/mhcOfyYp1z9Dh6Kybpzrh0Og0jY7VEdBrBGalgH6ERZLJ5zh1xQXDqHSSTD4Sc2fGaOlQlsu/u/kN8/xwbyUCAAA=[0mFetching upstream changes from origin
[8mha:AAABQB+LCAAAAAAAAACFkMFKxDAQhsfqavGoN0EQRL2lVaooe3KzWy/Vy4Ige4rdWKvdpCapFgSfx4O+jG/gaRHxHUyaZkU8ODn0Y/L/M3/68gUdKWD7uhpLzlBZVFnOJCJM5ikvuEDHmrChM64o2JrzwEvAbwSnpFSwk1h/0PqDmT+Y+bWwm8DCmCiiYCW5IfckKAjLgqESOcu6tYC1NkXKmeQFRdh+f2+GutSBt/4PrBd+Pvv8/WI49WB+BJ3LrAm7Ovq7XN9emds7eIJFnZKRCTXs1WUlnAMZB2odr2/n04/1x5MmkE7mK1jajLA5huI41GUoDA3bnqPo4HCvFzldHDudpbipyuz33eQwdPNw/2eyYdtztDs4aueZDu47naXBvjkKOrWiYqJ/BS4oYfo5Gw9c3MqSpHT5G/K1b/oSAgAA[0mCleaning workspace
[8mha:AAABQh+LCAAAAAAAAACFj8FKxDAQhsdqtXjUgyAIgqi3tkoVZU9rd+ulenBBkD3F3VhXu0lNUi0IPo8HfRnfwNMi4juYaZoV8eDkkI/J/8/8efkCVwrYui6HkjO/yMtsxKRPmBwNeM6F39YUI51yRcHUjANOCl4tOCGFgu3U+IPGH0z9wdSvha0U5oZEEQVL6Q25J0FOWBb0lBixrFUJWG1SDDiTPKd+bO7fm6EqdODN/wPrhZ/PHn+/6E0cmO2De5nVYZf7f5fr1yt8vYMnmNcpGRlTZKcqSmEdPjr8xvH6dj75WHs8rgPpZJ6ChY0oxoOUJKEupDBENj1L0f7B7lFkdUlidYaSukrc79nJYWjnxZ2fycimZ2mne9jMw07csTpD3T08CtxKUTFWsHJGJVVK/2f9gYtbvJWgdPEbxHseXBYCAAA=[0mResetting working tree
[8mha:AAABeR+LCAAAAAAAAACFkc1Og0AUha9otXGpOxMTEuPfBihQhHSltLhBFzZpYrqa8icGZhCGhsTE53GhL+MbuGqM8R2cgVJjXHhnwZc795x7Jrx8QafI4eiu9AuCpSwpoxgXEsJF7JGE5NI5I5vTNaEBNLUmgOBCtx64QhmFY7fRy0u9vNLLKz0bHLiw4SOKKOy492iO5AThSB7TPMbRoMphb5nCI7ggSSDZzff3ZqgyFvjw/8Bs4edzl7zfjhcCrE+hM4vqsLvTv8vZbchvH+AJNllKjNKAs1BlZd4qJK6QlorXt8niY//xsg7EknUpbB3oNj+cHEdhxUlRODe9lnTDVC/0ds5x2rmGnLpKvr/bOitK62cPf5w5N72WeiNr6cc79rCda2jU54dCp6JBnlKY2CRNA+yxB4mzMk58kYTiTTCPi5hgMdD00DJ8VQtUTVH7ShiaqtFD/pkxs3yzr5m+pXtnhi6ekDxmf0FOUcF8T7e/AThGQVZVAgAA[0mCommencing build of Revision e34f96d23e230250ff8261ad76b9d8538d94c764 (origin/master)
[8mha:AAABdB+LCAAAAAAAAACFkMtKw0AUho/RanCpO0EIiLdNkiZpmtCVpo2bqGBBkK6muTWaZmIyKQHB53GhL+MbuCoivoMzuSjiwjOLfJw5/3/+yfMndPIMDmaFl+NETOMijJJcREkeuTjGmXhCyWJ0gYkPda1wwDnAVwPnKCVw6NR6qdFL33rpW08HBw6seYggAlvOLVogKUZJKI1JFiXhoMxgp0nh4iTHsS9a9ff3ZihTGnj//8B04ccTj99uxksOVifQmYZV2O3J3+X0NmC39/AI6zRlguY+Y65Mi6xViEwhNoqX1+vl++7DWRWIJuMJbOxpFjuMbFumxUiWGde9ljTdUE61ds6227ma7KoKtp9vnWW59bOGP86M615L3ZHZ+LGONWznahr12CHQKYmfzQlcWjPfvaPPEXBBhCt/EeURTgRf1QJT9xTVV1RZ6clBYCh6F3l9fWp6Rk81PFNz+7omHOEsor9fmqOcGh5vfgGj628ZTgIAAA==[0mChecking out Revision e34f96d23e230250ff8261ad76b9d8538d94c764 (origin/master)
[8mha:AAABQB+LCAAAAAAAAACFkMFKxDAQhsfqavGoN0EQRL2lVaooe3KzWy/Vy4Ige4rdWKvdpCapFgSfx4O+jG/gaRHxHUyaZkU8ODn0Y/L/M3/68gUdKWD7uhpLzlBZVFnOJCJM5ikvuEDHmrChM64o2JrzwEvAbwSnpFSwk1h/0PqDmT+Y+bWwm8DCmCiiYCW5IfckKAjLgqESOcu6tYC1NkXKmeQFRdh+f2+GutSBt/4PrBd+Pvv8/WI49WB+BJ3LrAm7Ovq7XN9emds7eIJFnZKRCTXs1WUlnAMZB2odr2/n04/1x5MmkE7mK1jajLA5huI41GUoDA3bnqPo4HCvFzldHDudpbipyuz33eQwdPNw/2eyYdtztDs4aueZDu47naXBvjkKOrWiYqJ/BS4oYfo5Gw9c3MqSpHT5G/K1b/oSAgAA[0mCleaning workspace
[8mha:AAABQh+LCAAAAAAAAACFj8FKxDAQhsdqtXjUgyAIgqi3tkoVZU9rd+ulenBBkD3F3VhXu0lNUi0IPo8HfRnfwNMi4juYaZoV8eDkkI/J/8/8efkCVwrYui6HkjO/yMtsxKRPmBwNeM6F39YUI51yRcHUjANOCl4tOCGFgu3U+IPGH0z9wdSvha0U5oZEEQVL6Q25J0FOWBb0lBixrFUJWG1SDDiTPKd+bO7fm6EqdODN/wPrhZ/PHn+/6E0cmO2De5nVYZf7f5fr1yt8vYMnmNcpGRlTZKcqSmEdPjr8xvH6dj75WHs8rgPpZJ6ChY0oxoOUJKEupDBENj1L0f7B7lFkdUlidYaSukrc79nJYWjnxZ2fycimZ2mne9jMw07csTpD3T08CtxKUTFWsHJGJVVK/2f9gYtbvJWgdPEbxHseXBYCAAA=[0mResetting working tree
[8mha:AAABPR+LCAAAAAAAAACFj8FKxDAQhsdqtQhe9CYIgqi3tEoVZU/a3Xrp6sKCIHuKu7WudJOapFIQfB4P+jK+gadFxHcw0zQr4sHJIR+T/5/58/IFrhSwc1uOJGekyMtszCShTI6HPOeCnGiKkM65SsHUnANOAl4t6NJCwW5i/H7j92d+f+bXwlYCCyOqqILV5I4+UD+nLPP7SoxZ1qoErDcphpxJnqckMvfvzVAVOvD2/4H1ws9nj79f9acOzA/Avc7qsGuDv8v16w2+3sMTLOqUjE5SZKcqSmEdBB2kcby+XU4/Nh7P6kA6madgaSuM8CDFcaALKQiQTc9SeHi0fxpaXRxbnaG4rhL3e3ZyENh5UftnMrLpWdrrHDfzsBO1rc5Q5wCPArdSqZgoWOlRIfVvNnsXXbn8DbkHMrQMAgAA[0mParsing POMs
[8mha:AAACEx+LCAAAAAAAAACdUl2L1DAUzY6ODj7qmyAU/Hpq0na6w+wuPux2pyJMF2FAVwaRTCd222mTbpJ2i4K/xwfF/+I/8GkR8T+YNO2oCAomDz25ueeec9P74TsYCg4enFVrwSgs8ypJqYCYijRmOePwUKFAoxMmCTBrZwAGczBqEyJcSvBwbvio46MtH235KvFgDq6uscQS3JxnuMYoxzRBC8lTmhw0HNzuXMSMCpYTGJjv78qgKZXh+/82rAS/vR+xLy8WlwNwZQmGq6Q1e2v5p7i6fa1vz8E7cE25pLggGg+asuI9A2oG7BgfPz+7/Hrn7ePWkHI2kuD6XT/QW6MwdNTSyHE0NrEe+ZOpd+T3eWHY5xkUtqvS+qO+suP09YLjn5U1NrEeubO9rp6OBMd9nkGzXb0lGDaS8ELufFpeML4RJY7JS+uehQSvkWQsFyhbb1w4gc6r8RStUop0/5Z9WgjX8fxCo8Zz/KlGp/sRbp6qeov0DXnk7U4iy45LC9WYozxdoYzQjZ6JfjYKXBNqmxN6Pjuyn5yEbWJ7MbZxQqi0XejBDPN9VAlVhsU4R1j5PCO24Y+hA320YkyqwqSphB3nWAjVT74Wtgd9zbYYT2BWUyJhNy9GA7YaMGoPEU6p9VcZ00usw9tuLlTkV/OcFEyqwVDSXuv8/x8gpervxKSUjPfPYPkTd7J34we2Pxo6rgMAAA==[0m[workspace] $ /srv/tools/jdk1.6.0_38/bin/java -Xms1024m -Xmx2048m -XX:MaxPermSize=256M -cp /var/lib/jenkins/plugins/maven-plugin/WEB-INF/lib/maven3-agent-1.2.jar:/usr/local/apache-maven-3.0.4/boot/plexus-classworlds-2.4.jar org.jvnet.hudson.maven3.agent.Maven3Main /usr/local/apache-maven-3.0.4 /var/cache/jenkins/war/WEB-INF/lib/remoting-2.22.jar /var/lib/jenkins/plugins/maven-plugin/WEB-INF/lib/maven3-interceptor-1.2.jar 46169
[8mha:AAABZR+LCAAAAAAAAACFjsFKw0AQhsdoNXjUmyAURL0lUapYaoWaJqWaRrFFKMXD2sa0Jd2NyUYCgvg4HvQdfAbfwFMR8R3czWYr4sGdw37M/P/M//wFhTiCrWEyiAnWwiDxRzjWEI5HfRKQSKsxMjm5hHog3pwCigNqJmihkMK2I/x67tdnfn3mZ8KKAwsDRBGFFWeM7pAeIOzrbRqNsF9JI1jLU/QJjkngaab4f1+GNGSBN/8PzA5+PqnkvdueKjDfg8K1n4Vd7f09zqY3fHoLD7DIUmI08TgraZhE0qFxh5Y7Xt4upx/r940sEEumUljaKJm8ONm2wR4nw+AsepJK+we7xyWps22pE2RnL+H3VbnZMOQ+s/6zmbPoSdqxyvk+3jHrUifI2uNFoZBSL5pQKB9Wq9XeieWeNt128cJqnXWabqNo1s5rZrPTvWLTo9dHXv0hwtgLijFFEfUGy9+ipMKpOAIAAA==[0m<===[JENKINS REMOTING CAPACITY]===>   channel started
[8mha:AAABfx+LCAAAAAAAAACFkc1Kw0AUha/RanCpO0EIiH+bSZQqaldt2riJXVhQpKtpMk0ryUycmZSA4PO40JfxDVwVEd/BmaZTERfOQPJx55x7D9yXL6gJDnujIhaMojwtkjEVCFMxjljKOGoq8jV1mSRQnSULrBDsmeAK5xL2w8rvzv3uwu8u/ErYCGElxhJL2Ajv8QS7KaaJ25N8TJNGyWFrniJiVLCUIL/6/54MZa4C7/4fWA38fLbZ+11vasFyH2qDZBZ2s/93uHod6tcHeIJVlZLijGi2yrzgxoG0A80dr28304/tx8tZIJXMlrC2U/f11RQEnjqaPE9zVTNUPz07btWNLgiMrqJgdgo93zadPc/089s/nTVXNUNHnfN5P13x20ZXUedEXwm1UhKeSaApS+r3F7fN667TZQ7Oc0JjwoUTsSKNnQFxhqygsfpyR0kTwp0DxhOEcxyNiNpTlqkVoQHBtJDjVOjNTQhXzQVqMbU6TH1TOUTr35yMoNltAgAA[0mlog4j:WARN No appenders could be found for logger (org.apache.commons.beanutils.converters.BooleanConverter).
[8mha:AAABWx+LCAAAAAAAAACFjsFKw0AQhsdqNXjUmyAERL0lUaJUe6pp4yUWsaBIT2u7pinb3bi7kVTB5/GgL+MbeCoivoO7SbYiHpw57Mfs/8/8L19QFxx2RtlQMOqkJIsTKhxERTJghHGnpSjQ1GUSQ1kLNahFYBWCM5RK2I1Kv1v53bnfnfuVsBnB0hBJJGEtGqN75BJEY7cneULjZs5ho0oxYFQwgp2gfH9fhjxVgbf/D6wOfj5b7P26N6vBYh/qN3ERdr3/97j6vdW/d/AEyyolRROsuZanGTcORzucyvH6djn72Hw8LQKpZJaElS0/0K0pDD1VmjxPczkz5B829k98owtDoyspLCrT9y2z2fPMvqD9s1lzOTO01zmq9ulJ0Da6kjoHuiXUc4n5REKDsNgfH1+1Lrr2OcFIYDuhiUwQSR6wLUfYLgS2mAqJJ3bKWYo5mTqr37TuDLo3AgAA[0mlog4j:WARN Please initialize the log4j system properly.
[8mha:AAABux+LCAAAAAAAAACFUU1v00AQXVJCI47lhoRkCZWe7DUoIGjVA3XiXlKESFUJ9TR2Jo6T9a67H8ESEr+nh/a3VOIfcKqqiv/AbjZOhTgwe9i3M++9eZavfpOukuTVzEyU4FHNTFFyFQFXZS6YkNFHixKHPgmNxNejDumMSG9FOIFak72R19O1nm70dKO3xIMReTwBDZrsjOawBMqAF3SsZcmLg0aS5+sUueBKMIwSf/+9mTS1Dbz7/8B24f1lT/z6Or7tkK1z0s2KVdhn5/8ut9Opm16QH+SJTcmhQoc7TW1kq4icIlorrn+e3d69+H68CmST9TTZftlP3HEoTWNbDsWxw77Xov6792+O+i0vTVueR+mqjNvfa53juPVLBg/ODvtei14PP6z9XCcZtDyPhm/d0aTbaJSVJjfDBnOj7fcEJ7BEvh8E4VEQTgO6BElZmdE58oX7oXORKXo6RpD57DPKqZDVF2QICuk3IReqhhxpLaqoqVgg/WQ/txffvGqJNUh8eHubIBz4CehS8GMBTB16ofVcQIGWAEaLM5TKEsYmq8TEMFSHWho7DDPQ+Sy0TXz6B+348+jOAgAA[0mExecuting Maven:  -B -f /var/lib/jenkins/jobs/TSearchPerformRelease/workspace/pom.xml release:clean release:prepare release:perform -DpreparationGoals=clean package -DautoVersionSubmodules=true --batch-mode
[8mha:AAABwh+LCAAAAAAAAACFjs9u00AQxodAIOqxvVEhISHgEMl2i1O5VD04jh21dU2CRd1gcdgkztrB/2KvE5NKfRhOHNqX4Q04VVXFO3Q3zhYhDswc9qfZ+eb7rn5DPc/gjV+M8yQW0rDAQZwLKM6DURImmaBS0hhZCfGgqkc1qJnQWC2copTAW7PSi2u9+KAXH/R08cCEJ2NEEIFNc4rmSAxRjEWbZEGMD8oMnq9TjJI4T0JP0Kr3b2coUxr49f8DU8O7H43k18C+qcFjF+pDvAq75f5rTn8n7HcGl/CUpoxR5DGulWmRcYXAFMJacf3z7Ob2xUV3FYgmaxB49krWWDMyDIkWI0liXM04yXvKblvme4bB9yoyVlUw/wa/LEn8ntb5c5lxNeO0o++v77GJ1uF7Fekt1gTqJfGyiMD3bVeJfPRepTUom6am8moPlRZqk2Fw1LedqXXySe5JzfmxqcvFDp73pl5pds56y3Ks+8HIaTnnUTqZh+GevTuxwm+tybK7RMWg28azwA++JsbMVsQPJ8o7y97/vPAtHfvqor/Aft9RVW1Rqs3zAWa+h4fbrhS5jvrROrK6X15u3AO+uIUaoQIAAA==[0m[8mha:AAAAYx+LCAAAAAAAAABb85aBtbiIQSWjNKU4P0+vJLE4u1gvPjexLDVPzxdEhicW5WXmpfvll6S2fNly5fzGzauYGBgqihikoFqS8/OK83NS9ZwhNEghAwQwghQWAACwxA+XYgAAAA==[0m[WARNING] 
[8mha:AAAB8h+LCAAAAAAAAACFkc1u00AQx5dAIOIINyokSwg4RLLd4lRpqx4cx45KjUmwqBssDmt7/RFsr2OvPwgSz8MBXoY34EKFEO/AbhwXIQ7MHvanmfnP/Ff7+RfoFzl4EpZegVM+i8sgSgsepkXk4hjnvExJYWRggkAbN3qgp4PBtuEFzAh4qrd6YacXrvXCtZ42nujglgcJJOCevoIVFGKYBoJJ8igNTpocPNi5cHFa4BjxSnv/vRk0GTX8+P+G6cKfnwb429K86oGbNug7wdbsffvf5bTqs+oafAS3qcsUJohxr8nKvFPwTMHvFF++Xlz9ePhhtjVEnQ0IuPNIUthhpGkiDUaiyLjNdSQdjg8mUtenaV1fS9o2SrZ/0E0WxW6eMv0zmXGb62hfPdrNYxll2vW1pI7YIaDfEJQnBHzfs8dJCI9lGstmqCtyFxNnPIIT4kRnC9NaGeevpbk4rJ7rqlTuB9V8hRp9ejHfNJ4aRq41si6TzK/i+NA88I34/cjfzDawXM4mwToKo3dYW5tj4eX5+JlhHr2pQ0MNQrle1EG4sGRZqRt5eLkM2N7T0z1bTGxLfmWcGbO3nIkTxGU5dmKUFFyNcsSh1MVlSh+APK4OoxhxThnFHv0UjoS07PvIJVGFuAIRQrPF3d+nv8kg5QIAAA==[0m[8mha:AAAAYx+LCAAAAAAAAABb85aBtbiIQSWjNKU4P0+vJLE4u1gvPjexLDVPzxdEhicW5WXmpfvll6S2fNly5fzGzauYGBgqihikoFqS8/OK83NS9ZwhNEghAwQwghQWAACwxA+XYgAAAA==[0m[WARNING] Some problems were encountered while building the effective settings
[8mha:AAACAR+LCAAAAAAAAACFkk+Pk0AYxsdqtfGoNzcmJEZ7aAJspZuum02kFJp1EdslLluJhykMf7owUGZo2Zr4eTzol/EbeNoY49mrDJQ1xoPvHPjlnfd5nycZPv8EbZKBZ0HukgTzaZT7ISY8xCR0kijJeLkkhZGRUATqutUCLR10qoHXMKWgq9d6YacXbvTCjb4cPNLBHRdSSMEDfQnXUIgg9gWTZiH2j4oMPNqlcBJMkgjxSv392xkUaRn46f8Dl4Y/PnWSb3PzugVu26C98KuwD+1/zctbj92uwEdwt0yJYYwYt4o0zxoFzxT8TvHl6/n198cfJlWgMlmHgntPJIUdRpomlsVIFBnXvYakg2F/JDVzmtbM1aRVlTP/TrNZFJt9yvjPZsZ1r6F99XC3j3WUcTNXkzpgh4J2QVEWU/Brzx7GAXwhlzUveroiNzVaDAdwRBfhycy0lsbpW2kq9tavdFXK9/31dIkKfXw+3RauGoSONbAu4tRbR9GB2feM6GrgbSdbmM8nI38VBuFloq3MofDmdPjcMA/fbQJD9QN5M9v4wcySZWVTyL2Luc98j4/3bDG2LfnMODEm77luTtC0euMz5IeEZlddLiSci9IMOZAil4PY5QJIOJxwyPOQQ3nuJScESYyEJcKX7G/k475AEKXluxG+iKP7vwE66aOC9gIAAA==[0m[8mha:AAAAYx+LCAAAAAAAAABb85aBtbiIQSWjNKU4P0+vJLE4u1gvPjexLDVPzxdEhicW5WXmpfvll6S2fNly5fzGzauYGBgqihikoFqS8/OK83NS9ZwhNEghAwQwghQWAACwxA+XYgAAAA==[0m[WARNING] 'usePluginRegistry' is deprecated and has no effect. @ /home/jenkins/.m2/settings.xml
[8mha:AAABwh+LCAAAAAAAAACFjs9u00AQxodAIOqxvVEhISHgEMl2i1O5VD04jh21dU2CRd1gcdgkztrB/2KvE5NKfRhOHNqX4Q04VVXFO3Q3zhYhDswc9qfZ+eb7rn5DPc/gjV+M8yQW0rDAQZwLKM6DURImmaBS0hhZCfGgqkc1qJnQWC2copTAW7PSi2u9+KAXH/R08cCEJ2NEEIFNc4rmSAxRjEWbZEGMD8oMnq9TjJI4T0JP0Kr3b2coUxr49f8DU8O7H43k18C+qcFjF+pDvAq75f5rTn8n7HcGl/CUpoxR5DGulWmRcYXAFMJacf3z7Ob2xUV3FYgmaxB49krWWDMyDIkWI0liXM04yXvKblvme4bB9yoyVlUw/wa/LEn8ntb5c5lxNeO0o++v77GJ1uF7Fekt1gTqJfGyiMD3bVeJfPRepTUom6am8moPlRZqk2Fw1LedqXXySe5JzfmxqcvFDp73pl5pds56y3Ks+8HIaTnnUTqZh+GevTuxwm+tybK7RMWg28azwA++JsbMVsQPJ8o7y97/vPAtHfvqor/Aft9RVW1Rqs3zAWa+h4fbrhS5jvrROrK6X15u3AO+uIUaoQIAAA==[0m[8mha:AAAAYx+LCAAAAAAAAABb85aBtbiIQSWjNKU4P0+vJLE4u1gvPjexLDVPzxdEhicW5WXmpfvll6S2fNly5fzGzauYGBgqihikoFqS8/OK83NS9ZwhNEghAwQwghQWAACwxA+XYgAAAA==[0m[WARNING] 
[8mha:AAABSx+LCAAAAAAAAACFj8FKxDAQhsdqtXjUmyAURL2lVaooe9LuVoS6HgqCFA+x261duklNUykIPo8HfRnfwNMi4juYNM2KeHByyMfk/2f+vHyBWTHYuatHFSWoLOosJxXCpMoTWlCGTgT5koaUp6BqwQAjBKsVXOCSw26o/E7nd+Z+Z+4Xwl4ISyPMMYe1cIIfsFNgkjkRZznJeg2DjS5FQklFixT56v69GZpSBN7+P7BY+Pls0ffraGbAYgzmbdaGXY//LhevY/l6D0+wLFISPE0lG01ZM+1A0oE6x+vb1exj8/GsDSSSWRxWtjxfHklB4IqS5LqSVU+Td3i0f+ppXRBonaKgrVrut/Rk19Xz/P7PZMmqp2lvcNzNkx2/r3WKBgfycDAbnrIpBzs+HwaXN3aUYELEr+wxZXbJ6CRNeIUQWv0GRZF5QB8CAAA=[0m[INFO] Scanning for projects...
[8mha:AAABPh+LCAAAAAAAAABb85aBtbiIQS2jNKU4P0+vIKc0PTOvWC8xrzgzOT8nv0jPEchyBrH88ktSGSCAkYmByYeBA6zAN7GghEHdB6JfH6pfH65fH64fqNDah4ElJbEksYRByCcrsSxRPycxL10/uKQoMy/duqKIQQrqiuT8vOL8nFQ9ZwiNajNDRQHQwaqEHQy08PUKjvyHkcHPmRiYoxlYk9LBjhWOxrQcKJsGki1kqGNgA7oyLzE3FcRmqigoLYLp0APp0IPqWHsp7PlL2Wp3sIOALuMoYWBXNnEGQRDLzc0ACEAsAwMQGyIGY5mYWRg5mcDUubnB1EFYbmBQCrKfA2aygQHMPGcXhMkgNkQMxjJ0tYSaBxJxdoGpg7BcTUGwhIG1oiS1KLeEISDa08/NP1ZBl0qACwBzBPd0TwIAAA==[0m[INFO] ------------------------------------------------------------------------
[8mha:AAABSh+LCAAAAAAAAACFjsFKxDAQhsdqtXjUmygURL21Vaqoe3K7WxHqLrggSPEQ21or3aSbplIQfB4P+jK+gadFxHcwaZoV8eDMIR+T/5/5X75ALyls31VxSbBV5FWa4dJCuMwikhNqnXDyBA0IS0DWnAZaAEYjOEcFg51A+u3Wb8/89szPhZ0AFmLEEIOV4B49IDtHOLVHjGY47dQU1toUEcElyRPLk+/vy1AXPPDW/4H5wc9ng7xfjaYazIeg36RN2NXw73H+eyt+J/AEizwlRuNEsFYXFVUOSzis1vH6djn92Hg8bQLxZAaDpU3XEy3I9x1eghxHsJwpcg8O97qu0vm+0knym6rEfUNtdhy1z+v9bBYsZ4p2+0ftPjHxekonqb8vmoFes4SOGayHZwN/eG1eJChihJrdKstjc0jjhB4vfwMwchkuGwIAAA==[0m[INFO] Reactor Build Order:
[8mha:AAABOR+LCAAAAAAAAACFjsFKxDAQhsdqtXjUmyAIot7SKlWUPbndrQh1PSwIUjzE3Vor3aSmqRQEn8eDvoxv4GkR8R3MNM2KeHDmkI/J/8/8L19glwK2b6txyRkp8irNWEkoK7MRz7kgx4oCpAGXCeias8CKwGkEZ7SQsBNpv9v63ZnfnfmVsBPBwphKKmEluqMP1M0pS92hFBlLO7WAtTbFiLOS5wkJ9Pv7MtSFCrz1f2B18PPZ4e+Xw6kF8zHY12kTdjX+e1z93uDvPTzBokrJ6CRBtuqiEsZB0EFax+vbxfRj/fGkCaSSORKWNv0AGykMPVVInoesZ4b8g8O9rm90YWh0msKmKrzvmM2eZ/YFvZ/NyHpmaLd/1O7DSdAzOk39fWwJdi0TMZHgxKeD8PxqY/kbaqkK+wcCAAA=[0m[INFO] 
[8mha:AAABQx+LCAAAAAAAAACFkcFKxDAQhsdqtXjUmyAsiHpLq1RR9qTdrQjdXaEgSPEQu7Vb6SY1TaUg+Dwe9GV8A0+LiO9g0jQr4sHJIR+T/5/5IS9fYJYMdibVuKQEFXmVZqREmJRZTHPK0IkgT9KQ8gRULRhgBGA1ggEuOOwGym+3fnvut+d+IewGsDTGHHNYC+7wA7ZzTFI75CwjabdmsNGmiCkpaZ4gT92/N0NdiMDb/wcWCz+fLfp+Fc4MWIzAvEmbsOvR3+Xi9Va+3sMTLIuUBE8TyUZdVEw7kHSg1vH6djn72Hw8awKJZBaHlS3Xk0eS7zuiJDmOZNXT5B4e7Z+6Wuf7WqfIb6qS+y092XH0PK/3M1my6mna6x+382TH62mdov6BPBzMmidsKr4hOh/6o+tOmGAWTzoXo8HqNzBcB+8RAgAA[0m[INFO] Search POM
[8mha:AAABPx+LCAAAAAAAAACFjsFKxDAQhsdqtXjwoDdBEES9tVWqKHvS7kaEuh4WBCkeYrd2K92km6RSEHweD/oyvoGnRcR3MGmaFfHgzCEfk/+f+V++wOYMdkbVkFPilkWV5YS7mPA8oQVl7omkUFGfihR0zVlgReA0ggtcCtiNtN9r/d7M7838UtiJYGGIBRawGt3jB+wVmGTeQLCcZJ2awXqbIqGE0yJ1Q/3+vgx1KQNv/x9YHvx8duj79WBqwXwM9m3WhF2L/x6Xv3fqdwJPsChTEjxOFVt1WTHjcJXDbR2vb1fTj43HsyaQTOYIWNoKQtWKEPJlKfJ9xXpmKDg82j8NjA4ho9OEmqrUfcds9n2zL+z+bFasZ4b2esftPjUJu0anqXegWoBdi5SNBazE5310ebPJU8yS0fI37JiB0g0CAAA=[0m[INFO] search
[8mha:AAABQB+LCAAAAAAAAACFjsFKxDAQhsdqtXgSvQmCIOqtrVJF2ZN2NyLU9bAgSPGQ7dZa6SbdNJGC4PN40JfxDTwtIr6DSdOsiAdnDvmY/P/M//IFdsVg506MKkrcshBZTioXkypPaEGZeyIpVNSnPAVdcxZYETiN4AKXHHYj7fdavzfzezO/FHYiWBhhjjmsRvf4AXsFJpk34CwnWadmsN6mSCipaJG6oX5/X4a6lIG3/w8sD34+O/T9ejC1YD4Ge5g1Ydfiv8fl7636ncATLMqUBI9TxVZdCmYcrnK4reP17Wr6sfF41gSSyRwOS1tBqFoRQr4sRb6vWM8MBYdH+6eB0SFkdJpQU0Ldd8xm3zf7wu7PZsV6Zmivd9zuU5Owa3SaegeqOdg1T9mYw0p83keXN5uJSMR4mLLlb7p0iC8PAgAA[0m[INFO] cucumber
[8mha:AAABPR+LCAAAAAAAAABb85aBtbiIQS2jNKU4P0+vIKc0PTOvWC8xrzgzOT8nv0jPEchyBrH88ktSGSCAkYmByYeBA6zAN7GghEHdB6JfH6pfH65fH64fqNDah4ElJbEksYRByCcrsSxRPycxL10/uKQoMy/duqKIQQrqiuT8vOL8nFQ9ZwiNajNDRQHQwaqEHQy08PUKjvyHkcHPmRiYoxlYk9LBjhWOxrQcKJsGki1kqGNgA7oyLzE3FcRmqigoLYLp0APp0IPqWHsp7PlL2Wp3sIOALuMoYWBXNnEGQRDLzc0ACEAsAwMQGyIGY5mYWRg5mcDUubnB1EFYbmBQCrKfA2aygQHMPGcXhMkgNkQMxjJ0tYSaBxJxdoGpg7BcTUGwhIG1oiS1KLeEISDa08/NP1aBWoALADftnitPAgAA[0m[INFO]                                                                         
[8mha:AAABPh+LCAAAAAAAAABb85aBtbiIQS2jNKU4P0+vIKc0PTOvWC8xrzgzOT8nv0jPEchyBrH88ktSGSCAkYmByYeBA6zAN7GghEHdB6JfH6pfH65fH64fqNDah4ElJbEksYRByCcrsSxRPycxL10/uKQoMy/duqKIQQrqiuT8vOL8nFQ9ZwiNajNDRQHQwaqEHQy08PUKjvyHkcHPmRiYoxlYk9LBjhWOxrQcKJsGki1kqGNgA7oyLzE3FcRmqigoLYLp0APp0IPqWHsp7PlL2Wp3sIOALuMoYWBXNnEGQRDLzc0ACEAsAwMQGyIGY5mYWRg5mcDUubnB1EFYbmBQCrKfA2aygQHMPGcXhMkgNkQMxjJ0tYSaBxJxdoGpg7BcTUGwhIG1oiS1KLeEISDa08/NP1ZBl0qACwBzBPd0TwIAAA==[0m[INFO] ------------------------------------------------------------------------
[8mha:AAABXB+LCAAAAAAAAACFj81Kw0AUha/RanCpO0EIiLpyMpX6R1dt2qiQ/kBEkCIybWMaSSdxMpGA4PO40JfxDVwVEd/BmSRTERfeWczHnXPuPfPyBZWEwc4kHScRRXGY+gFNEKFJMIrCiKGGIEtSN+IeFLWggeaAngs6JOaw6xR+s/Sbc7859wth3YGlMeGEw5pzRx6IGRLqmy5nAfXrGYONMsUookkUesgq7t+bIYtF4O3/A4uFn8969H7lzjRYHEBl6Odh1wd/l4vXW/l6D0+wLFJSMvUka1mcMuVA0oFKx+vb5exj8/E0DySS6RxWtmqWPJJsG4uShLHkoqeodni836wpnW0rXUF2Xqncr6vJGKt5VutnsuSip6jaPinnyY7VUrqC2gfycKhk3GNTDmhw3rV710YzDcKx+JXheoSNJka/1zEwqiJ8M6we7bndRt89612sfgMKbUUKLQIAAA==[0m[INFO] Building Search POM 0.1.0_b17-SNAPSHOT
[8mha:AAABPh+LCAAAAAAAAABb85aBtbiIQS2jNKU4P0+vIKc0PTOvWC8xrzgzOT8nv0jPEchyBrH88ktSGSCAkYmByYeBA6zAN7GghEHdB6JfH6pfH65fH64fqNDah4ElJbEksYRByCcrsSxRPycxL10/uKQoMy/duqKIQQrqiuT8vOL8nFQ9ZwiNajNDRQHQwaqEHQy08PUKjvyHkcHPmRiYoxlYk9LBjhWOxrQcKJsGki1kqGNgA7oyLzE3FcRmqigoLYLp0APp0IPqWHsp7PlL2Wp3sIOALuMoYWBXNnEGQRDLzc0ACEAsAwMQGyIGY5mYWRg5mcDUubnB1EFYbmBQCrKfA2aygQHMPGcXhMkgNkQMxjJ0tYSaBxJxdoGpg7BcTUGwhIG1oiS1KLeEISDa08/NP1ZBl0qACwBzBPd0TwIAAA==[0m[INFO] ------------------------------------------------------------------------
[8mha:AAABOR+LCAAAAAAAAACFjsFKxDAQhsdqtXjUmyAIot7SKlWUPbndrQh1PSwIUjzE3Vor3aSmqRQEn8eDvoxv4GkR8R3MNM2KeHDmkI/J/8/8L19glwK2b6txyRkp8irNWEkoK7MRz7kgx4oCpAGXCeias8CKwGkEZ7SQsBNpv9v63ZnfnfmVsBPBwphKKmEluqMP1M0pS92hFBlLO7WAtTbFiLOS5wkJ9Pv7MtSFCrz1f2B18PPZ4e+Xw6kF8zHY12kTdjX+e1z93uDvPTzBokrJ6CRBtuqiEsZB0EFax+vbxfRj/fGkCaSSORKWNv0AGykMPVVInoesZ4b8g8O9rm90YWh0msKmKrzvmM2eZ/YFvZ/NyHpmaLd/1O7DSdAzOk39fWwJdi0TMZHgxKeD8PxqY/kbaqkK+wcCAAA=[0m[INFO] 
[8mha:AAAB6x+LCAAAAAAAAACFkV2L00AUhsdqtXipdy5CQPyi5KM1dWOXBZtpE7ob2yzVYDd4MU2naWK+TCYhVfD3eKF/xh8geLWI+B+cSZoV8cIzF/Nw5rznfWE+/wLtLAUPtvk6iyMhCXLXizIBRZnnxEGcCiNKkNEsJhjUdaUFWgboVAMvUELAQ6PWi3u9eKkXL/V08MgA19aIIAJuGT4qkBigyBUXJPUi96hMwZ19CieOsjjAAqzvv51BmdDA9/8fmBr+/NSJvy8XFy1w1QbtlVuFvW3/a05fN+z1HfgIrtOUEQox41aZ5GmjEJhC2Cu+fLUuftz9oFeBaLIOATfuyZAdRpom0WIkSYzrXkPyU6Wvys2cpjVzNWlV5cy/02yWpGYfHP/ZzLjuNdSbPNvvYx04buZqmgzYIaBdEpyGBHyzpzNt/oY7sJVwi4YjWku1a8BRU+pKGSCVrLzp2SL0Z6evZFPqFifGRM57bmH6uDTGlvm+XE/0ogjPu68PB+f4rRHMrU3x0ncUzTxxke55U/0UefrA3ClysXOscS+Co95iRw18CDX1DFr9w7m/rDyPjw9sKeR5ngtRgSM+xQFGGebrrx72hSdCf+jQXsQ9WuMNygPCO4H3mHvOZRilzpZP4pCj+pu/AQY3IhfdAgAA[0m[INFO] [8mha:AAAAYB+LCAAAAAAAAABb85aBtbiIQSmjNKU4P0+vJLE4u1gvPjexLDVPzxdEGvvmZ+X75ZekLlOVfvTjc8FPJgaGiiIGKaiG5Py84vycVD1nCA1SyAABjCCFBQCV27OjYAAAAA==[0m--- maven-release-plugin:2.3.2:clean (default-cli) @ search-pom ---
[8mha:AAABTR+LCAAAAAAAAACFj89KxDAQxsdqtXjUmyAU/HdLq1RR9qTdrQh1PSwIUjzE3WytdJOaplIQfB4P+jK+gadFxHcwaZoV8eDk0B8z3zfz9eUL7JLD9m01KhlFRV6lGS0RpmU2ZDnj6FhSqKjPBAFdcxZYMTiN4BwXAnZi7fdavzfzezO/FHZiWBhhgQWsxHf4AXs5pqk3EDyjaafmsNamGDJaspygUH9/X4a6kIG3/g8sD34+O+z9ajC1YD4B+yZtwq4mf4/L6VhN7+EJFmVKiidEsVUXFTcOpByodby+XU4/1h9Pm0AymSNgaSMI1VMURb4sRb6vWPcMBQeHeyeB0UWR0WmKmqrUfcds9n2zL+z+bFase4Z2e0ftPtUJu0anqbevngC7FoRPBGwmZ/3o4toNc4Kp/Cu3Klw8ljOXE9kqCUJo+RswmriDIwIAAA==[0m[INFO] Cleaning up after release...
[8mha:AAABOR+LCAAAAAAAAACFjsFKxDAQhsdqtXjUmyAIot7SKlWUPbndrQh1PSwIUjzE3Vor3aSmqRQEn8eDvoxv4GkR8R3MNM2KeHDmkI/J/8/8L19glwK2b6txyRkp8irNWEkoK7MRz7kgx4oCpAGXCeias8CKwGkEZ7SQsBNpv9v63ZnfnfmVsBPBwphKKmEluqMP1M0pS92hFBlLO7WAtTbFiLOS5wkJ9Pv7MtSFCrz1f2B18PPZ4e+Xw6kF8zHY12kTdjX+e1z93uDvPTzBokrJ6CRBtuqiEsZB0EFax+vbxfRj/fGkCaSSORKWNv0AGykMPVVInoesZ4b8g8O9rm90YWh0msKmKrzvmM2eZ/YFvZ/NyHpmaLd/1O7DSdAzOk39fWwJdi0TMZHgxKeD8PxqY/kbaqkK+wcCAAA=[0m[INFO] 
[8mha:AAAB7B+LCAAAAAAAAACFkV2L00AUhsdqtXipdy5CQPyi5KM1dWOXBZtpE7ob2yzVYDd4MU2naWK+TCYhVfD3eKF/xl+gV4uI/8GZpFkRLzxzMQ9nznveF+bzL9DOUvBgm6+zOBKSIHe9KBNQlHlOHMSpMKIEGc1igkFdV1qgZYBONfACJQQ8NGq9uNeLl3rxUk8HjwxwbY0IIuCW4aMCiQGKXHFBUi9yj8oU3NmncOIoiwMswPr+2xmUCQ18//+BqeHPT534+3Jx0QJXbdBeuVXY2/a/5vR1w17fgY/gOk0ZoRAzbpVJnjYKgSmEveLLV+vix90PehWIJusQcOOeDNlhpGkSLUaSxLjuNSQ/Vfqq3MxpWjNXk1ZVzvw7zWZJavbB8Z/NjOteQ73Js/0+1oHjZq6myYAdAtolwWlIwDd7OtPmb7gDWwm3aDiitVS7Bhw1pa6UAVLJypueLUJ/dvpKNqVucWJM5LznFqaPS2Nsme/L9UQvivC8+/pwcI7fGsHc2hQvfUfRzBMX6Z431U+Rpw/MnSIXO8ca9yI46i121MCHUFPPoNU/nPvLyvP4+MCWQp7nuRAVOOJTHGCUYb7+6mFfeCL0h0mKE5Ri7tEab1AeEN4JvMfccy7DKHW2fBKHHN1w8zf9/YL/3wIAAA==[0m[INFO] [8mha:AAAAYB+LCAAAAAAAAABb85aBtbiIQSmjNKU4P0+vJLE4u1gvPjexLDVPzxdEGvvmZ+X75ZekLlOVfvTjc8FPJgaGiiIGKaiG5Py84vycVD1nCA1SyAABjCCFBQCV27OjYAAAAA==[0m--- maven-release-plugin:2.3.2:prepare (default-cli) @ search-pom ---
[8mha:AAABXx+LCAAAAAAAAACFkUFLwzAUx5/VafGoN0EoiHpLq0xRd9JuFaHOw2Agw0Psui7SJV2aSkXw83jQL+M38DRE/A4mTTMRD77Q5MfL+7/3D335gkbOYWdcDHNGUZYWCaE5wjQnEUsZR6eSfEVdJmLQsWCBFYJdFVziTMBuqPVurXfneneul4WtEJaGWGABa+Edvsduimni9gQnNGmVHDZqFxGjOUtj5Ovz92QoM2l4+3/DcuDns83er3szCxYH0LhNKrPrg7/D5e1I3U7hCZalS4onsWKrzApuFEgpUK14fevPPjYfzytD0pktYGWr6aulKAg8GYo8T7HOGWoeHu2fNU1dEJg6TUEVhZpvm86eZ/r57Z/OinXO0F7nuO6nMn7b1GnqHKgloFGKmE8EnAwuusHVjdOPORk9yGc5YoyF3GIeO1h+lDkpi3DqTNiQjEiEBZH/BCG0+g3saWM3OQIAAA==[0m[INFO] Verifying that there are no local modifications...
[8mha:AAABfx+LCAAAAAAAAACFT8FKw0AUfEarxaPeBCEgKpSyiVJF7cmmjQixHgqCFA/bdE2j6W7cbCQg+Bf+gwf9Gf/AUxHxH9xtsi3Bg28PO8zOzJt9+4FKwmFnlA4TRlEcpUFIE4RpEvosYhydSuQo1GWCQD4LBhgeVKeCCxwL2PVyv1X4rZnfmvmlsOnB0hALLGDNu8OP2IowDaye4CENmhmHjaKFz2jCIoKc/C5vhiyWhbf/LywXfr9W2ed1b2LAYh8qg2Badr3/d7l8vVWvD/AMy7IlxWOisJHFKdcOpByocLx/XE2+Np/OpoVks6qAla2Go45CrmvLUci2Fc45jRqHR/uthta5rtblyJ1OqvZXdbJt6zynPU9WOOc02uscF3mKcdpal6POgToCKpkgfCzgpX/edS9vTNMMA8rUv0x/JD9JEpPRE7NWs2I2Rtk4QgPs36dxXVGcRAQnBMWcxYSLkCT1kpJj6o9KFCWZKBFFRGseql8EDlZ/AXH/wPyUAgAA[0m[INFO]   ignoring changes on: **/pom.xml.backup, **/release.properties, **/pom.xml.branch, **/pom.xml.next, **/pom.xml.releaseBackup, **/pom.xml.tag
[8mha:AAABgh+LCAAAAAAAAACFkcFKw0AQhsdqNXjUmyAExHoyG6WK2pOmjQi1ihVBiodNuk3Tprtxd1MDgs/jQV/GN/BURHwHd5ukIh6cPeRj9v9n/rAvX1AWHCr9pCsYteIoCUIqLExF6LOIcetYkaOpxSSBrOZKUGqCMRWc41jCVjPzo9yPZn408ythrQkLXSyxhJXmAI8xijANUFvykAa1lMNansJnVLCIWE72/b0Z0lgF3vw/sFr4+Wyw99v2pATzHSh7wTTsaufvcnXb07f38ASLKiXFI6K5lMYJLxyWdli54/XtZvKx/ng6DaSSGRKWNqqOPppc11alybY1Z72CqvsHuyfVQue6hS4jd1qJ3m8Uk227mOfUfyZrznoF7TQO83m649QLXUaNPX0klFNJ+EhCt3PWci/uzEZK/ESq3zoykRdSJPrmtm/6XRONMUdR6KEBoUP9sAPmCXTdJpj7/UvCe4yPrkhEsCDogfGhiLFPzErFDEJpCvXSiVj+Bse4HPNjAgAA[0m[INFO] Executing: /bin/sh -c cd /var/lib/jenkins/jobs/TSearchPerformRelease/workspace && git status
[8mha:AAABch+LCAAAAAAAAACFkc1Kw0AUha/RanCpO0EoiLrLRKniz0rTRoRYixVFiotpOk3TpjNxZlIrgs/jQl/GN3BVRHwHZ/JTERfeWeTjzjn3niEvX1ASHDZ6SUcwasVREoRUWJiK0GcR49aRIkdTnUkCWc0YYHhgpoIzHEvY9DI/yv1o6kdTvxIeejDXwRJLWPL6eIRRhGmAmpKHNDgcc1jJU/iMChYRy8m+vzfDOFaB1/8PrBZ+Ppvs/aY5MWC2BaV2kIZdbv1drm67+vYOnmBepaR4SDQb4zjhhcPSDit3vL5dTT5WH0/SQCqZKWFhreLoo8l1bVWabFtz1iuosru3fVwpdK5b6DJy00r0frOYbNvFPKf6M1lz1itoq7afz9Mdp1roMqrt6COhNJaEDyU0Wqd19/y2fM34QD2q3Ak58SXjDwdlNMIcRWEb9Qkd6F/aZ22BLpsEc7/XILzL+PCCRAQLgu6VXcTYJ4vf2dx6eU8CAAA=[0m[INFO] Working directory: /var/lib/jenkins/jobs/TSearchPerformRelease/workspace
[8mha:AAABXR+LCAAAAAAAAACFkEFLwzAUx5/VafGoN0EoiHpLq0xRdtJuFaHOw0CQ4SG2WVftki5JpSD4eTzol/EbeBoifgeTtpmIB18O/fHy/7/3T1++oCU47IyLWDCK8qxIUioQpiKNWMY4OlHka+ozSaCuBQusEOxKcIFzCbth7Xcbvzv3u3O/EnZCWIqxxBLWwjv8gN0M08QdSJ7SpFNy2GhSRIwKlhHk19/fm6HMVeDt/wOrhZ/PNnu/HswsWBxC6zapwq4P/y5XtyN9O4UnWFYpKZ4QzVaZF9w4kHagxvH6djX72Hw8qwKpZLaEla22r4+mIPBUafI8zXXPUPvwaP+0bXRBYHQ1BVUVer9tJnuemed3fyZrrnuG9nrHzTzd8btGV1PvQB8JrVISPpHQGZ73g8sbxx+T6F69yolJTmhMaJQS4WAaO83/dUaMO4LiXIyZFA5CaPUb6qgSrjoCAAA=[0m[INFO] Checking dependencies and plugins for snapshots ...
[8mha:AAABUh+LCAAAAAAAAACFkM1Kw0AUha/RanCpO0Eo+JPdJEoUpStNGxHSVqgIElyMaZpW0pk4mUhA8Hlc6Mv4Bq6KiO/gTCZTERfeWeTjzjn3nsnLFzRyBrvjYphTgrK0SCYkR5jkk4imlKETQZ6kHuUxqFowwAjArARdnHGwAuW3a78999tzvxC2AlgaYo45rAV3+AHbKSaJPeBsQpJWyWCjThFRktM0Rp76/t4MZSYC7/wfWCz8fDbp+/VgZsBiCI3bpAq7Hv5dLm5H8vYenmBZpCR4Gks2yqxg2oGkA9WO17er2cfm41kVSCQzOaxsuZ48knzfESXJcSSrnib38Gj/1NU639c6RX5Vhdxv6smOo+d57Z/JklVP017nuJ4nO15b6xR1DuTh0Ch5zKYctsPznt+/aV4y8f9GlE3Fy5rWIMYsGjcv+l0LIbT6DT7A7HcjAgAA[0m[INFO] Transforming 'Search POM'...
[8mha:AAABTR+LCAAAAAAAAACFkMFKxDAQhsdqtXjUmyAURPeWVqmi7Em7WxHqelgRZPEQu91upU1qmkpB8Hk86Mv4Bp4WEd/BpGlWxIOTQz8m/z/zpy9fYJYMdqbVuKQEFVmVpKREmJRpRDPK0LEgX9KA8hhULRhghGA1gnNccOiEyu+0fmfud+Z+IeyGsDTGHHNYC+/wA3YyTBJnyFlKkm7NYKNNEVFS0ixGvvr+3gx1IQJv/x9YLPx8tuj79XBmwOIIzNukCbs++rtc3E7k7T08wbJISXAeSzbqomLagaQDtY7Xt6vZx+bjaRNIJLM4rGx5vjySgsAVJcl1JaueJu/gcO/E07og0DpFQVOV3G/pya6r5/m9n8mSVU/Tbv+onSc7fk/rFPX35eFg1jxmOQd7dDYILm7sSyb+34SyXLzM7pQxZtG0gxBa/QZ1/227HwIAAA==[0m[INFO] Transforming 'search'...
[8mha:AAABTx+LCAAAAAAAAACFkMFKw0AQhsdoNXjUmyAURXPbRImi9KRpI0Ksh4ogwcM2TWMl2U03GwkIPo8HfRnfwFMR8R3czWYr4sHZQz5m/3/m37x8QatgsHtXjgpKUJ6WyYQUCJNiEtGUMnQiyJPUpzwGVQsGGAGYteAC5xysQPntxm/P/fbcL4SdAJZGmGMOa8E9fsB2ikliDzibkKRTMdhoUkSUFDSNkae+vzdDlYvAO/8HFgs/n036fjOYGbAYQmuY1GHXw7/Lxe1Y3k7hCZZFSoKzWLJR5SXTDiQdqHG8vl3PPjYfz+pAIpnJYWXb9eSR5PuOKEmOI1n1NLmHR/unrtb5vtYp8usq5X5TT3YcPc/r/kyWrHqa9nrHzTzZ8bpap6h3IA+HVsVjlnHYCs/7/uVt+4qJ/zemLBMva1tRGZXZMGYWQmj1GxoMLVAhAgAA[0m[INFO] Transforming 'cucumber'...
[8mha:AAABZx+LCAAAAAAAAACFkc1Kw0AUha/RanCpO0EY8G+XRKmiuNK0kUKsi4IgxcWYTmNKOhNnJiVQ9Hlc6Mv4Bq6KiO/gTJKpiAvvLPJx55x7z5CXL2gIDrv3+UAw6mRpHidUOJiKJGIp486ZIl9Tl0kCVS1YYIVgl4JLnEnYCyu/W/vdud+d+5XwNISlAZZYwlo4whPsppjGbk/yhManBYeNOkXEqGApcfzq+3szFJkKvPN/YLXw89lm7ze9mQWLfWjcxWXY9f7f5ep2qG8f4AmWVUqKx0SzVWQ5Nw5HO5za8fp2PfvYnF6UgVQyW8LKVtPXR1MQeKo0eZ7mqmeoeXR8cN40uiAwuoqCsnK93zaTPc/M81s/kzVXPUP77ZN6nu74LaOrqH2oj4RGIQkfSwj7nW5wdYsQ6sSU6XchzGUyxJFEE8JFwijKM/XLCBoyjkiRcSLK7vY042xEIunUusfVb+gU5+pLAgAA[0m[INFO]   Ignoring artifact version update for expression ${project.version}
[8mha:AAABTh+LCAAAAAAAAACFkEFLwzAUx5/VavGoN0EoDPXWVqmi7KTdKkK3CQNBioe4xTrpkpqkUhD8PB70y/gNPA0Rv4NJ00zEgy+H/nj5/9/7py9fYHMG27flmFPiFXmZTQj3EOGTEc0p844lRYr6VGDQtWCBlYBTC3qoELCTaL/f+P2535/7pbCdwNIYCSRgLblDD8jPEcn8oWATkrUrBhtNihElnObYi/T392aoChl46//AcuHns0PfL4czCxZTsK+zOux6+ne5vL1Rt/fwBMsyJUFTrNiqipIZh6ccXuN4fbuYfWw+ntaBZDJHwEorjNRRFMeBLEVBoFj3DIUHh3snodHFsdFpiusq1X7HTA4CMy/q/ExWrHuGdrtHzTzViTpGp6m7r44AuxKYTQW00rN+PLhy5R92M0wwQ0K+zWU4x4hj93zQ46vfQBeGGiICAAA=[0m[INFO] Not generating release POMs
[8mha:AAABVB+LCAAAAAAAAACFj8FKxDAQhsfqavGoN0EoiBY8pFVWUfak3VaEuh4WBFk8xG6Mq92k26ZSEHweD/oyvoGnRcR3MGmaFfHg5JCPyf/P/Hn5glaRw9ZtOSw4Q1la0hErEGbFKOEpz9GRpEBRjwsCuuYssGKwa8EZzgS4sfZ7jd+b+b2ZXwo7MSwMscACVuI7/IC9FDPq9UU+YrRT5bDWpEg4K3hKUKDv35uhymTgzf8Dy4WfzzZ/v+xPLZgfQOua1mFXB3+Xy9cb9TqBJ1iUKRkeE8VWlZW5cSDlQI3j9e1i+rH+eFIHkslsAUsb7UAdRVHky1Lk+4p1z1B7/2D3uG10UWR0mqK6SrXfNpN938wLuj+TFeueoZ3wsJmnOkHX6DSFe+oIaFWC5GMB24PTXnR+5YQVSUohv+VQjtPCcZOUYOZkOLnHlLgIoeVv9LNt/ikCAAA=[0m[INFO] Executing goals 'clean package'...
[8mha:AAABTR+LCAAAAAAAAACFkcFKxDAQhsdqtXjUmyAURL2lVaooe9LuVoS6HgqCFA+x261duklNUykIPo8HfRnfwNMi4juYNM2KeHByyMfk/2f+0pcvMCsGO3f1qKIElUWd5aRCmFR5QgvK0IkgX9KQ8hRULRhghGC1ggtcctgNld/p/M7c78z9QtgLYWmEOeawFk7wA3YKTDIn4iwnWa9hsNGlSCipaJEiX92/N0NTisDb/wcWCz+fLfp+Hc0MWIzBvM3asOvx3+XidSxf7+EJlkVKgqepZKMpa6YdSDpQ53h9u5p9bD6etYFEMovDypbnyyMpCFxRklxXsupp8g6P9k89rQsCrVMUtFXL/Zae7Lp6nt//mSxZ9TTtDY67ebLj97VO0eBAHg5mw1M2Ff8tPh8Glzd2d0UJJkR8nD2mzC4ZnaQJrxBCq9+c6FQiJgIAAA==[0m[INFO] [INFO] Scanning for projects...
[8mha:AAABQB+LCAAAAAAAAABb85aBtbiIQS2jNKU4P0+vIKc0PTOvWC8xrzgzOT8nv0jPEchyBrH88ktSGSCAkYmByYeBA6zAN7GghEHdB6JfH6pfH65fH64fqNDah4ElJbEksYRByCcrsSxRPycxL10/uKQoMy/duqKIQQrqiuT8vOL8nFQ9ZwiNajNDRQHQwaqEHQy08PUKjvyHkcHPmRiYoxlYk9LBjhWOxrQcKJsGki1kqGNgA7oyLzE3FcRmqigoLYLp0APp0IPqWHsp7PlL2Wp3sIOALuMoYWBXNnEGQRDLzc0ACEAsAwMQGyIGY5mYWRg5mcDUubnB1EFYbmBQCrKfA2aygQHMPGcXhMkgNkQMxjJ0tYSaBxJxdoGpg7BcTUGwhIG1oiS1KLeEITza08/NP1YBSulSCXABAA2RMFdWAgAA[0m[INFO] [INFO] ------------------------------------------------------------------------
[8mha:AAABSx+LCAAAAAAAAACFjsFKw0AQhsdoNHjUmyAEinpLokRRe7JpI0JswYIgwcOaxBhJd9PNRgKCz+NBX8Y38FREfAd3s9mKeHDmsB+z/z/zv3yBXlLYvqvikmCryKs0w6WFcJlFJCfUOuHkCRoSloCsBQ20AIxGcI4KBjuB9Nut35777bmfC7sBLMWIIQZrwT16QHaOcGqPGc1w2q0pbLQpIoJLkieWJ9/fl6EueOCt/wPzg5/PBnm/Gs80WAxBv0mbsOvh3+P891b8TuEJlnlKjCaJYK0uKqoclnBYreP17XL2sfl42gTiyQwGKx3XEy3I9x1eghxHsJwpcg8O93qu0vm+0knym6rEfUNtdhy1z+v/bBYsZ4p2B0ftPjHx+konabAvmoFes4ROGHTCs6E/ujbb5yJBESPU7FVZHpsjGif0ePUbAjqsIiICAAA=[0m[INFO] [INFO] Reactor Build Order:
[8mha:AAABOx+LCAAAAAAAAACFjsFKxDAQhsdqtXgR9CYIgqi3tEoVZU/a3YhQ18OCIMVD3K210k1qm0pB8Hk86Mv4Bp4WEd/BTNOsiAdnDvmY/P/M//IFdlnA1m01KgUneVYlKS8J42U6FJkoyJGiAKkvZAy6ZiywQnAawRnLJWyH2u+2fnfqd6d+JeyEMDdikklYDu/YA3MzxhN3IIuUJ526gNU2xVDwUmQxCfT7+zLUuQq8+X9gdfDz2RHvl4OJBbMR2NdJE3Yl+ntc/d7g7z08wbxKydk4RrbqvCqMg6CDtI7Xt4vJx9rjSRNIJXMkLGz4ATYSpZ4qJM9D1jND/v7B7rFvdJQanSbaVIX3HbPZ88y+oPuzGVnPDO30Dtt9OAm6Rqept4ctwa5lXIwlLEWnfXp+td4+i9+ywCsSDgIAAA==[0m[INFO] [INFO] 
[8mha:AAABRB+LCAAAAAAAAACFjsFKw0AQhsdoNHjUk4JQEPWWRImi9KRpV4S0FQqCBA9rGtNIuptuNhIQfB4P+jK+gaci4ju4m81WxIMzh/2Y/f+Z/+ULzILB7rgcFZTYeVYmKSlsTIo0ohll9qkgX1Kf8hhULRhgBGDVgh7OOewFyu80fmfud+Z+IWwHsDTCHHNYC+7xA3YyTBJnyFlKknbFYLNJEVFS0Cy2ffX+vgxVLgLv/B9YHPx8tuj79XBmwGII5m1Sh10P/x4Xv3fydwpPsCxSEjyJJRtVXjLtsKXDbhyvb1ezj63H8zqQSGZxWNn2fNmSEHJFSXJdyWqmyTs6PjjztA4hrVOE6irlfUtvdl29z+/8bJasZpr2uyfNPjnxO1qnqHsom4NZ8ZhNOGyEF300uGk1zzDGLBq3Lge91W/Jgz4LGAIAAA==[0m[INFO] [INFO] Search POM
[8mha:AAABQB+LCAAAAAAAAACFjsFKxDAQhsdqtXhUvAiCIOqtrVJF2ZN2NyLU9bAgSPEQu7Vb6SbdJJWC4PN40JfxDTwtIr6DSdOsiAdnDvmY/P/M//IFNmewM6qGnBK3LKosJ9zFhOcJLShzTySFivpUpKBrzgIrAqcRXOBSwG6k/V7r92Z+b+aXwk4EC0MssICV6B4/YK/AJPMGguUk69QM1tsUCSWcFqkb6vf3ZahLGXj7/8Dy4OezQ9+vB1ML5mOwb7Mm7Gr897j8vVO/E3iCRZmS4HGq2KrLihmHqxxu63h9u5p+bDyeNYFkMkfA0lYQqlaEkC9Lke8r1jNDweHR/mlgdAgZnSbUVKXuO2az75t9Yfdns2I9M7TXO273qUnYNTpNvQPVAuxapGwsYC0+76PLm8324SlmyWj5G9VBbRoUAgAA[0m[INFO] [INFO] search
[8mha:AAABQh+LCAAAAAAAAACFjsFKxDAQhsdqtXjUgyAIgqi3tkoVZU/a3YhQ18OCIMVDtltrpZt000QKgs/jQV/GN/C0iPgOJk2zIh6cOeRj8v8z/8sX2BWDnTsxqihxy0JkOalcTKo8oQVl7omkUFGf8hR0zVlgReA0ggtcctiNtN9r/d7M7838UtiJYGGEOeawEt3jB+wVmGTegLOcZJ2awXqbIqGkokXqhvr9fRnqUgbe/j+wPPj57ND368HUgvkY7GHWhF2N/x6Xv7fqdwJPsChTEjxOFVt1KZhxuMrhto7Xt6vpx8bjWRNIJnM4LG0FoWpFCPmyFPm+Yj0zFBwe7Z8GRoeQ0WlCTQl13zGbfd/sC7s/mxXrmaG93nG7T03CrtFp6h2o5mDXPGVjDmvxeR9d3my2TyISMR6mbPkbePZNURYCAAA=[0m[INFO] [INFO] cucumber
[8mha:AAABPh+LCAAAAAAAAACtjsFKw0AQhsdoNHjUmyAIot6SKFGUnjTtihDroaBI8bC2MUbS3XSzkYDg83jQl/ENPBUR38GdbLYiHrw4c9iP2f+f+Z8/wS4EbN6Ww4IzN8/KJGWFS1mRDnjGhXuoKETqchmDrhkLrAicWnBKcwlbkfZ7jd+b+r2pXwlbEcwNqaQSlqI7ek+9jLLE60mRsqRVCVhpUgw4K3gWu6F+f16GKleBN/4OrA5+PDn87bI3sWC2D/Z1Uodd7v8+rn5v8HcMjzCvUjI6ipGtKi+FcbjocBvHy+v55H314bgOpJI5EhbWgxAbiRBfFZLvI+uZoWBvf+coMDpCjE4TqavE+47Z7PtmX9j+3oysZ4a2OwfNPpyEbaPT1NnFlmBXMhYjCRf9ky45u1prnv+qxS9JeFkIVgIAAA==[0m[INFO] [INFO]                                                                         
[8mha:AAABQB+LCAAAAAAAAABb85aBtbiIQS2jNKU4P0+vIKc0PTOvWC8xrzgzOT8nv0jPEchyBrH88ktSGSCAkYmByYeBA6zAN7GghEHdB6JfH6pfH65fH64fqNDah4ElJbEksYRByCcrsSxRPycxL10/uKQoMy/duqKIQQrqiuT8vOL8nFQ9ZwiNajNDRQHQwaqEHQy08PUKjvyHkcHPmRiYoxlYk9LBjhWOxrQcKJsGki1kqGNgA7oyLzE3FcRmqigoLYLp0APp0IPqWHsp7PlL2Wp3sIOALuMoYWBXNnEGQRDLzc0ACEAsAwMQGyIGY5mYWRg5mcDUubnB1EFYbmBQCrKfA2aygQHMPGcXhMkgNkQMxjJ0tYSaBxJxdoGpg7BcTUGwhIG1oiS1KLeEITza08/NP1YBSulSCXABAA2RMFdWAgAA[0m[INFO] [INFO] ------------------------------------------------------------------------
[8mha:AAABVR+LCAAAAAAAAACFj99KwzAUxo/VafFS7wShIOqNpJnMf+zKdasI3SYMBCki2Va7StfUNJWC4PN4oS/jG3g1RHwHk6aZiBeeXOTHyfed8+XlC2oZg51JPs5ogtI4D6MkQyTJohGNKUOnghxJPcoDULVggOGBWQq6JOWw6ym/Xfntud+e+4Ww6cHSmHDCYc27Iw/EjkkS2gPOoiRsFgw2qhQjmmQ0DpCj7t+boUhF4O3/A4uFn88mfb8azAxY9KE2DMuw6/7f5eL1Vr7ewxMsi5QJmQaSjSLNmXYg6UCV4/Xtcvax+XhWBhLJTA4rWw1HHkmui0VJwliy6mlqHB7vtxpa57pap8gtK5f7TT0ZYz3Paf9Mlqx6muqdk2qe7DhtrVPUOZCHQ63gAZty2PPPe27/2qquVh7FY/E5axAQNppYF/2uhVEd4Zth/Wj1GxqaW8grAgAA[0m[INFO] [INFO] Building Search POM 0.1.0_b17
[8mha:AAABQB+LCAAAAAAAAABb85aBtbiIQS2jNKU4P0+vIKc0PTOvWC8xrzgzOT8nv0jPEchyBrH88ktSGSCAkYmByYeBA6zAN7GghEHdB6JfH6pfH65fH64fqNDah4ElJbEksYRByCcrsSxRPycxL10/uKQoMy/duqKIQQrqiuT8vOL8nFQ9ZwiNajNDRQHQwaqEHQy08PUKjvyHkcHPmRiYoxlYk9LBjhWOxrQcKJsGki1kqGNgA7oyLzE3FcRmqigoLYLp0APp0IPqWHsp7PlL2Wp3sIOALuMoYWBXNnEGQRDLzc0ACEAsAwMQGyIGY5mYWRg5mcDUubnB1EFYbmBQCrKfA2aygQHMPGcXhMkgNkQMxjJ0tYSaBxJxdoGpg7BcTUGwhIG1oiS1KLeEITza08/NP1YBSulSCXABAA2RMFdWAgAA[0m[INFO] [INFO] ------------------------------------------------------------------------
[8mha:AAABOx+LCAAAAAAAAACFjsFKxDAQhsdqtXgR9CYIgqi3tEoVZU/a3YhQ18OCIMVD3K210k1qm0pB8Hk86Mv4Bp4WEd/BTNOsiAdnDvmY/P/M//IFdlnA1m01KgUneVYlKS8J42U6FJkoyJGiAKkvZAy6ZiywQnAawRnLJWyH2u+2fnfqd6d+JeyEMDdikklYDu/YA3MzxhN3IIuUJ526gNU2xVDwUmQxCfT7+zLUuQq8+X9gdfDz2RHvl4OJBbMR2NdJE3Yl+ntc/d7g7z08wbxKydk4RrbqvCqMg6CDtI7Xt4vJx9rjSRNIJXMkLGz4ATYSpZ4qJM9D1jND/v7B7rFvdJQanSbaVIX3HbPZ88y+oPuzGVnPDO30Dtt9OAm6Rqept4ctwa5lXIwlLEWnfXp+td4+i9+ywCsSDgIAAA==[0m[INFO] [INFO] 
[8mha:AAABah+LCAAAAAAAAACFkM1Kw0AUha/VanCpO0EIiH+LTNISRduNmjYixAoWBCkuxnQaK8lMTCYlIPg8LvRlfANXRcR3cCaTVMSFdxbzceecew/z8gX1NIGtu2yYMoriMAvGNEWYpmOfhSxBx4IcST3GCaiaq0HNA60QnOOYw7an/GbpN2d+c+YXwrYHC0PMMYcV7x5PsBliGph9noxp0M4TWCtT+IymLCTIUffvzZDHIvDm/4HFws9njb1f96c1mB9A/TYowq4O/i4XryP5+gBPsChSUhwRybU8zpLKgaQDlY7Xt6vpx/rjaRFIJNM4LG3YjjySXNcSJcmyJKteRfb+QfPErnSuW+kUuUVlcr9WTbasap7T+ZksWfUqanQPy3my43QqnaLunjwc6jknScThcnDWcy9u9PIyDEOP8IRQww8Jpob63FYT2ajRKlr6zpCMcBZypdjVj/SU4MS/M2IWSf/yNwaTxu5RAgAA[0m[INFO] [INFO] --- maven-clean-plugin:2.4.1:clean (default-clean) @ search-pom ---
[8mha:AAABPh+LCAAAAAAAAACtjsFKw0AQhsdoNHjUmyAIot6SKFGUnjTtihDroaBI8bC2MUbS3XSzkYDg83jQl/ENPBUR38GdbLYiHrw4c9iP2f+f+Z8/wS4EbN6Ww4IzN8/KJGWFS1mRDnjGhXuoKETqchmDrhkLrAicWnBKcwlbkfZ7jd+b+r2pXwlbEcwNqaQSlqI7ek+9jLLE60mRsqRVCVhpUgw4K3gWu6F+f16GKleBN/4OrA5+PDn87bI3sWC2D/Z1Uodd7v8+rn5v8HcMjzCvUjI6ipGtKi+FcbjocBvHy+v55H314bgOpJI5EhbWgxAbiRBfFZLvI+uZoWBvf+coMDpCjE4TqavE+47Z7PtmX9j+3oysZ4a2OwfNPpyEbaPT1NnFlmBXMhYjCRf9ky45u1prnv+qxS9JeFkIVgIAAA==[0m[INFO] [INFO]                                                                         
[8mha:AAABQB+LCAAAAAAAAABb85aBtbiIQS2jNKU4P0+vIKc0PTOvWC8xrzgzOT8nv0jPEchyBrH88ktSGSCAkYmByYeBA6zAN7GghEHdB6JfH6pfH65fH64fqNDah4ElJbEksYRByCcrsSxRPycxL10/uKQoMy/duqKIQQrqiuT8vOL8nFQ9ZwiNajNDRQHQwaqEHQy08PUKjvyHkcHPmRiYoxlYk9LBjhWOxrQcKJsGki1kqGNgA7oyLzE3FcRmqigoLYLp0APp0IPqWHsp7PlL2Wp3sIOALuMoYWBXNnEGQRDLzc0ACEAsAwMQGyIGY5mYWRg5mcDUubnB1EFYbmBQCrKfA2aygQHMPGcXhMkgNkQMxjJ0tYSaBxJxdoGpg7BcTUGwhIG1oiS1KLeEITza08/NP1YBSulSCXABAA2RMFdWAgAA[0m[INFO] [INFO] ------------------------------------------------------------------------
[8mha:AAABUR+LCAAAAAAAAACFj81Kw0AUha/RanCpO0EoiD+ryVTqH13ZtBEh1kVBkCAybWMaSWfSyUQCgs/jQl/GN3BVRHwHZzKZirjwzmI+7pxz75mXL6hlHHbG+ShjFKVJHsU0Q4Rm8ZAljKNTSa6iHhMh6FqwwPLBLgUXJBWw62u/U/mdud+Z+6Ww5cPSiAgiYM2/Jw/ESQiNnL7gMY1aBYeNKsWQ0YwlIXL1/XszFKkMvP1/YLnw89lm79f9mQWLAdQGURl2Pfi7XL7eqdcpPMGyTEnJJFRsFWnOjQMpB6ocr29Xs4/Nx7MykExmC1jZarrqKPI8LEsRxop1z1Dz8Hi/3TQ6zzM6TV5Zudpvm8kYm3lu52eyYt0z1OieVPNUx+0YnabugToCaoUI+UTAXnDe8y5v6tXVzuNkJD9Xz0LCh+M6Rg2EbweNo9Vv5XrXaCcCAAA=[0m[INFO] [INFO] Building search 0.1.0_b17
[8mha:AAABQB+LCAAAAAAAAABb85aBtbiIQS2jNKU4P0+vIKc0PTOvWC8xrzgzOT8nv0jPEchyBrH88ktSGSCAkYmByYeBA6zAN7GghEHdB6JfH6pfH65fH64fqNDah4ElJbEksYRByCcrsSxRPycxL10/uKQoMy/duqKIQQrqiuT8vOL8nFQ9ZwiNajNDRQHQwaqEHQy08PUKjvyHkcHPmRiYoxlYk9LBjhWOxrQcKJsGki1kqGNgA7oyLzE3FcRmqigoLYLp0APp0IPqWHsp7PlL2Wp3sIOALuMoYWBXNnEGQRDLzc0ACEAsAwMQGyIGY5mYWRg5mcDUubnB1EFYbmBQCrKfA2aygQHMPGcXhMkgNkQMxjJ0tYSaBxJxdoGpg7BcTUGwhIG1oiS1KLeEITza08/NP1YBSulSCXABAA2RMFdWAgAA[0m[INFO] [INFO] ------------------------------------------------------------------------
[8mha:AAABOx+LCAAAAAAAAACFjsFKxDAQhsdqtXgR9CYIgqi3tEoVZU/a3YhQ18OCIMVD3K210k1qm0pB8Hk86Mv4Bp4WEd/BTNOsiAdnDvmY/P/M//IFdlnA1m01KgUneVYlKS8J42U6FJkoyJGiAKkvZAy6ZiywQnAawRnLJWyH2u+2fnfqd6d+JeyEMDdikklYDu/YA3MzxhN3IIuUJ526gNU2xVDwUmQxCfT7+zLUuQq8+X9gdfDz2RHvl4OJBbMR2NdJE3Yl+ntc/d7g7z08wbxKydk4RrbqvCqMg6CDtI7Xt4vJx9rjSRNIJXMkLGz4ATYSpZ4qJM9D1jND/v7B7rFvdJQanSbaVIX3HbPZ88y+oPuzGVnPDO30Dtt9OAm6Rqept4ctwa5lXIwlLEWnfXp+td4+i9+ywCsSDgIAAA==[0m[INFO] [INFO] 
[8mha:AAABZx+LCAAAAAAAAACFkM1Kw0AUha/RanCpO0EIiH+LTNISRduNmjYixLooCFJcjOk0raSTmExKQPB5XOjL+Aauiojv4EwmUxEX3lnMx51z7j3MyxfUshR2RvkgiylKojwc0wxhmo2DOIpTdMrJFdSNGQFZCxpoPuil4BInDHZ96bcqvzX3W3M/F7Z8WBpghhms+fd4iq0I09DqsXRMw1aRwkaVIohpFkcEufL+vRmKhAfe/j8wX/j5rMfvN72ZBot9qN2FZdj1/t/l/HUoXh/gCZZ5SoonRLBWJHmqHEg4UOV4fbuefWw+npeBeDKdwcqW44ojyPNsXoJsW7DsKXIOjxpnjtJ5ntJJ8srKxX5dTbZtNc9t/0wWLHuK6p3jap7ouG2lk9Q5EIdBrWAknTDo9i+63tWtUV2maRoTPCXUDCKCqSk/t9lADqo3y5axNyBDnEdMKvaNEyMjOA1Gwrv6DccdbA1NAgAA[0m[INFO] [INFO] --- maven-clean-plugin:2.4.1:clean (default-clean) @ search ---
[8mha:AAABOx+LCAAAAAAAAACFjsFKxDAQhsdqtXgR9CYIgqi3tEoVZU/a3YhQ18OCIMVD3K210k1qm0pB8Hk86Mv4Bp4WEd/BTNOsiAdnDvmY/P/M//IFdlnA1m01KgUneVYlKS8J42U6FJkoyJGiAKkvZAy6ZiywQnAawRnLJWyH2u+2fnfqd6d+JeyEMDdikklYDu/YA3MzxhN3IIuUJ526gNU2xVDwUmQxCfT7+zLUuQq8+X9gdfDz2RHvl4OJBbMR2NdJE3Yl+ntc/d7g7z08wbxKydk4RrbqvCqMg6CDtI7Xt4vJx9rjSRNIJXMkLGz4ATYSpZ4qJM9D1jND/v7B7rFvdJQanSbaVIX3HbPZ88y+oPuzGVnPDO30Dtt9OAm6Rqept4ctwa5lXIwlLEWnfXp+td4+i9+ywCsSDgIAAA==[0m[INFO] [INFO] 
[8mha:AAABbR+LCAAAAAAAAACFkM1Kw0AUha/RanCpO0EIiH+L/FSiaLtR06YIsV0UBCkupu0YI+lMnExKQPB5XOjL+Aauiojv4EySqYgL7yzm48459x7m5QtqKYOdu2ycUmIlcRZGJLUQSaMRjSmzzgR5krqUYyhrQQMtAL0QXKKEw25Q+u3Kb8/99twvhM0AlsaIIw5rwT2aIjtGJLT7nEUkbOYMNqoUI0pSGmPLK+/fmyFPRODt/wOLhZ/POn2/7s80WBxAbRgWYdcHf5eL11v5+gBPsCxSEjTBkrU8yZhyWNJhVY7Xt6vZx+ZjpwgkkukcVrZcTx5Jvu+IkuQ4ksueIvfo+ODcVTrfV7qS/KIyuV9Xkx1HzfNaP5Mllz1F9fZJNU92vJbSldQ+lIdDLeeYTTj0Bhddv3djVJdpmkY4QVNMzPJfG3XLbYSYYIY47vNsmBp7wyyKxx1G6TTC6b5xaqQYsdGdNK9+A8rXTfJOAgAA[0m[INFO] [INFO] --- gmaven-plugin:1.4:generateStubs (buildGroovies) @ search ---
[8mha:AAABTh+LCAAAAAAAAACFj0FLwzAUx5/VavGoN0EoiPPWdjJF2Um7dSh1HgaCDA/ZGuukS7oklYLg5/GgX8Zv4GmI+B1MmmYiHnw55MfL///ePy9fYHMGjbsi4ZR4eVakE8I9RPhkTDPKvBNJoaI+FRh0LVlgxeBUgguUC9iLtd+v/f7C7y/8UtiOYSVBAgnYiO/RA/IzRFJ/INiEpO2SwVadYkwJpxn2Qn3/3gxlLgPv/h9YLvx8duj79WBuwfIQ7FFahd0c/l0uX2/V6wyeYFWmJGiKFVtlXjDj8JTDqx2vb1fzj+3HXhVIJnMErO20QnUURVEgS1EQKNY9Q63Do/3TltFFkdFpiqoq1H7HTA4CMy/s/ExWrHuGmt3jep7qhB2j09Q9UEeAXQrMpgIaw7N+dHnj1lcPE8yQwInbDNxz+WOXi2LE178BEAbFviUCAAA=[0m[INFO] [INFO] Generated 10 Java stubs
[8mha:AAABOx+LCAAAAAAAAACFjsFKxDAQhsdqtXgR9CYIgqi3tEoVZU/a3YhQ18OCIMVD3K210k1qm0pB8Hk86Mv4Bp4WEd/BTNOsiAdnDvmY/P/M//IFdlnA1m01KgUneVYlKS8J42U6FJkoyJGiAKkvZAy6ZiywQnAawRnLJWyH2u+2fnfqd6d+JeyEMDdikklYDu/YA3MzxhN3IIuUJ526gNU2xVDwUmQxCfT7+zLUuQq8+X9gdfDz2RHvl4OJBbMR2NdJE3Yl+ntc/d7g7z08wbxKydk4RrbqvCqMg6CDtI7Xt4vJx9rjSRNIJXMkLGz4ATYSpZ4qJM9D1jND/v7B7rFvdJQanSbaVIX3HbPZ88y+oPuzGVnPDO30Dtt9OAm6Rqept4ctwa5lXIwlLEWnfXp+td4+i9+ywCsSDgIAAA==[0m[INFO] [INFO] 
[8mha:AAABbR+LCAAAAAAAAACFkM1Kw0AQx8dqNXjUmyAExK9DPiy1aHtR00aEWA8FRYqHbbqmlXQ3bjY1Ivg8HvRlfANPRcR3cDebtIgHZw/725n5z/zZ128oxwy2Bkk/psSMwiQYkthEJB76NKTMPBbkSGpTjkHFXAlKHmhZwzmKOGx7Sm/lemuqt6Z60djwYKGPOOKw4t2hMbJCRAKrw9mQBI2UwVruwqckpiE2HXX/3gxpJAxv/m9YLPx60ejHdWdSgvkulHtBZna1+3e5qN7K6j08w6JwSdAISy6lUcIKhSkVZq54e7+cfK4/nWaGhDONw9JG1ZFHkuvaIiTZtmSVK6haO6icVIs+1y36FLlZJHK/Vky27WKe05xNlqxyBe21DvN5MuM0iz5FrX15OJRTjtmIw1X3rO1e3Oj5ZRiGPkJjTAyGY5owH8eG+uB6xazVfRo9zir6TvZ+wD0URbv6kR5jxPyBHLL8A1YhhmhWAgAA[0m[INFO] [INFO] --- maven-resources-plugin:2.6:copy-resources (copy-webapp) @ search ---
[8mha:AAABYR+LCAAAAAAAAACFj0FLwzAUx5/VafGoN0EoiO5kW2XKxNPsVhHqPMwJMjzENquVLqlJKhXBz+NBv4zfwNMQ8TuYtM1EPPhyyI+X//+9f16+oMEZbN3kEafEztI8Tgi3EeFJSFPK7I4kT1GfCgxVzRlgBGCWglOUCWgGld+p/c7M78z8UngYwEKEBBKwEtyie+SkiMTOQLCExIcFg7U6RUgJpym2ver+vRmKTAbe/D+wXPj5bNL3y8HUgPkRNK7jMuzq6O9y+TpWr3fwBIsyJUETrNgospxph60cdu14fbuYfqw/HpeBZDJTwNJGy1NHke+7shS5ruKqp6m13949ammd72tdRX5Zudpv6smuq+d53Z/Jiquepp3eQT1Pdbyu1lXU21NHQKMQmE0EdEYnff/syqqvIZc/s5rDc3+73bQwCWmkGoJaIc0erHGSShuOLIY5zVmIub38DXws/ypAAgAA[0m[INFO] [INFO] Using 'UTF-8' encoding to copy filtered resources.
[8mha:AAABSh+LCAAAAAAAAACFj8FKxDAQhsdqtXjUmyAURb21Vasoe9LuVoS6HhYEKR5it9ZKN+kmqVQEn8eDvoxv4GkR8R1MmmZFPDg55GPy/zN/Xr7AZBQ2b6shI9gpiyrLMXMQZnlCCkKdI0GBpD7hKaiaMcCIwGoEZ6jksBUpv9v63anfnfqFsBPB3BBxxGEpukP3yC0QztwBpznOOjWFlTZFQjAjReoE6v69GepSBN74P7BY+PlskffLwcSA2RjM66wJuxz/XS5eb+TrGJ5gXqTEaJRKNuqyotrhSIfTOl7fLiYfq48nTSCRzOKwsO4H8kgKQ0+UJM+TrHqa/P2DnWNf68JQ6xSFTVVyv6Une56eF3R/JktWPU3bvcN2nuwEXa1T1NuTh4NZ85SOOKzFp/3w/Mpur4CUD+Jv9q5NU0YqmqRs8RsyXkXAIQIAAA==[0m[INFO] [INFO] Copying 3 resources
[8mha:AAABOx+LCAAAAAAAAACFjsFKxDAQhsdqtXgR9CYIgqi3tEoVZU/a3YhQ18OCIMVD3K210k1qm0pB8Hk86Mv4Bp4WEd/BTNOsiAdnDvmY/P/M//IFdlnA1m01KgUneVYlKS8J42U6FJkoyJGiAKkvZAy6ZiywQnAawRnLJWyH2u+2fnfqd6d+JeyEMDdikklYDu/YA3MzxhN3IIuUJ526gNU2xVDwUmQxCfT7+zLUuQq8+X9gdfDz2RHvl4OJBbMR2NdJE3Yl+ntc/d7g7z08wbxKydk4RrbqvCqMg6CDtI7Xt4vJx9rjSRNIJXMkLGz4ATYSpZ4qJM9D1jND/v7B7rFvdJQanSbaVIX3HbPZ88y+oPuzGVnPDO30Dtt9OAm6Rqept4ctwa5lXIwlLEWnfXp+td4+i9+ywCsSDgIAAA==[0m[INFO] [INFO] 
[8mha:AAABaR+LCAAAAAAAAACFkM1Kw0AUha/RanCpO0EIiH+L/Fhq0Xajpo0IsS4KohQXYzpNK2kSZyYlIPg8LvRlfANXRcR3cCaTaREX3lnMx51z7j3M6zdUKIGdYdanSWylURaOYmqhmI6CJEqIdcrJFdRJGAZZCxpoPuiF4BKlDHZ96bdLvz3z2zM/FzZ9WOojhhis+Q9oguwIxaHdZWQUh82cwEaZIkhimkTYcuX9ezPkKQ+8/X9gvvDrRU8+brtTDRZ7ULkPi7Drvb/L+etAvD7CMyzzlDEaY8FanmZEOSzhsErH2/v19HPz6bwIxJPpDFa2aq44gjzP4SXIcQTLnqJa/ah6VlM6z1M6SV5Rmdivq8mOo+a5rflkwbKn6KB9XM4THbeldJLah+IwqOQMkzGDm95Fx7u6M8rLNE1jjCY4NgmmSUYCTE35wY2qVW/MmsZeHw9QFrG5bt84MShGJBiKKas/cW7/yFcCAAA=[0m[INFO] [INFO] --- maven-resources-plugin:2.6:resources (default-resources) @ search ---
[8mha:AAABYR+LCAAAAAAAAACFj0FLwzAUx5/VafGoN0EoiO5kW2XKxNPsVhHqPMwJMjzENquVLqlJKhXBz+NBv4zfwNMQ8TuYtM1EPPhyyI+X//+9f16+oMEZbN3kEafEztI8Tgi3EeFJSFPK7I4kT1GfCgxVzRlgBGCWglOUCWgGld+p/c7M78z8UngYwEKEBBKwEtyie+SkiMTOQLCExIcFg7U6RUgJpym2ver+vRmKTAbe/D+wXPj5bNL3y8HUgPkRNK7jMuzq6O9y+TpWr3fwBIsyJUETrNgospxph60cdu14fbuYfqw/HpeBZDJTwNJGy1NHke+7shS5ruKqp6m13949ammd72tdRX5Zudpv6smuq+d53Z/Jiquepp3eQT1Pdbyu1lXU21NHQKMQmE0EdEYnff/syqqvIZc/s5rDc3+73bQwCWmkGoJaIc0erHGSShuOLIY5zVmIub38DXws/ypAAgAA[0m[INFO] [INFO] Using 'UTF-8' encoding to copy filtered resources.
[8mha:AAABSh+LCAAAAAAAAACFj8FKxDAQhsdqtXjUmyAURb21Veqi7Em7WxHqelgQpHiI3Vor3aSbpFIRfB4P+jK+gadFxHcwaZoV8eDkkI/J/8/8efkCk1HYvq1GjGCnLKosx8xBmOUJKQh1jgQFkgaEp6BqzgAjAqsRnKGSw06k/G7rd2d+d+YXwm4ECyPEEYeV6A7dI7dAOHOHnOY469YU1toUCcGMFKkTqPv3ZqhLEXjr/8Bi4eezRd4vh1MD5mMwr7Mm7Gr8d7l4vZGvE3iCRZESo3Eq2ajLimqHIx1O63h9u5h+rD+eNIFEMovD0qYfyCMpDD1RkjxPsupp8jsHe8e+1oWh1ikKm6rkfktP9jw9L+j9TJasepp2+4ftPNkJelqnqL8vDwez5ikdc9iITwfh+ZXdXgEpH8Tf7I5NU0YqmqRs+RsiKeZYIQIAAA==[0m[INFO] [INFO] Copying 6 resources
[8mha:AAABTx+LCAAAAAAAAACFj81KxDAUha/VanGpO0EoiD+rtCNVlFlpZypCHRcDghQXsVNrpZN00lQqgs/jQl/GN3A1iPgOJk0zIi68WeTj5px7T16+wCwZbN1Wo5ISVORVmpESYVJmMc0pQ0eCfEkDyhNQNWeAEYLVCM5wwWE7VH6n9TszvzPzC2E3hIUR5pjDSniH77GTY5I6Q84yknZrBmttipiSkuYJ8tX9ezPUhQi8+X9gsfDz2aLvl8OpAfMRmNdpE3Y1+rtcvN7I1wk8waJISfA4kWzURcW0A0kHah2vbxfTj/XHkyaQSGZxWNrwfHkkBYErSpLrSlY9Td7+we6xp3VBoHWKgqYqud/Sk11Xz/N7P5Mlq56mTv+wnSc7fk/rFPX35OFg1jxhYw470ekgOL+y28unxYP4m92xWVLSisWJzamNkLP8DSA3rr4nAgAA[0m[INFO] [INFO] Copying 1 resource to ../
[8mha:AAABOx+LCAAAAAAAAACFjsFKxDAQhsdqtXgR9CYIgqi3tEoVZU/a3YhQ18OCIMVD3K210k1qm0pB8Hk86Mv4Bp4WEd/BTNOsiAdnDvmY/P/M//IFdlnA1m01KgUneVYlKS8J42U6FJkoyJGiAKkvZAy6ZiywQnAawRnLJWyH2u+2fnfqd6d+JeyEMDdikklYDu/YA3MzxhN3IIuUJ526gNU2xVDwUmQxCfT7+zLUuQq8+X9gdfDz2RHvl4OJBbMR2NdJE3Yl+ntc/d7g7z08wbxKydk4RrbqvCqMg6CDtI7Xt4vJx9rjSRNIJXMkLGz4ATYSpZ4qJM9D1jND/v7B7rFvdJQanSbaVIX3HbPZ88y+oPuzGVnPDO30Dtt9OAm6Rqept4ctwa5lXIwlLEWnfXp+td4+i9+ywCsSDgIAAA==[0m[INFO] [INFO] 
[8mha:AAABah+LCAAAAAAAAACFkM1Kw0AUha/RanCpO0EIiH+LTGKtou1GTRsRYl0UBSkuxnQaK/lzMikBwedxoS/jG7gqIr6DM5lMRVx4ZzEfd8659zAvX1DLKGzc5YMsiVEa5sEozhCOs5GfhAlFx5wcQd2EEZA1o4HmgV4KznHKYNOTfqvyW1O/NfVzYcuDuQFmmMGSd4/H2ApxHFg9Rkdx0CoorFQp/CTOkpAgR96/N0OR8sDr/wfmCz+f9eT9ujfRYLYPtdugDLvc/7ucvw7F6wM8wTxPGeOICNaKNKfKgYQDVY7Xt6vJx+rjaRmIJ9MZLKw1HHEEua7NS5BtC5Y9RY39g/pJQ+lcV+kkuWXlYr+uJtu2mue0fyYLlj1FO53Dap7oOG2lk9TZE4dBrWCERgwu+2dd9+LGqC7TNI0Ij0ls+kmUjkJCTfm/zTraRfVm1TW2BmSI85Ap2bZxZGQEU/9OjFj8BoUK07xUAgAA[0m[INFO] [INFO] --- maven-compiler-plugin:2.3.2:compile (default-compile) @ search ---
[8mha:AAABiR+LCAAAAAAAAACFkc9Kw0AQxsdqNXjUmyAERL1lY2lF8aRpI0KsYkWQ4mGbbtO022zc3dSA4PN40JfxDTwVEd/B3fypiAdnD/Njdr6Zb9mXL6gKDjvDpC9YZMU0CcJIWDgSoc8o49axIkdTm0kCeSxUoOKBkTWc41jCrpfrUaFHcz2a61XjkQdLfSyxhDVvhKcYURwFqCN5GAVHKYeNwoXPIsEosZw8/94MaawMb/9vWC38fDbY+21nVoHFLlR7QWZ2vft3ubod6Nt7eIJl5TLCE6K5ksYJLxWWVliF4vXtZvax+XiaGVLODAkrW3VHH02ua6vQZNua81pJ9f2D2km97HPdsi8nN4tE7zfKybZdznOaP5M157WS9lqHxTxdcZplX06thj4SqqkkfCIh7Z613Ys7s0gOm8QhVa8zaw1TsIT7xByElAhTMhNNMUc07KERicb6j0esJ9B1h2DuDy8JHzA+uSKUYEHQA+NjEWOfIEH4NFRZYh4QiXyKhSBi9RusKSSDdwIAAA==[0m[INFO] [INFO] Compiling 25 source files to /var/lib/jenkins/jobs/TSearchPerformRelease/workspace/service/target/classes
[8mha:AAABOx+LCAAAAAAAAACFjsFKxDAQhsdqtXgR9CYIgqi3tEoVZU/a3YhQ18OCIMVD3K210k1qm0pB8Hk86Mv4Bp4WEd/BTNOsiAdnDvmY/P/M//IFdlnA1m01KgUneVYlKS8J42U6FJkoyJGiAKkvZAy6ZiywQnAawRnLJWyH2u+2fnfqd6d+JeyEMDdikklYDu/YA3MzxhN3IIuUJ526gNU2xVDwUmQxCfT7+zLUuQq8+X9gdfDz2RHvl4OJBbMR2NdJE3Yl+ntc/d7g7z08wbxKydk4RrbqvCqMg6CDtI7Xt4vJx9rjSRNIJXMkLGz4ATYSpZ4qJM9D1jND/v7B7rFvdJQanSbaVIX3HbPZ88y+oPuzGVnPDO30Dtt9OAm6Rqept4ctwa5lXIwlLEWnfXp+td4+i9+ywCsSDgIAAA==[0m[INFO] [INFO] 
[8mha:AAABaR+LCAAAAAAAAACFkM1Kw0AUha/RanCpO0EIiH+L/FSiaLtR06YUYl0IghQX03RMI0kmTiYlIPg8LvRlfANXRcR3MJPJVMSFdxbzceecew/z8gWNjMLOJB9nJDHSKA/CJDNQkoU+iQg1zkpyOA0IwyBqQQHFA7USXKCUwa4n/GbtN+d+c+4vhW0PlsaIIQZr3j2aIjNCSWBeMRomQbugsFGn8EmSkQgbjrh/b4YiLQNv/x+4XPj5rJL3m6uZAotDaIyCKuz68O/y8vWOvz7AEyyXKRMUY85KkeZUOgzuMGrH69v17GPzsVcFKpOpDFa2bIcfTq5rlcXJsjiLniT76Pjg3JY615U6QW5VOd+vysmWJec5nZ/JnEVPUrN7Us/jHacjdYK6h/wwaBQM05hBf9gfuJe3Wn3puq4FMZriRBf/2moadssncRpGWNsb5WE07lFCpiHO9rVTLcOI+hNuW/0GX/x9WkgCAAA=[0m[INFO] [INFO] --- gmaven-plugin:1.4:compile (buildGroovies) @ search ---
[8mha:AAABUB+LCAAAAAAAAACFjsFKw0AQhsdoNHjUmyAERMVLEkssSk+aNkWI9VAQJHhY2xgj6W7c3ZSI4PN40JfxDTwVEd/B3Wy2Ih6cOezH7P/P/C9fYDIKO7flmBHsFHmZZpg5CLNsRHJCnWNBgaQB4QmoWjDAiMCqBWeo4LAbKb/b+N253537hbATwdIYccRhLbpDU+TmCKfukNMMp52KwkaTYkQwI3niBOr9fRmqQgTe/j+wOPj5bJH3y+HMgMUYzOu0Drse/z0ufm/k7z08wbJIidEkkWxURUm1w5EOp3G8vl3MPjYf+3UgkczisLLlB7IlhaEnSpLnSVYzTX77sHXia10Yap2isK5S3rf0Zs/T+4Luz2bJaqZpv3fU7JOToKt1inoHsjmYFU/ohMNefDoIz6/s5gnIpMjyZGy32nafEjJ9sEc5Yixhq9/VHcplKAIAAA==[0m[INFO] [INFO] Compiled 26 Groovy classes
[8mha:AAABOx+LCAAAAAAAAACFjsFKxDAQhsdqtXgR9CYIgqi3tEoVZU/a3YhQ18OCIMVD3K210k1qm0pB8Hk86Mv4Bp4WEd/BTNOsiAdnDvmY/P/M//IFdlnA1m01KgUneVYlKS8J42U6FJkoyJGiAKkvZAy6ZiywQnAawRnLJWyH2u+2fnfqd6d+JeyEMDdikklYDu/YA3MzxhN3IIuUJ526gNU2xVDwUmQxCfT7+zLUuQq8+X9gdfDz2RHvl4OJBbMR2NdJE3Yl+ntc/d7g7z08wbxKydk4RrbqvCqMg6CDtI7Xt4vJx9rjSRNIJXMkLGz4ATYSpZ4qJM9D1jND/v7B7rFvdJQanSbaVIX3HbPZ88y+oPuzGVnPDO30Dtt9OAm6Rqept4ctwa5lXIwlLEWnfXp+td4+i9+ywCsSDgIAAA==[0m[INFO] [INFO] 
[8mha:AAABaR+LCAAAAAAAAACFkM1Kw0AUha/RanCpO0EIiH+L/FSiaLtR00bEWMGCIMXFmE5jJZ2JmUkJCD6PC30Z38BVEfEdnEkyFXHhncV83Dnn3sO8fEGNpbBxl/UZJVYSZ9GQMAsRNgxpTFPrSJAnqUM5hrJmNNAC0AvBOUo4bAal36789tRvT/1C2Axgro844rAU3KMxsmNEIrvL0yGJmnkKK1WKkBJGY2x55f17M+SJCLz+f2Cx8PNZp+/X3YkGsz2o3UZF2OXe3+XidSBfH+AJ5kVKgkZYspYnWaoclnRYleP17Wrysfp4UgQSyXQOC2uuJ48k33dESXIcyWVPkbu3v3PsKp3vK11JflGZ3K+ryY6j5nmtn8mSy56ievugmic7XkvpSmrvysOhlnOcjjic9U47/sWNUV2maRrRCI0xMct/bdQtt4FzHGYcG1uDYSxsl5jRLA0x2zYODYZRGt5J4+I3jpGhIEoCAAA=[0m[INFO] [INFO] --- gmaven-plugin:1.4:execute (filterResources) @ search ---
[8mha:AAABOx+LCAAAAAAAAACFjsFKxDAQhsdqtXgR9CYIgqi3tEoVZU/a3YhQ18OCIMVD3K210k1qm0pB8Hk86Mv4Bp4WEd/BTNOsiAdnDvmY/P/M//IFdlnA1m01KgUneVYlKS8J42U6FJkoyJGiAKkvZAy6ZiywQnAawRnLJWyH2u+2fnfqd6d+JeyEMDdikklYDu/YA3MzxhN3IIuUJ526gNU2xVDwUmQxCfT7+zLUuQq8+X9gdfDz2RHvl4OJBbMR2NdJE3Yl+ntc/d7g7z08wbxKydk4RrbqvCqMg6CDtI7Xt4vJx9rjSRNIJXMkLGz4ATYSpZ4qJM9D1jND/v7B7rFvdJQanSbaVIX3HbPZ88y+oPuzGVnPDO30Dtt9OAm6Rqept4ctwa5lXIwlLEWnfXp+td4+i9+ywCsSDgIAAA==[0m[INFO] [INFO] 
[8mha:AAABcB+LCAAAAAAAAACFkMtKw0AUho/VanCpO0EIiLdFLpUo2m7UtClCrIuIIMXFtB1jJJ2JM5MSEHweF/oyvoGrIuI7OJNLRVx4ZjEfZ87/n595+YI6Z7B1l444JWYSp2FEuIkIj4Y0psw8keQq6lGBoai5GtR80PKBc5QI2PYLvVXqrZnemunlYMuHhRESSMCKf48myIoRCa1AsIiErYzBWpliSAmnMTbd4v69GbJEBt78P7Bc+Pms0ffrYFqD+T7UB2EedrX/d7l8vVWvD/AEizIlQWOsuJYlKasUplKYpeL17Wr6sf7YzQPJZJqApQ3HVUeR59myFNm24qJXkXNwuHfqVHOeV80V5OWVqv1a5WzblZ/b/nFWXPQqanSOSj/VcdvVXEGdfXUE1DOB2VhA0D/reRc3enkZhqGHYzTBxCj+tdkwnWaICWZI4EvMRSDSAdd3BmkUj7qM0kmE+a5+rHOM2PBOGSx/AxJHzfNSAgAA[0m[INFO] [INFO] --- gmaven-plugin:1.4:generateTestStubs (buildGroovies) @ search ---
[8mha:AAABTR+LCAAAAAAAAACFj0FLwzAUx5/VavGoN0EoyPTWVpni2Em7dSh1HgaCDA/ZGuukS7oklYLg5/GgX8Zv4GmI+B1MmmYiHnw55MfL///ePy9fYHMGu3dFwinx8qxIJ4R7iPDJmGaUeSeSQkV9KjDoWrLAisGpBBcoF7AXa79f+/2F31/4pbAdw0qCBBKwEd+jB+RniKT+QLAJSdslg606xZgSTjPshfr+vRnKXAZu/B9YLvx8duj79WBuwfIQ7FFahd0c/l0uX2/V6wyeYFWmJGiKFVtlXjDj8JTDqx2vb1fzj+3HXhVIJnMErO00Q3UURVEgS1EQKNY9Q82j44PTptFFkdFpiqoq1H7HTA4CMy/s/ExWrHuG9rutep7qhB2j09Q9VEeAXQrMpgIaw7N+dHnj1lcPE8yQwInbcs/lh10uihFf/wYljwVgJAIAAA==[0m[INFO] [INFO] Generated 9 Java stubs
[8mha:AAABOx+LCAAAAAAAAACFjsFKxDAQhsdqtXgR9CYIgqi3tEoVZU/a3YhQ18OCIMVD3K210k1qm0pB8Hk86Mv4Bp4WEd/BTNOsiAdnDvmY/P/M//IFdlnA1m01KgUneVYlKS8J42U6FJkoyJGiAKkvZAy6ZiywQnAawRnLJWyH2u+2fnfqd6d+JeyEMDdikklYDu/YA3MzxhN3IIuUJ526gNU2xVDwUmQxCfT7+zLUuQq8+X9gdfDz2RHvl4OJBbMR2NdJE3Yl+ntc/d7g7z08wbxKydk4RrbqvCqMg6CDtI7Xt4vJx9rjSRNIJXMkLGz4ATYSpZ4qJM9D1jND/v7B7rFvdJQanSbaVIX3HbPZ88y+oPuzGVnPDO30Dtt9OAm6Rqept4ctwa5lXIwlLEWnfXp+td4+i9+ywCsSDgIAAA==[0m[INFO] [INFO] 
[8mha:AAABbR+LCAAAAAAAAACFkM1Kw0AQx8doNXjUmyAExK9DPiy1aHtR00aEWMGCIEVwTbexkmbj7qYEBJ/Hg76Mb+CpiPgOZrPZSvHgzGF/zMx/5s++fkOFUdi6T/uMxFYSpeEwZhaK2TAgEaHWcU6uoA7hGGTMaaD5oBcD5yjhsO1LvV3q7anenurzwaYPC33EEYcV/wGNkR2hOLS7nA7jsJlRWCtdBCRmJMKWK9/Zy5AlueHN/w3nB79edPJx3Z1oMN+Dyl1YmF3t/T2edwei+wjPsJi7jNEIC9ayJKVKYQmFVSre3q8mn+tPp4Wh3JnOYWmj5ooU5HlOHoIcR7CsKarVD6onNTXneWpOkldEKu7rarPjqH1u63ezYFlTtNc+LPeJittSc5La+yI5VDKO6YjDbe+s413cGOVjmqYxQmMcmxQzktIAM1N+cKNq1RscM36pGsZOHw9QGnFzprxrHBkMIxrci23LP3ixdoVfAgAA[0m[INFO] [INFO] --- maven-resources-plugin:2.6:testResources (default-testResources) @ search ---
[8mha:AAABYR+LCAAAAAAAAACFj0FLwzAUx5/VafGoN0EoiO5kW2XKxNPsVhHqPMwJMjzENquVLqlJKhXBz+NBv4zfwNMQ8TuYtM1EPPhyyI+X//+9f16+oMEZbN3kEafEztI8Tgi3EeFJSFPK7I4kT1GfCgxVzRlgBGCWglOUCWgGld+p/c7M78z8UngYwEKEBBKwEtyie+SkiMTOQLCExIcFg7U6RUgJpym2ver+vRmKTAbe/D+wXPj5bNL3y8HUgPkRNK7jMuzq6O9y+TpWr3fwBIsyJUETrNgospxph60cdu14fbuYfqw/HpeBZDJTwNJGy1NHke+7shS5ruKqp6m13949ammd72tdRX5Zudpv6smuq+d53Z/Jiquepp3eQT1Pdbyu1lXU21NHQKMQmE0EdEYnff/syqqvIZc/s5rDc3+73bQwCWmkGoJaIc0erHGSShuOLIY5zVmIub38DXws/ypAAgAA[0m[INFO] [INFO] Using 'UTF-8' encoding to copy filtered resources.
[8mha:AAABSh+LCAAAAAAAAACFj8FKxDAQhsdqtXjUmyAURb21dami7Em7WxHqelgQpHiI3Vor3aSbpFIRfB4P+jK+gadFxHcwaZoV8eDkkI/J/8/8efkCk1HYvq1GjGCnLKosx8xBmOUJKQh1jgQFkgaEp6BqzgAjAqsRnKGSw06k/G7rd2d+d+YXwm4ECyPEEYeV6A7dI7dAOHOHnOY469YU1toUCcGMFKkTqPv3ZqhLEXjr/8Bi4eezRd4vh1MD5mMwr7Mm7Gr8d7l4vZGvE3iCRZESo3Eq2ajLimqHIx1O63h9u5h+rD+eNIFEMovD0qYfyCMpDD1RkjxPsupp8vcPOse+1oWh1ikKm6rkfktP9jw9L+j9TJasepp2+4ftPNkJelqnqL8nDwez5ikdc9iITwfh+ZXdXgEpH8Tf7I5NU0YqmqRs+RtdEuBbIQIAAA==[0m[INFO] [INFO] Copying 2 resources
[8mha:AAABOx+LCAAAAAAAAACFjsFKxDAQhsdqtXgR9CYIgqi3tEoVZU/a3YhQ18OCIMVD3K210k1qm0pB8Hk86Mv4Bp4WEd/BTNOsiAdnDvmY/P/M//IFdlnA1m01KgUneVYlKS8J42U6FJkoyJGiAKkvZAy6ZiywQnAawRnLJWyH2u+2fnfqd6d+JeyEMDdikklYDu/YA3MzxhN3IIuUJ526gNU2xVDwUmQxCfT7+zLUuQq8+X9gdfDz2RHvl4OJBbMR2NdJE3Yl+ntc/d7g7z08wbxKydk4RrbqvCqMg6CDtI7Xt4vJx9rjSRNIJXMkLGz4ATYSpZ4qJM9D1jND/v7B7rFvdJQanSbaVIX3HbPZ88y+oPuzGVnPDO30Dtt9OAm6Rqept4ctwa5lXIwlLEWnfXp+td4+i9+ywCsSDgIAAA==[0m[INFO] [INFO] 
[8mha:AAABbx+LCAAAAAAAAACFkM9Kw0AQxsdoNXjUmyAExH+HbGKtou1FTRsRYj0UBCk9rOk2jSSbmGxKQPB5POjL+AaeiojvYDabrYoHZw77Y2a+mY99/oRamsDWOBumEUVxkHk+TRGmqe9GQZSg04IsTt2IERAxp4DigFoOXOKYwbYj9EalN2Z6Y6YvBlsOLAwxwwxWnDs8wUaAqWf0WOJTr5UnsFa5cCOaRgFBlnh/X4Y8Lgxv/m+4OPjxpEZvN72pAvN9qN16pdnV/t/jRXfEu/fwCIuFS4pDwlnJ4yyRCsQVqFK8vF5P39cfzktDhTOVwdJGw+LJybbNIjiZJmdRk9Q4PKqfNeScbcs5QXYZGb+vys2mKfdZ7e/NnEVN0l7nuNrHK1ZbzgnqHPBkUMsZSUIGg/5F174aaNWj67oW4gmhuhuFsR+QRBf/26yjfVRvMpIyS3S0nSEZ4Sxg+o/irnaipQQn7pivWv4CTgMbjVwCAAA=[0m[INFO] [INFO] --- maven-compiler-plugin:2.3.2:testCompile (default-testCompile) @ search ---
[8mha:AAABjB+LCAAAAAAAAACFkc1KxDAQx8fV1eJRb4JQEPVkU2UVZU9arQjrB64IsnjI1tna3bSpSbouKD6PB30Z38CTiPgOJv1QxIOTw/yYzH/mH/L0CXUpYOk6u5I8cVKWhVEiHZrIKOCMC2dbk2foiCuEIsZqUGuBlTcc0lTBcqvQk1JPvvXkW68bmy2YuKKKKphp9emQEkaTkLSViJKwORIwV7oIeCI5Q8cr8u/NMEq14cX/DeuFH48Wf71ov9VgvAP1bpibne38Xa5ve+b2Bh5gUrtMaIyGa6M0E5XCMQqnVDy/nL+9z9/t54a0M0vB1ELDM8eQ77s6DLmu4aJWUWNjc22nUfX5ftVXkJ9HZvZb1WTXreZ5uz+TDRe1ilb3tsp5puLtVn0F7a2bo6A+UihiBfedgyP/+NIuk8fjNGL6dfaWLXkmArR7EUNpK26TIRWERV3Sx2RgvrjPu5KctZGK4PoERY+L+BQZUonklouBTGmARKIYRjorKkJURKFUKwGjUqKc/gI/UByJewIAAA==[0m[INFO] [INFO] Compiling 9 source files to /var/lib/jenkins/jobs/TSearchPerformRelease/workspace/service/target/test-classes
[8mha:AAABOx+LCAAAAAAAAACFjsFKxDAQhsdqtXgR9CYIgqi3tEoVZU/a3YhQ18OCIMVD3K210k1qm0pB8Hk86Mv4Bp4WEd/BTNOsiAdnDvmY/P/M//IFdlnA1m01KgUneVYlKS8J42U6FJkoyJGiAKkvZAy6ZiywQnAawRnLJWyH2u+2fnfqd6d+JeyEMDdikklYDu/YA3MzxhN3IIuUJ526gNU2xVDwUmQxCfT7+zLUuQq8+X9gdfDz2RHvl4OJBbMR2NdJE3Yl+ntc/d7g7z08wbxKydk4RrbqvCqMg6CDtI7Xt4vJx9rjSRNIJXMkLGz4ATYSpZ4qJM9D1jND/v7B7rFvdJQanSbaVIX3HbPZ88y+oPuzGVnPDO30Dtt9OAm6Rqept4ctwa5lXIwlLEWnfXp+td4+i9+ywCsSDgIAAA==[0m[INFO] [INFO] 
[8mha:AAABax+LCAAAAAAAAACFkM1Kw0AUha/RanCpO0EIiH+L/FSiaLtR06YIaV0IghQX03ZMI0kmZialIPg8LvRlfANXRcR3cCaTqYgL7yzm48459x7m5QtqNIedcTGiJLWyuAijlFoopdGQxCS3zjh5gnqEYZC1oIEWgF4KuihjsBtIv1357bnfnvu5sBnA0ggxxGAtuEcTZMcoDe0rlkdp2JzmsFGlGJKUkhhbnrx/b4ZpxgNv/x+YL/x81sn7zdVMg8U+1AZhGXa9/3c5f70Trw/wBMs8ZYoSLFibZkWuHJZwWJXj9e169rH52CkD8WQ6g5Ut1xNHkO87vAQ5jmDZU+QeHR+cu0rn+0onyS+rEPt1Ndlx1Dyv9TNZsOwpqrdPqnmi47WUTlL7UBwGtSnDecKg27/o+Ze3RnWZpmmECZrg1JT/2qhbboNhyjySZFGMjb1BEcWjTk7IJMJ03zg1KEb5cCysq9+jntYCTAIAAA==[0m[INFO] [INFO] --- gmaven-plugin:1.4:testCompile (buildGroovies) @ search ---
[8mha:AAABUB+LCAAAAAAAAACFjsFKw0AQhsdoNXjUmyAERMVLEksrSk+aNkWI9VAQJHhYkxgj6W7c3ZSI4PN40JfxDTwVEd/B3Wy2Ih6cOezH7P/P/C9f0GIUdm7LmBFsF3mZZpjZCLMsIjmh9rEgT9KI8ARULRhgBGDWgjNUcNgNlN9p/M7c78z9QtgLYClGHHFYC+7QFDk5wqkz5jTDaa+isNGkiAhmJE9sT72/L0NViMDb/wcWBz+fTfJ+OZ4ZsBhC6zqtw66Hf4+L3xv5ew9PsCxSYjRJJBtVUVLtsKXDbhyvbxezj83HYR1IJDM5rGx1PNmSfN8VJcl1JauZps7BYfuko3W+r3WK/LpKed/Um11X7/P6P5slq5mm/cFRs09OvL7WKRp0ZXNoVTyhEw574enIP7+ymscjkyLLk9hqd60hJWT6YEU5Yixhq99RRlA2KAIAAA==[0m[INFO] [INFO] Compiled 25 Groovy classes
[8mha:AAABOx+LCAAAAAAAAACFjsFKxDAQhsdqtXgR9CYIgqi3tEoVZU/a3YhQ18OCIMVD3K210k1qm0pB8Hk86Mv4Bp4WEd/BTNOsiAdnDvmY/P/M//IFdlnA1m01KgUneVYlKS8J42U6FJkoyJGiAKkvZAy6ZiywQnAawRnLJWyH2u+2fnfqd6d+JeyEMDdikklYDu/YA3MzxhN3IIuUJ526gNU2xVDwUmQxCfT7+zLUuQq8+X9gdfDz2RHvl4OJBbMR2NdJE3Yl+ntc/d7g7z08wbxKydk4RrbqvCqMg6CDtI7Xt4vJx9rjSRNIJXMkLGz4ATYSpZ4qJM9D1jND/v7B7rFvdJQanSbaVIX3HbPZ88y+oPuzGVnPDO30Dtt9OAm6Rqept4ctwa5lXIwlLEWnfXp+td4+i9+ywCsSDgIAAA==[0m[INFO] [INFO] 
[8mha:AAABah+LCAAAAAAAAACFkM1Kw0AUha/VanCpO0EIiH+L/LRU0Xajpo0IsS4KghQXYztNI+kkzkxKQPB5XOjL+Aauiojv4EwmUxEX3lnMlzvn3HvIyxdUGYWdcTZkCbHTOAsjwmxEWDRI4oTap4I8Sd2EY1C1UIFKAEYhuEQph91A+Z3S78z9ztwvhK0AloaIIw5rwT2aIidGJHR6nEYkbOUUNsoUg4SwJMa2p+7fmyFPReDt/wOLhZ/PRvJ+05tVYLEP1buwCLve/7tcvI7k6wM8wbJISdAES67kaUa1w5YOu3S8vl3PPjYfz4tAIpnBYWWr4ckjyfddUZJcV7LqaWocHtXPGlrn+1qnyC8qk/sNPdl19Tyv/TNZsuppqnWOy3my47W1TlHnQB4O1ZxjOuHQ7V90/atbs7wsyzInaIqJxTKKRxHFlvq/zbpdc5scM27uDfEIZTG35Ne+eWIyjOhgLL2r314UVMtNAgAA[0m[INFO] [INFO] --- maven-surefire-plugin:2.10:test (default-test) @ search ---
[8mha:AAABiR+LCAAAAAAAAACFkc9Kw0AQxsdqtXjUmyAURD2ZjVJF7UnTRoRYxYogxcM23aapaTbObmpF0NfxoC/jG3gqIr6Du/lTEQ/OHvbH7HzffLAvX1AUCGu9uCN4aERB7PmhMGgofJcHHI0DRZamBpcM0poqQMGBUjJwQiMJ606qJ5meTPRkoleDVQdmOlRSCQtOnw4pCWjokaZEP/SqI4SlLIXLQ8EDZljp/XszjCIVePX/wGrh53OJv181xwWYbkGx7SVhF1t/l6vXrn69hUeYVSlDOmCaC6MoxlxhaIWRKV7fLscfyw9HSSCVrCRhbqVi6aPJtk1VmkxTc9rLqbKzu3VYyedsO59LyU4q1vtLubNp5n5W7cdZc9rLabO+l/npjlXL51Kqb+sjoTiSDAcSnlrHDfv0upxdzRhZ10dWRhZxlOWOYldyvN8vkyFFEvht0mfhjf7hPm8LctFkFN3eGcMux8E5CxgVjNxxvBERdRkRDIe+uiVFj0kiMv+N1F/MfwN8AkbLfgIAAA==[0m[INFO] [INFO] Surefire report directory: /var/lib/jenkins/jobs/TSearchPerformRelease/workspace/service/target/surefire-reports
[8mha:AAABOR+LCAAAAAAAAACFjsFKxDAQhsdqtXjUmyAIot7SKlWUPbndrQh1PSwIUjzE3Vor3aSmqRQEn8eDvoxv4GkR8R3MNM2KeHDmkI/J/8/8L19glwK2b6txyRkp8irNWEkoK7MRz7kgx4oCpAGXCeias8CKwGkEZ7SQsBNpv9v63ZnfnfmVsBPBwphKKmEluqMP1M0pS92hFBlLO7WAtTbFiLOS5wkJ9Pv7MtSFCrz1f2B18PPZ4e+Xw6kF8zHY12kTdjX+e1z93uDvPTzBokrJ6CRBtuqiEsZB0EFax+vbxfRj/fGkCaSSORKWNv0AGykMPVVInoesZ4b8g8O9rm90YWh0msKmKrzvmM2eZ/YFvZ/NyHpmaLd/1O7DSdAzOk39fWwJdi0TMZHgxKeD8PxqY/kbaqkK+wcCAAA=[0m[INFO] 
[8mha:AAABPh+LCAAAAAAAAABb85aBtbiIQS2jNKU4P0+vIKc0PTOvWC8xrzgzOT8nv0jPEchyBrH88ktSGSCAkYmByYeBA6zAN7GghEHdB6JfH6pfH65fH64fqNDah4ElJbEksYRByCcrsSxRPycxL10/uKQoMy/duqKIQQrqiuT8vOL8nFQ9ZwiNajNDRQHQwaqEHQy08PUKjvyHkcHPmRiYoxlYk9LBjhWOxrQcKJsGki1kqGNgA7oyLzE3FcRmqigoLYLp0APp0IPqWHsp7PlL2Wp3sIOALuMoYWBXNnEGQRDLzc0ACEAsAwMQGyIGY5mYWRg5mcDUubnB1EFYbmBQCrKfA2aygQHMPGcXhMkgNkQMxjJ0tYSaBxJxdoGpg7BcTUGwhIG1oiS1KLeEwT7a08/NP1ZBlzzABQBLt5s/PgIAAA==[0m[INFO] -------------------------------------------------------
[8mha:AAABQh+LCAAAAAAAAACFkcFKxDAQhsdqtXjUmyAURL21Vaooe9JuI0JdDxVBioe4W2ulm3TTVAqCz+NBX8Y38LSI+A4mTbMiHpxA8zH5/5kf+vIFZsVg664eVZQ4ZVFnOakcTKp8SAvKnCNBgaQB5SmomjPAiMBqBWe45LAdKb/b+d2Z3535hbAXwcIIc8xhJbrHD9gtMMncmLOcZL2GwVqXYkhJRYvUCdT9ezM0pQi8+X9gsfDz2aLvV/HUgPkEzJusDbua/F0uXm/l6wSeYFGkJHicSjaasmba4UiH0zle3y6nH+uPJ20gkczisLThB/JIQsgTJcnzJKueJn//YPfY1zqEtE4RaquW+y092fP0vKD/M1my6mnaCQ+7ebIT9LVOUbgnDwez4Skbi9+QnA7Q+bVtX9ihHYtvvPwN+3DhShECAAA=[0m[INFO]  T E S T S
[8mha:AAABPh+LCAAAAAAAAABb85aBtbiIQS2jNKU4P0+vIKc0PTOvWC8xrzgzOT8nv0jPEchyBrH88ktSGSCAkYmByYeBA6zAN7GghEHdB6JfH6pfH65fH64fqNDah4ElJbEksYRByCcrsSxRPycxL10/uKQoMy/duqKIQQrqiuT8vOL8nFQ9ZwiNajNDRQHQwaqEHQy08PUKjvyHkcHPmRiYoxlYk9LBjhWOxrQcKJsGki1kqGNgA7oyLzE3FcRmqigoLYLp0APp0IPqWHsp7PlL2Wp3sIOALuMoYWBXNnEGQRDLzc0ACEAsAwMQGyIGY5mYWRg5mcDUubnB1EFYbmBQCrKfA2aygQHMPGcXhMkgNkQMxjJ0tYSaBxJxdoGpg7BcTUGwhIG1oiS1KLeEwT7a08/NP1ZBlzzABQBLt5s/PgIAAA==[0m[INFO] -------------------------------------------------------
[8mha:AAABXR+LCAAAAAAAAACFj0FLwzAUx5/VafGoN0EYiHpLq0xRdnLdKkqd4ESQ4SHralftkpqkoyD4eTzol/EbeBoifgeTppmIB18O+fXl/3/v35cvqHEGW6N8yClBWZrHCeEIE56ENKUMHUnyFHWpiEDXnAVWAHYpOMOZgO1A+53K78z8zswvhc0AFoZYYAErwR2eYCfFJHZ6giUkbhYM1qoUISWcphHy9P17MxSZDLz5f2C58PPZpu/XvakF832oDeIy7Gr/73L5eqteH+AJFmVKgseRYqvIcmYcSDlQ5Xh9u5p+rD8el4FkMlvA0kbDU0eR77uyFLmuYt0z1Ng/2G01jM73jU6TX1au9ttmsuuaeV77Z7Ji3TO00zms5qmO1zY6TZ09dQTUChGxsYBm/6Trn9/UL3JC5E/VQzpGDIf3PMNhhHiEWTiSF5sk8vOUDnoaLyMulr8Bz/sAODoCAAA=[0m[INFO] Running com.rackspace.search.service.JobServiceTest
[8mha:AAABjh+LCAAAAAAAAACFkc1Kw0AUha/VanGpO0EYEHWjk1jr/0pTI0JsFxVBQhdjMo3ROFMnkxpRfB4X+jK+gasi4js403Qq4sI7i3zcuefcw+TlC8qpgKXLLEw5w90ki2KWYsLSOOAJF3hfkaOpwSWFosZKUPKgMhg4IV0Jy16ht4Z6a6S3Rno1uOfBREgkkTDjXZEesRLCIqslRcyivVzA3DBFwFnKE4qd4vt7M+RdFXjx/8Bq4edzhb+ft/olGPehfBENws76f5er246+vYUnmFQpGbmhmkt5NxNGgbUCDxWvb2f9j/mHo0EglawiYWqh5uijyXVtVZpsW3PRM1Tb3K4e1Myc65q5gtxBZXp/xTjbtvFz6j/OmoueobXDnaGf7jh1M1fQ4YY+Esq5pOJGwp1/3HCbbVSt7q5v7m6sr2zZNfS4qpsoZii4xLc8xQmPLkhwjYOEpOqVscejiAr1cyTNpR/SDskS2UaryOFZEqJG8xR1YhYiQVOeiYAi3zhEgvPefXv6G5AFnul2AgAA[0m[INFO] 22:36:53,704 |-INFO in ch.qos.logback.classic.LoggerContext[default] - Could NOT find resource [logback.groovy]
[8mha:AAABkx+LCAAAAAAAAACFkc9K7DAUxo+j4x1c6k4QAqJunLSOo9c/q3s7UxHquFAEKbOIbaZWM8mYpJeK4vO40JfxDVyJiO9gMm0VuQtPFv1xcr7vfKQP71BXEpbPs1gJjkcsS1KuMOEqjQQTEv8x5FnqCU2hqIka1AJojAcOyEjDSlDonVLvfOqdT70Z3A1gKiaaaJgNLsg/4jDCE+dIy5Qnu7mE+TJFJLgSjGKv+H7fDPnIBF76ObBZ+HbfEM+nRy81mAyhfpaMw86F/y83twN7ewV3MG1ScjKklmv5KJOVAlsFLhWPTycvrws3e+NAJllDw6/FtmePJd93TVlyXctFr6L25lbrb7ua8/1qriB/XJnd36icXbfy8zpfzpaLXkVr3e3Sz3a8TjVXUHfDHg31XFM51HAd7vf8wz5qtXbWN3c21ld/u21027RNlHIUneMroTATyRmJLnHEiDKvjAORJFSan6NprsOYDkjGdB81kScyFqPe4TEapDxGkiqRyYiisHRoaqo0zoesP/MBGHdZpXgCAAA=[0m[INFO] 22:36:53,704 |-INFO in ch.qos.logback.classic.LoggerContext[default] - Could NOT find resource [logback-test.xml]
[8mha:AAAByh+LCAAAAAAAAACFksFuEzEQhk0gEHEsNyQkSwi4UHtJk1LSU7vtIqRtiwhCQqscnM1ks4ljb21vWAnU5+kBXoUDb8CpQlXfofZuXEAcGB/8aTz/zC/bX69QWyv0dFZOtBSk4GWWC02Y0HkquVRkz1Lo6FgaQE3caqFWjDp1wRErDHoWN3q61tMbPb3R28LdGN2ZMMMM2ojnbMUoZyKjQ6Nyke1WCj1cu0il0JIDCZv978moKqzhJ/83bAdennfkz4/Dixa6naD2OKvNPkj+HW5Pp+70FJ2hu9alYEtw3KqKUnkFcQqyVnz78eHi16PPr2tD1lnHoHuPe6FbjqIosOEoCBw3OU+97Z3ufs/XRZGvayiqo3TzO75zEPh+4cHvzo6bnKcXh6/W/VwmPPB1DR323TKoXRlQS4O+J2+Oo5MR7nYHW9uD/tbzl0Eff9l0SZwLnM7IqdSEy2zM0gVJOdP2lkksswyUfRwDlUkmMGUlNyO8iSNZiglWoGWpUsCJF1ZLPsLM4GSacxjQFVOU52M6B7Fwn2Uux5q+HwJT6ewtqKlUy3fAgWmgn6Ra6IKlQDWoVW53w1QGhtZeQNM/R9y/BvO0lO7NAgAA[0m[INFO] 22:36:53,705 |-INFO in ch.qos.logback.classic.LoggerContext[default] - Found resource [logback.xml] at [file:/var/lib/jenkins/jobs/TSearchPerformRelease/workspace/service/target/classes/logback.xml]
[8mha:AAABiR+LCAAAAAAAAACFkc1Kw0AQx8dqNXjUmyAsiHqxm9gvbHuqaSNCrYeCIMXDJk3TaLqbZjdSUHweD/oyvoGnIuI7uJuPinhw9rC/nZ3/zJ/dly8o8ggOJvGIM4rDIPZ8yjGh3HdYwCLclmQq6jPhQhorBSj0QEsKLkgo4LCX6vVMry/1+lIvC1s9WBsRQQRs9W7JPdEDQj19ICKfeq15BDuZC4dRzgIXm+n+ezLMQ2l4/3/DcuDns8berweLAqwOoWh7idnt4d/h8nasbmfwBOvSJSVTV3FhHsZRrsBKgTPF69vV4mP34SwxJJ1pAjb2qqZaiizLkKHIMBSnuZyq9ZPyaTWvs6y8LiUriVjN1/LOhpH3Mzs/nRWnuZyOu42sn8qYnbwupW5NLQHFuXCjqYBweN63Lm9Qudys1Ju1ylGjXEePJZVEPkXOBM8YxwHzbOLcYScgXL4yvmURoZg4wpcfIP9o7HtxRNSpneRQCY1cO/YQEfKt7Fi4iDKBuCs2vwGsKjbUbwIAAA==[0m[INFO] 22:36:53,926 |-INFO in ch.qos.logback.classic.joran.action.ConfigurationAction - debug attribute not set
[8mha:AAABmh+LCAAAAAAAAACFUdFKwzAUvU6nw0d9E4SAqC8urXMON59mtSLMCQ4EGT5kXazVLqlpKhPF79mD/ox/4NMQ8R9M2mYiCt485OTmnHMPyfMnFGMBa1dJP+YMR2HiByzGhMWBx0MucFMhR6M2lxSymipAoQWllHBMIgnrrUxv5XprorcmekXcbcFMn0giYaF1Te6IFRLmWx0pAubvDgUs5Sk8zmIeUuxk+8/JMIxU4NX/A6uBH6MSfzvvjAsw3YViz0/DLnZ/D1e3l/r2Fp5gVqVkZEA1LgyjRBgF1gqcK15ez8bvyw+HaSCVrCRhbqXq6KWR69qqNLJtjbOeQdXaTmWvaniua3gZctNK9PyScbZt4+fsfztrnPUM2jyo53664+wbXoYOtvWSUBxKKgYSRt2jtntygSqVxlatsb21Ua9V0WNZN1HAkHeFb3mMQ+73iHejvkVQfM0FYZh4MlCv34wiyvpUNNMjKqNmjycSSa7UsSRMBkRSRHIW4pdI3kcUdf8yFjwM1cPi02x3g5Aa+4v5L3bdSNGnAgAA[0m[INFO] 22:36:53,964 |-INFO in ch.qos.logback.core.joran.action.AppenderAction - About to instantiate appender of type [ch.qos.logback.core.rolling.RollingFileAppender]
[8mha:AAABhh+LCAAAAAAAAACFkc1Kw0AQx8dqNXjUmyAsiHrRTeyX1p5q2hQhVrAgSPCwTWOamuzGzVYKis/jQV/GN/AkIr6Du/lQxIOzh/3t7Pxn/uw+fUI54bA1no4SRnEcTv2AJpjQJHBZyDhuSzIV9ZnwIIu5EpRs0NKCExIL2LYzvZ7r9W+9/q2XhS0bFkZEEAEr9oTcEj0k1NcHggfUb804rOUuXEYTFnrYzPbfk2EWS8Ob/xuWAz8eNfZ6MXgrwbwD5aGfml11/g6Xt1fq9gYeYFG6pCTyFJdm8ZQXCqwUOFc8v5y/va/f9VJD0pkmYGmjZqqlyLIMGYoMQ3GWK6jWOKgc1Yo6yyrqMrLSmKr5WtHZMIp+Zuens+IsV9Bet5n3UxmzU9Rl1K2rJaA8Ex6PBETOcd86vUSVymG1cViv7jT3q+h+VyVRQJE7xjcswSHzh8S9lt/CPTxhnFBMXBHI12/HsUdHHm+nR7SL+iSSj4NInkckQc7ZqW0f93uXy18/QujtbAIAAA==[0m[INFO] 22:36:53,973 |-INFO in ch.qos.logback.core.joran.action.AppenderAction - Naming appender as [ROLLING]
[8mha:AAABgR+LCAAAAAAAAACFkc1KAzEUha/VanGpO0EIiLqxmWltiz8rOzoi1CpWFCku4jSOI2kyTTJSf/B5XOjL+AauiojvYNLpKOLCm8V8nNxz7wnz/Al5JWHpKukowXHMkjDiChOuokAwIfGWIc9SU2gKaY3lINeAwrBhn8Qalhup3xn5nW+/8+03jZsNmOgQTTTMNK7JDXEY4aHT0jLi4WZfwtwoRSC4EoxiL/3+3gz92ARe/D+wWfjxVBBvZ61BDsbbkL8Ih2Fn23+Xm9tLe9uDR5g0KTnpUsu5fpzIzIGtA48cL68ng/f5+91hIJOsoGFqoeLZY8n3XVOWXNdyqmVUqa2V65Wsz/ezvpT8YSV2fyGb7LrZPG/7Z7LlVMuotLM+mmcVbzvrS2mnao+GfF9T2dVw0d5r+gfnqFzeWK1tVCsrpdIaeihaEUUcBbiHmfkbkmIpGDPPxsdRl9aJop2jVDgULApuURGdRoyhRFEU3qFAdGNJlYoEn/4CUZKQv2ECAAA=[0m[INFO] 22:36:54,118 |-INFO in c.q.l.core.rolling.TimeBasedRollingPolicy - Will use gz compression
[8mha:AAABxR+LCAAAAAAAAACFkUFP2zAUxx9lHdWO4zZpkiVUuBAnlII2OEHaoEpthyhjQtWETOKmnlw72A4qYtvn2WE773vsG+yEpmnfATtpmNAOez7kp+f3/79/5K9/oK4VrE/zREuBM56nTGhMhGax5FLhA0uho6E0FMpaqkGtD41iYEAyAxv9Uu8v9P6D3n/Q28H9PjxJiCEGnvc/kGvicyJSf2QUE+n+XMGLRYpYCi05xWH5fbwZ5pkN3Px/YLvw95eG/Hk+uqvB8hjql2kRdnX873J7O3G3V/AZntqUgsyo49o8y1WlwE6BF4pvP87ufr28PSoC2WQNAytr7dAdR1EU2HIUBI7LXkXt3Vetw3Y1F0XVXElRUbnb36icg6DyCzt/nR2XvYq2uq8Xfq4Tdqq5kro77hiozw1VMwPfx71h9OY9arX2tnf3dtqbW60AffRcEzGBYnyFuX0NRbGSnNvfxqdsRg+JpslJ2TiWnMU3yEPvGOco1xSZKUUZMXaBNZAzrHOBCdHYvpIhIqYnUpqL3uji7bDTjXrDbsfnMtW+pkTFU6+Z3N7Y8gYDL0k+4SZDE6kKTxIbdk3RhHH67B5YXxfitgIAAA==[0m[INFO] 22:36:54,120 |-INFO in c.q.l.core.rolling.TimeBasedRollingPolicy - Will use the pattern com.sun.aas.instanceRoot_IS_UNDEFINED/logs/search-%d{yyyy-MM-dd}.%i for the active file
[8mha:AAAB2x+LCAAAAAAAAACFUc9v0zAYNYVCxRFuSEiWppILcbKSjv240KXNVKkNiBYkVKHJi93UI7Ez20Flg/09HOCf4c6B04QQ/wN203RCHPh88NPn99735O/Lb9BUEjxalEQJjoqsTBlXCHPFEpEJiXoGhRbFQlNQ1Y0GaIxAa0UY40IDZ1TpvbXe2+i9jd4QD0bgFsEaa3BvdIrfYy/DPPUmWjKeHiwleLBOkQiuREZRWN1/TwbLwgRu/z+wGfjrc0v8eDO5aoCbM9A8SVdh78/+HW5e5/b1DFyC2yYlxzm1uLEsSlkrkFWgteLrt9dXPx9eHK0CmWQtDe5sBaE9FkWRb8oi37e46tUo2NntHAY1L4pqXoWiVZV2fqt29v3aL+xfO1tc9Wq0Pdhb+9lO2K95FRp07dGgudRU5hp8nw3j6Plb2OnsP9nZ7waPtztd+NG1Tcg4TBboTCiUifQEJ+/MWiRFUmQZs9/AzmmPkynL6SFWlERxb/ri2VOy1yXBnEIXThcUmmVTWGBtpnHIFHQ+mHLHY5cQB86lyOGcZRTa397QnETkSJUcYayQWa3GPKEvhdDHw8nxq7g/iIbxoO+ZUMpTFMtk4bbJxbXxJ9RmKD130N0/MtwXRNwCAAA=[0m[INFO] 22:36:54,125 |-INFO in ch.qos.logback.core.rolling.SizeAndTimeBasedFNATP@7d95d4fe - The date pattern is 'yyyy-MM-dd' from file name pattern 'com.sun.aas.instanceRoot_IS_UNDEFINED/logs/search-%d{yyyy-MM-dd}.%i.gz'.
[8mha:AAABkB+LCAAAAAAAAACFkcFKw0AQhsdqNXjUmyAERL3YTaxpte3FmhoRYhUtghQPa7Omq8lu3WxLUfF5POjL+AaeRMR3cLdpFPHg7CEfs/8/87N5+oR8ImCl2w8SzlAv6oeUJQizhHZ4xAWqK3I1NbkkkNZEDnI+GCPBAe5JWPVTvzX2W99+69uvhDUfpgIssYQ5/woPsBVhFlonUlAW1oYCFsYpOpwlPCLITb+/N8OwpwIv/x9YLfx4NPjr2clbDibbkL8IR2Hn23+Xq9tLfXsDDzCtUjIcE825Ya8vMgfSDjR2PL+cvr0v3u2NAqlkhoSZJcfVR5Pn2ao02bbmtJeRU94q7jiZzvMyXUreqPp6v5FNtu1sntv4maw57WW0vlsZz9Mdt5HpUtot6SMhP5RExBJEe7/pHZ6bxWJ1o1wtOWvrxZJ5X9BNkzKz00U3PEERDy9w51r9FkGQ4FFE9TPQW1JnQYvGZAcnJPCa9dbR9mZQKQXOJTEL5rESFviACBNLM6YBo2FXotkvMgr0inECAAA=[0m[INFO] 22:36:54,125 |-INFO in ch.qos.logback.core.rolling.SizeAndTimeBasedFNATP@7d95d4fe - Roll-over at midnight.
[8mha:AAABoR+LCAAAAAAAAACFUc9KwzAY/5xOh0e9CUJA1Ium3db59+LWWRHmFDYFGR7iGrtol9Q0k6HiQ/gUHvRlfANPIuI7mKzrRDz45dAfX37/SJ+/IBtLWOr0/FhwHIW9gPEYEx6ztgiFxGWNXIPqQlFIZiwDmRrkBoQDEilYriV6a6i3RnprpNfE7RpM+EQRBTO1S3JDrJDwwGooyXiw3ZcwN2zRFjwWIcVu8v2dDP1IF178v7AO/HzKibfTxnsGxluQPQ8GZWdbf8P17YW5vYYHmNQtOelSgzP9qCdTBTYKPFS8vJ68f8zf7Q0K6WY5BVMLjmuOQZ5n6zHItg1Odily1jYKFSfleV7KS5A3mJ7Jz6XOtp36udUfZ4OTXYryu5tDP7NxqykvQbslcxRk+4rKroLH1n7dOzxDhcJWcW2r5Kzki3l0v2qWiHHU7uBrEeNQBOekfaV/i6RYijBk5hnYLS1zv8m6tEJi6nv1cvNoZ93fLPnOBUWrqEGV0kTtwxQjIYqoZMJHSiBPMnRApE4dBaPjposKdr44/Q0u+BnTkQIAAA==[0m[INFO] 22:36:54,131 |-INFO in ch.qos.logback.core.rolling.SizeAndTimeBasedFNATP@7d95d4fe - Setting initial period to Fri Mar 22 22:36:54 UTC 2013
[8mha:AAABth+LCAAAAAAAAACFkcFuEzEQhoeUQMQRbkhIlhDtpfFu0iSC5pRuslWkbSIlqAhFPTi77mbBsTe2FwW14nk4kJfhDThFCPUdsLO7QaiHjg/+NDP/zG/5xx1UlYTDRRYpwXHKsjjhChOuklAwIXHPkGdpJDSFPB5VoBJAbddwQVINR0Gudwq9s9c7e71p7AbwOCKaaHgefCJfiMMIj52plgmPu2sJLwsXoeBKMIq9/P5/M6xTY/jNw4bNwj/fa+LXx+m2AgczqM7jndkXs/vLTfXaVlfwDZ4Yl5wsqeXKOs1kqcBWgQvF5ufl9verm/OdIeOspuHp65ZnjyXfd01Ycl3Lea6kVudt86xV9vl+2ZeTv4vM7q+Vk123nOf1/022nOdKagzeFfNsxuuXfTkN2vZoqK41lUsNm9lw5I+vULN5etI5bbeOG50TdFv/0JuMUMJRuMAroTAT8ZyEn823SIqlYMy8H0/y208Y7aUp5RGVs8k4CIaj8ytUR+8XiUKkKCAuEBM8NkSiZaJNBTHyVWQaEcsqm9dDsUwFp1wfI0VNniPKQ2HF5ns1JRF+9hevg7GUrAIAAA==[0m[INFO] 22:36:54,163 |-WARN in ch.qos.logback.core.rolling.RollingFileAppender[ROLLING] - This appender no longer admits a layout as a sub-component, set an encoder instead.
[8mha:AAABsB+LCAAAAAAAAACFkc1u00AQx4dAitUjvSEhrYQol3btfKokp+DEVSWTSAmiQlEPG2dxXTa7m/W6pALxLtw4wMv0DThVCPEO7PojqOqhs4f5aWb+M3/LP/5CPVWwf54tU8GxZFmc8BQTniaRYELhgSHf0lhoCkU8qEEtBCcfeEOkhpdhoXdLvbvVu1u9GeyH8GhJNNHwJLwgl8RlhMfuTKuEx/2Ngqeli0jwVDCK/SLfvgwbaQy/uN+wOfjnuyN+vZ/d1ODhHOqLODe7N7973HQ/2O4avsKOccnJilqubWSmKgW2Clwqfl6/u/n97PNxbsg4czQ8ft727bMUBJ4JS55nuahV1O4eNV+3q7kgqOYKCvLI7H2n2ux51T5/+H+z5aJWUWP0qtxnK/6wmito1LFPQ32jqVpp+DY/GQeTM9Rs9lrdXqd90Oi20JfD08F0jBKOonO8FilmIl6Q6KP5LYpiJRgz34+nRQ4SRgdSUr6kaj6dhOHJ+PgMHaK3AlGeZoqiSKwk0ckiYYm+OkCfFJHSCNGVyBRixCRtb4U5nZbdEY+E2Yh3/wEAYkBuoAIAAA==[0m[INFO] 22:36:54,163 |-WARN in ch.qos.logback.core.rolling.RollingFileAppender[ROLLING] - To ensure compatibility, wrapping your layout in LayoutWrappingEncoder.
[8mha:AAABtR+LCAAAAAAAAACFkUFP2zAUx9+6Faodt9skJEsV7DKcUEoF5VRCgyplrdRKoKniYBI3Cbh2sB1UtImPg3bYvsy+wU5omvYdZjc1E+Kw54N/en7///tH+fYH6krCVlYmSnBcsDLNucKEqzwWTEjcMxRYGgpNoaoXNahF0FgOfCSFhvdRpfdWeu9R7z3qzeBhBK8SoomGN9EluSEeIzz1JlrmPD1cSHi3ShELrgSjOKjup5thUZjAm/8PbBb+/toQPz9NHmrwcgr1i3QZ9u30+XLzOrOv13AHayYlJ3NqubYoSukU2CrwSvH9x+nDr43PJ8tAJllDw3qzHdhjKQx9U5Z833LVc9Tu7LeO2m4uDN1cReGySru/4Zx93/kFx/+cLVc9Rzv9g5Wf7QTHbq6i/p49GuoLTeVcw/10MAxH56jV6u52unvtDzudXfRl+6w3HqKcozjD10JhJtILEl+Z3yIploIx8/14XN1hzmivKChPqJyOR1E0GJ6co200oRQRpgTKtC66nuc8rF+cebFIqMKZnrMmI7ei1AOuNCXJaNbn9k2imZAooZrkTL3+C7aUVFOlAgAA[0m[INFO] 22:36:54,163 |-WARN in ch.qos.logback.core.rolling.RollingFileAppender[ROLLING] - See also http://logback.qos.ch/codes.html#layoutInsteadOfEncoder for details
[8mha:AAABth+LCAAAAAAAAACFkdFq2zAUhk/TZgu77O4GA0HZetPITuaENb3KnDgEPAcSNhihBMVRHG+O5EhyCLT0bQq7WF+mb9CrMMbeYVIct4xdTLrQx9H/n/Pb+vEbylLA20U2k5zhNMmimElMmIxDnnCB25pcQwFXFPJ1UIKSD5Wd4CNJFZz6ud/a+61Hv/Xo18ILH45mRBEFx/5XsiZWQlhkjZSIWXSxEfBqnyLkTPKEYjc//54Mm1QHfvP/wHrgr+8V/vBltC3B4RjK02gX9uX43+H6dm5uV3ADz3RKRpbUcGmTZqJwYOPAe8fd/eftz9dXvV0gnayi4PmJ45ptyPNsvQzZtuG8VpDTfF//4BQ6zyt0OXm7lZn5laKzbRf93M5TZ8N5raBa93zfz1TcTqHLqdswW0F5o6hYKrgd9wNvcInq9da7ZqvhnNWaDrqumiKKGQoXeMUlTng0JeE3/SyCYsGTRH8/HuanFye0naaUzagYDwe+3w96l6iK2qGK1xRpK5prCTI/tIVCvsQyY5gQifWrKcJCOuRcTfqjyaeg0/X6QbdjaZO0JCVCz9f84g+S3cUdpAIAAA==[0m[INFO] 22:36:54,164 |-INFO in ch.qos.logback.core.rolling.RollingFileAppender[ROLLING] - Active log file name: com.sun.aas.instanceRoot_IS_UNDEFINED/logs/search.log
[8mha:AAABtx+LCAAAAAAAAACFkdFKG0EUhk9jY0Mv650gDIh6Y2bXuAZNruwmK4HtCgktyBJk3Izr6mZmMzMrEcXnaUFfxjfoVSil79CZbFYRLzznYj7OnP+cf5iHf1CVAjYv8pHkDGdpHidMYsJkEvGUC3yoyTUUcEWhiA8VqPhQmzd8I5mCLb/QWwu99ay3nvW6se3DxxFRRMEX/5JcEyslLLYGSiQsbk8FrC5cRJxJnlLsFufrzTDNtOGN9w3rhX9/1vjvk8GsAkshVM/iudmV8O1yfXtubidwD8vaJSNjargyzXJRKrBR4IXi8enH7M/a7dHckHZWU/Bp3XFNGvI8W4ch2zZc1EpymvuNr07Z53llX0HePHKzv1ZOtu1yntt5mWy4qJW00z1YzDMVt1P2FdTdM6mgOlVUjBX8CnuBdzxEjUZrt9nac7Z3mg66q5siShiKLvCES5zy+IxEV/pbBMWCp6l+P+4Xp5ek9DDLKBtREfaPfb8XHA1RHZk6ygTPqFA3KJFIUoUUR2HEx1jmDBMisf44RVhE+5yr097g9HvQ6Xq9oNux9EppSUqEtqB5+Pk/YyuYOqgCAAA=[0m[INFO] 22:36:54,164 |-INFO in ch.qos.logback.core.rolling.RollingFileAppender[ROLLING] - File property is set to [com.sun.aas.instanceRoot_IS_UNDEFINED/logs/search.log]
[8mha:AAABjR+LCAAAAAAAAACFkU9LwzAYxl+n0+FRb4IQEPWiaTfn8M/JdesQqh6GggwPMcau2iU1yUZB8fN40C/jN/A0RPwOJu2qiAffHPrjzfO870P6/AllJWGtP7xSguMkHoYRV5hwFVERC4kPDHmWjoVmkNdUCUoBVDLBEUk0rAe535n4nW+/8+03wv0AZq6IJhoWghsyIk5MeOh0tYx4uJ9KWJqkoIIrETPs5d/fmyFNTODV/wObhR9PFfF23h2XYLoH5cswC7vY+7vc3F7b2zt4hFmTkpMBs1xKk6EsHNg68MTx8no2fl++72SBTLKKhrmVumePJd93TVlyXct5r6B6Y6fWrBc63y90OflZDe3+SjHZdYt5XutnsuW8V1C1vTuZZzteq9Dl1N62R0M51UwONKS9w2P/5ALVantbjb3t+ka10UAPm7aJIo5oH98JhWMRXhJ6i2lMlHllfCMk4ZhQHZkfELARiw8yRpuIigGWRqsSQhlWjEjaR7GVIMU00gK12s3TzvwXsFsOTXcCAAA=[0m[INFO] 22:36:54,166 |-INFO in ch.qos.logback.classic.joran.action.LevelAction - com.rackspace.search level set to DEBUG
[8mha:AAABhR+LCAAAAAAAAACFkcFOwkAQhkcUbTzqzcRkE6NeZFuwEIUTFEpMKiSiJoZ4WEotxbJb2oWQaHweD/oyvoEnYozv4G5LMcaDs4d++Xf+mT/bly/IRiEcDCb9iFEc+BPXoxEmNPJs5rMQVwUZklqMO5DUSgYyFihxwzkJOBxaiV9d+NWlX136RWPFgrU+4YTDljUkU6L6hLpqh4cedSuzEHYWKWxGI+Y72Ei+vzfDLBCB9/8PLBZ+Pivs/aYzz8BqF7I9Nw673f27XNzeydsxPMG6SEnJyJGcmQWTMHVg6cALx+vb9fxj96EZBxLJFA4be7ohjyTT1ERJ0jTJiZaSXjop1PS0zzTTvoTMuCZyv5JO1rR0nlH/mSw50VLKN04X86Ri1NO+hBpFeThkZ9wJRxwG3bOW2b5FhUL5uFQu6kf5Ugk95qSIPIrsAR6zCPvM7RH7Hts+icQr4yELCcXE5p74AZYzdfxqzCiHLtrtS+RLCUUOR5yheqN21dz8BtDR5mdnAgAA[0m[INFO] 22:36:54,166 |-INFO in ch.qos.logback.classic.joran.action.LevelAction - ROOT level set to DEBUG
[8mha:AAABmB+LCAAAAAAAAACFUctKw0AUvVarxaXuBGFA1I2dxNoWH6uaNiLEFloRpHQxTadpapyJk6kUFJd+iwv9Gf/AVRHxH5zJQxEX3lnkcO459x5unj8hHwnYGk0GEWc4DCaezyJMWOS7POAC1xSyNGpySSGpuRzkHCjEgjMSSth2Er+R+o1vv/HtV8IjBxYGRBIJK86Y3BIjIMwzOlL4zDuaClhLU7icRTyg2Eq+vzfDNFSBN/8PrBZ+PBX422VnloP5LuT7Xhx2tft3ueoOdfcGHmBRpWTkmmqcm4YTkTmwduDU8fJ6MXtfvzuJA6lkBQlLG2VLP41s21SlkWlqnHAZKlf3S8flTGfbmS5BdlwTvb+QTTbNbJ5V/5msccJlaLdxkM7TjFXPdAlqVPSTkJ9KKq4lPHZPm3arh0qlw73qYaW8s1utovuiJpHPkDvCNzzCAff6xL1Sv0VQPOaCMExc6avr18KQsgEVbTqsxQwqopqUxB2pEyGSdpG+5gB12y3HOW2e9JDkyOGeR4WiWue95S8eAsYchQIAAA==[0m[INFO] 22:36:54,166 |-INFO in ch.qos.logback.core.joran.action.AppenderRefAction - Attaching appender named [ROLLING] to Logger[ROOT]
[8mha:AAABOR+LCAAAAAAAAACFjsFKxDAQhsdqtXjUmyAIot7SKlWUPbndrQh1PSwIUjzE3Vor3aSmqRQEn8eDvoxv4GkR8R3MNM2KeHDmkI/J/8/8L19glwK2b6txyRkp8irNWEkoK7MRz7kgx4oCpAGXCeias8CKwGkEZ7SQsBNpv9v63ZnfnfmVsBPBwphKKmEluqMP1M0pS92hFBlLO7WAtTbFiLOS5wkJ9Pv7MtSFCrz1f2B18PPZ4e+Xw6kF8zHY12kTdjX+e1z93uDvPTzBokrJ6CRBtuqiEsZB0EFax+vbxfRj/fGkCaSSORKWNv0AGykMPVVInoesZ4b8g8O9rm90YWh0msKmKrzvmM2eZ/YFvZ/NyHpmaLd/1O7DSdAzOk39fWwJdi0TMZHgxKeD8PxqY/kbaqkK+wcCAAA=[0m[INFO] 
[8mha:AAABbR+LCAAAAAAAAACFjsFKw0AQhsdqNXjUmyAsiHopSWxT0fakaSNCrGCLIMXD2q4xmm7i7kYCgs/jQV/GN/BURHwHs9lsRTw4c9iP2f+f+V++oMoZbN2kYx5TM4nSIKTcxJSHoziKmXmQkyupFwsCquYqUPHBKAQnOBGw7Su/Vfqtmd+a+XNh24eFMRZYwIp/ix+wFWEaWH3BQhq0MwZrZYpRTHkcEdNV7+/LkCV54M3/A+cHP5+N+P2iP63A/BCqV0ERdnX493j+ey1/7+EJFvOUFE+I5EqWpEw7TOkwS8fr2/n0Y/3xqAiUJzMELG04rmxJnmfnJcm2JauZJmd3r37oaJ3naZ0ir6hU3jf0ZtvW+9zOz2bJaqZpp7tf7pMTt6N1irpN2QKqmSBsIuBseNzzTi/RgHDBEUtpCzVqyMNhlDLCW8iuoS5jMVPYvwuThIwLHoQTgkiEEy4HDcdsNOuIk9HyN1/BUAFRAgAA[0m[INFO] Tests run: 3, Failures: 0, Errors: 0, Skipped: 0, Time elapsed: 34.352 sec
[8mha:AAABYR+LCAAAAAAAAACFj0FLwzAUx5/VafGoN0EQRL2lVaYoO2m3ilAn2CHI8BC72NV1SU3SURD8PB70y/gNPA0Rv4NJ007Egy+H/Pry/7/378sXNASH7WE+EIyiLM3jhAqEqUgiljKOjhV5mrpMEjA1Z4EVgF0KznEmYScwfqfyOzO/M/MrYSuAhQGWWMJKcI8n2EkxjZ1Q8oTGrYLDWpUiYlSwlCDP3L83Q5GpwFv/B1YLP59t9n4dTi2Y70PjNi7Drvb/Llevd/r1AZ5gUaWkeEw0W0WW89qBtANVjte3q+nH+uNpGUglsyUsbTY9fTT5vqtKk+tqNr2amgeHeyfNWuf7tc6QX1au99v1ZNet53ntn8maTa+m3c5RNU93vHatM9TZ10dCo5CEjyW0+2dd/+Jm4zKnVP3URsTGiONoJDIcESQI5tFQXXySqM9eEo2IDMtmaHo9IuTyN5Oh5V5DAgAA[0m[INFO] Running com.rackspace.search.service.TicketSearchServiceTest
[8mha:AAABbB+LCAAAAAAAAACFjsFKw0AQhsdqNXjUmyAsiHopSaxVanvStBEhVqQiSPGwtmuMprtxdyMBwefxoC/jG3gqIr6D2Wy2Ih6cOezH7P/P/C9fUBUcNm7SkWDUTuI0jKiwMRXRkMWM2/s5eYp6TBLQNVOBSgBWITjGiYTNQPud0u9M/c7UnwvbAcyNsMQSloJb/ICdGNPQ6Use0bCdcVgpUwwZFSwmtqff35chS/LA6/8Hzg9+Plvs/aI/qcDsAKpXYRF2efD3eP57rX7v4Qnm85QUj4niSpak3Dhs5bBLx+vb+eRj9fGwCJQnsyQsrDU81Yp8381Lkesq1jNDjd1m/aBhdL5vdJr8olJ13zKbXdfs8zo/mxXrmaGt7l65T028jtFp6u6ollDNJOFjCaeDo55/conOiJAC8ZS2UL2GfBzFKSeihdwa6nLOuMb+XZQkZFTwWTQmiMQ4EWrQtOvbTSTIcPEbi6c5u1ACAAA=[0m[INFO] Tests run: 2, Failures: 0, Errors: 0, Skipped: 0, Time elapsed: 8.238 sec
[8mha:AAABZR+LCAAAAAAAAACFkUFLwzAUx5/TafGoN0EYiHpLq0xRdprdOoQ6wYkgw0PsYjftkpqkWhH8PB70y/gNPA0Rv4NJ00zEgy+H/nj5/9/7l7x8QVVw2BhmA8EoSpMsHlGBMBWjiCWMo6YiX1OXSQKmZipQCcEpBEc4lbAZGr9b+t2p3536lbARwtwASyxhKbzGd9hNMI3dnuQjGjdyDitliohRwRKCfPP9vRnyVAVe/z+wWvj57LD3896kArN9qF7GRdjl/t/l6vZK397CE8yrlBSPieZKnmbcOpB2oNLx+nY2+Vh97BSBVDJHwsJa3ddHUxB4qjR5nmbTs1Tf3ds+qFtdEFidoaCoTO937GTPs/P81s9kzaZnaau9X87THb9ldYbaO/pIqOaS8LGEdv+wGxxf1E4yStVP1SI2RhxHNyLFEUGCYB4NUYwluccP6lW4fhJOmpkcdkzzlAi5+A2Xa+TiRAIAAA==[0m[INFO] Running com.rackspace.search.gateway.core.CoreAuthGatewayTest
[8mha:AAABbB+LCAAAAAAAAACFjs9Kw0AQxsdqNXjUmyAsiHopSVrqv/akaSNCrEhFkOJhbdcYTbNxdyMBwefxoC/jG3gqIr6Du9lsRTw4c9gfs9838718QZUz2LjJRpwmdhpnYZRwGyc8GtKYMntfkqeoRwUBXTMVqARgFYJjnArYDLTfKf3O1O9M/VLYDmBuhAUWsBTc4gfsxDgJnb5gURK2cwYrZYohTTiNie3p9/dlyFMZeP3/wPLg57NF3y/6kwrMDqB6FRZhlwd/j8vfa/V7D08wL1MmeEwUV/I0Y8ZhK4ddOl7fzicfq4+HRSCZzBKwsNb0VCvyfVeWItdVrGeGmtu7jYOm0fm+0Wnyi8rUfctsdl2zz+v8bFasZ4bq3b1yn5p4HaPT1N1SLaCaC8LGAk4HRz3/5BKdES44YlnSQo0a8nEUZ4zwFnJrqMsYZRr7d1GaklHBZ9GYIBLjlBcDu7FTR5wMF78BpJKue1ACAAA=[0m[INFO] Tests run: 2, Failures: 0, Errors: 0, Skipped: 0, Time elapsed: 0.271 sec
[8mha:AAABZx+LCAAAAAAAAACFkUFLwzAUx5/VafGoN0EQRL2lVaYoO2m3DqFOcEOQ4SF2savrkpqkWhH8PB70y/gNPA0Rv4NJ007Egy+H/nj5/9/7l7x8QU1w2BxmA8EoSpMsiqlAmIo4ZAnj6FCRp6nDJAFTMxZYAdiF4ASnErYC43dKvzP1O1O/EjYCmBtgiSUsBTf4DjsJppHTlTymUSPnsFKmCBkVLCHIM9/fmyFPVeCN/wOrhZ/PNnu/6E4smO1D7Soqwi73/y5Xt9f69haeYF6lpHhMNFt5mvHKgbQDlY7Xt/PJx+pjuwikktkSFtbrnj6afN9Vpcl1NZteRfW9/Z2jeqXz/UpnyC8q0/vtarLrVvO85s9kzaZX0XbroJynO16z0hlq7eojoZZLwscS2v3jjn96uXaWUap+ai1kY8RxOBIpDgkSBPNwiCIsyT1+UK/C9ZNw0ovDEZFt0+4RIRe/AQHe3XBGAgAA[0m[INFO] Running com.rackspace.search.gateway.core.CoreTicketGatewayTest
[8mha:AAABax+LCAAAAAAAAACFjsFKw0AQhsdoNXjUmyAERL2UJGqU2p40bUSIFWkRpHhY2zVG003c3UhA8Hk86Mv4Bp6KiO/gbjZbEQ/OHPZj9v9n/pcvqDEKGzf5iKXEzpI8igmzEWHxME1Sah8I8iV1U45B1YwBRghmKThBGYfNUPmdyu9M/c7UL4StEOZGiCMOS+EtekBOgkjk9DiNSdQqKKxUKYYpYWmCbV+9vy9DkYnA6/8HFgc/n830/aI3MWB2ALWrqAy7PPh7XPxey997eIJ5kZKgMZZsFFlOtcOWDrtyvL6dTz5WH4/KQCKZyWFhzfNlSwoCV5Qk15WsZpq8vcb2oad1QaB1ioKycnnf1JtdV+/z2z+bJauZpq3OfrVPTvy21inq7MrmUCs4pmMOZ4PjbnB6afUx48yiOWlaXt0KUJzkFLOm5datDqUpVdi7i7MMj0rux2Ns4QRlrBzYOw3PYni4+A3pC1spUAIAAA==[0m[INFO] Tests run: 4, Failures: 0, Errors: 0, Skipped: 0, Time elapsed: 0.384 sec
[8mha:AAABcB+LCAAAAAAAAACFkc1Kw0AUha/RanCpO0EoiLqbRKmidKVpI0KsYktBiotxOqax6UycmUhA8Hlc6Mv4Bq6KiO/gTH4q4sI7i3y5c869J+TlC2pSwNYoHUrOUBKnYcQkwkxGhMdcoCNNnqEOVxSKmrPACsDOBWc4UbAdFH6n9DszvzPza2EzgIUhVljBSnCHH7ATYxY6XSUiFjYzAWtlCsKZ5DFFXvH8vRmyRAfe/D+wXvj5bPP3q+7UgvkB1G7CPOzq4O9yfXtrbu/hCRZ1SoYn1LCVJamoHMg4UOl4fetPP9YfT/JAOpmtYGmj4ZljyPddXYZc13DRq6ixf7B73Kh0vl/pCvLzSs1+u5rsutU8r/Uz2XDRq2infVjOMx2vVekKau+Zo6CWKSomCvqD045/fl2/TBnTH1UnfIIEJmOZYEKRpFiQEaIxlioi5RuJI8qU/jWC9iIypupCcEKl5OKIKC56VKrlby2iiRtVAgAA[0m[INFO] Running com.rackspace.search.elasticsearch.client.CoreTicketProcessorActorTest
[8mha:AAABaR+LCAAAAAAAAACFjsFKw0AQhsdqNXjUmyAsiHopSapVtD1p2ogQ20OLIMXD2q4xmmbj7kYCgs/jQV/GN/BURHwHd7PZinhw5rAfs/8/8798QZUz2LrJxpwmdhpnYZRwGyc8GtGYMvtIkqeoSwUBXXMVqARgFYIznArYDrTfKf3OzO/M/FLYCmBhjAUWsBLc4gfsxDgJnb5gURK2cgZrZYoRTTiNie3p9/dlyFMZePP/wPLg57NF3y/60wrMD6F6FRZhV4d/j8vfa/V7D0+wKFMmeEIUV/I0Y8ZhK4ddOl7fzqcf648nRSCZzBKwtNHwVCvyfVeWItdVrGeGGvsHO8cNo/N9o9PkF5Wp+5bZ7Lpmn9f+2axYzwzVO4flPjXx2kanqbOnWkA1F4RNBPSGp12/d4kGhAuOWJY00W4N+TiKM0Z4E7k11GGMMo39uyhNybjgQTQhiMQ45cXAriNORsvfHh6VT04CAAA=[0m[INFO] Tests run: 3, Failures: 0, Errors: 0, Skipped: 0, Time elapsed: 0.1 sec
[8mha:AAABbR+LCAAAAAAAAACFj0FLwzAUx5/TafGoN0EYiHpLq0xRdnLdKkKd4ESQ6SFmsat2SU1SqQh+Hg/6ZfwGnoaI38GkaRXx4Muhv/zz/u/9+/wJdSlgbZQNJWcoTbIoZhJhJmPCEy7QnibfUI8rCramalALwSkaDnGqYD20frf0u99+99uvG1shzAyxwgoWwmt8h90Es8jtKxGzqJULWCpTEM4kTyjy7ff3ZshTHXj1/8B64ceTw9/O+pMaTA+gfhkVYRcHf5fr1yvzeguPMKtTMjymhmt5monKgYwDlY6X19PJ+/LDfhFIJ3MUzK00fXMMBYGny5DnGbZaRc3tnc12s+oLgqrPUlBUZvY71WTPq+b5nZ/Jhq1W0UZ3t5xnFL9T9VnqbpmjoJ4rKsYKzgcHveDoonGcMaZ/qkH4GAlMbmSKCUWSYkFGiCZYqpiUN5LElCnUtWK/EP1CCzBRXNy3KWYnVKr5L943ZtZbAgAA[0m[INFO] Running com.rackspace.search.elasticsearch.client.ElasticSearchClientFactoryBeanTest
[8mha:AAABbB+LCAAAAAAAAACFjsFKw0AQhsdoNXjUmyAsiHopSayt2PakaSNCrEiLIMXD2q4xmmbj7kYCgs/jQV/GN/BURHwHd5NsRTw4c9iP2f+f+V++oMIZbN2kY05jK4nSIIy5hWMejmhEmXUgyVXUo4JAUXMGGD6YueAEJwK2/cJvl3575rdnfils+7AwxgILWPFv8QO2IxwHdl+wMA7aGYO1MsWIxpxGxHKL9/dlyBIZePP/wPLg57NJ3y/6UwPmh1C5CvKwq8O/x+Xvtfq9hydYlCljPCGKjSxJmXZYymGVjte38+nH+uNRHkgmMwUsbdRd1Yo8z5GlyHEUFzNN9b392mFd6zxP6wry8krVfVNvdhy9z+38bFZczDTtdJvlPjVxO1pXULehWkAlE4RNBJwNj3ve6SUaEC44YmncQrtV5OEwShnhLeRUUZcxygrs34VJQsY5D8IJQSTCCVeDmtVoNhAno+VvFxiD7lACAAA=[0m[INFO] Tests run: 3, Failures: 0, Errors: 0, Skipped: 0, Time elapsed: 2.595 sec
[8mha:AAABYR+LCAAAAAAAAACFkUFLwzAUx5/VafGoN0EQRL2lVaYoO7luFaFOcCLI8BCz2FW7pCapFAQ/jwf9Mn4DT0PE72DSNhPx4Muhv778/+/9S1++oCEFbI7yoeQMZWkeJ0wizGRCeMoFOtQUGOpxRaGqGQecCNxScIIzBVtR5fdqvzf1e1O/FrYimBtihRUsRbf4AXspZrHXVyJhcasQsFKnIJxJnlIUVM/fm6HIdOCN/wPrhZ/PLn+/7E8cmB1A4zouwy4P/i7Xtzfm9h6eYF6nZHhMDTtFlgvrQMaBasfr28XkY/XxqAykk7kKFtabgTmGwtDXZcj3DVc9S829/Z120+rC0OoqCsvKzX7XTvZ9Oy/o/Ew2XPUsbXcP6nmmE3SsrqLurjkKGoWiYqygPTjuhadXa2c5Y/qj1ggfI4HJncwwoUhSLMgI0RRLlZD6jaQJZUr/GkHPqVSL39/zx9hBAgAA[0m[INFO] Running com.rackspace.search.elasticsearch.client.CoreTest
[8mha:AAABZR+LCAAAAAAAAACFjkFLwzAUx5/VafGoN0EoiHqRtsoUdSftWhG6edgQZHiIW6zVLqlJKgXBz+NBv4zfwNMQ8TuYNM1EPPhyyC8v//97/5cvaHAGGzfFiFPi5lmRpIS7iPB0SDPK3CNJgaIuFRh0zVhgxWBXgg7KBWzG2u/Vfm/q96Z+KWzFMDdCAglYim/RA/IyRBKvJ1hKklbJYKVOMaSE0wy7gb5/b4Yyl4HX/w8sF34+2/T9ojexYHYAjaukCrs8+Ltc/l6r33t4gnmZkqAxVmyVecGMw1UOt3a8vp1PPlYfT6pAMpktYGGtGaijKIp8WYp8X7HuGWru7e8cN40uioxOU1RVofbbZrLvm3lB+2eyYt0ztB0e1PNUJ2gbnaZwVx0BjVJgNhbQGZx2o7NLp4+54A4ryKHjbzkRSrOCYV49QsYo09i7S/Mcjyrup2Ps4AzlvGo4HA8XvwEUoVqiTAIAAA==[0m[INFO] Tests run: 0, Failures: 0, Errors: 0, Skipped: 0, Time elapsed: 0 sec
[8mha:AAABZR+LCAAAAAAAAACFj8FKxDAQhsfqavGoN0EQRL2lVVZR9qTdrQh1RVcEWTzEbOxWu0ltUikIPo8HfRnfwNMi4juYNM2KeHBy6Jc/88/8ffmChshhfVgMBGcoS4s4YQJhJhLCU56jfUWBpi6XFExNOeBE4FYNxziTsBEZv1f7vYnfm/hVYyuCmQGWWMJCdIsfsJdiFns9mScsbpU5LNUpCGeCpxQF5vt7M5SZCrz2f2C18PPZ5e+XvbED031oXMdV2MX+3+Xq9Ua/3sMTzKqUDI+oZqfMitw6kHag2vH6djH+WH48rAKpZK6EudVmoI+mMPRVafJ9zUaz1NzZ3Tpo2r4wtH2GwqoKvd+1k33fzgvaP5M1G83SZmevnqeVoG37DHW29ZHQKCXNRxJO+0fd8ORq5axgTP3UCuEjlGNyJzJMKBIU52SIaIqFTEh9I2lCmUQdI/YqMai0cyrk/DdXpDG8UAIAAA==[0m[INFO] Running com.rackspace.search.elasticsearch.client.ElasticSearchClientTest
[8mha:AAABeh+LCAAAAAAAAACFjs9Kw0AQxsdoNXjUmyCsiHopSRqqaNtLTRMpxApWBSmCa7vGaJqNuxsJCD6PB30Z38BTEfEdzOZPRTw4e9gf38w38718QYUz2LyJR5yGWhTEnh9yDYfcH9KAMq2dkiWpRwWBvGYUUFxQs4FDHAnYcnO/Xvj1qV+f+tPBpgtzIyywgCX3Fj9gPcChp/cF80OvmTBYKVIMachpQDQr/39fhiRKA2/8Hzg9+Pms0vfz/kSB2QFUrrws7PLg7/G0ey279/AE82nKEI+JZCWJYlY6NOnQCsfr29nkY/XxIAuUJlMFLKzXLfkkOY6RliTDkJxrJdV3ds39ejnnOOVcTk5WsbyvlpsNo9xndX42S861kmr2XrFPKlannMvJ3pZPQCURhI0FXA66PefoAp0QLjhicdhANbOKHOwHMSO8gYwqshmjjOeN/p0fRWSU6Sf+mCAS4IhngmaYJuJkiFqtFnLaXff02F5b/AZQrdEPXwIAAA==[0m[INFO] Tests run: 12, Failures: 0, Errors: 12, Skipped: 0, Time elapsed: 0.022 sec <<< FAILURE!
[8mha:AAABOR+LCAAAAAAAAACFjsFKxDAQhsdqtXjUmyAIot7SKlWUPbndrQh1PSwIUjzE3Vor3aSmqRQEn8eDvoxv4GkR8R3MNM2KeHDmkI/J/8/8L19glwK2b6txyRkp8irNWEkoK7MRz7kgx4oCpAGXCeias8CKwGkEZ7SQsBNpv9v63ZnfnfmVsBPBwphKKmEluqMP1M0pS92hFBlLO7WAtTbFiLOS5wkJ9Pv7MtSFCrz1f2B18PPZ4e+Xw6kF8zHY12kTdjX+e1z93uDvPTzBokrJ6CRBtuqiEsZB0EFax+vbxfRj/fGkCaSSORKWNv0AGykMPVVInoesZ4b8g8O9rm90YWh0msKmKrzvmM2eZ/YFvZ/NyHpmaLd/1O7DSdAzOk39fWwJdi0TMZHgxKeD8PxqY/kbaqkK+wcCAAA=[0m[INFO] 
[8mha:AAABQR+LCAAAAAAAAACFjsFKxDAQhsdqtXhTb4KwIOotrVJF3ZN2NyLUFVwQpHiIu7VWukm3SaUg+Dwe9GV8A0+LiO9g0jQr4sGZQz4m/z/zv3yBzQvYvCuHnFGUZ2WSUo4I5emAZaxAR5ICRT0mYtA1Y4EVglMLzkguYCvUfrfxu1O/O/VLYTuEuSERRMByeE8eiJsRmrh9UaQ0aVcFrDYpBoxylsUo0O/vy1DlMvDG/4Hlwc9nh71f9ScWzEZg3yR12JXo73H5e6t+x/AE8zIlJaNYsVXlZWEcSDlQ43h9u5x8rD2e1IFkMkfAwrofqFaEsSdLkecp1jND/t7+zrFvdBgbnSZcV6nuO2az55l9Qedns2I9M7TdPWj2qUnQMTpN3V3VAuxKxMVIwFJ02sPn162LmJeZ4K3DxW8hjaRAEAIAAA==[0m[INFO] Results :
[8mha:AAABOR+LCAAAAAAAAACFjsFKxDAQhsdqtXjUmyAIot7SKlWUPbndrQh1PSwIUjzE3Vor3aSmqRQEn8eDvoxv4GkR8R3MNM2KeHDmkI/J/8/8L19glwK2b6txyRkp8irNWEkoK7MRz7kgx4oCpAGXCeias8CKwGkEZ7SQsBNpv9v63ZnfnfmVsBPBwphKKmEluqMP1M0pS92hFBlLO7WAtTbFiLOS5wkJ9Pv7MtSFCrz1f2B18PPZ4e+Xw6kF8zHY12kTdjX+e1z93uDvPTzBokrJ6CRBtuqiEsZB0EFax+vbxfRj/fGkCaSSORKWNv0AGykMPVVInoesZ4b8g8O9rm90YWh0msKmKrzvmM2eZ/YFvZ/NyHpmaLd/1O7DSdAzOk39fWwJdi0TMZHgxKeD8PxqY/kbaqkK+wcCAAA=[0m[INFO] 
[8mha:AAABRh+LCAAAAAAAAACFjsFKxDAQhsfqavGoFxGEgqi3tEoVdU/a3YpQ18OKIMVD3K210k26SSoFwefxoC/jG3haRHwHk6ZZEQ/OHPIx+f+Z/+ULWpzB5l055JSgIi/TjHCECc8GNKcMHUkKFPWoSEDXjAVWBHYtOMOFgK1I+93G70797tQvhe0I5oZYYAFL0T1+wG6OSer2BctI2q4YrDYpBpRwmico0O/vy1AVMvDG/4Hlwc9nm75f9ScWzMbQuknrsMvx3+Py91b9juEJ5mVKgkeJYqsqSmYcSDlQ43h9u5x8rD2e1IFkMlvAwrofqFYUhp4sRZ6nWM8M+Xv7O8e+0YWh0WkK6yrVfdts9jyzL+j8bFasZ4a2uwfNPjUJOkanqburWkCrEgkbCViJT3vh+bVzkXDBnYw4CWOUHTqL331VYRAXAgAA[0m[INFO] Tests in error: 
[8mha:AAABqh+LCAAAAAAAAACdUl1L3EAUHVO3Ln3Ut0JhQLQuyCTKVqo+adyIsH7AFkEWH8bZ2WzcZCbO3MiC0N/Th/bP+A98WkT6H5zJJIrtg+Kdh5ycOefeQ25+/0UNrdDyqBhoKUieFnEiNKFCJ0ymUpEdg0KLjiRw5GrGQ14XNUvBIc0Bfe06v1/5/Se//+Q3wu0umh1QoIDmu5f0mvopFbHfA5WIeHui0OcqBZNCy5ST0D1fTkaT3AReej2wGfjwqynvznpTD33oo8ZFXIZd6P8/3NwO7e0V+ok+mpSCZtxib5IXqnYQ6yCV48/t6fT+y81+GcgkawKaW2yH9lgURYEpi4LAYsfVqL3xfX23XeuiqNY5FJVV2PnNunMQ1P3CvefOFjuuRmudzaqfZcK9WudQ55s9gBoT4CqDGa9/cBQdn2OMc6kBXxTpGNsFrTCZEUXZWOeUcaI5VWxEeEo1JKx6Y2nCBZCOI3slGZbcD66htYVDWaQDLCTgYSIGOKPARubLYbtdUAUDqfBQqi38hmGu/QlVNDM/xTCJV/5dyCp+D9P69Ahd5MHGAQMAAA==[0m[INFO]   post bulk data(com.rackspace.search.elasticsearch.client.ElasticSearchClientTest): Could not find matching constructor for: com.rackspace.search.elasticsearch.SearchParamConfig(java.lang.String, java.lang.String, java.lang.String, java.lang.String)
[8mha:AAABfR+LCAAAAAAAAACFkc1Kw0AUha/VanCpO0EIiH+bSZQqaleaNiLEuqgIErqYpmOMTWZiZiIBwedxoS/jG7gqIr6DM5mkIi68s8iXM/fce0hevqDJM9i4zUecUZTGeRhRjjDlUcBilqFjSY6iHhMEdM00oOGBUTac41TApqf9VuW3pn5r6peNbQ/mRlhgAUveHX7AVoxpaPVFFtGwXWSwUqUIGOUsJsjRz9+boUhl4PX/A8uFn88Ge7/uTxow60NzGJZhl/2/y+Xtjbq9hyeYlykpTojiRpHmWe1AyoEqx+vb1eRj9fG0DCSTGQIW1lqOOopc15alyLYVa62m1v7B7kmr7nPduk+TW1au9hv1ZNuu5zmdn8mKtVbTTvewmqcUp1P3aeruqSOgWQiSJQK4f9ZzLwamaaaMC3OYx2NT/aCtgCUow8GYpzggiBOcBbeIxJiLKKjegjgiVKCuFvul6JTaJeFi+8j0pTwmQrcPzCTiXH64xW+8cJVHcgIAAA==[0m[INFO]   post bulk data(com.rackspace.search.elasticsearch.client.ElasticSearchClientTest): [ticketsearch] missing
[8mha:AAABrB+LCAAAAAAAAACdkt9K5DAUxuO4o4OXu3eCEBD/wZJ2ZRT/XGmdLsKsuzAiLIMX2UymUydNanIqA4LP44W+zL7BXskivsMmTausXigmF/31y/nO+Wh684CaRqPlUTEwSpJcFEkqDaHSpEwJpcmepcjRkQKO/JpqoEYXtcqCbzQHtNL1/qDyB4/+4NFvC3e76MOAAgX0sXtGL2ggqEyCHuhUJrsTjearFExJowQnkX/+PxlNcht46fXAduD9dUv9+dm7a6DpPmr+Ssqwn/ovh9vToTs9R1doxqaUNOOOG5O80LWDOAepHLe/T+7+Llx+LQPZZC1As4vtyG1HcRza5SgMHXutpvbm1vp+u66L47rOU1yuws1v1Z3DsO4XHTx1duy1mr50tqt+TokO6jpPnQ23ATUnwHUGU9P9w6P4+ynGOOGA94TAxykbczCrTGVEUzY2OWWcGE41GxEuqIGUVW9MpFwC6XixV4pRqR1zA2s7OFKFGGCpAA9TOcAZBTaynw676wVdMFAaD5XewW8Y5tv/oJpm9q8Ypsnq8xv5jN+jrM39A0nQZMECAwAA[0m[INFO]   get All Tickets(com.rackspace.search.elasticsearch.client.ElasticSearchClientTest): Could not find matching constructor for: com.rackspace.search.elasticsearch.SearchParamConfig(java.lang.String, java.lang.String, java.lang.String, java.lang.String)
[8mha:AAABfR+LCAAAAAAAAACFkM1Kw0AUha/RanCpO0EIiH+bSZQqalc1bUSIddEiSOhinI5pbP7MTCQg+Dwu9GV8A1dFxHdwJpNUxIV3FvnmzD33HvLyBQ2WwdY4H7EkRmmY+0HMEI5ZQJIwyVBbkC2pl3AKquY00FzQy4YLnHLYdpXfrPzmzG/O/KKx5cLCCHPMYcW9ww/YDHHsm32eBbHfKjJYq1KQJGZJSJGtvr83Q5GKwJv/BxYLP5/15P26P9Vg3oPGjV+GXfX+Lhevt/L1Hp5gUaSMcUQla0WaZ7UDSQeqHK9vV9OP9cezMpBIpnNY2mja8khyHEuUJMuSrLSamodH+6fNus9x6j5FTlm53K/Xky2rnmd3fiZLVlpNe93jap5U7E7dp6h7IA+HRsFpFnHg3nnPuRwahuFTbrTD0BgEZEI52yFJhDJMJizFhCJGcUbGiIaY8YBUNxIGNOaoq8R+KdqlNqCM754YHlfDypehEQWMiT+3/A0PjV8YcwIAAA==[0m[INFO]   get All Tickets(com.rackspace.search.elasticsearch.client.ElasticSearchClientTest): [ticketsearch] missing
[8mha:AAABzx+LCAAAAAAAAACdUk1rFDEYTlfXLh71JggvSGsLkhllFW1POt1RYa3CiiCLh5jNzqbNJGPypi4I/h4P+mf8B56KiP/BZDJTUQ+KyWGeefI+H8Pk43cydJZsr/zCGU0b5SupHWXaSW6UsfR+QEVEhwYFSWtjQAZTMmoHnrAGyfVp0medPjvTZ2f6MLg/JecXDBmSS9MjdsIyxXSVzdBKXe2vLbnSteBGO6MELdLz12SybkLhrb8XDoHfPozMl5ez0wE5NyfD11Vb9vL8z/Bwuoynb8h7ciG01KwWEQ/Wjbe9gkYF7RSfPr84/Xr13cO2UGg2QrJ5bVzEHVFZ5mFFlOcRJ65H4zt3bz0Y93Nl2c8lVLbLx/xR75znvV9x8NM54sT16ObkXucXmeKgn0tocjtuJMM1ClvjxqP548Py6SsAQOEQnGCWrwAlPxboYGksuPZrYSmVWIB3wsJbiStwgVQCtqH2CmUT4AlTXjhgegFaVAyl0Tvc1NQyfuwaxgVN7lQo5kJC98aVFBrpJJGzlixa7nlotLsHhfEqWBoMHYJ3zZCvYqN4R9B6jqFkKLoH/xCW7J8xy+pwtZay2vn9t96A/2F2L/4A9qpHxUcDAAA=[0m[INFO]   test search tickets for string filed user with single & multiple values and negation(com.rackspace.search.elasticsearch.client.ElasticSearchClientTest): Could not find matching constructor for: com.rackspace.search.elasticsearch.SearchParamConfig(java.lang.String, java.lang.String, java.lang.String, java.lang.String)
[8mha:AAABrB+LCAAAAAAAAACFj8Fu1DAQhqdLl644wg0JaaSqBS5OQAuC9gTpBiEt5bCoElr1YLLerKljp/akrITE83CAB+A1+gY9VQjxDthxUoQ4dHzI59/zz/z59huGzsLuqlk4o1mtmlJqx7h2sjDKWPbCUxbo0JCAWBsDGExh1Da84TXB/Wn0J50/ufInV37fuD+FzQUnTnB7+pGf8URxXSYzslKX+2sLd7sUhdHOKMGy+P13M6xrH3jn+sB+4a+vI3PxfnY5gBtzGH4o27B35v8v96/L8HoKX+CmT6l5JQIP1nVjewcLDtY5vp8fXf689/lVG8gnGxFsbY+zcALleeorUJoGjlpP46fPHr8c93153vdFyttqwv5RPzlN+3nZwd/JgaPW06PJ825eULKDvi/S5Ek4BMM1CVsR/Ji/PszfHiMiCUfoBLfFCkkWJ4IcLo1F1/4tLqUSC2ycsPhJ0gqdF5XAXawaRbL2eMZVIxxyvUAtSk7S6AeFqZjlxYmreSFYnM6E4s5v6G6FkkITm0Rx1opZq73ziR7u4bxL074cYyVd2H3rD+9tpsW4AgAA[0m[INFO]   test search tickets for string filed user with single & multiple values and negation(com.rackspace.search.elasticsearch.client.ElasticSearchClientTest): [ticketsearch] missing
[8mha:AAABwB+LCAAAAAAAAACdUt1q1EAUnm67unhZ7wRhQNQWZBJlFdteabopwloLK4IsXhxnZ7OxyUycOdEFwefpRfsyfQOvSim+g2cySUv1QnFykS/fnO8nyRz/ZH1n2YNFPXNGi6qos1w7Adrl0hTGiheEEo/2DSoW1kqP9cZs0Ay8hgrZw3HQR60+utRHl3oa3BmztRkgIFsff4IvEBWgs2iCNtfZztKyO20LabQzhRJJuF9PZsuKCt//e2EKvDgamB/vJ2c9tjpl/Y9ZU/b29M9w2p373c/sO7tBLTWUyuPesqptpxBeIVrFyem7s/O73/aaQtRsgOzmvWHiL4/SNKblURx7HLgODZ89f/Jy2M2laTcXUNqs2ucPOuc47vyS3StnjwPXocejrdbPM8luNxfQ6Km/kPWXqGyJK8Ppq/30zQfOOSqH3CmwcsExl4cKHf+a44IDt/TWis/zgjQc9IxrlQGq2bWNDWlKYUEeugqkEsFJqAIcubVPssiVRjEK5KQhk4Z7S+mb2zwxdUH2BsmUckpAuaBvzf15QFtLNJbPjd3m/xAW7A/AQknHaJ5nG7//wkf8f5jNW78AAKmETzMDAAA=[0m[INFO]   test search tickets with a range filter and negated range filter(com.rackspace.search.elasticsearch.client.ElasticSearchClientTest): Could not find matching constructor for: com.rackspace.search.elasticsearch.SearchParamConfig(java.lang.String, java.lang.String, java.lang.String, java.lang.String)
[8mha:AAABlB+LCAAAAAAAAACFUE1LwzAYfp1Oi0e9CUJA/LqkVaaoO2m3ijDnYSLI2CF2WVfXpjXJdCD4bwQP+mf8B56GiP/BpGknw4PJoU+f930+2tdvKAsOG/1hVyQMp9EwCJnAhInQT6KE42OFXI2aiaRgzkwJSg2wsoVzkkrYbBi9nevtid6e6NVitQFzXSKJhKXGLbkndkRYYLckD1lQHXFYyVv4CRNJRLFrntPJMEpV4fX/C6vArxcr+bhujUsw24byTZCVXW7/DVfTnp7ewRPMq5aMxFTj0igd8kKBtQLnirf3q/Hn6uNpVkg1syQsrFVcfTXyPEcdjRxHY8MVqLJ/sHtSKfY8r9gzyMvOUOdbhbPjFH5u7ddZY8MVaKd+mPtpxq0VewbV9/SVUB5JymMJz+2zpnfRQQhJKiQSlHC/j2ToD6gU6CGUfUQQV19NUS+MlAYR1kWMBkTS7tRgy09izIk/ECnxKTZOmEZEKLf8zY9CyiSuG7KVkW7GXar07SPUzpOzSQfFoRDqVy/+AIEwdtikAgAA[0m[INFO]   test search tickets with a range filter and negated range filter(com.rackspace.search.elasticsearch.client.ElasticSearchClientTest): [ticketsearch] missing
[8mha:AAABvh+LCAAAAAAAAACdUl1rFDEUTdeuLj7WN0G4UKwtlMwoq9j2yU53RNh+wIogiw8xm52NzSRjcqddEPw9Ptg/03/gUxHxP5hMZirqg+LNQ86c3HPPGZLP30nfWbKxqGfOaFqpupDaUaad5EYZS595lAV0ZFCQWCs90huTQdNwyCokD8ZRn7T65FqfXOt9496YrM4YMiRr43fsjCWK6SKZoJW62FtacrdNwY12Rgmaxf1XZ7KsfOD7fw/sDb99GpgvrydXPXJjSvpviybsnemf5v50Hk7fk4/kpk+pWSkC7i2r2nYKGhS0VVxcvrr6eu/D8yaQTzZAcmt9mIUVUJ6nvgJK04Aj16Hhk6eP9oddX553fRHlTdXBf9BNTtNuXnbwc3LAkevQw9FOOy8w2UHXF9HocVhI+ksUtsSV9emLo/z4DQCgcAjOWASU/FSgg3OJC3D+V5WADShrhbLy8IypWrhNbkpqGT91FeOCOsEsX1ChmPPy9osrKTTSUSQnDZk13EtvtrULmanVDLRBmEs9g5IhX3g/CNePtuZoLMyN3YV/MIvjT5hlpX81c1ls/n5j2/A/zNbtH1/OozkiAwAA[0m[INFO]   test sort tickets with single & multiple values(com.rackspace.search.elasticsearch.client.ElasticSearchClientTest): Could not find matching constructor for: com.rackspace.search.elasticsearch.SearchParamConfig(java.lang.String, java.lang.String, java.lang.String, java.lang.String)
[8mha:AAABkh+LCAAAAAAAAACFj81Kw0AUha/VanGpO0EYEP82kyhV1K40NiJUXVQEKV2McWyjk0ycuakFwafwIVzoy/gGrkTEd3AmPxVx4Z1Fvrlzzz0nz19Q1QqW+umlljFNRNoLY01ZrMNACqnoriHP0rFEDnmNVaDSglo2cMQShOVWrncKvTPSOyO9GWy0YOKSIUOYaV2zAXMEi3tOG1UY9xpDBXNFikDGWgpOvfz72xmGiQm8+H9gY/j5VJNv5+33Cox3oHrRy8LOdv6am9cr+3oLDzBpUsYs4pYrwyRVpYJaBS0UL69n7x/z9wdZIJOshjC1UPfsseT7rilLrms575VU39xa36uXc75fzuXkZ5Va/1q52XXLfd7+z2bLea+kteZ2sc92vP1yLqfmhj0I1SFyFSE8dg6P/ZMuIQS5RqKlQoJhcMNRk7sQ+0SbXxWcLJEoFRgmBgdMpFyvBDKiigU3OmEBp5ozFfQpF0wbeXELRMhjpM282c6aXtY7NWarO6RTWGUvXRKF2tpNfwORfipvkwIAAA==[0m[INFO]   test sort tickets with single & multiple values(com.rackspace.search.elasticsearch.client.ElasticSearchClientTest): [ticketsearch] missing
[8mha:AAABwh+LCAAAAAAAAACdUs9u0zAcdgsd1Y5wQ0KyhIBNmpwwlWlrT5A1E1LpJnVCQhUHz3FTr4kd7F9YJySeZ4ftZfYGO01o4h1mx8nQ4ADCPuTL59/3R4nPf6KO0ejlvEyMkqTIylRIQ6g0gqlMafLWosihsQKO/Gq1UXuEutXAB1oAejXy+qDWB3f64E5vBwcj9DChQAE9Hh3TrzTIqEyDCWgh08FSo6d1C6akURknkX/eT0bLwhZ+8ffCNvDmrKuuPk2u2+jBFHWO0qrsk+mf4fZ05k6/oO9oxbaUNOcOt5dFqRsFcQpSKy4uP17/ePZtrypkm3UBPXrei9x2KI5DuxwKQ4c916De1vbmu14zF8fNnEdxtUqX322cw7Dxi3Z/OTvsuQa9Hu7Ufo6Jdps5j4Zv3AbUWQLXObTI9P043v+MMQZuABulAYNgCw4Gz5TGhRZKCzjFM8GzBJ8ImKvSz9lvgJVOuF5jKieasoUpKOPEcKrZnPCMGutUv7FMcAlk6MlJRUYVd2hz1/s4UqX1lwpskkxwToHNXYK7CaBLBraMLdTH/xDm7Q+oprm9QDORrv3+8zbw/zDrq7fP2MfpLQMAAA==[0m[INFO]   test sort tickets for priority field without sorting order(com.rackspace.search.elasticsearch.client.ElasticSearchClientTest): Could not find matching constructor for: com.rackspace.search.elasticsearch.SearchParamConfig(java.lang.String, java.lang.String, java.lang.String, java.lang.String)
[8mha:AAABnh+LCAAAAAAAAACFUMFu00AUfHUbsDiWW6VKK1VQelkblCJoTsWNKyQ3PaSqhKwcFmeTLHG87u4zpKrEr3Dtof0Z/oBThRD/0F2vHVT1wNuDZ2dn3ox88xc6WsHLWTXWsqBlXk1FoSkrtMhkLhU9NCiyaCCRg5s1D7wE/FpwwkqE3cT5g8YfrPzBym+EvQQ2xgwZwmbyhX1lQc6KaTBEJYppb6lgq2mRyULLnNPIfR8mw7I0hV/8v7AJ/HPty1+fhncerKfQ+Tytyz5PH4eb14l9vYDv8MS0LNiCW+wty0q1DmodtHHc/jy/+719dVwXMs18hKc73cgei+I4NGNRGFrsuBZ1375786Hb6uK41TkU11PZfL/dHIbtvujo32aLHdei1/33zT7LREetzqH+vj0InSVytUD4kX4cxKcjQghyjURLhQRFNueoyUQqUiohlcBLMhE8H5NvAmeycjrzD4hUY65eZXJBFcvmumQZp5ozlc0oz5k2m5pblgteIO07cliTUc2dmdy9A5I2qfXLiCyE1ibg2T2zPpsgngIAAA==[0m[INFO]   test sort tickets for priority field without sorting order(com.rackspace.search.elasticsearch.client.ElasticSearchClientTest): [ticketsearch] missing
[8mha:AAABOR+LCAAAAAAAAACFjsFKxDAQhsdqtXjUmyAIot7SKlWUPbndrQh1PSwIUjzE3Vor3aSmqRQEn8eDvoxv4GkR8R3MNM2KeHDmkI/J/8/8L19glwK2b6txyRkp8irNWEkoK7MRz7kgx4oCpAGXCeias8CKwGkEZ7SQsBNpv9v63ZnfnfmVsBPBwphKKmEluqMP1M0pS92hFBlLO7WAtTbFiLOS5wkJ9Pv7MtSFCrz1f2B18PPZ4e+Xw6kF8zHY12kTdjX+e1z93uDvPTzBokrJ6CRBtuqiEsZB0EFax+vbxfRj/fGkCaSSORKWNv0AGykMPVVInoesZ4b8g8O9rm90YWh0msKmKrzvmM2eZ/YFvZ/NyHpmaLd/1O7DSdAzOk39fWwJdi0TMZHgxKeD8PxqY/kbaqkK+wcCAAA=[0m[INFO] 
[8mha:AAABYB+LCAAAAAAAAACFjsFKw0AQhsdoNXjUmyAERL2UJC1VbHvStBEh1kNFkOJhbdcYjbtxdyMBwefxoC/jG3gqIr6Du9lsRTw4c9iP2f+f+V++oMYZbF3nE06Jm6V5nBDuIsKTMU0pc/clBYoGVGDQNWeBFYFdCo5RJmA70n6v8nszvzfzS2E3goUJEkjASnSDHpCXIhJ7Q8ESEncLBmtVijElnKbYDfT7+zIUmQy8+X9gefDz2abv58OpBfMjqF3GZdjV0d/j8vdK/d7DEyzKlATdYcVWkeXMOFzlcCvH69vZ9GP98bAMJJPZApY2WoFqRWHoy1Lk+4r1zFBrd6950DK6MDQ6TWFZubpvm82+b/YFvZ/NivXMUKPfrvapSdAzOk39HdUCaoXA7E5AZ3Q0CE8unFPMBXdYTjpOs113QpSkOcO84/h1p88YZRIbzbozvE2yDE/kfPkbNBU0rjkCAAA=[0m[INFO] Tests run: 29, Failures: 0, Errors: 12, Skipped: 0
[8mha:AAABOR+LCAAAAAAAAACFjsFKxDAQhsdqtXjUmyAIot7SKlWUPbndrQh1PSwIUjzE3Vor3aSmqRQEn8eDvoxv4GkR8R3MNM2KeHDmkI/J/8/8L19glwK2b6txyRkp8irNWEkoK7MRz7kgx4oCpAGXCeias8CKwGkEZ7SQsBNpv9v63ZnfnfmVsBPBwphKKmEluqMP1M0pS92hFBlLO7WAtTbFiLOS5wkJ9Pv7MtSFCrz1f2B18PPZ4e+Xw6kF8zHY12kTdjX+e1z93uDvPTzBokrJ6CRBtuqiEsZB0EFax+vbxfRj/fGkCaSSORKWNv0AGykMPVVInoesZ4b8g8O9rm90YWh0msKmKrzvmM2eZ/YFvZ/NyHpmaLd/1O7DSdAzOk39fWwJdi0TMZHgxKeD8PxqY/kbaqkK+wcCAAA=[0m[INFO] 
[8mha:AAABQB+LCAAAAAAAAABb85aBtbiIQS2jNKU4P0+vIKc0PTOvWC8xrzgzOT8nv0jPEchyBrH88ktSGSCAkYmByYeBA6zAN7GghEHdB6JfH6pfH65fH64fqNDah4ElJbEksYRByCcrsSxRPycxL10/uKQoMy/duqKIQQrqiuT8vOL8nFQ9ZwiNajNDRQHQwaqEHQy08PUKjvyHkcHPmRiYoxlYk9LBjhWOxrQcKJsGki1kqGNgA7oyLzE3FcRmqigoLYLp0APp0IPqWHsp7PlL2Wp3sIOALuMoYWBXNnEGQRDLzc0ACEAsAwMQGyIGY5mYWRg5mcDUubnB1EFYbmBQCrKfA2aygQHMPGcXhMkgNkQMxjJ0tYSaBxJxdoGpg7BcTUGwhIG1oiS1KLeEITza08/NP1YBSulSCXABAA2RMFdWAgAA[0m[INFO] [INFO] ------------------------------------------------------------------------
[8mha:AAABSB+LCAAAAAAAAACFjsFKxDAQhsdqtXjUmyAuiHpLq1RR96TdrQh1BQuCFA+xW+tKm9Q0lYrg83jQl/ENPC0ivoNJ06yIB2cO+Zj8/8z/8gVmyWD9phqWlKAiq9IRKREm5SimGWXoQJAnaUB5AqqmDDACsBrBCS44bATKb7d+e+K3J34h7AYwM8Qcc1gIbvE9tjNMUjvkbETSbs1gqU0RU1LSLEGeen9fhroQgdf+DywOfj5b9P0iHBswHYF5lTZhF6O/x8Xvtfy9gyeYFSkJzhPJRl1UTDuQdKDW8fp2Pv5YfjxqAolkFoe5VdeTLcn3HVGSHEeymmlyd3a3Dl2t832tU+Q3Vcn7lt7sOHqf1/vZLFnNNG3299p9cuL1tE5Rf1s2B7PmCcs5rETHA//0stM+ZwmOOWWdsMpzzB72578B6Ch+Lh4CAAA=[0m[INFO] [INFO] Reactor Summary:
[8mha:AAABOx+LCAAAAAAAAACFjsFKxDAQhsdqtXgR9CYIgqi3tEoVZU/a3YhQ18OCIMVD3K210k1qm0pB8Hk86Mv4Bp4WEd/BTNOsiAdnDvmY/P/M//IFdlnA1m01KgUneVYlKS8J42U6FJkoyJGiAKkvZAy6ZiywQnAawRnLJWyH2u+2fnfqd6d+JeyEMDdikklYDu/YA3MzxhN3IIuUJ526gNU2xVDwUmQxCfT7+zLUuQq8+X9gdfDz2RHvl4OJBbMR2NdJE3Yl+ntc/d7g7z08wbxKydk4RrbqvCqMg6CDtI7Xt4vJx9rjSRNIJXMkLGz4ATYSpZ4qJM9D1jND/v7B7rFvdJQanSbaVIX3HbPZ88y+oPuzGVnPDO30Dtt9OAm6Rqept4ctwa5lXIwlLEWnfXp+td4+i9+ywCsSDgIAAA==[0m[INFO] [INFO] 
[8mha:AAABVh+LCAAAAAAAAACNjsFKw0AQhsdoNXjUmyAERL1totTS0pOmjQhpKywKEnpY25hW0t242UhA8Hk86Mv4Bp6KiO/gbpKtiAedOezH7P/P/M+fUEs57E2yccooSuIsmtIUEZpORyxmHB1LchX1mQihrCUDDB/MQtAjiYB9v/Tbld9e+O2FXwrbPqyMiSACNvxbck/smNDIxoJPadTOOWxVKUaMpiwOkVu+Py9DnsjAu38Hlgc/nkz2doXnBiwHULuOirCbwe/j8vdG/d7BI6zKlJTMQsVGnmRcO5ByoMrx8no5f99+OC0CyWSmgLWduqtakec5shQ5juJypqneaB6e1LXO87SuJK+oTN039WbH0fvczvdmxeVM00G3Ve1TE7ejdSV1j1QLqOUi5DMBODjre4OhVT04JHw0sc4HPQv9syx84bpdjK3AQa1GMx2ufwEgQQkuUgIAAA==[0m[INFO] [INFO] Search POM ........................................ SUCCESS [0.968s]
[8mha:AAABVh+LCAAAAAAAAACVjsFKw0AQhsdoNXjUmyAERL1t0lKL1VNNu1KIFSwWJPSwtjGtpNmY3UhA8Hk86Mv4Bp6KiO/gbjZbEQ/izGE/Zv9/5n/+hApLYW+SjRmNURJl4TRmiMRsOqIRTVFLkCupR3kAqpYMMDwwC8EZSTjse8pvl3574bcXfiE89mBlTDjhsOHdkntiRyQO7T5Pp3F4nKewVaYY0ZjRKECuen9ehjwRgXf/DiwOfjyZ9O2qPzdg2YfKdViE3fR/Hxe/N/L3Dh5hVaSMySyQbORJlmoHkg5UOl5eB/P37YfTIpBIZnJY26m7siVh7IiS5DiS1UxTvXFYO6lrHcZapwgXlcn7pt7sOHqf2/7eLFnNNFU7zXKfnLhtrVPUOZDNoZLzIJ1xGPjdHj4fWuXDApKOJhb6R1m41fUuLzqWXz2qNlCj1mTD9S82WebNVQIAAA==[0m[INFO] [INFO] search ............................................ FAILURE [1:16.629s]
[8mha:AAABTR+LCAAAAAAAAACNjsFKw0AQhsdoNXjUmyAURL1tolRRerJJI9VYCwFBiodtGmMk3Y2bjQQEn8eDvoxv4KmI+A7uZrMV8aAzh/2Y/f+Z//kTGjmDrZtinFOCsrSIE5IjTPIkpCll6EiQI6lPeQSq5gwwfDArwRnOOGz7ym/Vfmvmt2Z+IWz7sDDGHHNY8W/xPbZSTGIr4CwhcbtksFanCCnJaRohR70/L0OZicCbfwcWBz+eTPp2GUwNmB9CYxRXYVeHv4+L32v5ewePsChSEjyJJBtlVjDtQNKBasfL68X0ff3huAokkpkcljZajmxJnmeLkmTbktVMU2v/YLfT0jrP0zpFXlWFvG/qzbat9znu92bJaqZpp3tY75MTx9U6Rd092RwaJY/YhMPJsNf3zq+a9RMWYTEZRayJ/l3N4LQ3GHTd5S9nulSqSQIAAA==[0m[INFO] [INFO] cucumber .......................................... SKIPPED
[8mha:AAABQB+LCAAAAAAAAABb85aBtbiIQS2jNKU4P0+vIKc0PTOvWC8xrzgzOT8nv0jPEchyBrH88ktSGSCAkYmByYeBA6zAN7GghEHdB6JfH6pfH65fH64fqNDah4ElJbEksYRByCcrsSxRPycxL10/uKQoMy/duqKIQQrqiuT8vOL8nFQ9ZwiNajNDRQHQwaqEHQy08PUKjvyHkcHPmRiYoxlYk9LBjhWOxrQcKJsGki1kqGNgA7oyLzE3FcRmqigoLYLp0APp0IPqWHsp7PlL2Wp3sIOALuMoYWBXNnEGQRDLzc0ACEAsAwMQGyIGY5mYWRg5mcDUubnB1EFYbmBQCrKfA2aygQHMPGcXhMkgNkQMxjJ0tYSaBxJxdoGpg7BcTUGwhIG1oiS1KLeEITza08/NP1YBSulSCXABAA2RMFdWAgAA[0m[INFO] [INFO] ------------------------------------------------------------------------
[8mha:AAABRx+LCAAAAAAAAACFjsFKw0AQhsdoNHjUmygURL0lUaIoPbVJVgKxgqWCBA9rG2Ml3U2TjQQEn8eDvoxv4KmI+A7uZrMV8eDMYT9m/3/mf/kCvchh964cFZSYWVomY1KYmBTjIU1pbnY4uYJ6lMUga0EDLQSjFpzhjMFeKP1W47fmfmvu58J2CEsjzDCDtfAeP2ArxSSx+iwfk6Rd5bDRpBhSUtA0Nl35/r4MVcYD7/wfmB/8fDbo+1V/psFiBPpNUoddj/4e57+34ncKT7DMUxI8iQVrVVbmymEKh9k4Xt8uZx9bj6d1IJ7MYLCy7biiBSFk8xJk24LlTJFzdHzQdZQOIaWThOoqxX1DbbZttc/1fjYLljNF+/5Js09MXE/pJPmHohnoFYvzCYPNKOih8+tW83QHQei1UCcIBxf+6jcAHi55GwIAAA==[0m[INFO] [INFO] BUILD FAILURE
[8mha:AAABQB+LCAAAAAAAAABb85aBtbiIQS2jNKU4P0+vIKc0PTOvWC8xrzgzOT8nv0jPEchyBrH88ktSGSCAkYmByYeBA6zAN7GghEHdB6JfH6pfH65fH64fqNDah4ElJbEksYRByCcrsSxRPycxL10/uKQoMy/duqKIQQrqiuT8vOL8nFQ9ZwiNajNDRQHQwaqEHQy08PUKjvyHkcHPmRiYoxlYk9LBjhWOxrQcKJsGki1kqGNgA7oyLzE3FcRmqigoLYLp0APp0IPqWHsp7PlL2Wp3sIOALuMoYWBXNnEGQRDLzc0ACEAsAwMQGyIGY5mYWRg5mcDUubnB1EFYbmBQCrKfA2aygQHMPGcXhMkgNkQMxjJ0tYSaBxJxdoGpg7BcTUGwhIG1oiS1KLeEITza08/NP1YBSulSCXABAA2RMFdWAgAA[0m[INFO] [INFO] ------------------------------------------------------------------------
[8mha:AAABTh+LCAAAAAAAAACFjs1Kw0AUha/RanCpO0Eo+LebJLVKf1aadkSIdVERJLgY2xgj6UyaTCQg+Dwu9GV8A1dFxHdwJpOpiAvvXczHnXPuPS9fUMtS2L3LxxmjKInzMKIZIjSLRixmKToS5EoaMB6AqgUDDA/MUnBGEg57nvJbld+a+625Xwi7HiyNCScc1rx78kCsmNDQGvI0omG3SGGjSjFiNGNxgFz1/r4MRSIC7/wfWBz8fDbZ+9VwZsCiD7WbsAy77v89Ln5v5e8UnmBZpKRkEkg2iiRPtQNJB6ocr2+Xs4/Nx5MykEhmcljZarqyJWFsi5Jk25LVTFPzsNU4bmodxlqnCJeVy/um3mzbep/b+9ksWc00Of12tU9O3J7WKeofyOZQK3iQTjhs+6cDfH5dr54Lxklc59Ek6NSdjtNC++1GtvoN1TaBiyMCAAA=[0m[INFO] [INFO] Total time: 1:18.392s
[8mha:AAABXR+LCAAAAAAAAACFjsFKw0AQhsdoNXjUmyAERL0laRq1tidNuyKk9VAVpHhY25hG0t242UhA8Hk86Mv4Bp6KiO/gbpKtiAdnF/Zj9v9n/pcvqKUMdibZOKXETOIsjEhqYpJGIxpTZh4J8iT1KQ+grAUNNB/0QtDDCYddv/Rbld+a+625XwjbPiyNMccc1vw7/ICtGJPQGnAWkbCdM9ioUowoSWkcmF75/t4MeSICb/8fWCz8fNbp+9VgpsHiEGo3YRF2ffh3ufi9lb/38ATLIiXB00CylicZUw5TOszK8fp2OfvYfDwpAolkOoeVLdeTRxJCtihJti257Cly95vOsat0CCldSaioTO7X1WTbVvO8zs9kyWVPUb17WM2THa+jdCV19+ThUMt5wKYcmsPTPjq7NqoHRSRKJ8HYwLxlIBYZPcwMxxG31ThoubZxce4Zjl1vrH4DunuDWDcCAAA=[0m[INFO] [INFO] Finished at: Fri Mar 22 22:37:40 UTC 2013
[8mha:AAABTh+LCAAAAAAAAACFjsFKw0AQhsdoNXjUmyAEpHpLotbS2JOmXRGSeigIUjysbYyRdDduNhIRfB4P+jK+gaci4ju4m81WxIMzh/2Y/f+Z/+ULGjmD7ZtiklNiZ2kRJyS3McmTMU0ps48E+ZIGlEegasEAIwCzEoQ447ATKL9T+52535n7hbAbwNIEc8xhLbjF99hJMYmdIWcJibslg406xZiSnKaR7av392UoMxG4+X9gcfDz2aTvF8OZAYsjaFzFVdj10d/j4vda/t7BEyyLlARPI8lGmRVMO2zpsGvH69v57GPz8aQKJJKZHFa2Wr5sSQi5oiS5rmQ109Rqd/aOW1qHkNYpQlUV8r6pN7uu3uf3fjZLVjNNu32v3icnfk/rFPUPZHNolDxiUw7N0ekAnV1a9YMSglMrjKaUPRxa++3Q8TpeuPoNdUS0fSQCAAA=[0m[INFO] [INFO] Final Memory: 36M/989M
[8mha:AAABQB+LCAAAAAAAAABb85aBtbiIQS2jNKU4P0+vIKc0PTOvWC8xrzgzOT8nv0jPEchyBrH88ktSGSCAkYmByYeBA6zAN7GghEHdB6JfH6pfH65fH64fqNDah4ElJbEksYRByCcrsSxRPycxL10/uKQoMy/duqKIQQrqiuT8vOL8nFQ9ZwiNajNDRQHQwaqEHQy08PUKjvyHkcHPmRiYoxlYk9LBjhWOxrQcKJsGki1kqGNgA7oyLzE3FcRmqigoLYLp0APp0IPqWHsp7PlL2Wp3sIOALuMoYWBXNnEGQRDLzc0ACEAsAwMQGyIGY5mYWRg5mcDUubnB1EFYbmBQCrKfA2aygQHMPGcXhMkgNkQMxjJ0tYSaBxJxdoGpg7BcTUGwhIG1oiS1KLeEITza08/NP1YBSulSCXABAA2RMFdWAgAA[0m[INFO] [INFO] ------------------------------------------------------------------------
[8mha:AAABnh+LCAAAAAAAAACFkM9Kw0AQxsdqtXjUmyAsiP8O3USpou1JYyNCrVBFkOJhTadpJM3G3Y0EBB/EJ/CgL+MbeCoivoO7SVMRD86y7G9n55v52JcvKEsBa4OkJ3lE4zDxg0hSFsnA4yEX9ECTY6jNFUIeUyUotaCSFZyyWMF6K9dbY7010VsTvS5stGCmxxRTsNC6ZffMClnkW+dKBJHfSAUsjV14PJI8ROrk5+/JkMba8Or/hvXAz+cKf786H5VgugvlGz8zu9j9O1y/9s3rHTzCrHYZsSEaLqVxIgoFNQo6Vry+XY4+lh+OM0PaWUXB3ErNMcuQ69o6DNm24TxXUG13b/uwVtS5blGXk5tFYuZXis62XfRzjn46G85zBW0198f9TMY5Kupyau6YpaCcKhRDBU/dk7Z7dk26zU7nrHNNXBaE2COKE0zRSxQSn7OQcOFTFjNvgHTI7nHy6/XsVpWJwH4gsJqn69t0y64rlIps9LDPklBVzW2T8IjEgt+ip4hEJrxBnVwMUCBhemeCvjagu0k6/w14tjFFmQIAAA==[0m[INFO] [ERROR] Failed to execute goal org.apache.maven.plugins:maven-surefire-plugin:2.10:test (default-test) on project search: There are test failures.
[8mha:AAABQh+LCAAAAAAAAACFjsFKw0AQhsdoNHgSvQlCQdRbEiWK0pOmWRFiCykIEnpY2xgr6W662UhA8Hk86Mv4Bp6KiO/gbjZbEQ/OHPZj9v9n/pcvMAsGu3flqKDEzrMyHZPCxqQYD2lGmX0qyJfUpTwBVQsGGCFYteAS5xz2QuV3Gr8z9ztzvxC2Q1gaYY45rIf3+AE7GSap0+dsTNJ2xWCzSTGkpKBZYvvq/X0ZqlwE3vk/sDj4+WzR9+v+zIDFGMybtA67Ef89Ln5v5e8UnmBZpCR4kkg2qrxk2mFLh904Xt+uZh9bj+d1IJHM4rCy7fmyJSHkipLkupLVTJN3dHxw5mkdQlqnCNVVyvuW3uy6ep/f+dksWc007QcnzT458Ttapyg4lM3BrHjCJhzW4osu6g1acRBFvWjQWv0GXtHOwg8CAAA=[0m[INFO] [ERROR] 
[8mha:AAABpx+LCAAAAAAAAACFkdFqE0EUhk9jY4OXeicIA9J65c4qUZRe1W1WhNiWRAol9GKSnGwm3cxsz5xNAwUfw2fwQl/GN/CqiPgOzuxmK+KFZy7m48z5//PDfPkFbUewNy+nzpqoyMtMGxcp4/TE5paiA09JoCPLCHVttaDVh0418F4VDE/6tV5u9PJWL2/1fnC/D9tTxYrhfn+hVkrmymRyyKRNtr8meLhJMbHG2RyjpL7/3gzrwgfe/X9gv/Dn5479fja8acGdEbTHWRX2wejf5f51Fl4v4SPc9SmNWmLg1rooqVFEQRFtFF+/nd78eHT9tgrkk3UYdh53k3ACpWnsK1AcB657DXVfvnr+ptvMpWkzV1NaVRn2dxrnOG78ksM/zoHrXkPPeq83fqGTHDZzNfVehMPQXjPSkuHT6N1RenwuRr3B4HhwLk5yVA4F4QxJsBVypUjmeiwXaC7Cvy7s2MkPQ1Q0mZ8gzSwtB1iJ5JWlC1eoCUqHtNL+ZkUZsnSl99OETwkLS+yEVwmeo9Bmqld6WqpcMDr2a12Zs4vu/Qaxkf70lQIAAA==[0m[INFO] [ERROR] Please refer to /var/lib/jenkins/jobs/TSearchPerformRelease/workspace/service/target/surefire-reports for the individual test results.
[8mha:AAABTB+LCAAAAAAAAACFjsFKw0AQhsdoNHjUmyIERD2ZpBJFKRQ0TVSILaQgSMhhbWOspLsx2UhA8Hk86Mv4Bp6KiO/gbjZbEQ/OHPZj9v9n/pcvUIsctm/LUUGwkaVlMsaFgXAxHpKU5MYxI4dTj9AYRM0poPig1YILlFHY8YXfbPzmzG/O/EzY9mFhhCiisOLfoQdkpggn5oDmY5y0qxzWmhRDgguSxoYj3t+XocpY4K3/A7ODn88aeb8aTBWYD0G9Tuqwq+Hf4+z3hv/ewxMsspQYTWLOSpWVuXQY3GE0jte3y+nHxuNpHYgl0ygsbdoOb06eZ7HiZFmcxUySfXC4d2JLnedJnSCvrpLf1+Rmy5L7nO7PZs5iJqnlHjX7+MTpSp0gd583BbWicT6hsB6e97x+pIduEPSDSN/t6OFZnGZ6K1r+BpolzdAaAgAA[0m[INFO] [ERROR] -> [Help 1]
[8mha:AAABQh+LCAAAAAAAAACFjsFKw0AQhsdoNHgSvQlCQdRbEiWK0pOmWRFiCykIEnpY2xgr6W662UhA8Hk86Mv4Bp6KiO/gbjZbEQ/OHPZj9v9n/pcvMAsGu3flqKDEzrMyHZPCxqQYD2lGmX0qyJfUpTwBVQsGGCFYteAS5xz2QuV3Gr8z9ztzvxC2Q1gaYY45rIf3+AE7GSap0+dsTNJ2xWCzSTGkpKBZYvvq/X0ZqlwE3vk/sDj4+WzR9+v+zIDFGMybtA67Ef89Ln5v5e8UnmBZpCR4kkg2qrxk2mFLh904Xt+uZh9bj+d1IJHM4rCy7fmyJSHkipLkupLVTJN3dHxw5mkdQlqnCNVVyvuW3uy6ep/f+dksWc007QcnzT458Ttapyg4lM3BrHjCJhzW4osu6g1acRBFvWjQWv0GXtHOwg8CAAA=[0m[INFO] [ERROR] 
[8mha:AAABdh+LCAAAAAAAAACFjs9Kw0AQxsdotXjUmyAsiHqxSZQqSk+aNiL0D7QiSOhhTbdJNN2Nu5taEHweD/oyvoGnIuI7uJs0FfHg7CG/zHzfzPfyBSXBYSdMB4JRM4nTIKLCxFREPosZN08VOZraTBLIa8EAownlTNDCiYTdZu63Zn5r7rfmfiWsNWFpgCWWsNa8xWNsxZgGVk/yiAa1CYeNWQqfUcFiYjr59/dlmCQq8Pb/gdXBz+cye7/uTQ1Y9KB0E2Rh172/x9V0qKf38ATLKiXFI6LZmCQpLxymdpgzx+vb1fRj8/E8C6SSlSWsbFUd/TS5rq1Kk21rznsFVY+OD86qhc51C11Oblapvl8uNtt2sc+p/2zWnPcK2m+czPbpjlMvdDk1DvWTUJpIwkcSPO+i7Xb6yGt0u51uH10yJAhBMiRomMYxEhL7d0hy7BPEhlmfcM642EOcVHhKUQuPCUUPkQyzaYUgoX780Fz9BiXbw0laAgAA[0m[INFO] [ERROR] To see the full stack trace of the errors, re-run Maven with the -e switch.
[8mha:AAABch+LCAAAAAAAAACFkc1Kw0AUha/RanCpO0EYEHXVJEoVxZWmjQhpCymIErqYttM0Mp2JyaQGBJ/Hhb6Mb+CqiPgOzuSnIi68s8jHnXPuPUNevqCWxLA3SUcJZ0ZE0yBkiYFZEg455bFxLslW1OGCQFFLGmgu6LmgjSMB+27hN0u/ufCbC78UnrmwMsICC9hw7/AMmxSzwOyJOGTBWRbDVpliyFnCKTHs4vt7M2SRDLz7f2C58PNZ5++3vbkGyz7UBkEedtP/u1zejtXtPTzBqkzJ8JQo1rIojSuHoRxG6Xh9u55/bD9e5oFkMl3A2k7DVkeR41iyFFmW4qJXUeP45PCiUekcp9IV5OSVqv16Ndmyqnl282ey4qJX0UHrtJynOnaz0hXUOlJHQC0TJJ4K6PhXHafbR37L87peH3mkHqcMtfGMMJQm8p1ITAiq36DkIRTDCRIcEYYHlKBxSikakUEaIMoD+Q8CY/0bwG1EKU0CAAA=[0m[INFO] [ERROR] Re-run Maven using the -X switch to enable full debug logging.
[8mha:AAABQh+LCAAAAAAAAACFjsFKw0AQhsdoNHgSvQlCQdRbEiWK0pOmWRFiCykIEnpY2xgr6W662UhA8Hk86Mv4Bp6KiO/gbjZbEQ/OHPZj9v9n/pcvMAsGu3flqKDEzrMyHZPCxqQYD2lGmX0qyJfUpTwBVQsGGCFYteAS5xz2QuV3Gr8z9ztzvxC2Q1gaYY45rIf3+AE7GSap0+dsTNJ2xWCzSTGkpKBZYvvq/X0ZqlwE3vk/sDj4+WzR9+v+zIDFGMybtA67Ef89Ln5v5e8UnmBZpCR4kkg2qrxk2mFLh904Xt+uZh9bj+d1IJHM4rCy7fmyJSHkipLkupLVTJN3dHxw5mkdQlqnCNVVyvuW3uy6ep/f+dksWc007QcnzT458Ttapyg4lM3BrHjCJhzW4osu6g1acRBFvWjQWv0GXtHOwg8CAAA=[0m[INFO] [ERROR] 
[8mha:AAABhR+LCAAAAAAAAACFkUFLwzAUx5/TafGoN0EIiHqRtsoUdSftVhHqBhMEKTtkW7ZV0qRLUi0Ifh4P+mX8Bp6GiN/BpF0n4sGXQ3+8/P/v/UlfvqAqBeyM04HkzE5oOoqYtDGTUZ9TLuwzTZ6hFlcEilqoQCUAKxdc4UTBblD4nZnfmfuduV8L6wEsDbDCCtaCO3yPHYrZyLlWImKjeiZgY5aiz5nklNhe8f29GbJEB97+P7Be+Pls8ffb62kFFkOo9kZ52PXw73J9OzS3E3iCZZ2S4ZgYrmRJKkqHbRz2zPH6djP92Hy8yAPpZJaCla2aZ44h33d1GXJdw0WvpNrR8cF5rdT5fqkryM8rNfutcrLrlvO8xs9kw0WvpP3myWye6XiNUldQ89AcBdVMERErmISXLb/dRWGz02l3usjnAsVcEBSxIRcxVhFnCPd4qpAaE0SE4EIizAYo4VJGPUqQ/kGpkck9lFCCJUGC4EEuH3JK+YN+LISFivqUyNPVb3DSV7dwAgAA[0m[INFO] [ERROR] For more information about the errors and possible solutions, please read the following articles:
[8mha:AAABfx+LCAAAAAAAAACFkc1Kw0AUha/VanGpO0EoiLrLpFLFn1VNExX6Ay0UJFQY02k6NZ0Zk4lGBJ/Hhb6Mb+CqiPgOziRNRVx4ZzEfd86598C8fEExCmFnFA8izgwRxD5lkYFZRD0e8NCoKbI0tbgkkNVCAQoNKKWCJhYSdhuZH838aO5Hc78SnjRgaYAllrDWGOM7jALMfNSVIWX+SRLCxiyFx1nEA2JY2f17MyRCBd7+P7Ba+Plc4u+X3WkBFl0oXvtp2HX373L1OtSvt/AEyyolwxOiuZCIOMwdhnYYM8frW2/6sfl4lgZSyUoSVraqlj6aHMdUpck0NWe9nKoHh3un1VznOLkuIyetWO8v5ZNNM59n1X8ma856OVXso9k83bHquS4je18fCcVEknAi4cq9aDntftm1O512R93nJBDlSr88klIcI+Td0xtqYIG9ETF46CP1M8MgJswjaEAjEeAH1Kz17BZq8jF3MA3ikNiJR4SknK1+A9NjLJhdAgAA[0m[INFO] [ERROR] [Help 1] http://cwiki.apache.org/confluence/display/MAVEN/MojoFailureException
[8mha:AAABQh+LCAAAAAAAAACFjsFKw0AQhsdoNHgSvQlCQdRbEiWK0pOmWRFiCykIEnpY2xgr6W662UhA8Hk86Mv4Bp6KiO/gbjZbEQ/OHPZj9v9n/pcvMAsGu3flqKDEzrMyHZPCxqQYD2lGmX0qyJfUpTwBVQsGGCFYteAS5xz2QuV3Gr8z9ztzvxC2Q1gaYY45rIf3+AE7GSap0+dsTNJ2xWCzSTGkpKBZYvvq/X0ZqlwE3vk/sDj4+WzR9+v+zIDFGMybtA67Ef89Ln5v5e8UnmBZpCR4kkg2qrxk2mFLh904Xt+uZh9bj+d1IJHM4rCy7fmyJSHkipLkupLVTJN3dHxw5mkdQlqnCNVVyvuW3uy6ep/f+dksWc007QcnzT458Ttapyg4lM3BrHjCJhzW4osu6g1acRBFvWjQWv0GXtHOwg8CAAA=[0m[INFO] [ERROR] 
[8mha:AAABdR+LCAAAAAAAAACFj89Kw0AQxsdoNXjUmyAsiHqRJEoVpaeaNiLUFloQJfSwTbZpJNmNm41WBJ/Hg76Mb+CpiPgO7uZPRTw4e9jfzsw38+3LF9RSDjuTzE8ZNZIoC0KaGpimoccixo2mJFtRlwkCRSxooHVAzxsucCJgt1PozVJvzvXmXC8bGx1Y8rHAAtY6N/gOmxGmgTkQPKRBY8pho3ThMZqyiBh2cf/eDNNEGt7+37Bc+Pmss/frwUyDRRdqoyA3u+7+XS6rY1W9hSdYli4pjolibZpkvFIYSmGUite3y9nH5uNZbkg60wWsbNVtdRQ5jiVDkWUpLnIV1Y+OD07rVZ/jVH0FOXlkar9eTbasap7d+pmsuMhVtN8+KeepjN2q+gpqH6ojoDYVhMcCrtzzrtMbIrfd7/f6Q9QcyzzyGOfEE/KXSEwISjgbRSRO99ADy5CHKeIkzWKSF0dZGPnoPhST/OmxOMbUX/0GFLVV8VcCAAA=[0m[INFO] [ERROR] After correcting the problems, you can resume the build with the command
[8mha:AAABVx+LCAAAAAAAAACFjsFKw0AQhsdoNXjUmyAsiIoHkyhV1IqgaSNCbKEFQUIPa5umlXQ37m5KQPB5POjL+Aaeiojv4G6SrYgHZw77Mfv/M//LF1Q4g61h2ueUWEmcRiPCLUz4qEdjyqxzSa6iJhUhFDVngOGDmQuucSJg2y/8dum3Z3575pfCmg8LfSywgBX/Hk+wHWMS2R3BRiSqZQzWyhQ9SjiNQ8st3t+XIUtk4M3/A8uDn88mfb/tTA2YD6ByF+VhV4O/x+XvQP0+wBMsypQEj0PFRpakTDss5bBKx+vbzfRj/fEyDySTmQKWNqquakWe58hS5DiKi5mm6uHR/kVV6zxP6wry8krVfVNvdhy9z63/bFZczDTtNY7LfWri1rWuoMaBagGVTIRsLGAnuGp6rS4KGu12q91FCI0nBJ1GFMf8DO2yATrhIWa94fI3MrT4XygCAAA=[0m[INFO] [ERROR]   mvn <goals> -rf :search
[8mha:AAABPh+LCAAAAAAAAABb85aBtbiIQS2jNKU4P0+vIKc0PTOvWC8xrzgzOT8nv0jPEchyBrH88ktSGSCAkYmByYeBA6zAN7GghEHdB6JfH6pfH65fH64fqNDah4ElJbEksYRByCcrsSxRPycxL10/uKQoMy/duqKIQQrqiuT8vOL8nFQ9ZwiNajNDRQHQwaqEHQy08PUKjvyHkcHPmRiYoxlYk9LBjhWOxrQcKJsGki1kqGNgA7oyLzE3FcRmqigoLYLp0APp0IPqWHsp7PlL2Wp3sIOALuMoYWBXNnEGQRDLzc0ACEAsAwMQGyIGY5mYWRg5mcDUubnB1EFYbmBQCrKfA2aygQHMPGcXhMkgNkQMxjJ0tYSaBxJxdoGpg7BcTUGwhIG1oiS1KLeEISDa08/NP1ZBl0qACwBzBPd0TwIAAA==[0m[INFO] ------------------------------------------------------------------------
[8mha:AAABRx+LCAAAAAAAAACFjsFKxDAQhsdqtXjUiwjCgqi3tkoVdU/a3YhQV7AgSPEQu7WutElNU6kIPo8HfRnfwNMi4juYNM2KeHDmkI/J/8/8L19glgzWb6phSYldZFU6IqWNSTmKaUaZfSDIlzSgPAFVUwYYAViN4AQXHDYC5XdavzPxOxO/EHYDmBlijjksBLf4HjsZJqkTcjYiabdmsNymiCkpaZbYvnp/X4a6EIHX/g8sDn4+W/T9IhwbMB2BeZU2YRejv8fF77X8vYMnmBUpCc4TyUZdVEw7bOmwW8fr2/n4Y+XxqAkkklkc5lY9X7YkhFxRklxXsppp8nZ2tw49rUNI6xShpip539KbXVfv83s/myWrmabN/l67T078ntYp6m/L5mDWPGE5h6XoeIBOLztnCY45ZZ2wynPMHvbnvwEz5azBFwIAAA==[0m[INFO] Reactor Summary:
[8mha:AAABOR+LCAAAAAAAAACFjsFKxDAQhsdqtXjUmyAIot7SKlWUPbndrQh1PSwIUjzE3Vor3aSmqRQEn8eDvoxv4GkR8R3MNM2KeHDmkI/J/8/8L19glwK2b6txyRkp8irNWEkoK7MRz7kgx4oCpAGXCeias8CKwGkEZ7SQsBNpv9v63ZnfnfmVsBPBwphKKmEluqMP1M0pS92hFBlLO7WAtTbFiLOS5wkJ9Pv7MtSFCrz1f2B18PPZ4e+Xw6kF8zHY12kTdjX+e1z93uDvPTzBokrJ6CRBtuqiEsZB0EFax+vbxfRj/fGkCaSSORKWNv0AGykMPVVInoesZ4b8g8O9rm90YWh0msKmKrzvmM2eZ/YFvZ/NyHpmaLd/1O7DSdAzOk39fWwJdi0TMZHgxKeD8PxqY/kbaqkK+wcCAAA=[0m[INFO] 
[8mha:AAABWB+LCAAAAAAAAACNjsFKw0AQhsdoNXjUmyAERL1t0hpF7ammXSmkrVgUJPSwtjGtpNmYbCQg+Dwe9GV8A09FxHdwN5utiAedOezH7P/P/M+fUEkT2Blno5RGKA6zYBKliETpZEhDmqAGJ0dQlzIfZC1ooLmgF4IOiRnsutJvln5z7jfnfi6su7A0IowwWHNvyT0xQxIFZp8lkyio5wlslCmGNEpp6CNHvj8vQx7zwNt/B+YHP550+nbVn2mw6EHlOijCrnu/j/PfG/F7B4+wzFNGZOoL1vI4S5QDCQcqHS+vl7P3zYfTIhBPpjNY2bId0YIwtngJsizBcqbIPjisndhKh7HSScJFZeK+rjZbltrnNL83C5YzRdXWUblPTJym0klq7YtmUMmZn0wZ9Lx2F/cGRt8nyXBsnPU6BvpnGbjRdi/OW4ZXPd6rIrtmpYPVL4zP2EBOAgAA[0m[INFO] Search POM ........................................ FAILURE [1:31.420s]
[8mha:AAABSh+LCAAAAAAAAACVjs9Kw0AQxsdoNHjUmyAURL1tolRRetL8kWKshYAgwcPaxrSS7sbNRgKCz+NBX8Y38FREfAd3s9mKeBBnDvtj9vtmvudPMAsGW6NyWFCC8qxMx6RAmBTjAc0oQ0eCXEk9yhNQNWeAEYJVC85wzmE7VH678dszvz3zC2EnhIUh5pjDSniL77GdYZLaEWdjknYqBmtNigElBc0S5Kr352WochF48+/A4uDHk0XfLqOpAfMxmNdpHXY1/n1c/N7I3zt4hEWRkuBJItmo8pJpB5IO1DheXi+m7+sPJ3UgkczisLTRdmVLCgJHlCTHkaxmmtr7B7vHba0LAq1TFNRVyvuW3uw4ep/rfW+WrGaadvzDZp+cuJ7WKfL3ZHMwK56wCQc37vaC86tWkWA2GLXQP6oVnXb7fd9b/gIMcyKNQgIAAA==[0m[INFO] search ............................................ SKIPPED
[8mha:AAABSx+LCAAAAAAAAACNjs9Kw0AQxsdoNHjUmyAURL1tolRRetL8kWKshYIgxcM2jTGS7sbNRgKCz+NBX8Y38FREfAd3s9mKeNCZw/6Y/b6Z7/kTzILB1k05LihBeVYmKSkQJkUa0YwydCTIldSjPAZVcwYYIVi14AznHLZD5bcbvz3z2zO/EHZCWBhjjjmshLf4HtsZJok94CwlSadisNakiCgpaBYjV70/L0OVi8CbfwcWBz+eLPp2OZgaMD8Ec5TUYVeHv4+L32v5ewePsChSEjyJJRtVXjLtQNKBGsfL68X0ff3hpA4kklkcljbarmxJQeCIkuQ4ktVMU3v/YPe4rXVBoHWKgrpKed/Smx1H73O9782S1UzTjn/Y7JMT19M6Rf6ebA5mxWM24eAOu73g/KoVlVE5GcWshf5drcFpt9/3veUv8GfA8UICAAA=[0m[INFO] cucumber .......................................... SKIPPED
[8mha:AAABPh+LCAAAAAAAAABb85aBtbiIQS2jNKU4P0+vIKc0PTOvWC8xrzgzOT8nv0jPEchyBrH88ktSGSCAkYmByYeBA6zAN7GghEHdB6JfH6pfH65fH64fqNDah4ElJbEksYRByCcrsSxRPycxL10/uKQoMy/duqKIQQrqiuT8vOL8nFQ9ZwiNajNDRQHQwaqEHQy08PUKjvyHkcHPmRiYoxlYk9LBjhWOxrQcKJsGki1kqGNgA7oyLzE3FcRmqigoLYLp0APp0IPqWHsp7PlL2Wp3sIOALuMoYWBXNnEGQRDLzc0ACEAsAwMQGyIGY5mYWRg5mcDUubnB1EFYbmBQCrKfA2aygQHMPGcXhMkgNkQMxjJ0tYSaBxJxdoGpg7BcTUGwhIG1oiS1KLeEISDa08/NP1ZBl0qACwBzBPd0TwIAAA==[0m[INFO] ------------------------------------------------------------------------
[8mha:AAABRh+LCAAAAAAAAACFjsFKw0AQhsdoNHhUvAhCQdRbEiWK0lObZCUQK1gqSPCwtjFW0t002UhA8Hk86Mv4Bp6KiO/gbjZbEQ/OHPZj9v9n/pcv0Iscdu/KUUGJmaVlMiaFiUkxHtKU5maHkyuoR1kMshY00EIwasEZzhjshdJvNX5r7rfmfi5sh7A0wgwzWAvv8QO2UkwSq8/yMUnaVQ6bTYohJQVNY9OV7+/LUGU88M7/gfnBz2eDvl/1ZxosRqDfJHXY9ejvcf57K36n8ATLPCXBk1iwVmVlrhymcJiN4/Xtcvax9XhaB+LJDAYr244rWhBCNi9Bti1YzhQ5R8cHXUfpEFI6SaiuUtw31GbbVvtc72ezYDlTtO+fNPvExPWUTpJ/KJqBXrE4nzDYiIIeOr9udQdB6LVQJwgHF/7qN9aCLssUAgAA[0m[INFO] BUILD FAILURE
[8mha:AAABPh+LCAAAAAAAAABb85aBtbiIQS2jNKU4P0+vIKc0PTOvWC8xrzgzOT8nv0jPEchyBrH88ktSGSCAkYmByYeBA6zAN7GghEHdB6JfH6pfH65fH64fqNDah4ElJbEksYRByCcrsSxRPycxL10/uKQoMy/duqKIQQrqiuT8vOL8nFQ9ZwiNajNDRQHQwaqEHQy08PUKjvyHkcHPmRiYoxlYk9LBjhWOxrQcKJsGki1kqGNgA7oyLzE3FcRmqigoLYLp0APp0IPqWHsp7PlL2Wp3sIOALuMoYWBXNnEGQRDLzc0ACEAsAwMQGyIGY5mYWRg5mcDUubnB1EFYbmBQCrKfA2aygQHMPGcXhMkgNkQMxjJ0tYSaBxJxdoGpg7BcTUGwhIG1oiS1KLeEISDa08/NP1ZBl0qACwBzBPd0TwIAAA==[0m[INFO] ------------------------------------------------------------------------
[8mha:AAABTB+LCAAAAAAAAACFjsFKw0AQhsdoNXjUm1AoiHrbpE0r2p407YoQ66EiSPCwtjFG0t002UhA8Hk86Mv4Bp6KiO/gbjZbEQ/OHPZj9v9n/pcvqGUp7N7lk4xRlMR5GNEMEZpFYxazFB0JciUNGQ9A1ZIBhgdmKTgjCYc9T/mtym8t/NbCL4Q9D1YmhBMOG949eSBWTGhojXga0bBXpLBVpRgzmrE4QK56f1+GIhGBd/4PLA5+Ppvs/Wo0N2DZh9pNWIbd9P8eF7+38ncGT7AqUlIyDSQbRZKn2oGkA1WO17fL+Uf98aQMJJKZHNa2265sSRjboiTZtmQ109TeP2gdt7UOY61ThMvK5X1Tb7Ztvc/t/2yWrGaamoPDap+cuH2tUzToyOZQK3iQTjnU/dMhPr9uXDBO4gaPpkG30ew6Dmo5nWz9GxzUuFwcAgAA[0m[INFO] Total time: 1:33.235s
[8mha:AAABWx+LCAAAAAAAAACFjs1Kw0AUha/RanCpO0EIiLrLX+Nfu9K0I0JaF1VBiouxjWkknYmTiQQEn8eFvoxv4KqI+A7OJBlFXHhnYD7unHPvef6ERsZga5KPM0rMNMmjmGQmJlk8ogll5qEgX1Kf8hCqmtNAC0AvBT2cctgOKr9V+61vv/XtF8J2AAtjzDGHleAW32MrwSSyBpzFJGoXDNbqFCNKMpqEpl+9vzdDkYrAm/8HFgs/nnT6djmYaTA/hMZ1VIZdHf5dLn5v5O8dPMKiSEnwNJSsFWnOlMOUDrN2vLxezN7XH47LQCKZzmFpw/PlkYSQLUqSbUuueoq83X33yFM6hJSuIlRWLvfrarJtq3l+52ey5KqnyOke1PNkx+8oXUXdHXk4NAoesikHZ3jSR6dXBopJnE3CsYF5y0AsNnqYGa4rbqu51/Ic4/zMN1zbaS5/AaaKhmYwAgAA[0m[INFO] Finished at: Fri Mar 22 22:37:41 UTC 2013
[8mha:AAABTB+LCAAAAAAAAACFjsFKw0AQhsdoNXjUm6AERL0lqURp7UnTrghJPRQEKR7WNsZIuptuNhIRfB4P+jK+gaci4ju4m81WxIMzh/2Y/f+Z/+ULGjmD3dtinFNiZ2kRJyS3McmTEU0ps48F+ZL6lEegasEAIwCzEoQ447AXKL9T+52535n7hbATwNIYc8xhLbjD99hJMYmdAWcJiTslg406xYiSnKaR7av392UoMxF45//A4uDns0nfLwczAxaH0LiOq7Drw7/Hxe+N/J3CEyyLlARPIslGmRVMO2zpsGvH69vF7GPz8bQKJJKZHFa2PV+2JIRcUZJcV7KaafIOW/snntYhpHWKUFWFvG/qza6r9/ndn82S1UxTs9eu98mJ39U6Rb0D2RwaJY/YhMPW8KyPzq8slBCcWmE0oezhyGp6odNutcPVb4QrDwIdAgAA[0m[INFO] Final Memory: 14M/989M
[8mha:AAABPh+LCAAAAAAAAABb85aBtbiIQS2jNKU4P0+vIKc0PTOvWC8xrzgzOT8nv0jPEchyBrH88ktSGSCAkYmByYeBA6zAN7GghEHdB6JfH6pfH65fH64fqNDah4ElJbEksYRByCcrsSxRPycxL10/uKQoMy/duqKIQQrqiuT8vOL8nFQ9ZwiNajNDRQHQwaqEHQy08PUKjvyHkcHPmRiYoxlYk9LBjhWOxrQcKJsGki1kqGNgA7oyLzE3FcRmqigoLYLp0APp0IPqWHsp7PlL2Wp3sIOALuMoYWBXNnEGQRDLzc0ACEAsAwMQGyIGY5mYWRg5mcDUubnB1EFYbmBQCrKfA2aygQHMPGcXhMkgNkQMxjJ0tYSaBxJxdoGpg7BcTUGwhIG1oiS1KLeEISDa08/NP1ZBl0qACwBzBPd0TwIAAA==[0m[INFO] ------------------------------------------------------------------------
[8mha:AAABzB+LCAAAAAAAAACVUdFO2zAUNYWOao/sbRJTJWA8xXbTApt4KqEBRunQgiZN1YSc1C0pThxsp0SaxPfwwH6GP9gTQoh/wE6aoqkP064ffHTvOecey3fPoCoF+HiRDiSPYcLSURhLSGIZBpxxAdsaOQb1uKKgqIUKqHRBLSeckESBzW6hR1M9munRTK+Ju12wNCCKKLDSHZMJQYzEI+QpEcaj3UyA99MUAY8lZxQ6xf33ZpAlOvDGvwPrhU+3Nf7nh/dQAYt9UPVHedh3/fnlejo00ytwA97olDGJqMGVLElFqYBGAaeK3/ffHx5Xfx3kgXSymgLLay3HHINcF+syCGODi16JWtuf7L1WyXPdklcgN6/U7K+VzhiXfs7+q7PBRa9Ejc7nqZ/pOPslr0CdLXMUqGaKikgtfOh/6fSOj3rez3pbBBfhRL+sjiZEIBb6aEzjS/OZY+5LdOZRoimnVAy5iL5RRomk6JqLS5mQgKIgDdLIpwIlPIJZxOqK/5dTxAcpoxIFWi5IULhCkoTrM2c/DdlAIhs3mhZuWrZ9bttWc9vCGJE8PZ1Xv+bCsAHxud/Ysbxe+9Q7/Ho2m1nzM6if8fYFrpep6h0DAAA=[0m[JENKINS] Archiving /var/lib/jenkins/jobs/TSearchPerformRelease/workspace/cucumber/pom.xml to /var/lib/jenkins/jobs/TSearchPerformRelease/modules/com.rackspace.api$cucumber/builds/2013-03-22_22-36-00/archive/com.rackspace.api/cucumber/0.1.0_b17-SNAPSHOT/cucumber-0.1.0_b17-SNAPSHOT.pom
[8mha:AAAByR+LCAAAAAAAAACVUdFO2zAUNYWOao/sjWlSpQF7iu2mHTDxVEKzAaUggpCmakJO6pYUJw62UyIh8T172H5mf8ATQmj/MDtpGKgPiOsHH917zrnH8q+/oCoFWDtPB5LHMGHpKIwlJLEMA864gG2NHIN6XFFQ1FwFVLqglhMOSKLAp26hR1M9etSjR70mbnXBwoAoosBSd0wmBDESj5CnRBiPtjIBlqcpAh5Lzih0ivv5ZpAlOvDqy4H1woefNX773burgPk+qPqjPOy7/uxyPR2a6SW4AW90yphE1OBKlqSiVECjgFPF7z+nd/cfrr/mgXSymgKLH1uOOQa5LtZlEMYGF70StdY37e1WyXPdklcgN6/U7K+VzhiXfs7Of2eDi16JGp0vUz/TcXZKXoE6n81RoJopKiI1976/1+nt7/a8H/W2CM7DiX5ZHU2IQCz00ZjGF+Yzx9yX6MSjRFOOqBhyER1TRomk6IqLC5mQgKKERzCLWF3xVxlEfJAyKlGg5YIEhRkkSbgic7qlfZGfhmwgkY0bTQs3Lds+s22ruW5hjEgem87q0RM9hg2Iz/zGhuX12kfet8OTJ1Nrdgp1++0/j5MmnxoDAAA=[0m[JENKINS] Archiving /var/lib/jenkins/jobs/TSearchPerformRelease/workspace/pom.xml to /var/lib/jenkins/jobs/TSearchPerformRelease/modules/com.rackspace.api$search-pom/builds/2013-03-22_22-36-00/archive/com.rackspace.api/search-pom/0.1.0_b17-SNAPSHOT/search-pom-0.1.0_b17-SNAPSHOT.pom
[8mha:AAABzR+LCAAAAAAAAACVUd1O2zAYNR1lFZdwMWkSUiW2cRXbTTs2xFUXGgYrBRE0aaom5KSmpDhxZjtdJCSeh4vxMrwBVwhNvAN2fkCoF4jPFz76vnPOdyz/uwd1KcCn03QkeQwTlo7DWEISyzDgjAvY1cgxaMAVBUXN1UCtDxo5YY8kCqz1Cz0q9ehRjx71mrjZB/MjoogCS/0JmRLESDxGnhJhPN7MBHhfpgh4LDmj0Cnu55tBlujAH18OrBf+v2zwm1/ebQ28GYK6P87DLg9nl+vpiZn+ARdgQaeMSUQNrmVJKioFNApYKq6uf97erZxv54F0soYCb1c7jjkGuS7WZRDGBhe9CnXWv9rfOhXPdStegdy8UrO/UTljXPk5W0/OBhe9CrV6G6Wf6ThbFa9Avc/mKFDPFBWRmns33O0NfuwMvN/NrghOw6l+WRNNiUAs9NGExmfmMyfcl+jIo0RTDqg44SI6pIwSSdFfLs5kQgKKJBXTUN8Jj2AWsabirzKK+ChlVKJAywUJClNIkvCDzOnIT0M2ksjGrbaF25ZtH9u21V63MEYkj05ntajUYtiC+NhvfbG8QffA+75/VE6s2QnUD1h8AFfKxGEWAwAA[0m[JENKINS] Archiving /var/lib/jenkins/jobs/TSearchPerformRelease/workspace/service/pom.xml to /var/lib/jenkins/jobs/TSearchPerformRelease/modules/com.rackspace.api$search/builds/2013-03-22_22-36-00/archive/com.rackspace.api/search/0.1.0_b17-SNAPSHOT/search-0.1.0_b17-SNAPSHOT.pom
[8mha:AAABUx+LCAAAAAAAAACFkUFLwzAUx5/VafGoN0EoiHpLq0xRdnLdKkj1MlBkp9h1XbVLappKQfDzeNAv4zfwNET8DuY1zUQ8mBz64+X/f++f9OULWoWAnUk5KjgjeVYmKSsIZUUa8YwLcqLIR7rgMga9FiywQrBrwTnNJeyG2u82fnfud+d+JeyEsDSikkpYC2/pA3UzyhJ3IEXKkk4lYKNJEXFW8Cwmvv7+ngxVrgJv/x9YDfx8tvn79WBmweIQWjdJHXZ9+He4Oh3j6T08wbJKyeg0RraqvBTGQdBBGsfr2+XsY/PxtA6kktkSVrbaPm6kIPDUQvI8ZF0z1D482u+2jS4IjE5TUK8S59ums+eZfn7vpzOyrhna6x83/bDi94xOU/8At4RWJWMxlUCuaCrVbZwxF85ZzO7UUzqSO+OUpcXEUQ+axVEtwN+2+g0wYBqzLQIAAA==[0mWaiting for Jenkins to finish collecting data
[8mha:AAABTx+LCAAAAAAAAACFjsFKxDAQhsfqavGoN0FYEBU8tFVWUfak3dZL9eCCIHuK3VgrbVKbdKkIPo8HfRnfwNMi4juYaZoV8eDkkC+T/5/5X76gI0rYuq3GgjOnyKokZcIhTKQxz3jpHCvykc65pKBrzgIrArsRnJFCwnak/W7rd2d+d+ZXwn4EC2MiiYSV6I5MiJsRlrhDWaYs6dclrLUpYs4Ez6jj6/v3ZqgLFXjz/8Bq4eezzd+vhlML5kfQuU6asKujv8vV7w3+3sMTLKqUjOQU2aqLqjQOBx1O63h9u5x+rD+eNoFUMlvC0kbPx4MUhp4qJM9D1j1DvYPDvZOe0YWh0WkKm6pwv20me56Z5w9+JiPrnqHd4Kidhx1/YHSagn08Ejq1pGUuYScnE8qCmsaVTDm7oKLKZJfWMS3wLbqMq2deyIflb4ec0xApAgAA[0mmavenExecutionResult exceptions not empty
[8mha:AAABpR+LCAAAAAAAAACFkM9qFEEQxsvVTRaP5iYIDRJXIdszWdegk5NOMl42uQSEkFM5Uzs7oWe67e4JA4LPo6Av4xt4CiK+g93zZyXkkOrD/Lr6+6o+5vtfGBsNz9Z1ZmTFlajzojIcK1OkUkjN3zqKPZ1KS9DVvRGMljBpBSeoLEyXnT/o/cHGH2z8Tni4hAcZWrTwaHmJVxgIrPLgzOqiyg8bDY/7FKmsjBTE4+57czM0ygXevTuwW/jn60T+Oj+7HsH9Cxh/zNuwOxe3l7vXlX/9BF9gy6WssCTPo0bVenBw7+C948fPD9e/n3x+3wZyySYWtp8uYn88JUnoylMYeu56Ay0OXs/fLQZdkgy6jpK2ar9/MkwOw2FefPR/sueuN9D+8Zt+nu/ER4Ouo+NX/lgYN5Z0aeFbScZgTixiCRaCMmYlo4bS2hLLJQomdc5RYbomXuIVbX541N5mmgShoVnXjeb8JZ9HSpNCTex5RiushZ2lonjBZMWUlpeUWmYIdbqeKVlG7MTP6XcWTrNqc+y5TmFZKjOK2HR/+vAfo1All6gCAAA=[0mmessage : Failed to execute goal org.apache.maven.plugins:maven-release-plugin:2.3.2:prepare (default-cli) on project search-pom: Maven execution failed, exit code: '1'
[8mha:AAABVR+LCAAAAAAAAACFjsFKw0AQhsdoNXjUmyAERHORJJUo2p40bbykXgqC9LQm27iS7sZkUwKCz+NBX8Y38FREfAd3s9mKeHDmsB+z/z/zv3xBpyzg4K5KSkadPKtSQksH0ZLELGOFcy4okHTFOAZVKwYYEZiNYIRyDnak/G7rd5d+d+kXwn4EawniiMNWdI/myM0QTd0xLwhN+3UBO22KmNGSZdgJ1Pv7MtS5CLz/f2Bx8PPZZO8344UBqxPo3KZN2O3J3+Pidyp/H+AJ1kVKimZYslHnVaEdjnQ4reP17Xrxsft42QQSyUwOG3t+IFtSGHqiJHmeZDXT5J+cHl34WheGWqcobKqS90292fP0vmDws1mymmnqDs/afXISDLRO0fBYNodOzXEx4+DGqCqx1bNGaI6phWscV5wwak0RyXByKCaEWzFLcM+yu/bmN8F4K0guAgAA[0mcause : Maven execution failed, exit code: '1'
[8mha:AAABPR+LCAAAAAAAAACFjrFKxEAQhsdoNNgI2glCQNQuiRJFverMXWyiTUCQq9ZcjNHcbtxsJCD4PBb6Mr6B1SHiO7iTzZ6IhTPFfsz+/8z/8gVmxWH7ph5XjDplUWc5rRxCqzxhBeNOX1KAdM5ECqrmDDAisFrBGSkF7ETK73Z+d+Z3Z34p7EWwMCaCCFiNbskDcQtCMzcWPKdZr+Gw3qVIGK1YkTqBen9fhqaUgbf+DywPfj5b7P0ynhowPwLzKmvDro3+Hpe/1/h7D0+wKFNSMkmRjaasuXY46HA6x+vbxfRj4/G0DSSTWQKWNv0AGykMPVlInoesZpr8g8O9E1/rwlDrFIVt1Xjf0ps9T+8LBj+bkdVM0+7wqNuHk2CgdYqG+9gCzEakfCJgJRYkubMFJ0lqH9vL37+fu8YOAgAA[0mStack trace : 
[8mha:AAABtx+LCAAAAAAAAACFkcFu1DAQhoeFhRXHckNCslTBgsQ66bJUND2VdMMl5VKpUtWTcWazqby2cZwqCKnPwwFehgtnThVCvAN2EhdVPWAf8mVm/n9+JV//wLg28GzdFLWSVIumrGRNmawrroQy9MBR6um9sgj9uTOCUQ6TbuCIaQvTvNdHgz661kfXeje4n8O9gllmYSs/ZxcsEkyW0bE1lSz3WwOPhxRcyVoJpGn/vLkZWu0CP/1/YLfw95eJ+nl6fDWCu2cw/lB2YR+d3V7uuivf/QiXcN+llGyDnketbkxQUK+gg+Lb95OrX08+v+sCuWQTCw+2F6m/nrIsdsdTHHvua4EWu2/mbxdhLsvCXE9Zdxq/fxKc4zj4pYf/nD33tUA7y73Bz1fSwzDX0/K1vxbGrUWzsfBDmZIyzfga6YZdoKSiWiH/xN3HzwMtW+SNrZRcthy1h4RkrBJYEKsIdl0kpWKC3LIbfk/Svc0MCmQ1zvpqMqev6DzRBjUzSJ4XuGKNsDMuqhdESaKNOkduSY3M8PVMq01CjrzPsNMFIasux0tXqSzhqsCETHemD/8CwGmgONYCAAA=[0morg.apache.maven.lifecycle.LifecycleExecutionException: Failed to execute goal org.apache.maven.plugins:maven-release-plugin:2.3.2:prepare (default-cli) on project search-pom: Maven execution failed, exit code: '1'
[8mha:AAABaB+LCAAAAAAAAACFkb1OwzAUhS+BQGCEDQkJCfG3OGlVfjtB2rCkLEVIqJNJ3TRVagfHqYKQeB4GeBnegKlCiHfATuKiioHrIZ+uz7n3yHn9BjPlsDfM+imjKImzMKIpwjSNAhYzji4kuYqumSBQ1oIBhg9WIejgRMC+X/rtym/P/PbML4VNH5b6WGAB6/4IT7AdYxraXcEjGjZzDptVioDRlMUEueV3fjPkiQy8+39gufDrxWIfd92pAYs9MO/DIuxG7+9yeTtQtw/wDMsyJcVjotjIk4xrB1IOVDne3m+nn1tPV0UgmcwSsLLTcNVR5HmOLEWOo7jsaWocn9YvG1rneVpXkldUpvZberLj6Hlu63ey4rKnqdY+q+apjtvSupLaR+oIMHNB+FjAzSoW24yHCCc4GBI0xhNCURwNSPAYyB8QUamjOEYdNmLtnASZkC9MCiAHc031QOf12snh2g9Yw9MLUwIAAA==[0m	at org.apache.maven.lifecycle.internal.MojoExecutor.execute(MojoExecutor.java:217)
[8mha:AAABaB+LCAAAAAAAAACFkb1OwzAUhS+BQmCEDQkJCfG3OCm0COgEacKSshQhoU4mddNUqR0cpwpC4nkY4GV4A6YKId4BO4mLKgauh3y6PufeI+f1G2oph71h1k8ZRUmchRFNEaZpFLCYcXQhyVF0zQSBshYMMHwwC0EHJwL2/dJvVX5r5rdmfils+bDUxwILWPdHeIKtGNPQ6goe0bCVc9isUgSMpiwmyCm/85shT2Tg3f8Dy4VfLyb7uOtODVjsQe0+LMJu9P4ul7cDdfsAz7AsU1I8JoqNPMm4diDlQJXj7f12+rn1dFUEkslMASs7DUcdRZ5ny1Jk24rLnqbGyenRZUPrPE/rSvKKytR+U0+2bT3Paf9OVlz2NNXds2qe6jhtrSvJbaojoJYLwscCblax2GY8RDjBwZCgMZ4QiuJoQILHQP6AiEodxTHqsBFzcxJkQr4wKYAczDXVA53Xm8eHaz8DhhjEUwIAAA==[0m	at org.apache.maven.lifecycle.internal.MojoExecutor.execute(MojoExecutor.java:153)
[8mha:AAABaB+LCAAAAAAAAACFkc1Kw0AUha/RanSpO0EQxL/NJJVU1K40bdykbiqCdDWm0zQlnUknkxIRfB4X+jK+gasi4js4k2QqxYV3Fvm4c869h8nrN9RSDgfDrJ8yipI4CyOaIkzTKGAx4+hSkqvohgkCZS0ZYPhgFoIOTgQc+qXfqvzW3G/N/VLY9GGljwUWsOmP8BRbMaah1RU8omEz57BdpQgYTVlMkFt+FzdDnsjA+/8Hlgu/Xkz2cd+dGbDcg9pDWITd6v1dLm8H6nYCz7AqU1I8JoqNPMm4diDlQJXj7f1u9rnzdF0EkslMAWt7jquOIs+zZSmybcVlT5NzenZy5Wid52ldSV5Rmdpv6sm2ree5rd/Jisuepnr7vJqnOm5L60pqN9QRUMsF4WMBt+tY7DIeIpzgYEjQGE8JRXE0IMFjIH9ARKWO4hh12Ii1cxJkQr4wKYAcLTTVA13Uncbxxg/UnSl4UwIAAA==[0m	at org.apache.maven.lifecycle.internal.MojoExecutor.execute(MojoExecutor.java:145)
[8mha:AAABbx+LCAAAAAAAAACFkc1Kw0AUha/VanSpO0EQxL/NJEqValc2bdykIhQE6WqaTtOU6UycTEpE8Hlc6Mv4Bq6KiO/gTJKpiIh3FvNx55x7D8nzJ1QTAXujdJBwhmKahhFLEGZJFHDKBbpQ5Gq64pJAUQsVqPhg5YIOjiXs+4XfLv323G/P/UrY8GFpgCWWsO6P8RTbFLPQ7koRsbCRCdgsUwScJZwS5Bb3z82QxSrw7v+B1cKPJ4u/3XZnFVjsQbUf5mE3er+Xq9ehfr2DR1hWKRmeEM2VLE6FcSDtQKXj5fVm9r71cJkHUsksCSs7NVcfTZ7nqNLkOJqLnqHaaf24WTM6zzO6gry8Ur3fMpMdx8xzW9+TNRc9Q0fts3Ke7rgtoyuofaKPhGomiZhIoKtYbnMRIhzjYETQBE8JQzQakuA+UD8gYkrHMEW+aXX4IKWkmUZ0QATq6/ta8DEJ5MEfGv3lzuu1w7UvyACYkGsCAAA=[0m	at org.apache.maven.lifecycle.internal.LifecycleModuleBuilder.buildProject(LifecycleModuleBuilder.java:84)
[8mha:AAABbx+LCAAAAAAAAACFkc1Kw0AUha/VanWpO0EQxL/NJEoVa1c2bdykIhQE6WqaTNOU6UycTEpE8Hlc6Mv4Bq6KiO/gTJKpiIh3FvNx55x7D8nzJ1QTAXujNEg4QzFNw4glCLMk8jnlAl0ocjRdcUmgqIUKVDyo5YIujiXse4XfKv3W3G/N/UrY9GApwBJLWPfGeIotillo9aSIWNjMBGyWKXzOEk4Jcor752bIYhV49//AauHHU42/3fZmFVjsQ3UQ5mE3+r+Xq9ehfr2DR1hWKRmeEM2VLE6FcSDtQKXj5fVm9r71cJkHUslqElZ26o4+mlzXVqXJtjUXPUP107PjVt3oXNfoCnLzSvX+mpls22ae0/6erLnoGTrqNMp5uuO0ja6gzok+EqqZJGIiga5iuc1FiHCM/RFBEzwlDNFoSPx7X/2AiCkdwxR5ptXlQUpJK41oQAQa6Pta8DHx5cEfGv3lzk8ah2tfRksqamsCAAA=[0m	at org.apache.maven.lifecycle.internal.LifecycleModuleBuilder.buildProject(LifecycleModuleBuilder.java:59)
[8mha:AAABcR+LCAAAAAAAAACFkb1OwzAUhS+BQmCEDQkJCfG3OCkUVOhE04YlsBQhoU4mcZOg1A6OUwUh8TwM8DK8AVOFEO+AncRFiIHrIZ+uz7n3yHn5gkbGYSfKg4xRlCZ5GNMMYZrFPksYR2eSHEWXTBCoas4AwwOzFFzgVMCuV/mt2m/N/NbML4UdDxYCLLCAVe8OT7CVYBpaA8FjGnYKDut1Cp/RjCUEOdX392YoUhl4+//AcuHns8nebwZTA+aH0LgNy7Brw7/L5e1I3d7DEyzKlBSPiWKjSHOuHUg5UO14fbuefmw8npeBZDJTwNJWy1FHkevashTZtuKqp6l13D7otrTOdbWuIresXO039WTb1vOc3s9kxVVPU7N/Us9THaendRX1j9QR0CgE4WMB0TIWm4yHCKfYjwga4wmhKIlHxH/w5Q+IqdRRnCBPtwYCc9lDmXyDhFxFnOCABN08ToK9PyL1aKfN9uH+yjfnUpu6ZwIAAA==[0m	at org.apache.maven.lifecycle.internal.LifecycleStarter.singleThreadedBuild(LifecycleStarter.java:183)
[8mha:AAABaB+LCAAAAAAAAACFkc1Kw0AUha/RanSpO0EQxL/NJJVa1K40bdxENwVB6mZMp2kknUknkxIRfB4X+jK+gasi4js4k8lUpAvvLPJx55x7D5PXb6hlHPaGeT9jFKVJHsU0Q5hmccgSxtG5JE/RNRMEdC1YYAVgl4IrnArYD7TfqfzOzO/M/FLYCmCpjwUWsB484Al2Ekwjpyt4TKNWwWGzShEymrGEIE9//26GIpWBd/8PLBd+vdjs47Y7tWCxB7X7qAy70ZtfLm8H6nYMz7AsU1I8IoqtIs25cSDlQJXj7f1m+rn1dFkGkslsASs7DU8dRb7vylLkuop1z1CjeXJ00TA63zc6TX5Zudpvm8mua+Z57d/JinXPUL1zWs1THa9tdJo6x+oIqBWC8JGAu1UsthmPEE5xOCRohCeEoiQekPAxlD8gplJHcYIC0+oKzGUPkYKEuSAHcxfqoc7qzfrh2g8juxvcWwIAAA==[0m	at org.apache.maven.lifecycle.internal.LifecycleStarter.execute(LifecycleStarter.java:161)
[8mha:AAABXB+LCAAAAAAAAACFkL1OwzAUhS+BQGCEDQkJCfG3OKEUBHSCtGFJWSohoU4mcdOi1A6OU0VC4nkY4GV4A6YKId4BO46LKgauh3y+Pufeo7x+g51z2BsWcc4oytIiGdEcYZqPIpYyji4l+YpumCCga8ECKwSnEnRxJmA/1H639rszvzvzS2ErhKUYCyxgPXzAE+ymmCZuT/ARTVolh806RcRozlKCfP2d3wxlJgPv/h9YLvx6cdjHXW9qwWIf7PukCrvR/7tcvg7U6yM8w7JMSfGYKLbKrODGgZQD1Y6399vp59bTdRVIJnMErOw0fXUUBYEnS5HnKdY9Q83Ts8ZV0+iCwOg0BVUVar9jJnuemee3fycr1j1DR53zep7q+G2j09Q5UUeAXQrCxwL8VSy2GU8QznA0JGiMJ4SiNhngIhXd6hKzTkmiQpCDubb6HxfHDe9w7Qc6rXXjQgIAAA==[0m	at org.apache.maven.DefaultMaven.doExecute(DefaultMaven.java:320)
[8mha:AAABWx+LCAAAAAAAAACFkM1Kw0AUha/RanSpO0EQxL/NJJW2qF3VpHGTuikI0tWYTtNKOhMnkxIQfB4X+jK+gasi4js4k8lUigvvLPLNnXPuPeT1G2oZh6NxPswYRWmSxxOaIUyzScQSxlFHkqfohgkCulYssEKwS0EPpwKOQ+13Kr+z8DsLvxS2Q1gbYoEFbIcPeIadBNPY6Qs+oXG74LBbpYgYzVhCkKe/y5uhSGXgw/8Dy4VfLzb7uOvPLVgdQO0+LsPuDP4ul68j9foIz7AuU1I8JYqtIs25cSDlQJXj7f12/rn3dF0GkslsARsHDU8dRUHgylLkuop1z1CjdX521TC6IDA6TUFZudpvm8mua+Z5/u9kxbpnqN69qOapjucbnaZuUx0BtUIQPhXQ2cRin/EY4RRHY4KmeEYo8skI54nolRdSkCgX5GSpqf7GZb3ZOt36AWcfw7xAAgAA[0m	at org.apache.maven.DefaultMaven.execute(DefaultMaven.java:156)
[8mha:AAABXx+LCAAAAAAAAACFkL1OwzAQx49AITDChoSEhPhanADlo3SCtGFJkVAlJNTJtCZNldjBcapISDwPA7wMb8BUIcQ7YMdxETBwHvzz+f53f/v5E2oZh61hPsgYRWmchxHNEKZZ1Gcx4+hMkqfokgkCOmYssAKwy4IOTgVsB1rvVHpnqnemelnYDGBugAUWsByM8Bg7Maah0xU8omGz4LBauegzmrGYIE/vPydDkUrDm/8blgM/nmz2dtOdWDDbg9ptWJpd6f0dLm/v1O09PMK8dElxQhRbRZpzo0BKgSrFy+v15H3t4aI0JJ3ZAhY26p5ainzflaHIdRXrnKH60cn+ed3U+b6p0+SXkav5tunsuqaf1/rurFjnDO21G1U/lfFapk5T+1AtAbVCEJ4IuFrEYp3xEI3GlAhU/WmCx4QeyNfmtD8kHHXKc2COCY7ozq+c+p7T48bu0hdRtIIsUAIAAA==[0m	at org.jvnet.hudson.maven3.launcher.Maven3Launcher.main(Maven3Launcher.java:79)
[8mha:AAABXh+LCAAAAAAAAACFjs9Kw0AQxsdoNXrUmyAUxH+XTZQqSi/WtBEh7aUgSE9ruk2j6W7c3ZSA4PN40JfxDTwVEd/B3WxSEQ/OHPbH7PfNfC9fUBMcdsfZUDCK0iSLYioQpiIOWcI4ainyNPWYJGBqwQIrALsQdHEqYS8wfqf0O3O/M/crYTOApSGWWMJ6cIen2EkwjZy+5DGNmjmHzTJFyKhgCUGeeX9fhjxVgXf+D6wOfj7b7P2mP7NgcQC126gIuzH4e1z9jvTvAzzBskpJ8YRotvI045UDaQcqHa9v17OPrcfLIpBKZktY2W54ujX5vqtKk+tqNrOKGienRxeNSuf7lc6QX1Sm79vVZtet9nntn82azayiw85ZuU9PvHalM9Q51i2hlkvCJxLOV7Gsi4wiTkYJCSXqYRlPSZfIMRu2wpAIwfjVJE1QTKfsnrj7RlA3ioO1b48BYWA/AgAA[0m	at sun.reflect.NativeMethodAccessorImpl.invoke0(Native Method)
[8mha:AAABYh+LCAAAAAAAAACFkM9Kw0AQxsdqNXrUmyAI4r/LJmoVa081bURIe1AQpKc13abRdDfubkpA8Hk86Mv4Bp6KiO/gbpKtiIizh/yY+b6Zjzx/QlVw2BqmfcEoSuI0jKhAmIooYDHjqKnI1dRlkkBRMxWo+GDlgg5OJGz7hd8u/fbUb0/9StjwYa6PJZaw7N/iMbZjTEP7UvKIho2Mw2qZImBUsJggt/j+vAxZogJv/h9YHfx4stjb9eWkArM9qN6EediV3u/jajrQ03t4hHmVkuIR0VzJkpQbB9IOVDpeXq8m72sPZ3kglcySsLBRc/XT5HmOKk2Oo7noGaodHe+f1ozO84yuIC+vVN+3zGbHMfvc1vdmzUXP0F67Xu7THbdldAW1D/WTUM0k4SMJF4tYrouUIk4GMQkk6mIZjUmHyCHrN4OACMH4+SiJUUTH7I7s/DnX/+fkoL679AXcAN+TUQIAAA==[0m	at sun.reflect.NativeMethodAccessorImpl.invoke(NativeMethodAccessorImpl.java:39)
[8mha:AAABZB+LCAAAAAAAAACFkM1Kw0AUha/VanSpO0EQxL/NJJZW1K5q2oiQuikI2tWYTtNoOhNnJiUg+Dwu9GV8A1dFxHdwJslURNA7i3zcOefeM3n+hKrgsDNKB4JRlMRpGFGBMBVRwGLGUUuRq+mCSQJFzVWg4oOVC7o4kbDrF3679Nszvz3zK2HTh4UBlljCqn+LJ9iOMQ3tnuQRDZsZh/UyRcCoYDFBbvH9uRmyRAXe/j+wWvjxZLG3q960AvN9qN6Eedi1/u/l6naob+/hERZVSorHRHMlS1JuHEg7UOl4eb2cvm88nOWBVDJLwtJW3dVHk+c5qjQ5juaiZ6h+eFQ7rRud5xldQV5eqd5vmcmOY+a57e/JmoueoYPOcTlPd9y20RXUaegjoZpJwscSrpex3BQpRZwMYxJI1CYxCbFUD+wSOWKDVhAQIRg/HycxiuiE3ZG9PzX6P53UGvsrX0OtDJJZAgAA[0m	at sun.reflect.DelegatingMethodAccessorImpl.invoke(DelegatingMethodAccessorImpl.java:25)
[8mha:AAABUx+LCAAAAAAAAACFj71OwzAUhS+BQmCEDQkJCfG3OAG1QOkEacOSslRCQp1M6qaB1A6OU0VC4nkY4GV4A6YKId4BO45bIQauh3y+Pufek9dvqGUc9kb5IGMUpUkexTRDmGZxyBLG0YUkT9E1EwR0LVhgBWCXgi5OBewH2u9Ufmfmd2Z+KWwFsDTAAgtYD+7xBDsJppHTEzymUavgsFmlCBnNWEKQp7+/N0ORysC7/weWC79ebPZx25tasNiH2l1Uht3o/10uX4fq9RGeYVmmpHhMFFtFmnPjQMqBKsfb+830c+vpqgwkk9kCVnbqnjqKfN+Vpch1FeueofrJ2fFl3eh83+g0+WXlar9tJruumee155MV656ho06zmqc6XtvoNHUa6gioFYLwsYDGKhbb81/jZJiQUKAuESM2QDGdsAdyUN2U7LzRPD1c+wGVc/MjNAIAAA==[0m	at java.lang.reflect.Method.invoke(Method.java:597)
[8mha:AAABZx+LCAAAAAAAAACFkL9OwzAQxo9AITDChoSEhPi3OKEUROkEacMSWCohUCeTmLQo2MF2IBISz8MAL8MbMFUI8Q7YcVyEGDgP/ul8393ne/mChuCwMSwSwSjKsyIdUYEwFaOYZYyjI0WBpjMmCZiYcsCJwK0KTnEuYTMyeq/WexO9N9Grwk4EMwmWWMJidIPvsZdhmnp9yUc07ZQclmsXMaOCZQQF5v49GcpcGV7/37Aa+PnssvfL/tiB6QE0rtLK7NLg73D1eq1f7+AJZpVLim+JZqfMC24VSCtQrXh9Ox9/rDyeVIaUM1fC3For0EdTGPoqNPm+ZpOz1No/aB63bF0Y2jpDYRWFnu/azr5v+wXdn86aTc7STq9d99OZoGvrDPX29JHQKCXhtxIu5rFcZTxVG0/IEBdC7ZOU6oozLMQD41ki1K8LGg8JR5EFk+lLTBPMk61JXi/pcLfZ3l74Bum/HPJXAgAA[0m	at org.codehaus.plexus.classworlds.launcher.Launcher.launchStandard(Launcher.java:329)
[8mha:AAABYh+LCAAAAAAAAACFkM9KxDAQxsfqavWoN0EQxH+XtK6ruO5Ju1svVQRBkD3FNnZXuklNUi0IPo8HfRnfwNMi4juYNM2KeHByyK+T+Wa+zssXNASHjUGRCEZRnhXpkAqEqRjGLGMcHSkKNJ0xScDElANOBG5VcIpzCZuR0Xu13pvovYleFXYimEmwxBIWo1t8j70M09S7kHxI007JYbl2ETMqWEZQYO7fk6HMleH1/w2rgZ/PLnu/uhg7MN2HxnVamV3q/x2uXm/06x08waxySfGIaHbKvOBWgbQC1YrXt8vxx8rjSWVIOXMlzK21An00haGvQpPvazY5S639g+Zxy9aFoa0zFFZR6Pmu7ez7tl/Q/ems2eQs7fTadT+dCbq2zlBvTx8JjVISPpJwPo/lKuOp2nhCBrgQap+kVFecYSEeGM8Sof66oPGAcBRZMJmtybdezmFzt7298A1m6OXBTwIAAA==[0m	at org.codehaus.plexus.classworlds.launcher.Launcher.launch(Launcher.java:239)
[8mha:AAABYR+LCAAAAAAAAACFkM9LwzAUx5/VafWoN0EQxF+XtNNNpjtpt4rQeRkIslPcYtfRJV2ajoLg3+NB/xn/A09DxP/BpGmm4sGXQz55ed/3vsnzJ1RSDnvDbJAyipI4CyOaIkzTqM9ixtG5JE/RNRMEdCxYYAVgFwUdnAjYD7TeKfXOXO/M9bKwGcDSAAssYD0Y4Sl2YkxDpyt4RMNmzmGzdNFnNGUxQZ7ef0+GPJGGd/83LAd+PNns7bY7s2CxB5W7sDC70fs7XN7eq9sJPMKydEnxmCi28iTjRoGUApWKl9eb2fvWw2VhSDqzBazs1Dy1FPm+K0OR6yrWOUO1k8bRRc3U+b6p0+QXkan5tunsuqaf1/rurFjnDFXbp2U/lfFapk5Tu66WgEouCB8LuFrFYpvxEI2mlAhU/ukYTwk9RjgkVKBOcejgiMrnZ7Q/PPiRUb9yVq03Dte+AJKmLClIAgAA[0m	at org.jvnet.hudson.maven3.agent.Maven3Main.launch(Maven3Main.java:158)
[8mha:AAABVR+LCAAAAAAAAACFkE9LwzAYxl+r0+pRb4IgiP8uaaZT1Hlx3eql8zIQZKe41VrJkpqmoyD4eTzol/EbeBoifgeTppkMD76B9seb53nfh7x+Qy0TsHOfDzPOUErzOGEZIixLBpxygS4U+ZquuIzA1JwDTghuKeiSVMJuaPxe5femfm/qV8JmCAtDIomE1fCBjIlHCYu9nhQJi5uFgPUqxYCzjNMI+eY/uxmKVAXe/j+wWvj14vKPm97Egfk+1G7jMuxa/+9ydXunbx/hGRZVSkZGkWanSHNhHUg7UOV4e7+efG48XZaBVDJXwtJWw9dHUxBgVZow1mx6lhrHJwethtUFgdUZCsrK9X7XTsbYzvPbv5M1m56leue0mqc7ftvqDHWO9JFQK2QkRhLOl4ncrF5yRMYRQ139PWzlCR1GAg0IpXuzLf0QZ3WM91d+ANmKOcE7AgAA[0m	at hudson.maven.Maven3Builder.call(Maven3Builder.java:100)
[8mha:AAABUx+LCAAAAAAAAACFkM9Kw0AQxsdoNXrUmyAI4r/LJmotak82bbykXgqC9LS2MUa2m3SzKQHB5/GgL+MbeCoivoM72WyleHAWkh+z3zfzsa/fUMsE7D3kwyzhJGV5FPOMUJ7Fg4Qlglwq8pCuExmCrgULrADsUtClqYT9QPudyu/M/M7Mr4TNAJaGVFIJ68EjnVCHUR45PSliHjULAZtVikHCs4SFxNP/+c1QpCrw7v+B1cKvFzv5uO1NLVjsQ+0uKsNu9P8uV7f3eDuGZ1hWKTkdhchWkebCOAg6SOV4e7+Zfm49XZWBVDJbwspO3cOD5PuuKiTXRdY9Q/XG2XGrbnS+b3Sa/LJy3G+bya5r5nnt38nIumfoqHNezcOO1zY6TZ1TPBJqhQzFSEJzlcrt6iVHdBJy0sXvSSuP2TAUZEAZO5hv4UNcNBqHaz8dPWnuOgIAAA==[0m	at hudson.maven.Maven3Builder.call(Maven3Builder.java:66)
[8mha:AAABWR+LCAAAAAAAAACFkE9LwzAYxl+r0+pRb4IgiP8uaSdT1IGg3eqlenAoyE5xy+qkTboklYLg5/GgX8Zv4GmI+B1MmmYqHnxz6I83z/O+T/P8CTXBYeM27wtGUZbk8ZAKhKkY9ljCODpWFGg6Z5KAqSkHnAjcUnCGMwmbkfF7ld+b+L2JXwmbEcz0scQSFqM7fI+9BNPY60g+pHGz4LBcpegxKlhCUGC+vzdDkanA6/8HVgs/nlz2dt0ZOzDdhdpNXIZd6v5drm4H+nYEjzCrUlKcEs1OkeXcOpB2oMrx8no1fl95OC0DqWSuhLm1RqCPpjD0VWnyfc2mZ6mxt79z0rC6MLQ6Q2FZud7v2sm+b+cFre/Jmk3PUr19UM3TnaBldYbau/pIqBWS8FTC0TyWq9VLcpIyqf4MXQrCL8goJ0KijPAB4+nWz55+isN6fX974QsVvGRVPQIAAA==[0m	at hudson.remoting.UserRequest.perform(UserRequest.java:118)
[8mha:AAABWB+LCAAAAAAAAACFkM1KxDAUha/VanWpO0EQxL9NWqXK6OBCO1M31YWDgswqzmTqSJt0klQKgs/jQl/GN3A1iPgOJm0zKi68WfTj5px7T/P8CbbgsHGb9wWjKEvyeEgFwlQMeyxhHB0rCjSdM0mgqikLrAicUnCGMwmbUeV3a7878bsTvxI2I5jpY4klLEZ3+B67Caax25F8SONmwWG5TtFjVLCEoKD6/t4MRaYCr/8fWC38eHLY23VnbMF0F+ybuAy71P27XN0O9O0IHmFWpaQ4JZqtIsu5cSDtQLXj5fVq/L7ycFoGUskcCXNrfqCPpjD0VGnyPM1Vz5C/39g98Y0uDI2uorCsXO93zGTPM/OC1vdkzVXP0E77oJ6nO0HL6Cpq7+kjwS4k4amEo3ksV+uX5CRlUv0ZuhSEX5BRToREGeEDxtOtnz39FId+Y3vhC5X1HKY8AgAA[0m	at hudson.remoting.UserRequest.perform(UserRequest.java:48)
[8mha:AAABVB+LCAAAAAAAAACFkL9OwzAQxo9AITDChoSExP/FCSVUhU6QNiyBgUpIqJNpTQhK7NRxUCQknocBXoY3YKoQ4h2w47gIMXAe/PP5vrvPfvmCRs5h+64Y5YyiLCmimOYI0zwesoRxdCLJV3TBBAEdMxZYIdhVwTnOBOyEWu/Uemeqd6Z6WdgJYW6EBRawHN7jB+wkmEZOX/CYRp2Sw2rtYshozhKCfL3/ngxlJg1v/W9YDvx8ttn7dX9iwewAGjdRZXZl8He4vL1Vt2N4gnnpkuKUKLbKrOBGgZQC1YrXt6vJx9rjWWVIOrMFLGx4vlqKgsCVoch1FeucIa/Vbp56pi4ITJ2moIpCzbdNZ9c1/fzuT2fFOmdov3dU91MZv2vqNPUO1RLQKAXhqQBvEYv1+ic5SZmQL0OXZFyQXGw2ES/obn1C6gOOD5qtvaVvyma5mjMCAAA=[0m	at hudson.remoting.Request$2.run(Request.java:326)
[8mha:AAABYh+LCAAAAAAAAACFkM9Kw0AQxsdoNXrUmyAI/r9s0lKt2pOmjQjRS0GQelnTNUbS3bjZlIDg83jQl/ENPBUR38HdbLYigs4e8tuZ+Wa+7PMn1DIOm7f5IGMUpUkexTRDmGZxyBLG0ZEkT9E5EwR0TFlgBWCXDWc4FbAVaL1T6Z2J3pnoZWM7gJkBFljAYnCHR9hJMI2cnuAxjdoFh+XKRchoxhKCPP39uRmKVBre+N+wXPjxZLO3y97Yguk+1K6j0uxS//dyWb1R1Xt4hFnpkuIhUWwVac6NAikFqhQvrxfj95WHk9KQdGYLmFtreuoo8n1XhiLXVaxzhpp7+43jpunzfdOnyS8jV/ttM9l1zTyv8z1Zsc4ZqncPqnkq43VMn6burjoCaoUgfCjgah6L1eolORkyIf8MnVJZDEmqLt2ChLlgvEf4KA7Jeh2FOEm2/2hB6qUOW42dhS8TzeBLWwIAAA==[0m	at hudson.remoting.InterceptingExecutorService$1.call(InterceptingExecutorService.java:72)
[8mha:AAABYB+LCAAAAAAAAACFkL9OwzAQxo9AITDChoSExP/FCbQgoBOkTZfAQBES6mRSEwKpHRwbBSHxPAzwMrwBU4UQ74CdxK0QA+fBP93dd/fZr99Qyzis38h+xihKExnFNEOYZnHIEsbRkSJP0ykTBMqYsMAKwC4aTnAqYCMo9U6ld0Z6Z6RXjc0ApvpYYAHzwS1+wE6CaeR0BY9p1Mw5LFYuQkYzlhDklffvzZCnyvDa/4bVwq8Xm31cdocWTPagdhUVZhd6f5er6rWu3sMzTCuXFA+IZitPJTcKpBWoUry9Xww/l546hSHlzBYws9Lw9NHk+64KTa6rucwZauzt7xw3TJ/vm76S/CKk3m+bya5r5nmt8WTNZc7QdvugmqczXsv0ldTe1UdALReEDwR0ZrFYLp4mRZzofw8l54QK5EshOTnH2d1q95GGKKaU8DNJN8cFpIWHdbe+NfcDtGmYkkYCAAA=[0m	at java.util.concurrent.FutureTask$Sync.innerRun(FutureTask.java:303)
[8mha:AAABWR+LCAAAAAAAAACFkM8vxEAUx5+ylCM3iUQifl2mXZYsGwe6W5dyWZHInsZuVenO1HRGmkj8PQ78M/4Dp42I/8G8trOIgzeHfvrm+33v2z5/Qi0TsHatBhlnJE1UFLOMUJbFfZ5wQQ41eUinXIZQ1oQFVgB2ITihqYT1oPQ7ld8Z+52xXwtbAUwNqKQS5oMbek+dhLLI6UoRs6iVC1isUvQ5y3gSEq98/t4MeaoDr/4fWC/8eLL520V3ZMFkD2qXURF2ofd3ub69wts7eIRpnZLRYYhs5akSxkHQQSrHy+v56H3p4bgIpJPZEmZWGh4eJN93dSG5LnLZM9TYbW4dNYzO942uJL8ohfttM9l1zTyv/T0ZuewZqnf2qnnY8dpGV1JnB4+EWi5DMZRwMEvlcvFpSsYJ/ve+EiJkkvhKKhGe0eyWCMU2fryifL++3dyc+wKJNXMRPAIAAA==[0m	at java.util.concurrent.FutureTask.run(FutureTask.java:138)
[8mha:AAABaB+LCAAAAAAAAACFkL1OwzAUhS+FQmCEDQkJif/FCahUhU6QNiwBIRXxo04mNWloagfHRpGQeB4GeBnegKlCiHfATuIi1IHrIZ+uz7n3OK/fUE05bPZlL2UUJbEMI5oiTNMoYDHj6EiRq+mMCQJFTVWg4oOVC05xImDLL/x26bfHfnvsV8KmDzM9LLCARf8eP2I7xjS0O4JHNGxmHJbLFAGjKYsJcovv382QJSrwxv+B1cKvF4t93HRGFZjuQvU2zMMudSeXq9s7ffsAzzCrUlI8JJorWSK5cSDtQKXj7f1y9LnydJIHUsksAXNrNVcfTZ7nqNLkOJqLnqFavbF3XDM6zzO6gry8pN5vmcmOY+a5rd/Jmoueod32QTlPd9yW0RXU3tdHQDUThA8FXM9jsZo/TYoo1v89kJwTKtBFnxPcO2csbmckkILx9SvGB4QjLukFTgfbkwqkJx02GvWdhR/q/kq9VwIAAA==[0m	at java.util.concurrent.ThreadPoolExecutor$Worker.runTask(ThreadPoolExecutor.java:886)
[8mha:AAABZB+LCAAAAAAAAACFkL9OwzAQxo9AITDChoSExP/FCaiglk6QNiwBIVGBUCeTmjSQ2sGxUSQknocBXoY3YKoQ4h2wk7gIdeA8+Ke7++4++/UbahmHzYHsZ4yiNJFRTDOEaRaHLGEcHSnyNJ0xQaCMKQusAOyi4RSnAraCUu9Uemesd8Z61dgKYKaPBRawGNzhR+wkmEbOheAxjVo5h+XKRchoxhKCvPL+uxnyVBne+N+wWvj1YrOP64uRBdM9qN1Ehdml3uRyVb3V1Qd4hlnlkuIh0WzlqeRGgbQCVYq398vR58rTSWFIObMFzK3VPX00+b6rQpPrai5zhuoHjb3juunzfdNXkl+E1PttM9l1zTyv/TtZc5kztNtpVvN0xmubvpI6+/oIqOWC8KGA7jwWq8XTpIgT/e+h5JxQgboDTnD/nLGkk5NQCsbXrxi/JxxxSbcnq0hPOWy6jZ2FH5t+kFhTAgAA[0m	at java.util.concurrent.ThreadPoolExecutor$Worker.run(ThreadPoolExecutor.java:908)
[8mha:AAABSR+LCAAAAAAAAACFj89Kw0AQxsdoNXrUmyAI4t/DJpZaqj1p2niJXiqC9LQ2Ma2ku3GzkYDg83jQl/ENPBUR38GdbLZFPDh7yI+Z75v58voNtUzAzjAPM85ImuTxiGWEsmw04AkX5FSRh3TJZQS65iywArBLwQVNJewG2u9Ufmfqd6Z+JWwHsBBSSSWsBvf0kToJZbHTk2LE4nYhYL1KMeAs40lEPP39fRmKVAXe/j+wOvj1YvOPm97Egvk+1G7jMuxa/+9xNb3D6QM8w6JKyeg4QraKNBfGQdBBKsfb+/Xkc+PpvAykktkSlrYaHj4k33dVIbkusu4ZajRb9bOG0fm+0Wnyy8rxvm02u67Z53Vmm5F1z9Bh97jahx2vY3Saukf4JNQKGYmxhINlKjdnv3Y1FBENicjZXoU4O2k26/srP87IYIcpAgAA[0m	at java.lang.Thread.run(Thread.java:662)
[8mha:AAABcR+LCAAAAAAAAACFkMFKw0AQhsdoNXjUmyAERHORTSpVtD1pmnhJvRQE6WmbbNOUdDcmmxIRfB4P+jK+gaci4ju4m2Qr4sHZQz5m/n/mJy9f0MozOJoWYc4oSpMiimmOMM3jgCUsQ5eCHEk3jBOoa00DzQe9EgxwysH0a7/V+K2V31r5hbDnw0aIOeaw48/wAlsJppE15FlMo16ZwV6TImA0ZwlBTv39fRnKVAQ+/D+wOPj5rLP3u+FSg/URtMZRFXZ39Pe4mE7k9B6eYFOkpHhOJGtlWmTKgaQDNY7Xt9vlx/7jdRVIJNM5bB10HPkkeZ4tSpJtS657ijpn5ydXHaXzPKWryauqkPd1tdm21T6n/7NZct1T1HYvmn2y4/SVrib3VD4OrZKTbM5h7OAiJ6ExfugaLIsQTnEwJWiOF0T9WjRgM+aWJCh4zKhbBiSV0DUGUmQQNTEmOE5IeCw6MTcCFpKuYbbN7W8qfiQIYQIAAA==[0mCaused by: org.apache.maven.plugin.MojoExecutionException: Maven execution failed, exit code: '1'
[8mha:AAABYx+LCAAAAAAAAACFkM1Kw0AUha/RanSpO0EQxL/NJJZWrF1p2rhJRSwI0tXYjmlLmplOJiUg+Dwu9GV8A1dFxHdwJpNpKQreWeTLnXPuPczrN5QSDgf9tJfQGLEoDQdxgnCcDLo0ohxdSPIUXVNBQNeSBVYAdi5oYSbgMNB+p/A7M78z80thPYCVHhZYwGYwxBPsRDgOnbbggzisZxy2ixRdGic0IsjT38XNkDEZeP//wHLh14tNP+7bUwuWO1B6CPOwW53fy+Xto7odwzOsypQxHhHFVsZSbhxIOVDheHu/m37uPF3lgWQyW8DaXsVTR5Hvu7IUua5i3TNUOT0rX1aMzveNTpOfV6r222ay65p5XmM+WbHuGTpp1op5quM1jE5Ts6qOgFImCB8J6K1jsUt5iDDD3T5BIzwh8zflJCI4IeiGE4Y5udW/LTqkiC20jv5QqAc7L9eqxxs/K0za8GMCAAA=[0m	at org.apache.maven.plugins.release.PrepareReleaseMojo.prepareRelease(PrepareReleaseMojo.java:295)
[8mha:AAABZh+LCAAAAAAAAACFkM1Kw0AQx8doNXrUmyAI4tdlE0v87EnTxksqYkGQ4mFN17QlycbNpgQEn8eDvoxv4KmI+A7uZrMtouDsYX87M/+ZP/vyBbWMwVY/72U0QWmUh4MkQzjJBgGNKEOnglxJF5QTUDFjgOGDWTa0ccph21d6q9JbE7010YvGhg9zPcwxh2V/iEfYinASWh3OBknYKBisVi4CmmQ0IshV98/NUKTC8Ob/hsXCz2eTvt90xgbMdqF2F5ZmV7q/l4vqvaw+wBPMC5cJjolko0hzphVIKlCleH27Hn+sPZ6XhoQzk8PChuPKI8nzbBGSbFuyymlyDo7qZ47u8zzdp8grI5f7TT3ZtvU8tzmdLFnlNO21jqt5MuM2dZ+i1r48HGoFJyzmcLuI+TplIcIpDvoExXhEpn/KSERwRtAlIylm5Eo923RIESlIkHOy80dJ/tRJ3TncXfoGz2IqZlwCAAA=[0m	at org.apache.maven.plugins.release.PrepareReleaseMojo.execute(PrepareReleaseMojo.java:247)
[8mha:AAABaR+LCAAAAAAAAACFkN9KwzAUxo/VafVS7wRBEP/dpJ1MUXflutWbToSBILuKXdZ1dElN01EQfB4v9GV8A6+GiO9g0jQTEfHkIj9Ovu+cjzx/Qi3jsDfKBxmjKE3yKKYZwjSLQ5Ywji4keYqumCCga8ECKwC7FHRxKmA/0H6n8jtzvzP3S2EzgKUBFljAejDGU+wkmEZOT/CYRs2Cw2aVImQ0YwlBnr5/boYilYF3/w8sF3482ezttjezYLEPtbuoDLvR/71cvg7V6z08wrJMSfGEKLaKNOfGgZQDVY6X15vZ+9bDZRlIJrMFrOw0PHUU+b4rS5HrKtY9Q42T06NWw+h83+g0+WXlar9tJruumee1vycr1j1D9c5ZNU91vLbRaeocqyOgVgjCJwKGq1hsMx4hnOJwRNAET4n5U9QmQ5wnopXHyeC6bHUxxRHhiBQkzAXpsjE7+Fulvuy87tYP174A0u0FjmUCAAA=[0m	at org.apache.maven.plugin.DefaultBuildPluginManager.executeMojo(DefaultBuildPluginManager.java:101)
[8mha:AAABaB+LCAAAAAAAAACFkb1OwzAUhS+BQmCEDQkJCfG3OKEqiNIJ0oYlZSlCQp1M6qapUjs4ThWExPMwwMvwBkwVQrwDdhwXIQauh3y6PufeI+flC2oZh71RPsgYRWmSRzHNEKZZHLKEcXQuyVN0xQQBXQsWWAHYpaCLUwH7gfY7ld+Z+525XwpbASwNsMAC1oMxnmInwTRyeoLHNGoVHDarFCGjGUsI8vT392YoUhl49//AcuHns83eb3szCxb7ULuLyrAb/b/L5e1Q3d7DEyzLlBRPiGKrSHNuHEg5UOV4fbuZfWw9XpaBZDJbwMpOw1NHke+7shS5rmLdM9Q4Oa1fNIzO941Ok19WrvbbZrLrmnle+2eyYt0zdNRpVvNUx2sbnabOsToCaoUgfCLgehWLbcYjhFMcjgia4CmhKImHJHwI5Q+IqdRRnKAuG7NOQcJcyBcmJZCDX031QGd1t3m49g03ifG5UwIAAA==[0m	at org.apache.maven.lifecycle.internal.MojoExecutor.execute(MojoExecutor.java:209)
[8mha:AAABPB+LCAAAAAAAAACFjs9KxDAQxsdqtQpe9CYIC6Le0rrUf+xJu1sv1cuCIHuKu7VW2qSmqRQEn8eDvoxv4GkR8R3MNM2KeHDmkB+T75v5Xr7ALgXs3FaTkjNSZFWSspJQVqZjnnFBThQFSBdcxqBrzgIrAqcRnNNCwm6k/W7rd2d+d+ZXwl4ECxMqqYS16I4+UDejLHGHUqQs6dUCNtoUY85KnsUk0O/vy1AXKvD2/4HVwc9nh79fDacWzI/Avk6asOujv8fV7w3+3sMTLKqUjOYxslUXlTAOgg7SOl7fLqcfm49nTSCVzJGwtOUH2Ehh6KlC8jxkPTPkHxx1T32jC0Oj0xQ2VeF9x2z2PLMv6P9sRtYzQ3uD43YfToK+0Wka7GNLsGsZi1zC6jIhpNM97ORcxCvfqy7V3wwCAAA=[0m	... 27 more
[8mha:AAABeR+LCAAAAAAAAACFjsFKw0AQhsdoNXjUmyAERHuRTSpVtD1pmnhpPVgQpKdtsk0jyW7cbEpE8Hk86Mv4Bp6KiO/gbtKtiAdnD/sx8/8z/8sXNHIOB9MizBlFWVJEMc0RpnkcsIRxdC7JVXTFBIG6Vgww+mBWggHOBDT7td9e+O2l3176pbDbh7UQCyxgq3+HZ9hOMI3soeAxjbolh51FioDRnCUEufX/+zKUmQy8/39gefDz2WTvt8O5AasjaIyjKuz26O9xOZ2o6T08wbpMSXFKFBtlVnDtQMqBFo7Xt5v5x+7jZRVIJjMFbOy1XfUU+b4jS5HjKK57mtonp0cXba3zfa2rya+qUPdNvdlx9D6397NZcd3T1PLOFvtUx+1pXU3esXoCGqUgPBWQurjISWiNHzoW4xHCGQ6mBKV4RijKp5iTEHGSEJwTdF3/XkmCQsSMemVAMgUda6D0FtETa4LjhISHshMLK2Ah6VjNVnPzG5b7NdNsAgAA[0mCaused by: org.apache.maven.shared.release.ReleaseExecutionException: Maven execution failed, exit code: '1'
[8mha:AAABbh+LCAAAAAAAAACFkM9Kw0AQxsdoNXrUmyAI4r/LJkoVa081bXqJIhYE6Wmbrkkl3Y27mxIQfB4P+jK+gaci4ju4m2QrouAs7P6YmW/mY58/oSY47MTZUDCK0iSLRlQgTMUoZAnjqKXI03TBJIEy5iywArCLhnOcStgNSr1T6Z2Z3pnpVWMzgIUhlljCanCHJ9hJMI2cnuQjGjVzDuuVi5BRwRKCvPL9uRnyVBne/t+wWvjxZLO3m97Ugvk+1AZRYXat/3u5qt7q6j08wqJySfGYaLbyNONGgbQCVYqX1+vp+8ZDtzCknNkSlrbqnj6afN9Vocl1NZc5Q/Xjk8OzuunzfdNXkl9EpvfbZrLrmnle+3uy5jJn6KDTqObpjNc2fSV1jvSRUMsl4WMJ0TKWm4xHCKc4jAka4wmhSMSYkyHiJCFYEJTG+m4NhOQ4lFcZ7TKciMsiS3ISZpLs/V3Vn3Z60thf+QI63P8zZgIAAA==[0m	at org.apache.maven.shared.release.phase.AbstractRunGoalsPhase.execute(AbstractRunGoalsPhase.java:89)
[8mha:AAABbB+LCAAAAAAAAACFkM9KxDAQxsfqavWoN0EQxH+XtEoVdU/a3e6lyuKCIHuK3diudJOapEtB8Hk86Mv4Bp4WEd/BpG1WRMEJJD9m5pv5yPMnNASHrSQfCEZRlubxkAqEqRhGLGUcnSryNV0wSaCKGQusEOyy4RxnErbDSu/Uemeqd6Z61dgMYW6AJZawHN7hMXZSTGOnJ/mQxs2Cw2rtImJUsJQgv3p/boYiU4Y3/zesFn482eztujexYLYPjZu4NLvS/71cVW919R4eYV65pHhENFtFlnOjQFqBasXL69Xkfe2hUxpSzmwJCxuer4+mIHBVaHJdzVXOkHd4tH/mmb4gMH0VBWXker9tJruumee3vidrrnKG9trH9Tyd8Vumr6L2gT4SGoUkfCSBLGK5zniMcIajhKARHhOKRII5GSBOUoIFQVmi78ucdjnJVKXDcCq6ZZIUJMol2fmzqL/sxPN2l74AOMXdBmQCAAA=[0m	at org.apache.maven.shared.release.phase.RunPrepareGoalsPhase.execute(RunPrepareGoalsPhase.java:44)
[8mha:AAABah+LCAAAAAAAAACFkM9Kw0AQxsdqNXrUmyAI4r/LJtYoak+aNl5SDxYE6WnabtNKuhs3mxIQfB4P+jK+gaci4ju4m00qouDsIb/d+b6Zjzx/QjURsDNM+wlnJI7ScMQSgiwZ9XjEBTlX5Gm64pKCqbkKVAKwckELYwm7gfHbhd+e+e2ZXwnrASz0UaKE1eAOJ2hHyEK7LcWIhfVMwHqRosdZwiNKPPP9uRmyWAXe/j+wWvjxZPG32/a0AvMdqHbDPOxa5/dy1R3o7j08wqJKyXBMNVeyOBWlg2gHKRwvrzfT942HyzyQSmZJWNpyPX00+b6jSpPjaDZvJbnHJ7ULt9T5fqkz5OeV6v1WOdlxynle43uyZvNW0kHztJinX7xGqTPUPNJHQjWTVIwldJdRbnIREoyxN6RkjBPKSDJEQftE0IhiQkmDDjCN5LW5tpBhSAWJBY2VbO/vrv5dZ7VDd3/lC0PhBfFhAgAA[0m	at org.apache.maven.shared.release.DefaultReleaseManager.prepare(DefaultReleaseManager.java:234)
[8mha:AAABah+LCAAAAAAAAACFkM9Kw0AQxsdoNXrUmyAI4r/LJpVarD1p2nhJPSgI0tO03aaVdDduNiUg+Dwe9GV8A09FxHdwN5tURMHZQ367830zH3n+hEoiYG+UDhLOSByl4ZglBFky7vOIC3KmyNN0ySUFUwsWWAHYuaCDsYT9wPidwu/M/c7cr4TNAJYGKFHCenCHU3QiZKFzLcWYhc1MwGaRos9ZwiNKPPP9uRmyWAXe/T+wWvjxZPO32+uZBYtdqPTCPOxG9/dy1R3q7j08wrJKyXBCNVtZnIrSQbSDFI6X15vZ+9bDRR5IJbMlrOzUPH00+b6rSpPrajZvJdXqJ0fntVLn+6XOkJ9Xqvfb5WTXLed5re/Jms1bSdV2o5inX7xWqTPUPtZHQiWTVEwk9FZRbnMREoyxP6JkglPKSDJCQQdE0IhiQkmLDjGN5JW5dpBhSAWJBY2V7ODvrv5dp9V643DtC/L4o4lhAgAA[0m	at org.apache.maven.shared.release.DefaultReleaseManager.prepare(DefaultReleaseManager.java:169)
[8mha:AAABah+LCAAAAAAAAACFkM9Kw0AQxsdoNXrUmyAI4r/LJpVY1J40bbykHiwI0tO03aaVdBM3m1IQfB4P+jK+gaci4ju4m81WRMHZQ367830zH3n+hErGYW+Y97OEkTTOoxHLCLJs1EvihJNzSb6iq0RQ0LVggRWCXQhamArYD7XfKf3O3O/M/VJYD2GpjwIFrId3OEEnRhY5bcFHLKpPOWyWKXoJy5KYEl9/f26GaSoD7/4fWC78eLKTt9v2zILFDlS6URF2o/N7uewOVPceHmFZpmQ4poqtaZpz4yDKQUrHy+vN7H3r4bIIJJPZAlZ2PF8dRUHgylLkuor1myGvdnJ04RldEBidpqCoXO23zWTXNfP8xvdkxfrNULV5Ws5TL37D6DQ1j9URUJkKyscCuqsothMeEUyxN6RkjBPKSDZETvuE05hiRkmDDjCPxbW+tpBhRDlJOU2l7ODvrvpdZ1Wvdrj2BUR39ihhAgAA[0m	at org.apache.maven.shared.release.DefaultReleaseManager.prepare(DefaultReleaseManager.java:146)
[8mha:AAABah+LCAAAAAAAAACFkM1Kw0AUha/RanSpO0EQxL/NJJX625WmjZvUhQVBurptp2klnYmTSQkIPo8LfRnfwFUR8R2cySQVUfDOIt/MPefeQ54/oZII2Bmm/YQzEkdpOGIJQZaMejzigpwr8jRdcUnB1JwFVgB2LmhhLGE3MH6n8DszvzPzK2E9gIU+SpSwGtzhBJ0IWei0pRixsJ4JWC9S9DhLeESJZ74/N0MWq8Db/wdWCz+ebP52255aMN+BSjfMw651fi9X3YHu3sMjLKqUDMdUs5XFqSgdRDtI4Xh5vZm+bzxc5oFUMlvC0lbN00eT77uqNLmuZvNWUu3o5OCiVup8v9QZ8vNK9X67nOy65Tyv8T1Zs3krqdo8LebpF69R6gw1D/WRUMkkFWMJ3WWUm1yEBGPsDSkZ44QykgxR0D4RNKKYUNKgA0wjeW2uLWQYUkFiQWMl2/u7q3/XWdU93l/5AiSKVqZhAgAA[0m	at org.apache.maven.shared.release.DefaultReleaseManager.prepare(DefaultReleaseManager.java:107)
[8mha:AAABYx+LCAAAAAAAAACFkM1Kw0AUha/RanSpO0EQxL/NJC1VrF1p2rhJRSwI0tXYjmlLmplOJiUg+Dwu9GV8A1dFxHdwJpNpKQreWeTLnXPuPczrN5QSDgf9tJfQGLEoDQdxgnCcDLo0ohxdSPIUXVNBQNeSBVYAdi5oYSbgMNB+p/A7M78z80thPYCVHhZYwGYwxBPsRDgOnbbggzisZxy2ixRdGic0IsjT38XNkDEZeP//wHLh14tNP+7bUwuWO1B6CPOwW53fy+Xto7odwzOsypQxHhHFVsZSbhxIOVDheHu/m37uPF3lgWQyW8DaXtVTR5Hvu7IUua5i3TNUPT2rXFaNzveNTpOfV6r222ay65p5XmM+WbHuGSo3a8U81fEaRqepeaKOgFImCB8J6K1jsUt5iDDD3T5BIzwh8zflJCI4IeiGE4Y5udW/LTqkiC20jv5QqAc7r9TKxxs/9+TT92MCAAA=[0m	at org.apache.maven.plugins.release.PrepareReleaseMojo.prepareRelease(PrepareReleaseMojo.java:291)
[8mha:AAABPB+LCAAAAAAAAACFjrFKxEAQhsdoNAo22gnCgajdJmoUj6s0d7GJNgeCXLXexRhJduNmIwHB57HQl/ENrA4R38GdbPZELJwp9mP2/2f+ly+wSwE7t9Wk5IwUWZWkrCSUlemYZ1yQE0UB0gWXMeias8CKwGkE57SQsBtpv9v63ZnfnfmVsBfBwoRKKmEtuqMP1M0oS9yhFClLerWAjTbFmLOSZzEJ9Pv7MtSFCrz9f2B18PPZ4e9Xw6kF8yOwr5Mm7Pro73H1e4O/9/AEiyolo3mMbNVFJYyDoIO0jte3y+nH5uNZE0glcyQsbfkBNlIYeqqQPA9Zzwz5R8f7p77RhaHRaQqbqvC+YzZ7ntkX9H82I+uZob1Bt92Hk6BvdJoGh9gS7FrGIpewukwI6Rx4nZyLeOUbuxDY1gwCAAA=[0m	... 30 more
[8mha:AAABfB+LCAAAAAAAAACFjs9Kw0AQxsdoNXjUmyAERHuRTSpVtD1p2nhpvRQE6WmbjGkk3Y2bTYkIPo8HfRnfwFMR8R3czZ+KeHD2sD++mW/me/mCRirgYJoFKWckibMwYimhLI18HnNBzhW5mq64RChrxQBjAGYxMKSJhOag9NuV31767aVfDXYHsBZQSSVsDe7onNoxZaE9kiJiYTcXsFOl8DlLeYzELf/flyFPVOD9/wOrg5/PJn+/GS0MWB1DYxIWYbfHf4+r7q3u3sMTrKuUjM5Qs5EnmagdRDtI5Xh9u1587D5eFoFUMlPCxl7b1U+T5zmqNDmO5lKrqX1yenTRruc8r54rySsq0/fNerPj1Pvc3s9mzaVWU6t/Vu3Titur50rqH+snoZFLFDMJ3KVZioE1eehYXISEJtSfIpnROTKSTqnAgAiMkaZIMEefDHWnryiTXPRzHxMZcdaxCt3CoqEE65ZGMQaHSomk5fMAO1az1dz8Bn5a+MluAgAA[0mCaused by: org.apache.maven.shared.release.exec.MavenExecutorException: Maven execution failed, exit code: '1'
[8mha:AAABcB+LCAAAAAAAAACFkN9KwzAUxo/VafVS7wRBEP/dpFWqOHel3TqE6s1AkF3FLnabXdIl6SgIPo8X+jK+gVdDxHcwaZuJKHhykR8n33fOR54/oSY47PSznmAUpUkWD6hAmIpBxBLG0ZkiX9MVkwTKmrPACsEuBJc4lbAbln6n8jszvzPzK2EjhIUelljCajjEE+wkmMZOR/IBjRs5h/UqRcSoYAlBfnn/3Ax5qgJv/x9YLfx4stnbTWdqwXwXardxEXat+3u5er3Tr2N4hEWVkuIR0WzlacaNA2kHqhwvr9fT942HdhFIJbMlLG15vj6agsBVpcl1NZc9Q97xyeG5Z3RBYHQlBUVler9tJruumec3vydrLnuGDlr1ap7u+E2jK6l1pI+EWi4JH0kYLmO5yXiMcIqjPkEjPCEUiT7mpIc4SQgWBJGcROiCTtg9UX+qBC3VyKT6alIAaTOciL0/FfrbTj23vr/yBSw8BKRpAgAA[0m	at org.apache.maven.shared.release.exec.InvokerMavenExecutor.executeGoals(InvokerMavenExecutor.java:409)
[8mha:AAABbx+LCAAAAAAAAACFkM9Kw0AQxsdqNXrUmyAI4r/LJkorak81bXpJvRQE6Wmarmk1zcbdTQkIPo8HfRnfwFMR8R3cTbIVUXD2sD9mv2/mY58/oSo47I3SoWAxSaI0HMeCYCzGAYsYJ01FrqZLJikUtVCBig9WLuhiImHfL/x26bfnfnvuV8KGD0tDlChh3b/FKdoRxqHdk3wch42Mw2aZImCxYBElbnH/3AxZogLv/h9YLfx4stjbdW9WgcU+VAdhHnaj/3u5er3Rr/fwCMsqZYwTqrmSJSk3DqIdpHS8vF7N3rceOnkglcySsLJTc/XR5HmOKk2Oo7noGaqdnB5f1IzO84yuIC+vVO+3zGTHMfPc1vdkzUXP0FH7rJynO27L6Apq1/WRUM0k5RMJd6sotxkPCSYYjCiZ4JTGRIyQ0yHhNKIoKKEZDUhzICTHQHa1oq06qVR/TXOgHYaROPhboj/u/LR+uPYFUdiBhmoCAAA=[0m	at org.apache.maven.shared.release.exec.AbstractMavenExecutor.executeGoals(AbstractMavenExecutor.java:85)
[8mha:AAABbh+LCAAAAAAAAACFkM9Kw0AQxsdoNXrUmyAI4r/LJpUqak81bXqJIhYE6Wmbrkkl3Y27mxIQfB4P+jK+gaci4ju4m2QrouAs7P6YmW/mY58/oSY47MTZUDCK0iSLRlQgTMUoZAnjqKXI03TBJIEy5iywArCLhnOcStgNSr1T6Z2Z3pnpVWMzgIUhlljCanCHJ9hJMI2cnuQjGjVzDuuVi5BRwRKCvPL9uRnyVBne/t+wWvjxZLO3m97Ugvk+1AZRYXat/3u5qt7q6j08wqJySfGYaLbyNONGgbQCVYqX1+vp+8ZDtzCknNkSlrYanj6afN9Vocl1NZc5Q42j44OzhunzfdNXkl9EpvfbZrLrmnle+3uy5jJnqN45qebpjNc2fSV1DvWRUMsl4WMJ0TKWm4xHCKc4jAka4wmhSMSYkyHiJCFYEJTG+m4NhOQ4lFcZ7TKciMsiS3ISZpLs/V3Vn3Z6XN9f+QKCjew9ZgIAAA==[0m	at org.apache.maven.shared.release.phase.AbstractRunGoalsPhase.execute(AbstractRunGoalsPhase.java:81)
[8mha:AAABPB+LCAAAAAAAAACFjrFKxEAQhsdoNAo22gnCgajdJmo8lKs0d7GJNgeCXLXexRhJduNmIwHB57HQl/ENrA4R38GdbPZELJwp9mP2/2f+ly+wSwE7t9Wk5IwUWZWkrCSUlemYZ1yQE0UB0gWXMeias8CKwGkE57SQsBtpv9v63ZnfnfmVsBfBwoRKKmEtuqMP1M0oS9yhFClLerWAjTbFmLOSZzEJ9Pv7MtSFCrz9f2B18PPZ4e9Xw6kF8yOwr5Mm7Pro73H1e4O/9/AEiyolo3mMbNVFJYyDoIO0jte3y+nH5uNZE0glcyQsbfkBNlIYeqqQPA9Zzwz53aP9U9/owtDoNIVNVXjfMZs9z+wL+j+bkfXM0N7guN2Hk6BvdJoGh9gS7FrGIpewukwI6Rx0OzkX8co3gSUItQwCAAA=[0m	... 36 more
[8mha:AAABPR+LCAAAAAAAAACFjsFKxDAQhsdqtXgSvQmCIOotrVJF2dPa3XqpXhYE2VNsa7fSTWKSSkHweTzoy/gGnhYR38GkaVbEgzOHfEz+f+Z/+QJXcNib1JmgBLGqLkoiECaiTGlFOeorijRdUpmDqQUHnAS8VnCBmYT9xPj9zu/P/f7cr4S9BJYyLLGE9eQOP2C/wqTwR5KXpOg1HDa7FCklglY5isz7+zI0TAXe/T+wOvj57NH369HMgcUxuDdFG3Zj/Pe4+r3Vv/fwBMsqJcHTXLPTsJpbB9IO1Dle365mH1uP520glcyTsLITRro1xXGgSlMQaDYzS+HxyeFZaHVxbHWG4rZqfd+zm4PA7osGP5s1m5mlg+Fpt09PooHVGRoe6ZbgNjLnUwlr6QQTklfbQlLG8mz1Gz4JNyQPAgAA[0mchannel stopped
[8mha:AAABQh+LCAAAAAAAAACFkcFKxDAQhsdqtXjUmyAIot7aKlXUPa3dRoTqwUVB9hS3tVvpJt0klYLg83jQl/ENPC0ivoNJ06yIByeHfEz+f+aHvHyBzRlsj6qEU+KWRZXlhLuY8HxIC8rcrqRQ0QUVKeias8CKwWkE57gUsBNrv9f6vZnfm/mlsBPDQoIFFrAS3+MH7BWYZF5fsJxknZrBWptiSAmnReqG+v69GepSBt76P7Bc+Pns0Peb/tSC+QHYt1kTdnXwd7l8vVOvE3iCRZmS4HGq2KrLihmHqxxu63h9u55+rD+eNoFkMkfA0mYQqqMIIV+WIt9XrHuGgoPDvZPA6BAyOk2oqUrtd8xk3zfzwt7PZMW6Z2g3OmrnqU7YMzpN0b46AuxapGwsvwHlJOejNDneQN2z+OoyWv4G6NeiRhECAAA=[0mFinished: FAILURE
