[INFO]                                                                         
[INFO] ------------------------------------------------------------------------
[INFO] Building search 0.1.0_b200-SNAPSHOT
[INFO] ------------------------------------------------------------------------
Downloading: http://d-build1.iad2.corp.rackspace.com:8100/nexus/content/groups/public/org/codehaus/groovy/maven/gmaven-plugin/maven-metadata.xml
Downloaded: http://d-build1.iad2.corp.rackspace.com:8100/nexus/content/groups/public/org/codehaus/groovy/maven/gmaven-plugin/maven-metadata.xml (583 B at 1.6 KB/sec)
[INFO] 
[INFO] [8mha:AAAAYB+LCAAAAAAAAABb85aBtbiIQSmjNKU4P0+vJLE4u1gvPjexLDVPzxdEGvvmZ+X75ZekLlOVfvTjc8FPJgaGiiIGKaiG5Py84vycVD1nCA1SyAABjCCFBQCV27OjYAAAAA==[0m--- maven-clean-plugin:2.4.1:clean (default-clean) @ search ---
[INFO] 
[INFO] [8mha:AAAAYB+LCAAAAAAAAABb85aBtbiIQSmjNKU4P0+vJLE4u1gvPjexLDVPzxdEGvvmZ+X75ZekLlOVfvTjc8FPJgaGiiIGKaiG5Py84vycVD1nCA1SyAABjCCFBQCV27OjYAAAAA==[0m--- gmaven-plugin:1.0:execute (default) @ search ---
[INFO] 
[INFO] [8mha:AAAAYB+LCAAAAAAAAABb85aBtbiIQSmjNKU4P0+vJLE4u1gvPjexLDVPzxdEGvvmZ+X75ZekLlOVfvTjc8FPJgaGiiIGKaiG5Py84vycVD1nCA1SyAABjCCFBQCV27OjYAAAAA==[0m--- gmaven-plugin:1.4:generateStubs (buildGroovies) @ search ---
[INFO] 
[INFO] [8mha:AAAAYB+LCAAAAAAAAABb85aBtbiIQSmjNKU4P0+vJLE4u1gvPjexLDVPzxdEGvvmZ+X75ZekLlOVfvTjc8FPJgaGiiIGKaiG5Py84vycVD1nCA1SyAABjCCFBQCV27OjYAAAAA==[0m--- maven-resources-plugin:2.6:copy-resources (copy-webapp) @ search ---
[INFO] Generated 99 Java stubs
[INFO] Using 'UTF-8' encoding to copy filtered resources.
[INFO] Copying 5 resources
[INFO] 
[INFO] [8mha:AAAAYB+LCAAAAAAAAABb85aBtbiIQSmjNKU4P0+vJLE4u1gvPjexLDVPzxdEGvvmZ+X75ZekLlOVfvTjc8FPJgaGiiIGKaiG5Py84vycVD1nCA1SyAABjCCFBQCV27OjYAAAAA==[0m--- maven-antrun-plugin:1.3:run (default) @ search ---
[INFO] Executing tasks
    [unzip] Expanding: /var/lib/jenkins/jobs/TSearchUnittest/workspace/service/src/main/webapp/_plugin/bigdesk.zip into /var/lib/jenkins/jobs/TSearchUnittest/workspace/service/target/search-0.1.0_b200-SNAPSHOT/_plugin
    [unzip] Expanding: /var/lib/jenkins/jobs/TSearchUnittest/workspace/service/src/main/webapp/_plugin/paramedic.zip into /var/lib/jenkins/jobs/TSearchUnittest/workspace/service/target/search-0.1.0_b200-SNAPSHOT/_plugin
[INFO] Executed tasks
[INFO] 
[INFO] [8mha:AAAAYB+LCAAAAAAAAABb85aBtbiIQSmjNKU4P0+vJLE4u1gvPjexLDVPzxdEGvvmZ+X75ZekLlOVfvTjc8FPJgaGiiIGKaiG5Py84vycVD1nCA1SyAABjCCFBQCV27OjYAAAAA==[0m--- maven-resources-plugin:2.6:resources (default-resources) @ search ---
[INFO] Using 'UTF-8' encoding to copy filtered resources.
[INFO] Copying 8 resources
[INFO] Copying 1 resource to ../
[INFO] 
[INFO] [8mha:AAAAYB+LCAAAAAAAAABb85aBtbiIQSmjNKU4P0+vJLE4u1gvPjexLDVPzxdEGvvmZ+X75ZekLlOVfvTjc8FPJgaGiiIGKaiG5Py84vycVD1nCA1SyAABjCCFBQCV27OjYAAAAA==[0m--- maven-compiler-plugin:2.3.2:compile (default-compile) @ search ---
[INFO] Compiling 97 source files to /var/lib/jenkins/jobs/TSearchUnittest/workspace/service/target/classes
[INFO] 
[INFO] [8mha:AAAAYB+LCAAAAAAAAABb85aBtbiIQSmjNKU4P0+vJLE4u1gvPjexLDVPzxdEGvvmZ+X75ZekLlOVfvTjc8FPJgaGiiIGKaiG5Py84vycVD1nCA1SyAABjCCFBQCV27OjYAAAAA==[0m--- gmaven-plugin:1.4:compile (buildGroovies) @ search ---
[INFO] Compiled 211 Groovy classes
[INFO] 
[INFO] [8mha:AAAAYB+LCAAAAAAAAABb85aBtbiIQSmjNKU4P0+vJLE4u1gvPjexLDVPzxdEGvvmZ+X75ZekLlOVfvTjc8FPJgaGiiIGKaiG5Py84vycVD1nCA1SyAABjCCFBQCV27OjYAAAAA==[0m--- gmaven-plugin:1.4:execute (filterResources) @ search ---
[INFO] 
[INFO] [8mha:AAAAYB+LCAAAAAAAAABb85aBtbiIQSmjNKU4P0+vJLE4u1gvPjexLDVPzxdEGvvmZ+X75ZekLlOVfvTjc8FPJgaGiiIGKaiG5Py84vycVD1nCA1SyAABjCCFBQCV27OjYAAAAA==[0m--- gmaven-plugin:1.4:generateTestStubs (buildGroovies) @ search ---
[INFO] 
[INFO] [8mha:AAAAYB+LCAAAAAAAAABb85aBtbiIQSmjNKU4P0+vJLE4u1gvPjexLDVPzxdEGvvmZ+X75ZekLlOVfvTjc8FPJgaGiiIGKaiG5Py84vycVD1nCA1SyAABjCCFBQCV27OjYAAAAA==[0m--- maven-resources-plugin:2.6:testResources (default-testResources) @ search ---
[INFO] Generated 46 Java stubs
[INFO] Using 'UTF-8' encoding to copy filtered resources.
[INFO] Copying 6 resources
[INFO] 
[INFO] [8mha:AAAAYB+LCAAAAAAAAABb85aBtbiIQSmjNKU4P0+vJLE4u1gvPjexLDVPzxdEGvvmZ+X75ZekLlOVfvTjc8FPJgaGiiIGKaiG5Py84vycVD1nCA1SyAABjCCFBQCV27OjYAAAAA==[0m--- maven-compiler-plugin:2.3.2:testCompile (default-testCompile) @ search ---
[INFO] Compiling 46 source files to /var/lib/jenkins/jobs/TSearchUnittest/workspace/service/target/test-classes
[INFO] 
[INFO] [8mha:AAAAYB+LCAAAAAAAAABb85aBtbiIQSmjNKU4P0+vJLE4u1gvPjexLDVPzxdEGvvmZ+X75ZekLlOVfvTjc8FPJgaGiiIGKaiG5Py84vycVD1nCA1SyAABjCCFBQCV27OjYAAAAA==[0m--- gmaven-plugin:1.4:testCompile (buildGroovies) @ search ---
[INFO] Compiled 57 Groovy classes
[INFO] 
[INFO] [8mha:AAAAYB+LCAAAAAAAAABb85aBtbiIQSmjNKU4P0+vJLE4u1gvPjexLDVPzxdEGvvmZ+X75ZekLlOVfvTjc8FPJgaGiiIGKaiG5Py84vycVD1nCA1SyAABjCCFBQCV27OjYAAAAA==[0m--- maven-surefire-plugin:2.10:test (default-test) @ search ---
[INFO] Surefire report directory: /var/lib/jenkins/jobs/TSearchUnittest/workspace/service/target/surefire-reports

-------------------------------------------------------
 T E S T S
-------------------------------------------------------
Running com.rackspace.search.endpoint.JobResourceTest
Tests run: 3, Failures: 0, Errors: 0, Skipped: 0, Time elapsed: 2.33 sec
Running com.rackspace.search.service.core.CoreTicketOnetimeSyncJobTest
Tests run: 1, Failures: 0, Errors: 0, Skipped: 0, Time elapsed: 0.228 sec
Running com.rackspace.search.service.core.CoreTicketOngoingSyncJobTest
Tests run: 3, Failures: 0, Errors: 0, Skipped: 0, Time elapsed: 0.375 sec
Running com.rackspace.search.service.core.CoreTicketProcessorTest
Tests run: 1, Failures: 0, Errors: 0, Skipped: 0, Time elapsed: 0.897 sec
Running com.rackspace.search.service.core.CoreTicketOnetimeSyncActorTest
Tests run: 3, Failures: 0, Errors: 0, Skipped: 0, Time elapsed: 0.001 sec
Running com.rackspace.search.service.core.CoreTicketOngoingSyncActorTest
Tests run: 3, Failures: 0, Errors: 0, Skipped: 0, Time elapsed: 0 sec
Running com.rackspace.search.service.core.CoreTicketSecondpassSyncJobTest
Tests run: 6, Failures: 0, Errors: 0, Skipped: 0, Time elapsed: 0.665 sec
Running com.rackspace.search.service.CoreAccountServiceTest
Tests run: 2, Failures: 0, Errors: 0, Skipped: 0, Time elapsed: 0.071 sec
Running com.rackspace.search.service.zendesk.ZendeskTicketProcessorTest
Tests run: 3, Failures: 0, Errors: 0, Skipped: 0, Time elapsed: 0.255 sec
Running com.rackspace.search.service.zendesk.ZendeskUserOnetimeSyncActorTest
Tests run: 3, Failures: 0, Errors: 0, Skipped: 0, Time elapsed: 0.062 sec
Running com.rackspace.search.service.zendesk.ZendeskGroupOnetimeSyncJobTest
Tests run: 3, Failures: 0, Errors: 0, Skipped: 0, Time elapsed: 0.429 sec
Running com.rackspace.search.service.zendesk.ZendeskSearchResultProcessorTest
Tests run: 1, Failures: 0, Errors: 0, Skipped: 0, Time elapsed: 0.015 sec
Running com.rackspace.search.service.zendesk.ZendeskUserOngoingSyncJobTest
Tests run: 2, Failures: 0, Errors: 0, Skipped: 0, Time elapsed: 0.109 sec
Running com.rackspace.search.service.zendesk.ZendeskTicketOnetimeSyncJobTest
Tests run: 3, Failures: 0, Errors: 0, Skipped: 0, Time elapsed: 0.209 sec
Running com.rackspace.search.service.zendesk.ZendeskGroupOnetimeSyncActorTest
An exception occurred in the Actor thread Actor Thread 2
java.lang.NullPointerException: Cannot invoke method size() on null object
	at org.codehaus.groovy.runtime.NullObject.invokeMethod(NullObject.java:77)
	at org.codehaus.groovy.runtime.callsite.PogoMetaClassSite.call(PogoMetaClassSite.java:45)
	at org.codehaus.groovy.runtime.callsite.CallSiteArray.defaultCall(CallSiteArray.java:45)
	at org.codehaus.groovy.runtime.callsite.NullCallSite.call(NullCallSite.java:32)
	at org.codehaus.groovy.runtime.callsite.CallSiteArray.defaultCall(CallSiteArray.java:45)
	at org.codehaus.groovy.runtime.callsite.AbstractCallSite.call(AbstractCallSite.java:108)
	at org.codehaus.groovy.runtime.callsite.AbstractCallSite.call(AbstractCallSite.java:112)
	at com.rackspace.search.service.zendesk.ZendeskGroupOnetimeSyncActor.handleMessage(ZendeskGroupOnetimeSyncActor.groovy:61)
	at com.rackspace.search.service.zendesk.ZendeskGroupOnetimeSyncActor.this$7$handleMessage(ZendeskGroupOnetimeSyncActor.groovy)
	at sun.reflect.NativeMethodAccessorImpl.invoke0(Native Method)
	at sun.reflect.NativeMethodAccessorImpl.invoke(NativeMethodAccessorImpl.java:39)
	at sun.reflect.DelegatingMethodAccessorImpl.invoke(DelegatingMethodAccessorImpl.java:25)
	at java.lang.reflect.Method.invoke(Method.java:597)
	at org.codehaus.groovy.reflection.CachedMethod.invoke(CachedMethod.java:90)
	at groovy.lang.MetaMethod.doMethodInvoke(MetaMethod.java:233)
	at org.codehaus.groovy.runtime.metaclass.ClosureMetaClass.invokeMethod(ClosureMetaClass.java:361)
	at groovy.lang.MetaClassImpl.invokeMethod(MetaClassImpl.java:909)
	at org.codehaus.groovy.runtime.callsite.PogoMetaClassSite.callCurrent(PogoMetaClassSite.java:66)
	at org.codehaus.groovy.runtime.callsite.CallSiteArray.defaultCallCurrent(CallSiteArray.java:49)
	at org.codehaus.groovy.runtime.callsite.AbstractCallSite.callCurrent(AbstractCallSite.java:133)
	at org.codehaus.groovy.runtime.callsite.AbstractCallSite.callCurrent(AbstractCallSite.java:141)
	at com.rackspace.search.service.zendesk.ZendeskGroupOnetimeSyncActor$_act_closure1_closure2.doCall(ZendeskGroupOnetimeSyncActor.groovy:50)
	at sun.reflect.NativeMethodAccessorImpl.invoke0(Native Method)
	at sun.reflect.NativeMethodAccessorImpl.invoke(NativeMethodAccessorImpl.java:39)
	at sun.reflect.DelegatingMethodAccessorImpl.invoke(DelegatingMethodAccessorImpl.java:25)
	at java.lang.reflect.Method.invoke(Method.java:597)
	at org.codehaus.groovy.reflection.CachedMethod.invoke(CachedMethod.java:90)
	at groovy.lang.MetaMethod.doMethodInvoke(MetaMethod.java:233)
	at org.codehaus.groovy.runtime.metaclass.ClosureMetaClass.invokeMethod(ClosureMetaClass.java:272)
	at groovy.lang.MetaClassImpl.invokeMethod(MetaClassImpl.java:909)
	at groovy.lang.Closure.call(Closure.java:411)
	at groovy.lang.Closure.call(Closure.java:427)
	at groovyx.gpars.actor.DefaultActor.onMessage(DefaultActor.java:92)
	at groovyx.gpars.actor.DefaultActorClosure.call(DefaultActorClosure.java:38)
	at groovyx.gpars.actor.AbstractLoopingActor.runEnhancedWithoutRepliesOnMessages(AbstractLoopingActor.java:291)
	at groovyx.gpars.actor.AbstractLoopingActor.access$400(AbstractLoopingActor.java:30)
	at groovyx.gpars.actor.AbstractLoopingActor$1.handleMessage(AbstractLoopingActor.java:93)
	at groovyx.gpars.util.AsyncMessagingCore.run(AsyncMessagingCore.java:132)
	at java.util.concurrent.ThreadPoolExecutor$Worker.runTask(ThreadPoolExecutor.java:886)
	at java.util.concurrent.ThreadPoolExecutor$Worker.run(ThreadPoolExecutor.java:908)
	at java.lang.Thread.run(Thread.java:662)
An exception occurred in the Actor thread Actor Thread 2
java.lang.NullPointerException: Cannot invoke method size() on null object
	at org.codehaus.groovy.runtime.NullObject.invokeMethod(NullObject.java:77)
	at org.codehaus.groovy.runtime.callsite.PogoMetaClassSite.call(PogoMetaClassSite.java:45)
	at org.codehaus.groovy.runtime.callsite.CallSiteArray.defaultCall(CallSiteArray.java:45)
	at org.codehaus.groovy.runtime.callsite.NullCallSite.call(NullCallSite.java:32)
	at org.codehaus.groovy.runtime.callsite.CallSiteArray.defaultCall(CallSiteArray.java:45)
	at org.codehaus.groovy.runtime.callsite.PogoMetaClassSite.call(PogoMetaClassSite.java:54)
	at org.codehaus.groovy.runtime.callsite.AbstractCallSite.call(AbstractCallSite.java:112)
	at com.rackspace.search.service.zendesk.ZendeskGroupOnetimeSyncActor.handleMessage(ZendeskGroupOnetimeSyncActor.groovy:61)
	at com.rackspace.search.service.zendesk.ZendeskGroupOnetimeSyncActor.this$7$handleMessage(ZendeskGroupOnetimeSyncActor.groovy)
	at sun.reflect.NativeMethodAccessorImpl.invoke0(Native Method)
	at sun.reflect.NativeMethodAccessorImpl.invoke(NativeMethodAccessorImpl.java:39)
	at sun.reflect.DelegatingMethodAccessorImpl.invoke(DelegatingMethodAccessorImpl.java:25)
	at java.lang.reflect.Method.invoke(Method.java:597)
	at org.codehaus.groovy.reflection.CachedMethod.invoke(CachedMethod.java:90)
	at groovy.lang.MetaMethod.doMethodInvoke(MetaMethod.java:233)
	at org.codehaus.groovy.runtime.metaclass.ClosureMetaClass.invokeMethod(ClosureMetaClass.java:361)
	at groovy.lang.MetaClassImpl.invokeMethod(MetaClassImpl.java:909)
	at org.codehaus.groovy.runtime.callsite.PogoMetaClassSite.callCurrent(PogoMetaClassSite.java:66)
	at org.codehaus.groovy.runtime.callsite.AbstractCallSite.callCurrent(AbstractCallSite.java:141)
	at com.rackspace.search.service.zendesk.ZendeskGroupOnetimeSyncActor$_act_closure1_closure2.doCall(ZendeskGroupOnetimeSyncActor.groovy:50)
	at sun.reflect.NativeMethodAccessorImpl.invoke0(Native Method)
	at sun.reflect.NativeMethodAccessorImpl.invoke(NativeMethodAccessorImpl.java:39)
	at sun.reflect.DelegatingMethodAccessorImpl.invoke(DelegatingMethodAccessorImpl.java:25)
	at java.lang.reflect.Method.invoke(Method.java:597)
	at org.codehaus.groovy.reflection.CachedMethod.invoke(CachedMethod.java:90)
	at groovy.lang.MetaMethod.doMethodInvoke(MetaMethod.java:233)
	at org.codehaus.groovy.runtime.metaclass.ClosureMetaClass.invokeMethod(ClosureMetaClass.java:272)
	at groovy.lang.MetaClassImpl.invokeMethod(MetaClassImpl.java:909)
	at groovy.lang.Closure.call(Closure.java:411)
	at groovy.lang.Closure.call(Closure.java:427)
	at groovyx.gpars.actor.DefaultActor.onMessage(DefaultActor.java:92)
	at groovyx.gpars.actor.DefaultActorClosure.call(DefaultActorClosure.java:38)
	at groovyx.gpars.actor.AbstractLoopingActor.runEnhancedWithoutRepliesOnMessages(AbstractLoopingActor.java:291)
	at groovyx.gpars.actor.AbstractLoopingActor.access$400(AbstractLoopingActor.java:30)
	at groovyx.gpars.actor.AbstractLoopingActor$1.handleMessage(AbstractLoopingActor.java:93)
	at groovyx.gpars.util.AsyncMessagingCore.run(AsyncMessagingCore.java:132)
	at java.util.concurrent.ThreadPoolExecutor$Worker.runTask(ThreadPoolExecutor.java:886)
	at java.util.concurrent.ThreadPoolExecutor$Worker.run(ThreadPoolExecutor.java:908)
	at java.lang.Thread.run(Thread.java:662)
Tests run: 3, Failures: 1, Errors: 1, Skipped: 0, Time elapsed: 0.134 sec <<< FAILURE!
Running com.rackspace.search.service.zendesk.ZendeskTicketOnetimeSyncActorTest
Tests run: 3, Failures: 0, Errors: 0, Skipped: 0, Time elapsed: 0.065 sec
Running com.rackspace.search.service.zendesk.ZendeskUserOngoingSyncActorTest
An exception occurred in the Actor thread Actor Thread 3
java.lang.NullPointerException: Cannot invoke method size() on null object
	at org.codehaus.groovy.runtime.NullObject.invokeMethod(NullObject.java:77)
	at org.codehaus.groovy.runtime.callsite.PogoMetaClassSite.call(PogoMetaClassSite.java:45)
	at org.codehaus.groovy.runtime.callsite.CallSiteArray.defaultCall(CallSiteArray.java:45)
	at org.codehaus.groovy.runtime.callsite.NullCallSite.call(NullCallSite.java:32)
	at org.codehaus.groovy.runtime.callsite.CallSiteArray.defaultCall(CallSiteArray.java:45)
	at org.codehaus.groovy.runtime.callsite.AbstractCallSite.call(AbstractCallSite.java:108)
	at org.codehaus.groovy.runtime.callsite.AbstractCallSite.call(AbstractCallSite.java:112)
	at com.rackspace.search.service.zendesk.ZendeskUserOngoingSyncActor.handleMessage(ZendeskUserOngoingSyncActor.groovy:89)
	at com.rackspace.search.service.zendesk.ZendeskUserOngoingSyncActor.this$7$handleMessage(ZendeskUserOngoingSyncActor.groovy)
	at sun.reflect.NativeMethodAccessorImpl.invoke0(Native Method)
	at sun.reflect.NativeMethodAccessorImpl.invoke(NativeMethodAccessorImpl.java:39)
	at sun.reflect.DelegatingMethodAccessorImpl.invoke(DelegatingMethodAccessorImpl.java:25)
	at java.lang.reflect.Method.invoke(Method.java:597)
	at org.codehaus.groovy.reflection.CachedMethod.invoke(CachedMethod.java:90)
	at groovy.lang.MetaMethod.doMethodInvoke(MetaMethod.java:233)
	at org.codehaus.groovy.runtime.metaclass.ClosureMetaClass.invokeMethod(ClosureMetaClass.java:361)
	at groovy.lang.MetaClassImpl.invokeMethod(MetaClassImpl.java:909)
	at org.codehaus.groovy.runtime.callsite.PogoMetaClassSite.callCurrent(PogoMetaClassSite.java:66)
	at org.codehaus.groovy.runtime.callsite.CallSiteArray.defaultCallCurrent(CallSiteArray.java:49)
	at org.codehaus.groovy.runtime.callsite.AbstractCallSite.callCurrent(AbstractCallSite.java:133)
	at org.codehaus.groovy.runtime.callsite.AbstractCallSite.callCurrent(AbstractCallSite.java:141)
	at com.rackspace.search.service.zendesk.ZendeskUserOngoingSyncActor$_act_closure1_closure3.doCall(ZendeskUserOngoingSyncActor.groovy:67)
	at sun.reflect.NativeMethodAccessorImpl.invoke0(Native Method)
	at sun.reflect.NativeMethodAccessorImpl.invoke(NativeMethodAccessorImpl.java:39)
	at sun.reflect.DelegatingMethodAccessorImpl.invoke(DelegatingMethodAccessorImpl.java:25)
	at java.lang.reflect.Method.invoke(Method.java:597)
	at org.codehaus.groovy.reflection.CachedMethod.invoke(CachedMethod.java:90)
	at groovy.lang.MetaMethod.doMethodInvoke(MetaMethod.java:233)
	at org.codehaus.groovy.runtime.metaclass.ClosureMetaClass.invokeMethod(ClosureMetaClass.java:272)
	at groovy.lang.MetaClassImpl.invokeMethod(MetaClassImpl.java:909)
	at groovy.lang.Closure.call(Closure.java:411)
	at groovy.lang.Closure.call(Closure.java:427)
	at groovyx.gpars.actor.DefaultActor.onMessage(DefaultActor.java:92)
	at groovyx.gpars.actor.DefaultActorClosure.call(DefaultActorClosure.java:38)
	at groovyx.gpars.actor.AbstractLoopingActor.runEnhancedWithoutRepliesOnMessages(AbstractLoopingActor.java:291)
	at groovyx.gpars.actor.AbstractLoopingActor.access$400(AbstractLoopingActor.java:30)
	at groovyx.gpars.actor.AbstractLoopingActor$1.handleMessage(AbstractLoopingActor.java:93)
	at groovyx.gpars.util.AsyncMessagingCore.run(AsyncMessagingCore.java:132)
	at java.util.concurrent.ThreadPoolExecutor$Worker.runTask(ThreadPoolExecutor.java:886)
	at java.util.concurrent.ThreadPoolExecutor$Worker.run(ThreadPoolExecutor.java:908)
	at java.lang.Thread.run(Thread.java:662)
An exception occurred in the Actor thread Actor Thread 2
java.lang.NullPointerException: Cannot invoke method size() on null object
	at org.codehaus.groovy.runtime.NullObject.invokeMethod(NullObject.java:77)
	at org.codehaus.groovy.runtime.callsite.PogoMetaClassSite.call(PogoMetaClassSite.java:45)
	at org.codehaus.groovy.runtime.callsite.CallSiteArray.defaultCall(CallSiteArray.java:45)
	at org.codehaus.groovy.runtime.callsite.NullCallSite.call(NullCallSite.java:32)
	at org.codehaus.groovy.runtime.callsite.CallSiteArray.defaultCall(CallSiteArray.java:45)
	at org.codehaus.groovy.runtime.callsite.PogoMetaClassSite.call(PogoMetaClassSite.java:54)
	at org.codehaus.groovy.runtime.callsite.AbstractCallSite.call(AbstractCallSite.java:112)
	at com.rackspace.search.service.zendesk.ZendeskUserOngoingSyncActor.handleMessage(ZendeskUserOngoingSyncActor.groovy:89)
	at com.rackspace.search.service.zendesk.ZendeskUserOngoingSyncActor.this$7$handleMessage(ZendeskUserOngoingSyncActor.groovy)
	at sun.reflect.NativeMethodAccessorImpl.invoke0(Native Method)
	at sun.reflect.NativeMethodAccessorImpl.invoke(NativeMethodAccessorImpl.java:39)
	at sun.reflect.DelegatingMethodAccessorImpl.invoke(DelegatingMethodAccessorImpl.java:25)
	at java.lang.reflect.Method.invoke(Method.java:597)
	at org.codehaus.groovy.reflection.CachedMethod.invoke(CachedMethod.java:90)
	at groovy.lang.MetaMethod.doMethodInvoke(MetaMethod.java:233)
	at org.codehaus.groovy.runtime.metaclass.ClosureMetaClass.invokeMethod(ClosureMetaClass.java:361)
	at groovy.lang.MetaClassImpl.invokeMethod(MetaClassImpl.java:909)
	at org.codehaus.groovy.runtime.callsite.PogoMetaClassSite.callCurrent(PogoMetaClassSite.java:66)
	at org.codehaus.groovy.runtime.callsite.AbstractCallSite.callCurrent(AbstractCallSite.java:141)
	at com.rackspace.search.service.zendesk.ZendeskUserOngoingSyncActor$_act_closure1_closure3.doCall(ZendeskUserOngoingSyncActor.groovy:67)
	at sun.reflect.NativeMethodAccessorImpl.invoke0(Native Method)
	at sun.reflect.NativeMethodAccessorImpl.invoke(NativeMethodAccessorImpl.java:39)
	at sun.reflect.DelegatingMethodAccessorImpl.invoke(DelegatingMethodAccessorImpl.java:25)
	at java.lang.reflect.Method.invoke(Method.java:597)
	at org.codehaus.groovy.reflection.CachedMethod.invoke(CachedMethod.java:90)
	at groovy.lang.MetaMethod.doMethodInvoke(MetaMethod.java:233)
	at org.codehaus.groovy.runtime.metaclass.ClosureMetaClass.invokeMethod(ClosureMetaClass.java:272)
	at groovy.lang.MetaClassImpl.invokeMethod(MetaClassImpl.java:909)
	at groovy.lang.Closure.call(Closure.java:411)
	at groovy.lang.Closure.call(Closure.java:427)
	at groovyx.gpars.actor.DefaultActor.onMessage(DefaultActor.java:92)
	at groovyx.gpars.actor.DefaultActorClosure.call(DefaultActorClosure.java:38)
	at groovyx.gpars.actor.AbstractLoopingActor.runEnhancedWithoutRepliesOnMessages(AbstractLoopingActor.java:291)
	at groovyx.gpars.actor.AbstractLoopingActor.access$400(AbstractLoopingActor.java:30)
	at groovyx.gpars.actor.AbstractLoopingActor$1.handleMessage(AbstractLoopingActor.java:93)
	at groovyx.gpars.util.AsyncMessagingCore.run(AsyncMessagingCore.java:132)
	at java.util.concurrent.ThreadPoolExecutor$Worker.runTask(ThreadPoolExecutor.java:886)
	at java.util.concurrent.ThreadPoolExecutor$Worker.run(ThreadPoolExecutor.java:908)
	at java.lang.Thread.run(Thread.java:662)
Tests run: 2, Failures: 2, Errors: 0, Skipped: 0, Time elapsed: 0.71 sec <<< FAILURE!
Running com.rackspace.search.service.zendesk.ZendeskTicketOngoingSyncJobTest
Tests run: 2, Failures: 0, Errors: 0, Skipped: 0, Time elapsed: 0.44 sec
Running com.rackspace.search.service.zendesk.ZendeskUserOnetimeSyncJobTest
Tests run: 3, Failures: 0, Errors: 0, Skipped: 0, Time elapsed: 0.038 sec
Running com.rackspace.search.service.zendesk.ZendeskGroupOngoingSyncJobTest
Tests run: 2, Failures: 0, Errors: 0, Skipped: 0, Time elapsed: 0.072 sec
Running com.rackspace.search.service.zendesk.ZendeskGroupOngoingSyncActorTest
An exception occurred in the Actor thread Actor Thread 2
java.lang.NullPointerException: Cannot invoke method size() on null object
	at org.codehaus.groovy.runtime.NullObject.invokeMethod(NullObject.java:77)
	at org.codehaus.groovy.runtime.callsite.PogoMetaClassSite.call(PogoMetaClassSite.java:45)
	at org.codehaus.groovy.runtime.callsite.CallSiteArray.defaultCall(CallSiteArray.java:45)
	at org.codehaus.groovy.runtime.callsite.NullCallSite.call(NullCallSite.java:32)
	at org.codehaus.groovy.runtime.callsite.CallSiteArray.defaultCall(CallSiteArray.java:45)
	at org.codehaus.groovy.runtime.callsite.AbstractCallSite.call(AbstractCallSite.java:108)
	at org.codehaus.groovy.runtime.callsite.AbstractCallSite.call(AbstractCallSite.java:112)
	at com.rackspace.search.service.zendesk.ZendeskGroupOngoingSyncActor.handleMessage(ZendeskGroupOngoingSyncActor.groovy:89)
	at com.rackspace.search.service.zendesk.ZendeskGroupOngoingSyncActor.this$7$handleMessage(ZendeskGroupOngoingSyncActor.groovy)
	at sun.reflect.NativeMethodAccessorImpl.invoke0(Native Method)
	at sun.reflect.NativeMethodAccessorImpl.invoke(NativeMethodAccessorImpl.java:39)
	at sun.reflect.DelegatingMethodAccessorImpl.invoke(DelegatingMethodAccessorImpl.java:25)
	at java.lang.reflect.Method.invoke(Method.java:597)
	at org.codehaus.groovy.reflection.CachedMethod.invoke(CachedMethod.java:90)
	at groovy.lang.MetaMethod.doMethodInvoke(MetaMethod.java:233)
	at org.codehaus.groovy.runtime.metaclass.ClosureMetaClass.invokeMethod(ClosureMetaClass.java:361)
	at groovy.lang.MetaClassImpl.invokeMethod(MetaClassImpl.java:909)
	at org.codehaus.groovy.runtime.callsite.PogoMetaClassSite.callCurrent(PogoMetaClassSite.java:66)
	at org.codehaus.groovy.runtime.callsite.CallSiteArray.defaultCallCurrent(CallSiteArray.java:49)
	at org.codehaus.groovy.runtime.callsite.AbstractCallSite.callCurrent(AbstractCallSite.java:133)
	at org.codehaus.groovy.runtime.callsite.AbstractCallSite.callCurrent(AbstractCallSite.java:141)
	at com.rackspace.search.service.zendesk.ZendeskGroupOngoingSyncActor$_act_closure1_closure3.doCall(ZendeskGroupOngoingSyncActor.groovy:67)
	at sun.reflect.NativeMethodAccessorImpl.invoke0(Native Method)
	at sun.reflect.NativeMethodAccessorImpl.invoke(NativeMethodAccessorImpl.java:39)
	at sun.reflect.DelegatingMethodAccessorImpl.invoke(DelegatingMethodAccessorImpl.java:25)
	at java.lang.reflect.Method.invoke(Method.java:597)
	at org.codehaus.groovy.reflection.CachedMethod.invoke(CachedMethod.java:90)
	at groovy.lang.MetaMethod.doMethodInvoke(MetaMethod.java:233)
	at org.codehaus.groovy.runtime.metaclass.ClosureMetaClass.invokeMethod(ClosureMetaClass.java:272)
	at groovy.lang.MetaClassImpl.invokeMethod(MetaClassImpl.java:909)
	at groovy.lang.Closure.call(Closure.java:411)
	at groovy.lang.Closure.call(Closure.java:427)
	at groovyx.gpars.actor.DefaultActor.onMessage(DefaultActor.java:92)
	at groovyx.gpars.actor.DefaultActorClosure.call(DefaultActorClosure.java:38)
	at groovyx.gpars.actor.AbstractLoopingActor.runEnhancedWithoutRepliesOnMessages(AbstractLoopingActor.java:291)
	at groovyx.gpars.actor.AbstractLoopingActor.access$400(AbstractLoopingActor.java:30)
	at groovyx.gpars.actor.AbstractLoopingActor$1.handleMessage(AbstractLoopingActor.java:93)
	at groovyx.gpars.util.AsyncMessagingCore.run(AsyncMessagingCore.java:132)
	at java.util.concurrent.ThreadPoolExecutor$Worker.runTask(ThreadPoolExecutor.java:886)
	at java.util.concurrent.ThreadPoolExecutor$Worker.run(ThreadPoolExecutor.java:908)
	at java.lang.Thread.run(Thread.java:662)
An exception occurred in the Actor thread Actor Thread 3
java.lang.NullPointerException: Cannot invoke method size() on null object
	at org.codehaus.groovy.runtime.NullObject.invokeMethod(NullObject.java:77)
	at org.codehaus.groovy.runtime.callsite.PogoMetaClassSite.call(PogoMetaClassSite.java:45)
	at org.codehaus.groovy.runtime.callsite.CallSiteArray.defaultCall(CallSiteArray.java:45)
	at org.codehaus.groovy.runtime.callsite.NullCallSite.call(NullCallSite.java:32)
	at org.codehaus.groovy.runtime.callsite.CallSiteArray.defaultCall(CallSiteArray.java:45)
	at org.codehaus.groovy.runtime.callsite.PogoMetaClassSite.call(PogoMetaClassSite.java:54)
	at org.codehaus.groovy.runtime.callsite.AbstractCallSite.call(AbstractCallSite.java:112)
	at com.rackspace.search.service.zendesk.ZendeskGroupOngoingSyncActor.handleMessage(ZendeskGroupOngoingSyncActor.groovy:89)
	at com.rackspace.search.service.zendesk.ZendeskGroupOngoingSyncActor.this$7$handleMessage(ZendeskGroupOngoingSyncActor.groovy)
	at sun.reflect.NativeMethodAccessorImpl.invoke0(Native Method)
	at sun.reflect.NativeMethodAccessorImpl.invoke(NativeMethodAccessorImpl.java:39)
	at sun.reflect.DelegatingMethodAccessorImpl.invoke(DelegatingMethodAccessorImpl.java:25)
	at java.lang.reflect.Method.invoke(Method.java:597)
	at org.codehaus.groovy.reflection.CachedMethod.invoke(CachedMethod.java:90)
	at groovy.lang.MetaMethod.doMethodInvoke(MetaMethod.java:233)
	at org.codehaus.groovy.runtime.metaclass.ClosureMetaClass.invokeMethod(ClosureMetaClass.java:361)
	at groovy.lang.MetaClassImpl.invokeMethod(MetaClassImpl.java:909)
	at org.codehaus.groovy.runtime.callsite.PogoMetaClassSite.callCurrent(PogoMetaClassSite.java:66)
	at org.codehaus.groovy.runtime.callsite.AbstractCallSite.callCurrent(AbstractCallSite.java:141)
	at com.rackspace.search.service.zendesk.ZendeskGroupOngoingSyncActor$_act_closure1_closure3.doCall(ZendeskGroupOngoingSyncActor.groovy:67)
	at sun.reflect.NativeMethodAccessorImpl.invoke0(Native Method)
	at sun.reflect.NativeMethodAccessorImpl.invoke(NativeMethodAccessorImpl.java:39)
	at sun.reflect.DelegatingMethodAccessorImpl.invoke(DelegatingMethodAccessorImpl.java:25)
	at java.lang.reflect.Method.invoke(Method.java:597)
	at org.codehaus.groovy.reflection.CachedMethod.invoke(CachedMethod.java:90)
	at groovy.lang.MetaMethod.doMethodInvoke(MetaMethod.java:233)
	at org.codehaus.groovy.runtime.metaclass.ClosureMetaClass.invokeMethod(ClosureMetaClass.java:272)
	at groovy.lang.MetaClassImpl.invokeMethod(MetaClassImpl.java:909)
	at groovy.lang.Closure.call(Closure.java:411)
	at groovy.lang.Closure.call(Closure.java:427)
	at groovyx.gpars.actor.DefaultActor.onMessage(DefaultActor.java:92)
	at groovyx.gpars.actor.DefaultActorClosure.call(DefaultActorClosure.java:38)
	at groovyx.gpars.actor.AbstractLoopingActor.runEnhancedWithoutRepliesOnMessages(AbstractLoopingActor.java:291)
	at groovyx.gpars.actor.AbstractLoopingActor.access$400(AbstractLoopingActor.java:30)
	at groovyx.gpars.actor.AbstractLoopingActor$1.handleMessage(AbstractLoopingActor.java:93)
	at groovyx.gpars.util.AsyncMessagingCore.run(AsyncMessagingCore.java:132)
	at java.util.concurrent.ThreadPoolExecutor$Worker.runTask(ThreadPoolExecutor.java:886)
	at java.util.concurrent.ThreadPoolExecutor$Worker.run(ThreadPoolExecutor.java:908)
	at java.lang.Thread.run(Thread.java:662)
Tests run: 2, Failures: 2, Errors: 0, Skipped: 0, Time elapsed: 0.066 sec <<< FAILURE!
Running com.rackspace.search.service.zendesk.ZendeskTicketOngoingSyncActorTest
Tests run: 2, Failures: 0, Errors: 0, Skipped: 0, Time elapsed: 0.14 sec
Running com.rackspace.search.service.SyncRequestServiceTest
Tests run: 8, Failures: 0, Errors: 0, Skipped: 0, Time elapsed: 0.088 sec
Running com.rackspace.search.service.JobServiceTest
Tests run: 0, Failures: 0, Errors: 0, Skipped: 0, Time elapsed: 0.162 sec
Running com.rackspace.search.service.TicketSearchServiceTest
Tests run: 0, Failures: 0, Errors: 0, Skipped: 0, Time elapsed: 0 sec
Running com.rackspace.search.service.account.CoreAccountUpdateSyncJobTest
Tests run: 2, Failures: 0, Errors: 0, Skipped: 0, Time elapsed: 0.119 sec
Running com.rackspace.search.service.account.AccountOngoingSyncActorTest
Tests run: 3, Failures: 0, Errors: 0, Skipped: 0, Time elapsed: 0.03 sec
Running com.rackspace.search.service.account.AccountOngoingSyncJobTest
Tests run: 7, Failures: 0, Errors: 0, Skipped: 0, Time elapsed: 0.335 sec
Running com.rackspace.search.service.account.AccountOnetimeSyncJobTest
Tests run: 1, Failures: 0, Errors: 0, Skipped: 0, Time elapsed: 0.081 sec
Running com.rackspace.search.service.account.CoreAccountProcessorTest
Tests run: 1, Failures: 0, Errors: 0, Skipped: 0, Time elapsed: 0.014 sec
Running com.rackspace.search.service.account.AccountOnetimeSyncActorTest
Tests run: 3, Failures: 0, Errors: 0, Skipped: 0, Time elapsed: 0.025 sec
Running com.rackspace.search.service.admin.ZendeskTicketOndemandSyncJobTest
Tests run: 2, Failures: 0, Errors: 0, Skipped: 0, Time elapsed: 0.137 sec
Running com.rackspace.search.service.admin.AccountOndemandSyncJobTest
Tests run: 2, Failures: 0, Errors: 0, Skipped: 0, Time elapsed: 0.108 sec
Running com.rackspace.search.service.AccountCacheServiceTest
Tests run: 2, Failures: 0, Errors: 0, Skipped: 0, Time elapsed: 0.08 sec
Running com.rackspace.search.service.TicketCacheServiceTest
Tests run: 4, Failures: 0, Errors: 0, Skipped: 0, Time elapsed: 0.051 sec
Running com.rackspace.search.util.DateUtilTest
Tests run: 1, Failures: 0, Errors: 0, Skipped: 0, Time elapsed: 0.013 sec
Running com.rackspace.search.gateway.core.CoreAuthGatewayTest
Tests run: 2, Failures: 0, Errors: 0, Skipped: 0, Time elapsed: 0.085 sec
Running com.rackspace.search.gateway.core.CoreTicketGatewayTest
Tests run: 3, Failures: 0, Errors: 0, Skipped: 0, Time elapsed: 0.191 sec
Running com.rackspace.search.gateway.zendesk.ZendeskGatewayTest
Tests run: 2, Failures: 0, Errors: 0, Skipped: 0, Time elapsed: 0.039 sec
Running com.rackspace.search.gateway.account.AccountGatewayTest
Tests run: 4, Failures: 0, Errors: 0, Skipped: 0, Time elapsed: 0.112 sec
Running com.rackspace.search.elasticsearch.client.ElasticSearchClientFactoryBeanTest
21:52:02.556 [main] INFO  c.r.s.common.property.PropertyProvider - Loading properties file from file [/var/lib/jenkins/jobs/TSearchUnittest/workspace/service/target/properties/local/search.properties]
21:52:02.561 [main] INFO  c.r.s.common.property.PropertyProvider - Loading properties file from file [/var/lib/jenkins/jobs/TSearchUnittest/workspace/service/target/properties/local/search.secrets.properties]
21:52:02.562 [main] INFO  c.r.s.common.property.PropertyProvider - Loading properties file from file [/var/lib/jenkins/jobs/TSearchUnittest/workspace/service/target/properties/local/elasticsearch.properties]
21:52:02.958 [main] INFO  c.r.s.elasticsearch.ElasticSearchServer - Starting the Elastic Search server node:
21:52:03.109 [main] INFO  org.elasticsearch.node - [ticket.node] {0.90.2}[10131]: initializing ...
21:52:03.121 [main] INFO  org.elasticsearch.plugins - [ticket.node] loaded [action-updatebyquery], sites []
21:52:05.646 [main] INFO  org.elasticsearch.node - [ticket.node] {0.90.2}[10131]: initialized
21:52:05.646 [main] INFO  c.r.s.elasticsearch.ElasticSearchServer - Starting the Elastic Search server node with these settings:
21:52:05.678 [main] INFO  c.r.s.elasticsearch.ElasticSearchServer - Elasticsearch Settings :  [zendesk.user.document.idName:id, elastic.config.path:/var/lib/jenkins/jobs/TSearchUnittest/workspace/service/target/properties/local/elasticsearch, path.data:/var/lib/jenkins/jobs/TSearchUnittest/workspace/service/target/elasticsearch/data, cluster.name:ticket.cluster, core.secondpass.lookbacktime.minutes:15, tsl.driver.class:oracle.jdbc.driver.OracleDriver, zendesk.group.document.versionParam:updatedAt, cluster.health.check.wait.time.seconds:120, path.conf:/var/lib/jenkins/jobs/TSearchUnittest/workspace/service/target/properties/local/elasticsearch, syncRequest.max.documents.size:250, core.account.caching.enabled:true, http.enabled:true, core.api.endpoint:https://ws.integration.core.rackspace.com/ctkapi, account.cache.expiration.time.minutes:120, zendesk.group.document.idName:id, admin.index.name:admin, default.page.size:100, zendesk.api.endpoint:https://mosso.zendesk.com/api/, index.store.fs.memory.enabled:false, http.read.timeout.in.milliseconds:180000, admin.document.type:syncJob, node.data:true, node.name:ticket.node, ticket.core.date.timezone:CST, ticket.search.allowedRangeParams:createdAt,updatedAt,lastPublicCommentDate,updateEventDate,documentLastUpdatedTimestamp, core.driver.class:org.postgresql.Driver, ticket.cache.expiration.time.minutes:120, account.document.type:account, category.custom.field.id:102692, tsl.db.username:ISLDB_TEST_READ, core.db.url:jdbc:postgresql://integration.db.core.rackspace.com:5432/core_dev, core.account.updates.enabled:true, zendesk.user.document.type:user, location.custom.field.id:436749, index.analysis.analyzer.search_standard.filter:[lowercase], bootstrap.mlockall:true, zendesk.group.document.type:group, coreaccount.document.type:coreaccount, coreticket.onetimesync.usedb:true, node.master:true, core.account.filter.necessary.updates:true, index.number_of_replicas:0, core.account.cache.expiration.time.minutes:120, coreaccount.document.versionParam:updatedAt, zendesk.api.username:itsm_api@lists.mosso.com, ticket.caching.enabled:true, syncRequest.search.allowedTermParams:documentType,status,createdAt,lastRunAt,documentLastUpdatedTimestamp, core.secondpass.enabled:true, cluster.routing.allocation.awareness.attributes:machine, account.api.accounts.path:v1.0/accounts, node.machine:ticket.node, updated.timestamp.field.name:documentLastUpdatedTimestamp, ticket.elastic.dateformat:yyyy-MM-dd'T'HH:mm:ss.SSSZ, account.document.idName:id, action.auto_create_index:1, ticket.search.allowedNestedParams:account.contacts.name,account.contacts.role,account.contacts.sso,account.contacts, index.analysis.analyzer.search_standard.type:standard, http.connection.timeout.in.milliseconds:65000, ticket.ongoingsync.delay.seconds:2, path.logs:/var/lib/jenkins/jobs/TSearchUnittest/workspace/service/target/elasticsearch/logs, use.xrefemployee.alternative:false, ticket.document.idName:number, technology.custom.field.id:108885, transport.tcp.compress:true, account.highprofile.name:HIGH_PROFILE, core.ongoingsync.loopback.time.seconds:120, account.api.username:hybrid_ui, ticket.index.name:ticket, tsl.db.url:jdbc:oracle:thin:@d-oradb1.iad2.corp.rackspace.com:1521:draxiad, indices.structure:/indices_structure.json, account.filter.necessary.updates:true, index.number_of_shards:5, syncRequest.search.allowedRangeParams:createdAt,lastRunAt,documentLastUpdatedTimestamp, max.page.size:500, core.api.username:rcameron, zendesk.api.search.path:v2/search.json, syncRequest.document.idName:id, discovery.zen.ping.multicast.enabled:false, account.update.tickets.pageSize:250, zendesk.api.tickets.view.path:v2/views/40935278/tickets.json, account.document.versionParam:updatedAt, ticket.core.dateformat:yyyy-MM-dd HH:mm:ss, zendesk.user.document.versionParam:updatedAt, coreaccount.document.idName:id, syncRequest.document.type:syncRequest, account.api.events.path:v1.0/accounts/events.atom, account.index.name:account, ticket.document.versionParam:updateEventDate, ticket.core.dateformat.with.millis:yyyy-MM-dd HH:mm:ss.SSSSSS, zendesk.index.name:zendesk, account.caching.enabled:true, ticket.document.type:ticket, zendesk.api.tickets.path:v2/tickets/show_many.json, admin.document.idName:name, facets.display.count:100, core.db.username:usq_read, syncRequest.index.name:admin, use.updateByQueryPlugin:false, ticket.search.allowedTermParams:sourceSystem,number,createdAt,updatedAt,updateEventDate,lastPublicCommentDate,status,queue.name,category,categoryObj.name,categoryObj.id,priority,assignee.name,hasWindowsServers,hasLinuxServers,severityName,assignee.sso,queue.id,accountServiceLevel,accountTeamTerritoryCode,account.serviceLevel,account.teamTerritoryCode,statusTypes,account.team,account.id,account.rcn,account.status,account.highProfile,documentLastUpdatedTimestamp,account.teamSegment,submitter.name,submitter.sso,account.contacts.name,account.contacts.role,account.contacts.sso,subCategoryObj.name,subCategoryObj.id,assignee.id,submitter.id,tags,location,technology, account.api.endpoint:https://test.account.api.rackspace.com/, name:ticket.node] 
21:52:05.681 [main] INFO  org.elasticsearch.node - [ticket.node] {0.90.2}[10131]: starting ...
21:52:05.879 [main] INFO  org.elasticsearch.transport - [ticket.node] bound_address {inet[/0:0:0:0:0:0:0:0:9300]}, publish_address {inet[/10.14.208.252:9300]}
21:52:08.921 [elasticsearch[ticket.node][clusterService#updateTask][T#1]] INFO  org.elasticsearch.cluster.service - [ticket.node] new_master [ticket.node][vk6j4M_6RCmTq0EDsdKy7g][inet[/10.14.208.252:9300]]{machine=ticket.node, master=true}, reason: zen-disco-join (elected_as_master)
21:52:08.956 [main] INFO  org.elasticsearch.discovery - [ticket.node] ticket.cluster/vk6j4M_6RCmTq0EDsdKy7g
21:52:09.008 [main] INFO  org.elasticsearch.http - [ticket.node] bound_address {inet[/0:0:0:0:0:0:0:0:9200]}, publish_address {inet[/10.14.208.252:9200]}
21:52:09.009 [main] INFO  org.elasticsearch.node - [ticket.node] {0.90.2}[10131]: started
21:52:09.009 [main] INFO  c.r.s.elasticsearch.ElasticSearchServer - Elastic Search server is started.
21:52:09.077 [main] INFO  c.r.s.elasticsearch.ElasticSearchServer - ES cluster status is GREEN. Waiting for ES recovery.
21:52:09.082 [main] INFO  c.r.s.elasticsearch.ElasticSearchServer - Elastic Search Cluster Staus is GREEN
21:52:09.756 [elasticsearch[ticket.node][clusterService#updateTask][T#1]] INFO  org.elasticsearch.gateway - [ticket.node] recovered [0] indices into cluster_state
21:52:11.726 [main] INFO  c.r.s.e.ElasticSearchClientFactoryBean - Starting ElasticSearch client
21:52:11.729 [main] INFO  c.r.s.e.ElasticSearchClientFactoryBean - About to read index setting file : /indices_structure.json
21:52:11.740 [main] INFO  c.r.s.e.ElasticSearchClientFactoryBean - Index does not exist. Creating the Index ticket 
21:52:11.766 [main] INFO  c.r.s.e.ElasticSearchClientFactoryBean - About to read index setting file : /var/lib/jenkins/jobs/TSearchUnittest/workspace/service/target/properties/local/elasticsearch/mappings/ticket/index.json
21:52:12.412 [elasticsearch[ticket.node][clusterService#updateTask][T#1]] INFO  org.elasticsearch.cluster.metadata - [ticket.node] [ticket] creating index, cause [api], shards [5]/[0], mappings [index, ticket]
21:52:12.728 [main] INFO  c.r.s.e.ElasticSearchClientFactoryBean - Successfully setup Index ticket 
21:52:12.731 [main] INFO  c.r.s.e.ElasticSearchClientFactoryBean - About to read index setting file : /var/lib/jenkins/jobs/TSearchUnittest/workspace/service/target/properties/local/elasticsearch/mappings/ticket/ticket.json
21:52:12.774 [Timer-5] INFO  c.r.s.elasticsearch.ElasticSearchServer - ES cluster status is RED. Waiting for ES recovery.
21:52:12.783 [main] INFO  c.r.s.e.ElasticSearchClientFactoryBean - Setting up Mapping for [ticket]/[ticket]: {"ticket":{"_source":{"enabled":true},"properties":{"queue":{"dynamic":"true","properties":{"id":{"analyzer":"keyword_lowercase","type":"string"},"name":{"analyzer":"keyword_lowercase","type":"string"}},"type":"object"},"technology":{"analyzer":"keyword_lowercase","type":"string"},"location":{"analyzer":"keyword_lowercase","type":"string"},"subject":{"analyzer":"keyword_lowercase","type":"string"},"submitter":{"dynamic":"true","properties":{"id":{"type":"long"},"email":{"analyzer":"keyword_lowercase","type":"string"},"name":{"analyzer":"keyword_lowercase","type":"string"},"sso":{"analyzer":"keyword_lowercase","type":"string"}},"type":"object"},"categoryObj":{"dynamic":"true","properties":{"id":{"analyzer":"keyword_lowercase","type":"string"},"name":{"analyzer":"keyword_lowercase","type":"string"}},"type":"object"},"difficulty":{"analyzer":"keyword_lowercase","type":"string"},"documentLastUpdatedTimestamp":{"format":"date_time","type":"date"},"accountTeamTerritoryCode":{"analyzer":"keyword_lowercase","type":"string"},"priority":{"analyzer":"keyword_lowercase","type":"string"},"createdAt":{"format":"date_time","type":"date"},"statusTypes":{"analyzer":"keyword_lowercase","type":"string"},"tags":{"analyzer":"keyword_lowercase","type":"string"},"status":{"analyzer":"keyword_lowercase","type":"string"},"subCategory":{"analyzer":"keyword_lowercase","type":"string"},"lastPublicCommentDate":{"format":"date_time","type":"date"},"updateEventDate":{"format":"date_time","type":"date"},"assignee":{"dynamic":"true","properties":{"id":{"type":"long"},"email":{"analyzer":"keyword_lowercase","type":"string"},"name":{"analyzer":"keyword_lowercase","type":"string"},"sso":{"analyzer":"keyword_lowercase","type":"string"}},"type":"object"},"accountServiceLevel":{"analyzer":"keyword_lowercase","type":"string"},"number":{"analyzer":"keyword_lowercase","type":"string"},"severityName":{"analyzer":"keyword_lowercase","type":"string"},"subCategoryObj":{"dynamic":"true","properties":{"id":{"analyzer":"keyword_lowercase","type":"string"},"name":{"analyzer":"keyword_lowercase","type":"string"}},"type":"object"},"hasWindowsServers":{"analyzer":"keyword_lowercase","type":"string"},"updatedAt":{"format":"date_time","type":"date"},"idle":{"format":"date_time","type":"date"},"category":{"analyzer":"keyword_lowercase","type":"string"},"sourceSystem":{"analyzer":"keyword_lowercase","type":"string"},"hasLinuxServers":{"analyzer":"keyword_lowercase","type":"string"},"account":{"dynamic":"true","properties":{"teamSegment":{"analyzer":"keyword_lowercase","type":"string"},"id":{"analyzer":"keyword_lowercase","type":"string"},"rcn":{"analyzer":"keyword_lowercase","type":"string"},"status":{"analyzer":"keyword_lowercase","type":"string"},"teamTerritoryCode":{"analyzer":"keyword_lowercase","type":"string"},"name":{"analyzer":"keyword_lowercase","type":"string"},"highProfile":{"type":"boolean"},"number":{"type":"long"},"serviceLevel":{"analyzer":"keyword_lowercase","type":"string"},"team":{"analyzer":"keyword_lowercase","type":"string"},"type":{"analyzer":"keyword_lowercase","type":"string"},"contacts":{"dynamic":"true","properties":{"name":{"analyzer":"keyword_lowercase","type":"string"},"role":{"analyzer":"keyword_lowercase","type":"string"},"sso":{"analyzer":"keyword_lowercase","type":"string"}},"type":"nested"}},"type":"object"}}}}
21:52:12.974 [main] INFO  c.r.s.e.ElasticSearchClientFactoryBean - Index does not exist. Creating the Index admin 
21:52:12.975 [main] INFO  c.r.s.e.ElasticSearchClientFactoryBean - About to read index setting file : /var/lib/jenkins/jobs/TSearchUnittest/workspace/service/target/properties/local/elasticsearch/mappings/admin/index.json
21:52:13.101 [elasticsearch[ticket.node][clusterService#updateTask][T#1]] INFO  org.elasticsearch.cluster.metadata - [ticket.node] [admin] creating index, cause [api], shards [5]/[0], mappings [index, syncJob, syncRequest]
21:52:13.187 [main] INFO  c.r.s.e.ElasticSearchClientFactoryBean - Successfully setup Index admin 
21:52:13.187 [main] INFO  c.r.s.e.ElasticSearchClientFactoryBean - About to read index setting file : /var/lib/jenkins/jobs/TSearchUnittest/workspace/service/target/properties/local/elasticsearch/mappings/admin/syncJob.json
21:52:13.192 [main] INFO  c.r.s.e.ElasticSearchClientFactoryBean - Setting up Mapping for [admin]/[syncJob]: {"syncJob":{"_source":{"enabled":true},"properties":{"status":{"type":"string"},"status_message":{"type":"string"},"next_execution_at":{"format":"date_time","type":"date"},"sync_status":{"type":"string"},"type":{"type":"string"},"interval_duration":{"type":"string"},"is_enabled":{"type":"string"},"last_updated_at":{"format":"date_time","type":"date"},"last_event_at":{"format":"date_time","type":"date"},"read_marker":{"format":"date_time","type":"date"},"description":{"type":"string"},"processing_node":{"type":"string"},"name":{"type":"string"},"started_at":{"format":"date_time","type":"date"}}}}
21:52:13.262 [main] INFO  c.r.s.e.ElasticSearchClientFactoryBean - About to read index setting file : /var/lib/jenkins/jobs/TSearchUnittest/workspace/service/target/properties/local/elasticsearch/mappings/admin/syncRequest.json
21:52:13.266 [main] INFO  c.r.s.e.ElasticSearchClientFactoryBean - Setting up Mapping for [admin]/[syncRequest]: {"syncRequest":{"_source":{"enabled":true},"properties":{"id":{"type":"string"},"documentType":{"analyzer":"keyword_lowercase","type":"string"},"status":{"analyzer":"keyword_lowercase","type":"string"},"lastRunAt":{"format":"date_time","type":"date"},"createdAt":{"format":"date_time","type":"date"},"documentIds":{"type":"string"},"documentLastUpdatedAt":{"format":"date_time","type":"date"},"lastRunDetails":{"type":"string"}}}}
21:52:13.316 [main] INFO  c.r.s.e.ElasticSearchClientFactoryBean - Index does not exist. Creating the Index account 
21:52:13.343 [main] INFO  c.r.s.e.ElasticSearchClientFactoryBean - About to read index setting file : /var/lib/jenkins/jobs/TSearchUnittest/workspace/service/target/properties/local/elasticsearch/mappings/account/index.json
21:52:13.496 [elasticsearch[ticket.node][clusterService#updateTask][T#1]] INFO  org.elasticsearch.cluster.metadata - [ticket.node] [account] creating index, cause [api], shards [5]/[0], mappings [index, coreaccount, account]
21:52:13.524 [main] INFO  c.r.s.e.ElasticSearchClientFactoryBean - Successfully setup Index account 
21:52:13.524 [main] INFO  c.r.s.e.ElasticSearchClientFactoryBean - About to read index setting file : /var/lib/jenkins/jobs/TSearchUnittest/workspace/service/target/properties/local/elasticsearch/mappings/account/account.json
21:52:13.528 [main] INFO  c.r.s.e.ElasticSearchClientFactoryBean - Setting up Mapping for [account]/[account]: {"account":{"_source":{"enabled":true},"properties":{"updatedAt":{"format":"date_time","type":"date"},"id":{"analyzer":"keyword_lowercase","type":"string"},"rcn":{"analyzer":"keyword_lowercase","type":"string"},"status":{"analyzer":"keyword_lowercase","type":"string"},"name":{"analyzer":"keyword_lowercase","type":"string"},"highProfile":{"type":"boolean"},"number":{"type":"long"},"documentLastUpdatedTimestamp":{"format":"date_time","type":"date"},"team":{"analyzer":"keyword_lowercase","type":"string"},"type":{"analyzer":"keyword_lowercase","type":"string"}}}}
21:52:13.661 [main] INFO  c.r.s.e.ElasticSearchClientFactoryBean - Index does not exist. Creating the Index zendesk 
21:52:13.661 [main] INFO  c.r.s.e.ElasticSearchClientFactoryBean - About to read index setting file : /var/lib/jenkins/jobs/TSearchUnittest/workspace/service/target/properties/local/elasticsearch/mappings/zendesk/index.json
21:52:13.808 [elasticsearch[ticket.node][clusterService#updateTask][T#1]] INFO  org.elasticsearch.cluster.metadata - [ticket.node] [zendesk] creating index, cause [api], shards [5]/[0], mappings [index, group, user]
21:52:13.976 [main] INFO  c.r.s.e.ElasticSearchClientFactoryBean - Successfully setup Index zendesk 
21:52:13.976 [main] INFO  c.r.s.e.ElasticSearchClientFactoryBean - About to read index setting file : /var/lib/jenkins/jobs/TSearchUnittest/workspace/service/target/properties/local/elasticsearch/mappings/zendesk/user.json
21:52:13.979 [main] INFO  c.r.s.e.ElasticSearchClientFactoryBean - Setting up Mapping for [zendesk]/[user]: {"user":{"_source":{"enabled":true},"properties":{"updatedAt":{"format":"date_time","type":"date"},"id":{"type":"long"},"email":{"analyzer":"keyword_lowercase","type":"string"},"createdAt":{"format":"date_time","type":"date"},"name":{"analyzer":"keyword_lowercase","type":"string"},"documentLastUpdatedTimestamp":{"format":"date_time","type":"date"}}}}
21:52:14.085 [main] INFO  c.r.s.e.ElasticSearchClientFactoryBean - About to read index setting file : /var/lib/jenkins/jobs/TSearchUnittest/workspace/service/target/properties/local/elasticsearch/mappings/zendesk/group.json
21:52:14.087 [main] INFO  c.r.s.e.ElasticSearchClientFactoryBean - Setting up Mapping for [zendesk]/[group]: {"group":{"_source":{"enabled":true},"properties":{"updatedAt":{"format":"date_time","type":"date"},"id":{"type":"long"},"createdAt":{"format":"date_time","type":"date"},"name":{"analyzer":"keyword_lowercase","type":"string"},"documentLastUpdatedTimestamp":{"format":"date_time","type":"date"}}}}
21:52:14.264 [search-scheduler-2] INFO  c.r.s.elasticsearch.ElasticSearchServer - ES cluster status is RED. Waiting for ES recovery.
21:52:14.267 [search-scheduler-3] INFO  c.r.s.elasticsearch.ElasticSearchServer - ES cluster status is RED. Waiting for ES recovery.
21:52:14.294 [main] INFO  c.r.s.e.ElasticSearchClientFactoryBean - About to read index setting file : /indices_structure.json
21:52:14.308 [search-scheduler-5] INFO  c.r.s.elasticsearch.ElasticSearchServer - ES cluster status is RED. Waiting for ES recovery.
21:52:14.310 [search-scheduler-4] INFO  c.r.s.elasticsearch.ElasticSearchServer - ES cluster status is RED. Waiting for ES recovery.
21:52:14.311 [search-scheduler-6] INFO  c.r.s.elasticsearch.ElasticSearchServer - ES cluster status is RED. Waiting for ES recovery.
21:52:14.314 [search-scheduler-7] INFO  c.r.s.elasticsearch.ElasticSearchServer - ES cluster status is RED. Waiting for ES recovery.
21:52:14.317 [search-scheduler-8] INFO  c.r.s.elasticsearch.ElasticSearchServer - ES cluster status is RED. Waiting for ES recovery.
21:52:14.320 [search-scheduler-10] INFO  c.r.s.elasticsearch.ElasticSearchServer - ES cluster status is RED. Waiting for ES recovery.
21:52:14.322 [search-scheduler-9] INFO  c.r.s.elasticsearch.ElasticSearchServer - ES cluster status is RED. Waiting for ES recovery.
21:52:14.339 [main] INFO  c.r.s.e.ElasticSearchClientFactoryBean - About to read index setting file : /indices_structure.json
21:52:14.350 [main] INFO  c.r.s.e.ElasticSearchClientFactoryBean - About to read index setting file : /var/lib/jenkins/jobs/TSearchUnittest/workspace/service/target/properties/local/elasticsearch/mappings/ticket/index.json
21:52:14.353 [main] INFO  c.r.s.e.ElasticSearchClientFactoryBean - About to read index setting file : /var/lib/jenkins/jobs/TSearchUnittest/workspace/service/target/properties/local/elasticsearch/mappings/admin/index.json
21:52:14.355 [main] INFO  c.r.s.e.ElasticSearchClientFactoryBean - About to read index setting file : /var/lib/jenkins/jobs/TSearchUnittest/workspace/service/target/properties/local/elasticsearch/mappings/account/index.json
21:52:14.358 [main] INFO  c.r.s.e.ElasticSearchClientFactoryBean - About to read index setting file : /var/lib/jenkins/jobs/TSearchUnittest/workspace/service/target/properties/local/elasticsearch/mappings/zendesk/index.json
Tests run: 2, Failures: 0, Errors: 0, Skipped: 0, Time elapsed: 14.087 sec
Running com.rackspace.search.elasticsearch.client.ElasticSearchClientTest
Tests run: 0, Failures: 0, Errors: 0, Skipped: 0, Time elapsed: 0 sec
Running com.rackspace.search.elasticsearch.client.QueryParserTest
Tests run: 8, Failures: 0, Errors: 0, Skipped: 0, Time elapsed: 0.152 sec
Running com.rackspace.search.elasticsearch.SyncJobTest
Tests run: 3, Failures: 0, Errors: 0, Skipped: 0, Time elapsed: 0 sec
21:52:14.554 [Timer-6] INFO  c.r.s.elasticsearch.ElasticSearchServer - ES cluster status is RED. Waiting for ES recovery.
21:52:14.669 [Timer-8] INFO  c.r.s.elasticsearch.ElasticSearchServer - ES cluster status is RED. Waiting for ES recovery.
21:52:14.706 [Timer-7] INFO  c.r.s.elasticsearch.ElasticSearchServer - ES cluster status is RED. Waiting for ES recovery.
21:52:14.706 [search-scheduler-1] INFO  c.r.s.elasticsearch.ElasticSearchServer - ES cluster status is RED. Waiting for ES recovery.
21:52:14.709 [Timer-9] INFO  c.r.s.elasticsearch.ElasticSearchServer - ES cluster status is RED. Waiting for ES recovery.
21:52:14.866 [Timer-11] INFO  c.r.s.elasticsearch.ElasticSearchServer - ES cluster status is RED. Waiting for ES recovery.
21:52:14.867 [Timer-10] INFO  c.r.s.elasticsearch.ElasticSearchServer - ES cluster status is RED. Waiting for ES recovery.
21:52:14.868 [Timer-12] INFO  c.r.s.elasticsearch.ElasticSearchServer - ES cluster status is RED. Waiting for ES recovery.
21:52:14.870 [Timer-14] INFO  c.r.s.elasticsearch.ElasticSearchServer - ES cluster status is RED. Waiting for ES recovery.
21:52:14.872 [Timer-13] INFO  c.r.s.elasticsearch.ElasticSearchServer - ES cluster status is RED. Waiting for ES recovery.
21:52:14.888 [Thread-17] INFO  c.r.s.e.ElasticSearchClientFactoryBean - Closing ElasticSearch client
21:52:14.927 [Thread-17] WARN  o.s.c.a.CommonAnnotationBeanPostProcessor - Invocation of destroy method failed on bean with name 'zendeskTicketOndemandSyncJob': org.elasticsearch.action.NoShardAvailableActionException: [admin][3] No shard available for [[admin][syncJob][ZendeskTicketOndemandSyncJob]: routing [null]]
21:52:14.928 [Thread-17] WARN  o.s.c.a.CommonAnnotationBeanPostProcessor - Invocation of destroy method failed on bean with name 'accountOndemandSyncJob': org.elasticsearch.action.NoShardAvailableActionException: [admin][4] No shard available for [[admin][syncJob][AccountOndemandSyncJob]: routing [null]]
21:52:14.935 [Thread-17] WARN  o.s.c.a.CommonAnnotationBeanPostProcessor - Invocation of destroy method failed on bean with name 'zendeskTicketOnetimeSyncJob': org.elasticsearch.action.NoShardAvailableActionException: [admin][4] No shard available for [[admin][syncJob][ZendeskTicketOnetimeSyncJob]: routing [null]]
21:52:14.938 [Thread-17] WARN  o.s.c.a.CommonAnnotationBeanPostProcessor - Invocation of destroy method failed on bean with name 'coreAccountOnetimeSyncJob': org.elasticsearch.action.NoShardAvailableActionException: [admin][3] No shard available for [[admin][syncJob][CoreAccountOnetimeSyncJob]: routing [null]]
21:52:14.939 [Thread-17] WARN  o.s.c.a.CommonAnnotationBeanPostProcessor - Invocation of destroy method failed on bean with name 'accountOnetimeSyncJob': org.elasticsearch.action.NoShardAvailableActionException: [admin][4] No shard available for [[admin][syncJob][AccountOnetimeSyncJob]: routing [null]]
21:52:14.997 [Thread-17] INFO  org.elasticsearch.node - [ticket.node] {0.90.2}[10131]: stopping ...
21:52:15.121 [Thread-17] INFO  org.elasticsearch.node - [ticket.node] {0.90.2}[10131]: stopped
21:52:15.121 [Thread-17] INFO  org.elasticsearch.node - [ticket.node] {0.90.2}[10131]: closing ...
Exception in thread "Timer-5" org.elasticsearch.common.util.concurrent.EsRejectedExecutionException: rejected execution of [org.elasticsearch.action.support.single.shard.TransportShardSingleOperationAction$AsyncSingleAction$1]
21:52:25.143 [Thread-17] INFO  org.elasticsearch.node - [ticket.node] {0.90.2}[10131]: closed
	at org.elasticsearch.common.util.concurrent.EsAbortPolicy.rejectedExecution(EsAbortPolicy.java:35)
	at java.util.concurrent.ThreadPoolExecutor.reject(ThreadPoolExecutor.java:767)
	at java.util.concurrent.ThreadPoolExecutor.execute(ThreadPoolExecutor.java:658)
	at org.elasticsearch.action.support.single.shard.TransportShardSingleOperationAction$AsyncSingleAction.perform(TransportShardSingleOperationAction.java:152)
	at org.elasticsearch.action.support.single.shard.TransportShardSingleOperationAction$AsyncSingleAction.start(TransportShardSingleOperationAction.java:124)
	at org.elasticsearch.action.support.single.shard.TransportShardSingleOperationAction.doExecute(TransportShardSingleOperationAction.java:71)
	at org.elasticsearch.action.support.single.shard.TransportShardSingleOperationAction.doExecute(TransportShardSingleOperationAction.java:46)
	at org.elasticsearch.action.support.TransportAction.execute(TransportAction.java:61)
	at org.elasticsearch.client.node.NodeClient.execute(NodeClient.java:92)
	at org.elasticsearch.client.support.AbstractClient.get(AbstractClient.java:179)
	at org.elasticsearch.action.get.GetRequestBuilder.doExecute(GetRequestBuilder.java:112)
	at org.elasticsearch.action.ActionRequestBuilder.execute(ActionRequestBuilder.java:62)
	at org.elasticsearch.action.ActionRequestBuilder.execute(ActionRequestBuilder.java:57)
	at org.elasticsearch.action.ActionRequestBuilder$execute.call(Unknown Source)
	at com.rackspace.search.elasticsearch.client.ElasticSearchClient.getDocument(ElasticSearchClient.groovy:209)
	at com.rackspace.search.elasticsearch.client.ElasticSearchClient$getDocument.call(Unknown Source)
	at com.rackspace.search.service.JobService.getJob(JobService.groovy:56)
	at com.rackspace.search.service.JobService$getJob$0.callCurrent(Unknown Source)
	at com.rackspace.search.service.JobService.getJob(JobService.groovy:52)
	at com.rackspace.search.service.JobService$getJob.call(Unknown Source)
	at com.rackspace.search.service.core.CoreTicketOngoingSyncJob.setupJob(CoreTicketOnGoingSyncJob.groovy:90)
	at sun.reflect.NativeMethodAccessorImpl.invoke0(Native Method)
	at sun.reflect.NativeMethodAccessorImpl.invoke(NativeMethodAccessorImpl.java:39)
	at sun.reflect.DelegatingMethodAccessorImpl.invoke(DelegatingMethodAccessorImpl.java:25)
	at java.lang.reflect.Method.invoke(Method.java:597)
	at org.codehaus.groovy.reflection.CachedMethod.invoke(CachedMethod.java:90)
	at groovy.lang.MetaMethod.doMethodInvoke(MetaMethod.java:233)
	at groovy.lang.MetaClassImpl.invokeMethod(MetaClassImpl.java:1085)
	at org.codehaus.groovy.runtime.ScriptBytecodeAdapter.invokeMethodOnCurrentN(ScriptBytecodeAdapter.java:78)
	at com.rackspace.search.service.core.CoreTicketOngoingSyncJob.this$dist$invoke$1(CoreTicketOnGoingSyncJob.groovy)
	at com.rackspace.search.service.core.CoreTicketOngoingSyncJob$1.methodMissing(CoreTicketOnGoingSyncJob.groovy)
	at sun.reflect.NativeMethodAccessorImpl.invoke0(Native Method)
	at sun.reflect.NativeMethodAccessorImpl.invoke(NativeMethodAccessorImpl.java:39)
	at sun.reflect.DelegatingMethodAccessorImpl.invoke(DelegatingMethodAccessorImpl.java:25)
	at java.lang.reflect.Method.invoke(Method.java:597)
	at org.codehaus.groovy.reflection.CachedMethod.invoke(CachedMethod.java:90)
	at groovy.lang.MetaClassImpl.invokeMissingMethod(MetaClassImpl.java:837)
	at groovy.lang.MetaClassImpl.invokePropertyOrMissing(MetaClassImpl.java:1134)
	at groovy.lang.MetaClassImpl.invokeMethod(MetaClassImpl.java:1087)
	at groovy.lang.MetaClassImpl.invokeMethod(MetaClassImpl.java:909)
	at org.codehaus.groovy.runtime.callsite.PogoMetaClassSite.callCurrent(PogoMetaClassSite.java:66)
	at org.codehaus.groovy.runtime.callsite.CallSiteArray.defaultCallCurrent(CallSiteArray.java:49)
	at org.codehaus.groovy.runtime.callsite.AbstractCallSite.callCurrent(AbstractCallSite.java:133)
	at org.codehaus.groovy.runtime.callsite.AbstractCallSite.callCurrent(AbstractCallSite.java:137)
	at com.rackspace.search.service.core.CoreTicketOngoingSyncJob$1.run(CoreTicketOnGoingSyncJob.groovy:72)
	at java.util.TimerThread.mainLoop(Timer.java:512)
	at java.util.TimerThread.run(Timer.java:462)
Exception in thread "Timer-7" org.elasticsearch.common.util.concurrent.EsRejectedExecutionException: rejected execution of [org.elasticsearch.action.support.single.shard.TransportShardSingleOperationAction$AsyncSingleAction$1]
	at org.elasticsearch.common.util.concurrent.EsAbortPolicy.rejectedExecution(EsAbortPolicy.java:35)
	at java.util.concurrent.ThreadPoolExecutor.reject(ThreadPoolExecutor.java:767)
	at java.util.concurrent.ThreadPoolExecutor.execute(ThreadPoolExecutor.java:658)
	at org.elasticsearch.action.support.single.shard.TransportShardSingleOperationAction$AsyncSingleAction.perform(TransportShardSingleOperationAction.java:152)
	at org.elasticsearch.action.support.single.shard.TransportShardSingleOperationAction$AsyncSingleAction.start(TransportShardSingleOperationAction.java:124)
	at org.elasticsearch.action.support.single.shard.TransportShardSingleOperationAction.doExecute(TransportShardSingleOperationAction.java:71)
	at org.elasticsearch.action.support.single.shard.TransportShardSingleOperationAction.doExecute(TransportShardSingleOperationAction.java:46)
	at org.elasticsearch.action.support.TransportAction.execute(TransportAction.java:61)
	at org.elasticsearch.client.node.NodeClient.execute(NodeClient.java:92)
	at org.elasticsearch.client.support.AbstractClient.get(AbstractClient.java:179)
	at org.elasticsearch.action.get.GetRequestBuilder.doExecute(GetRequestBuilder.java:112)
	at org.elasticsearch.action.ActionRequestBuilder.execute(ActionRequestBuilder.java:62)
	at org.elasticsearch.action.ActionRequestBuilder.execute(ActionRequestBuilder.java:57)
	at org.elasticsearch.action.ActionRequestBuilder$execute.call(Unknown Source)
	at com.rackspace.search.elasticsearch.client.ElasticSearchClient.getDocument(ElasticSearchClient.groovy:209)
	at com.rackspace.search.elasticsearch.client.ElasticSearchClient$getDocument.call(Unknown Source)
	at com.rackspace.search.service.JobService.getJob(JobService.groovy:56)
	at com.rackspace.search.service.JobService$getJob$0.callCurrent(Unknown Source)
	at com.rackspace.search.service.JobService.getJob(JobService.groovy:52)
	at com.rackspace.search.service.JobService$getJob.call(Unknown Source)
	at com.rackspace.search.service.zendesk.ZendeskTicketOngoingSyncJob.setupJob(ZendeskTicketOngoingSyncJob.groovy:79)

Results :

Failed tests:   should post data to searchClient(com.rackspace.search.service.zendesk.ZendeskGroupOnetimeSyncActorTest): Too few invocations for:
  should post data to searchClient(com.rackspace.search.service.zendesk.ZendeskUserOngoingSyncActorTest): Too few invocations for:
  multiple messages to actor result in posting multiple payloads to searchClient(com.rackspace.search.service.zendesk.ZendeskUserOngoingSyncActorTest): Too few invocations for:
  should post data to searchClient(com.rackspace.search.service.zendesk.ZendeskGroupOngoingSyncActorTest): Too few invocations for:
  multiple messages to actor result in posting multiple payloads to searchClient(com.rackspace.search.service.zendesk.ZendeskGroupOngoingSyncActorTest): Too few invocations for:

Tests in error: 
  multiple messages to actor result in posting multiple payloads to searchClient(com.rackspace.search.service.zendesk.ZendeskGroupOnetimeSyncActorTest): The actor cannot accept messages at this point.

Tests run: 116, Failures: 5, Errors: 1, Skipped: 0

[8mha:AAAAYB+LCAAAAAAAAABb85aBtbiIQSmjNKU4P0+vJLE4u1gvPjexLDVPzxdEuhYV5Rf55ZekOlc7RKnPKH7IxMBQUcQgBdWQnJ9XnJ+TqucMoUEKGSCAEaSwAACsNFCqYAAAAA==[0m[ERROR] There are test failures.

Please refer to /var/lib/jenkins/jobs/TSearchUnittest/workspace/service/target/surefire-reports for the individual test results.
[JENKINS] Recording test results
[INFO] ------------------------------------------------------------------------
[INFO] Reactor Summary:
[INFO] 
[INFO] Search POM ........................................ SUCCESS [2.583s]
[INFO] search ............................................ SUCCESS [1:13.355s]
[INFO] cucumber .......................................... SUCCESS [5.018s]
[INFO] ------------------------------------------------------------------------
[INFO] BUILD SUCCESS
[INFO] ------------------------------------------------------------------------
[INFO] Total time: 1:21.772s
[INFO] Finished at: Wed Nov 06 21:52:32 UTC 2013
[INFO] Final Memory: 70M/1245M
[INFO] ------------------------------------------------------------------------
[JENKINS] Archiving /var/lib/jenkins/jobs/TSearchUnittest/workspace/cucumber/pom.xml to /var/lib/jenkins/jobs/TSearchUnittest/modules/com.rackspace.api$cucumber/builds/2013-11-06_21-51-06/archive/com.rackspace.api/cucumber/0.1.0_b200-SNAPSHOT/cucumber-0.1.0_b200-SNAPSHOT.pom
[JENKINS] Archiving /var/lib/jenkins/jobs/TSearchUnittest/workspace/pom.xml to /var/lib/jenkins/jobs/TSearchUnittest/modules/com.rackspace.api$search-pom/builds/2013-11-06_21-51-06/archive/com.rackspace.api/search-pom/0.1.0_b200-SNAPSHOT/search-pom-0.1.0_b200-SNAPSHOT.pom
[JENKINS] Archiving /var/lib/jenkins/jobs/TSearchUnittest/workspace/service/pom.xml to /var/lib/jenkins/jobs/TSearchUnittest/modules/com.rackspace.api$search/builds/2013-11-06_21-51-06/archive/com.rackspace.api/search/0.1.0_b200-SNAPSHOT/search-0.1.0_b200-SNAPSHOT.pom
Waiting for Jenkins to finish collecting data
