[8mha:AAACAx+LCAAAAAAAAACFj0+P0kAYxkcUJR715saExKiHJm3ZBVJ246H/6FKmgJauAqcprW2BTtl2aEpN/Dwe9Mv4DTxtjPHu0Q6la4wHnznML++8z/s+8/knqCcxeOHvnCTC7Haz8wKcsAgnwTLaRDErFiRTGkXEBaXu1EANgsahwUBbAl7C0s8d/dytn7v1F40XENxzEEEEPIIrlCJug7DHmSQOsHeRxeDJMcUywkm0cVm5vP/eDLJtEfj5/wMXC398akTfZuZNDdxdgLrtHcI+Xvy7vHh9T1+vwUdwv0iJUehSrmXbXVw5WOpgj44vX69uvj/9oB0CFckaBDx41pbpodTv84Uo8TzlslZRuyucSu2qr9+v+krqH7Sj+xvVZJ6v5snKn8mUy1pFLbV3nEcrslL1laR26CGgnhE3Dgn4ZRIUE9dp2vvmLnHj5slCCH10LhYKfQbKYiXJFjpIInYweD3VVqOh1Z7wQjqeMulYEfDVUjib7K1W1h3vB9CK9NxIT/cMp+uWJPrBXJO868D31/zIXA2Vt/k7++yNs4GSZc40fS1oZJtb6cQ0FUnQOmQYYGmgDeZMkkFd5ea5ml5Oe219GOQw41FXyqxwpY2tUeRcJtAT92PVmzGcA4OWDHupkSeKaECZN0SsMepKMOgHXp0s+BAHa58XhNbD35d2uvv3AgAA[0mStarted by user [8mha:AAAAmh+LCAAAAAAAAABb85aBtbiIQTGjNKU4P08vOT+vOD8nVc83PyU1x6OyILUoJzMv2y+/JJUBAhiZGBgqihhk0NSjKDWzXb3RdlLBUSYGJk8GtpzUvPSSDB8G5tKinBIGIZ+sxLJE/ZzEvHT94JKizLx0a6BxUmjGOUNodHsLgAyOEgY+/dLi1CL9vMzsDAMLC0MAnG+Ej8MAAAA=[0mnikh0881
[8mha:AAABaB+LCAAAAAAAAACFkUFLwzAUx5/TafGoN0EoiHqyqTJF8eS61YPVy6YgO2Vd7Lp1SU3SWRD8PB70y/gNPA0Rv4NJ20zEgy+H/nj5/9/7h758QV1w2BlmA8GokyZZFFPhYCrikCWMO2eKPE1XTBIoa6EGtQCsQnCJUwm7QelHlR/N/WjuV8LTAJYGWGIJa8EITzFKMI1QR/KYRqc5h40qRcioYAlxvPL7ezPkqQq8/X9gtfDz2WLvt51ZDRZ7UO9HRdj13t/l6vZO397DEyyrlBRPiOZanmbcOBztcCrH69vN7GPz8bwIpJJZEla2Gp4+mnzfVaXJdTWXPUONo+ODZsPofN/oSvKLyvR+y0x2XTPPa/1M1lz2DO23T6p5uuO1jK6k9qE+Euq5JHwi4aKZxclAPceOqf3A+FikOCQ2mmKOkriPRoSO9e8csb5A3Q7BPBzae/Y1jaXdJUIKNDetfgMoRquuSgIAAA==[0mBuilding in workspace /var/lib/jenkins/jobs/TSearch - Unit Tests/workspace
[8mha:AAABgx+LCAAAAAAAAACFkbFOwzAQho9CIWKEDQkpEgKmxgGlVaELkDYsgaUFCXVyUtOmTe1gO6USEs/DAC/DGzBVCPEO2E3SCjFwHvLp/P93v+LXbygLDgeDtCcYtZI47UdUWJiKKGQx49a5IlfTNZMEslopQckHYy64womEQz/zo9yPFn608Cthw4e1HpZYwpY/xBOMYkz7qC15RPuNKYedPEXIqGAxsdzs+3szTBMVeP//wGrh14vBPu7asxKsdqEc9Odht7t/l6vbe337AM+wrlJSPCaaS9Mk5YXD0g4rd7y9384+d58u54FUMkPCxp7j6qPJ82xVmmxbc9YryKnVjy+cQud5hS4jb16p3m8Uk227mOc2l5M1Z72Cjlon+TzdcZuFLqNWVR8J5akkfCyBuwMSjlgqTx8ZH4kEh8REJppgjuIoQENCR/o1hywQqNMmmIcDs2Le0EiaHSKkQEtbxcxfhJMxk+oPWT4LcewOMKUkPjtyekG1Xqtt/gAmWZn3cQIAAA==[0mCheckout:workspace / /var/lib/jenkins/jobs/TSearch - Unit Tests/workspace - hudson.remoting.LocalChannel@14db5866
[8mha:AAABRR+LCAAAAAAAAACFj8FKxDAQhsdqtXjUiwjCgqi3tEoVdU9ru/VSvSwKsqe4m60r3aQmqVQEn8eDvoxv4GkR8R1MmmZFPDg55GPy/zN/Xr7AFRy2b8qhYBQVeZmNqUCYivGA5YyjjqJI0zmTBEzNOeCk4NWCM1xI2EmN32/8/szvz/xK2E5hYYgllrCS3uJ77OeYZn5P8jHN2hWH9SbFgFHBcoIic//eDFWhAm/9H1gt/Hz22PtVb+rAfB/c66wOu9r/u1y9jvTrHTzBokpJ8YRodqqi5NaBtAM1jte3y+nHxuNpHUgl8yQsbYaRPpqSJFClKQg0m56l8OBw7yS0uiSxOkNJXaXe79nJQWDnRfHPZM2mZ2m3e9TM050otjpD3X19JLiVJHwiYe1CqL+0hORYkuzhuBWTES5zufwNzjSVeRcCAAA=[0mUsing strategy: Default
[8mha:AAABRx+LCAAAAAAAAACFj8FKxDAQhsdqtXjUmygURL2lVaooe1q7Wy/Vy4Iie4rdbq12k5qkWhB8Hg/6Mr6Bp0XEdzBpmhXx4OSQj8n/z/x5+QKbM9i+rkacElQWVZYTjjDheUILylBXUqjojIoUdM1ZYMXgNIJTXArYibXfa/3ezO/N/FLYiWFhhAUWsBLf4HvsFZhk3kCwnGSdmsFamyKhhNMiRaG+f2+GupSBt/4PLBd+Pjv0/XIwtWB+CPZV1oRdHf5dLl/H6vUOnmBRpiR4kiq26rJixoGUA7WO17fz6cfG40kTSCZzBCxtBqE6iqLIl6XI9xXrnqHg4HDvODC6KDI6TVFTldrvmMm+b+aFvZ/JinXP0G7/qJ2nOmHP6DT199URYNciZRMB6xd5KT/j0kq4D5Td8hInqTvOGRdo+RuPvx88GwIAAA==[0mWiping out workspace first.
[8mha:AAABSh+LCAAAAAAAAACFkMFKxDAQhsdqtXjUmyAsinpLq1RR9qTZ7V6qlwVB9hR3Y7fSJjVNpSL4PB70ZXwDT4uI72DSNCviwcmhH5P/n/nTly9wSwG702pScoaKrEpSViLCynTMMy7QqSKs6YJLCqYWHHBi8BrBOSkk7MXG77d+f+73534l7MawNCGSSFiLb8k98TPCEn8oRcqSbi1go00x5qzkGUXYfH9vhrpQgXf+D6wWfj57/P1qOHNgcQTuddKEXR/9Xa5ub/TtHTzBskrJSE41O3VRCetA2oFax+vb5exj83HQBFLJPAkr2yHWR1MUBao0BYFm07MUHh0fnIVWF0VWZyhqqtL7PTs5COw83PuZrNn0LO33T9p5uoN7Vmeof6iPBLeWVOQStnDGmXpNR05pR9Bc/ejOIJUKC16mkouH1W/FYWJZIQIAAA==[0mCloning the remote Git repository
[8mha:AAABWx+LCAAAAAAAAACFkc9KxDAQxsfqavGoN0FYEPWWVln/7kXtbr1ULwuC7Cnbjd1qN+kmqVQEn8eDvoxv4GkR8R1MmmZFPDih5MfMfDNf6MsXNASHrVExFIyiPCuSlAqEqUhjljGOThUFmi6ZJGBizgEnArdquMC5hO3I6L1a78303kyvGtsRLAyxxBJWolt8j70M08TrSZ7SpF1yWKtdxIwKlhEUmPv3ZihzZXjzf8Nq4eezy96ve1MH5vvQGCSV2dX+3+WqeqOrE3iCReWS4jHR7JR5wa0CaQWqFa9vV9OP9cfzypBy5kpY2mgF+mgKQ1+FJt/XbHKWWvuHu2ct2xeGts9QWEWh97t2su/beUHnZ7Jmk7O00z2q5+lM0LF9hrp7+kholJLwsYSDIGNUvabJSc5EKhl/aCapPFHfqBio/zA+5ji+EzmOiScI5vEIqdryN5TOt5w2AgAA[0mCloning repository git@github.com:rackspace/search.git
[8mha:AAABPR+LCAAAAAAAAACFjsFKw0AQhsdoNXjwoDdBEEQ9dRMlitJTTRsv0UtBkJ7WNsZIuht3NyUg+Dwe9GV8A09FxHdwJ5utiAdnDvsx+/8z/8sXtKSAvbtyLDkjRV6mGZOEMpmNeM4F6WoKkS65SsDUggNODG4tuKCFgv3Y+L3G78393tyvhZ0YlsZUUQXr8T2dUi+nLPUGSmQs7VQCNpsUI84kzxMSmvf3ZagKHXj3/8D64Oezy9+vBzMHFofQuknrsBvDv8f17y3+PsATLOuUjE4SZKcqSmEdBB2kcby+Xc0+th7P60A6matgZScIsZGiyNeF5PvIZmYpOD45PAusLoqszlBUV4n3XbvZ9+2+sPezGdnMLB30T5t9OAl7Vmeof4StoFWpREwUrKWZ2m63p4mQGWer3w64/sgNAgAA[0mgit --version
[8mha:AAABQR+LCAAAAAAAAACFjs9Kw0AQxsdoNHhUT4JQEPW2SST+oydNGy/RS0GQntY2xki6GzebEhB8Hg/6Mr6BpyLiO7iTzVbEgzOH/TH7fTPfyxfYpYDdu2pcckaKvEozVhLKymzEcy7IqaIQ6ZLLBHQtWGDF4DSCC1pI2Iu132397tzvzv1K2I1haUwllbAW39MpdXPKUncgRcbSbi1gs00x4qzkeUJC/f6+DHWhAu/8H1gd/Hx2+Pv1YGbB4hDsm7QJuz78e1z93uLvAzzBskrJ6CRBtuqiEsZB0EFax+vb1exj6/G8CaSSORJWtoMQGymKPFVInoesZ4aCw+P9s8DoosjoNEVNVXjfMZs9z+wLez+bkfXMkN8/affhJOwZnab+AbYEu5aJmEjYSDPZmSaizDjr+OSIBMRf/QbG5e/DEwIAAA==[0mgit version 1.7.4.1
[8mha:AAABTh+LCAAAAAAAAACFkMFKxDAQhsfqavGoN0EoiOutrVJF2ZN2t16qlwVB9hS72bbSJjVJl4Lg83jQl/ENPC0ivoNJ06yIByeHfkz+f+ZPX76gxxn0s3rKKXGrok5zwl1EeJ7QgjL3XFKo6JoKDLpWLLBisFvBFaoEHMTa73V+b+n3ln4pHMSwNkUCCdiK79EceQUiqTcWLCfpoGGw06VIKOG0wG6ov783Q1PJwPv/B5YLP59t+n47XliwOoHeXdqG3Z78XS5vZ+r2AZ5gXaYkqMSKraaqmXG4yuF2jte3m8XH7uNlG0gmswVs7AWhOoqiyJelyPcV656h4OT06CIwuigyOk1RW7Xab5vJvm/mhcOfyYp1z9Dh6Kybpzrh0Og0jY7VEdBrBGalgH6ERZLJ5zh1xQXDqHSSTD4Sc2fGaOlQlsu/u/kN8/xwbyUCAAA=[0mFetching upstream changes from origin
[8mha:AAABQB+LCAAAAAAAAACFkMFKxDAQhsfqavGoN0EQRL2lVaooe3KzWy/Vy4Ige4rdWKvdpCapFgSfx4O+jG/gaRHxHUyaZkU8ODn0Y/L/M3/68gUdKWD7uhpLzlBZVFnOJCJM5ikvuEDHmrChM64o2JrzwEvAbwSnpFSwk1h/0PqDmT+Y+bWwm8DCmCiiYCW5IfckKAjLgqESOcu6tYC1NkXKmeQFRdh+f2+GutSBt/4PrBd+Pvv8/WI49WB+BJ3LrAm7Ovq7XN9emds7eIJFnZKRCTXs1WUlnAMZB2odr2/n04/1x5MmkE7mK1jajLA5huI41GUoDA3bnqPo4HCvFzldHDudpbipyuz33eQwdPNw/2eyYdtztDs4aueZDu47naXBvjkKOrWiYqJ/BS4oYfo5Gw9c3MqSpHT5G/K1b/oSAgAA[0mCleaning workspace
[8mha:AAABQh+LCAAAAAAAAACFj8FKxDAQhsdqtXjUgyAIgqi3tkoVZU9rd+ulenBBkD3F3VhXu0lNUi0IPo8HfRnfwNMi4juYaZoV8eDkkI/J/8/8efkCVwrYui6HkjO/yMtsxKRPmBwNeM6F39YUI51yRcHUjANOCl4tOCGFgu3U+IPGH0z9wdSvha0U5oZEEQVL6Q25J0FOWBb0lBixrFUJWG1SDDiTPKd+bO7fm6EqdODN/wPrhZ/PHn+/6E0cmO2De5nVYZf7f5fr1yt8vYMnmNcpGRlTZKcqSmEdPjr8xvH6dj75WHs8rgPpZJ6ChY0oxoOUJKEupDBENj1L0f7B7lFkdUlidYaSukrc79nJYWjnxZ2fycimZ2mne9jMw07csTpD3T08CtxKUTFWsHJGJVVK/2f9gYtbvJWgdPEbxHseXBYCAAA=[0mResetting working tree
[8mha:AAABeB+LCAAAAAAAAACFkctKw0AUho/RanCpO0EIiLdNktY0aelK08ZNdGGhIF1NrkaSmZhMSkDweVzoy/gGroqI7+BMLhVx4ZlFPs6c/z//kJcv6OQZHN0VXk6wnMZFGOFcRjiPXBKTTD5nZHK6JtSHutYEEGwQq4ErlFI4tmu90uiVlV5Z6dngyIYND1FEYce+RwukxAiHypRmEQ5HZQZ7TQqX4JzEvmzW39+boUxZ4MP/A7OFn88ieb+dLgVYn0PHCauwu/O/y9ltwG8f4Ak2WUqMEp+zUKZF1ipkrpAbxevbbPmx/3hZBWLJRApbB5rJDyfLUllxUlXOda8lTR/0LrR2zrLauZqsqgq+X2ydVbX1M8c/zpzrXkvdybDx4x1z3M7VNOnzQ6FTUj9LKMxMkiQ+dtmDJKeIYk8igXTjL6I8IlgaeMbA8V3HUPVg2O1rPjpTz4xu30WB46i63tM8x3CCQDohWcT+gpKgnPmebn8DnVKD51UCAAA=[0mCommencing build of Revision 8d78becb706f9154ea303715cafbb06624db7bff (origin/master)
[8mha:AAABcx+LCAAAAAAAAACFkMtKw0AUho/RanCpO0EIiLdNkrZp0tKVpo2bqGBBkK4m10bTmZhMSkDweVzoy/gGroqI7+BMLoq48MwiH2fO/59/8vwJrSyFg1nuZQTLSZyHEc5khLPIJTFJ5RNGJqcLQn2oakUAwQaxHDhHCYVDu9IrtV751ivfejY4tGHNQxRR2LJv0QIpMcKhMqFphMNhkcJOncIlOCOxL5vV9/dmKBIWeP//wGzhx5NI3m4mSwFWp9BywjLs9vTvcnYb8Nt7eIR1lhKjuc9ZKJI8bRQyV8i14uX1evm++3BWBmLJRAobe5rJDyfLUllxUlXOVa8hTe93TrVmzrKauYqssnK+X2ycVbXxM0c/zpyrXkPt8aD24x1z1MxVNO7xQ6FVUD+dU7g0Z757x54jkZxKV/4iyiKCpb5n9B3fdQxVDwbtnuajrto12j0XBY6j6npH8xzDCQLpiKQR+/3KHGXM8HjzCwb/rahOAgAA[0mChecking out Revision 8d78becb706f9154ea303715cafbb06624db7bff (origin/master)
[8mha:AAABQB+LCAAAAAAAAACFkMFKxDAQhsfqavGoN0EQRL2lVaooe3KzWy/Vy4Ige4rdWKvdpCapFgSfx4O+jG/gaRHxHUyaZkU8ODn0Y/L/M3/68gUdKWD7uhpLzlBZVFnOJCJM5ikvuEDHmrChM64o2JrzwEvAbwSnpFSwk1h/0PqDmT+Y+bWwm8DCmCiiYCW5IfckKAjLgqESOcu6tYC1NkXKmeQFRdh+f2+GutSBt/4PrBd+Pvv8/WI49WB+BJ3LrAm7Ovq7XN9emds7eIJFnZKRCTXs1WUlnAMZB2odr2/n04/1x5MmkE7mK1jajLA5huI41GUoDA3bnqPo4HCvFzldHDudpbipyuz33eQwdPNw/2eyYdtztDs4aueZDu47naXBvjkKOrWiYqJ/BS4oYfo5Gw9c3MqSpHT5G/K1b/oSAgAA[0mCleaning workspace
[8mha:AAABQh+LCAAAAAAAAACFj8FKxDAQhsdqtXjUgyAIgqi3tkoVZU9rd+ulenBBkD3F3VhXu0lNUi0IPo8HfRnfwNMi4juYaZoV8eDkkI/J/8/8efkCVwrYui6HkjO/yMtsxKRPmBwNeM6F39YUI51yRcHUjANOCl4tOCGFgu3U+IPGH0z9wdSvha0U5oZEEQVL6Q25J0FOWBb0lBixrFUJWG1SDDiTPKd+bO7fm6EqdODN/wPrhZ/PHn+/6E0cmO2De5nVYZf7f5fr1yt8vYMnmNcpGRlTZKcqSmEdPjr8xvH6dj75WHs8rgPpZJ6ChY0oxoOUJKEupDBENj1L0f7B7lFkdUlidYaSukrc79nJYWjnxZ2fycimZ2mne9jMw07csTpD3T08CtxKUTFWsHJGJVVK/2f9gYtbvJWgdPEbxHseXBYCAAA=[0mResetting working tree
[8mha:AAABUh+LCAAAAAAAAACFkMFKxDAQhsdqtXjUmyAURL1IWqWKsiftbr3UvSwIsqdsW9tKm9Q0lYLg83jQl/ENPC0ivoNJ06yIByeHfkz+f+ZPX77ArBnsZU1cU4KqoklzUiNM6jyiBWXoXJAvaUx5AqqWDDBCsDrBFa447IfK7/R+Z+F3Fn4hHISwEmOOOWyEd/gBOwUmqTPhLCfpoGWw1aeIKKlpkSBffX9vhrYSgXf/DywWfj5b9P1mMjdgeQrmLO3Cbk7/Lhe3t/L2Hp5gVaQkuEwkG23VMO1A0oF6x+vb9fxj+/GyCySSWRzWdjxfHklB4IqS5LqSVU+Td3J6dOFpXRBonaKgq0but/Rk19Xz/OHPZMmqp+lwdNbPkx1/qHWKRsfycDBbnrCSw8GY2lEmXpXYnNosiSiL7ZzYM4ZJlNmU5eLnOiWuhXz9G49viFIrAgAA[0mNo change to record in branch origin/master
[8mha:AAABYx+LCAAAAAAAAACFkM1Kw0AUha/RanCpO0EI+Lcyk5Y2TakbTRs30U1BkOJi2sY0ms7EzEQDgs/jQl/GN3BVRHwHZzJJRVx4ZzEfd8659zAvX1BjKexPswmjxEziLIwIMzFh0ZjGNDWPBbmSzikPQNWSBpoPeiE4wwmHA1/5UelHCz9a+IWw68PKBHPMYcO/wfcYxZiEaMDTiITdPIWtMsWYEkbjwHTV/Xsz5IkIvPd/YLHw81mn75eDuQbLQ6iNwiLs5vDvcvF6LV/v4AlWRUqCZ4FkLU+ytHKY0mGWjte3i/nH9uNpEUgk0zms7TRdeSR5niVKkmVJVr2KmrbTOGlWOs+rdIq8ojK5X68mW1Y1z+39TJasehXV+51ynuy4vUqnqN+Sh0Mt50E643A0fKDpLUvwOLgydg00ighiU+MwDwzEZwlSn9x2nIZjWa26Y7c6dtuxnbrJpuvfHxc+nzsCAAA=[0m[workspace] $ /bin/sh -xe /tmp/hudson7882800518659678681.sh
[8mha:AAABPR+LCAAAAAAAAACFj8FKxDAQhsdqtQhe9CYIgqi3tEoVZU/a3Xrp6sKCIHuKu7WudJOapFIQfB4P+jK+gadFxHcw0zQr4sHJIR+T/5/58/IFrhSwc1uOJGekyMtszCShTI6HPOeCnGiKkM65SsHUnANOAl4t6NJCwW5i/H7j92d+f+bXwlYCCyOqqILV5I4+UD+nLPP7SoxZ1qoErDcphpxJnqckMvfvzVAVOvD2/4H1ws9nj79f9acOzA/Avc7qsGuDv8v16w2+3sMTLOqUjE5SZKcqSmEdBB2kcby+XU4/Nh7P6kA6madgaSuM8CDFcaALKQiQTc9SeHi0fxpaXRxbnaG4rhL3e3ZyENh5UftnMrLpWdrrHDfzsBO1rc5Q5wCPArdSqZgoWOlRIfVvNnsXXbn8DbkHMrQMAgAA[0mParsing POMs
[8mha:AAABWB+LCAAAAAAAAACFjsFKxDAQhsfqavGoN0EoiHpLq6yyuiftbr1ULwuC7Cm2sVttk5qma0HweTzoy/gGnhYR38GkaVbEgzOHfEz+f+Z/+YJOyWFnUsUlo6jIqiSlJcK0TCOWMY5OJPmKLpggoGvBAisEuxGc40LAbqj9but353537pfCfghLMRZYwFp4i6fYzTBN3JHgKU36NYeNNkXEaMkygnz9/r4MdSEDb/8fWB78fLbZ+9VoZsHiGDrXSRN2ffz3uPy9Ub/38ATLMiXFOVFs1UXFjQMpB2odr2+Xs4/Nx7MmkExmC1jZ6vqqFQWBJ0uR5ynWM0Pdw97+adfogsDoNAVNVeq+bTZ7ntnnD342K9YzQ3vDo3afmvgDo9M0PFAtoFMLwnMBvUFaRmxKOIkd7FDy4OQsrjLiRCxHHEd3ZYEjgnCRHpcE82ji6Gf1G6xJCrs3AgAA[0mDiscovered a new module com.rackspace.api:search search
[8mha:AAABVR+LCAAAAAAAAACFj8FKxDAQhsfqavGoN0EoiHqRtkoVZU/a3XrpelkQZE+xjW0lm9Q0lYrg83jQl/ENPC0ivoNJ06yIByeHfEz+f+bPyxf0Kg47eZ1WjLolqbOCVi6iVZEwwrh7KilUdMEEBl0LFlgx2K1ghEoBu7H2e53fm/u9uV8K+zEspUggAWvxLbpHHkE088aCFzTrNxw2uhQJoxUj2A31/XszNKUMvP1/YLnw89lm71fjmQWLE+hdZ23Y9cnf5fL1Rr3ewRMsy5QUTbFiqylrbhyucrid4/Xtcvax+XjeBpLJbAErW0GojqIo8mUp8n3FumcoODo+OAuMLoqMTlPUVq3222ay75t54eBnsmLdM7Q/POnmqU44MDpNw0N1BPQagflUgD9iaU1w5SS5/BpO9xyOE0SSmiAhP+mkuMQ0xTR5cDKOynz1G8zd5bIvAgAA[0mModules changed, recalculating dependency graph
[8mha:AAAB9B+LCAAAAAAAAACdUstu1DAUdQcGRixhh4QUCSir2JlMqPpY0XSCkGa6qQRCI4Q8HpMmzdjBdtJISKz6MSzan+EPWFUI8Q/4EQ8gJJCwFzm+vueec31z+R0MpQDbp81KcgbrqskLJiFmsiC84gI+0yg16JgrCtzaGoDBDIxswhzXCjyZOT7q+WjDRxu+TjyYgZsrrLACd2clbjGqMMvRiRIFyw86Ae73LghnklcUpu77uzLoam348b8Na8Fvn0b8y+uT6wG4sQDDZW7N3lv8Ka5v35nb9+AjuKVdMrymBg+6uhGeAQ0D9oyrzy+vvz748Nwa0s5GCtx+mKRmG5RlkV4GRZHBLuZRsrMbHyY+L8t8nkOZXY3RH/nKUeTrpUc/KxvsYh6Np3t9PRNJj3yeQ9OnZisw7BQVa7V1sZBUtAWhb4JHAZKiRYrzSqJydTaGOzB6O9lFy4Ih030QkjpALRaoKpaopOzMDNoPfI1bykJ3Qq+mh+GL48wm2otJiHPKVDiGMSyx2EeN1GU4wRXCNSanNHT8CYxggpacK12Ydo0MSYWlPOeiWskwholhB1zksGwZVbD/CZwGtBpwbg9zXLDgrzKuF2LCm27OdeRX84KuudLT1tKxdf7/D1Aw/eSE1ooL/wxBEsd7kzs/AAhL3cqDAwAA[0m[service] $ /srv/tools/jdk1.6.0_38/bin/java -cp /var/lib/jenkins/plugins/maven-plugin/WEB-INF/lib/maven3-agent-1.2.jar:/usr/local/apache-maven-3.0.4/boot/plexus-classworlds-2.4.jar org.jvnet.hudson.maven3.agent.Maven3Main /usr/local/apache-maven-3.0.4 /var/cache/jenkins/war/WEB-INF/lib/remoting-2.22.jar /var/lib/jenkins/plugins/maven-plugin/WEB-INF/lib/maven3-interceptor-1.2.jar 42293
[8mha:AAABZR+LCAAAAAAAAACFjsFKw0AQhsdoNXjUmyAURL0lUapYaoWaJqWaRrFFKMXD2sa0Jd2NyUYCgvg4HvQdfAbfwFMR8R3czWYr4sGdw37M/P/M//wFhTiCrWEyiAnWwiDxRzjWEI5HfRKQSKsxMjm5hHog3pwCigNqJmihkMK2I/x67tdnfn3mZ8KKAwsDRBGFFWeM7pAeIOzrbRqNsF9JI1jLU/QJjkngaab4f1+GNGSBN/8PzA5+PqnkvdueKjDfg8K1n4Vd7f09zqY3fHoLD7DIUmI08TgraZhE0qFxh5Y7Xt4upx/r940sEEumUljaKJm8ONm2wR4nw+AsepJK+we7xyWps22pE2RnL+H3VbnZMOQ+s/6zmbPoSdqxyvk+3jHrUifI2uNFoZBSL5pQKB9Wq9XeieWeNt128cJqnXWabqNo1s5rZrPTvWLTo9dHXv0hwtgLijFFEfUGy9+ipMKpOAIAAA==[0m<===[JENKINS REMOTING CAPACITY]===>   channel started
[8mha:AAABfx+LCAAAAAAAAACFkc1Kw0AUha/RanCpO0EIiH+bSZQqaldt2riJXVhQpKtpMk0ryUycmZSA4PO40JfxDVwVEd/BmaZTERfOQPJx55x7D9yXL6gJDnujIhaMojwtkjEVCFMxjljKOGoq8jV1mSRQnSULrBDsmeAK5xL2w8rvzv3uwu8u/ErYCGElxhJL2Ajv8QS7KaaJ25N8TJNGyWFrniJiVLCUIL/6/54MZa4C7/4fWA38fLbZ+11vasFyH2qDZBZ2s/93uHod6tcHeIJVlZLijGi2yrzgxoG0A80dr28304/tx8tZIJXMlrC2U/f11RQEnjqaPE9zVTNUPz07btWNLgiMrqJgdgo93zadPc/089s/nTVXNUNHnfN5P13x20ZXUedEXwm1UhKeSaApS+r3F7fN667TZQ7Oc0JjwoUTsSKNnQFxhqygsfpyR0kTwp0DxhOEcxyNiNpTlqkVoQHBtJDjVOjNTQhXzQVqMbU6TH1TOUTr35yMoNltAgAA[0mlog4j:WARN No appenders could be found for logger (org.apache.commons.beanutils.converters.BooleanConverter).
[8mha:AAABWx+LCAAAAAAAAACFjsFKw0AQhsdqNXjUmyAERL0lUaJUe6pp4yUWsaBIT2u7pinb3bi7kVTB5/GgL+MbeCoivoO7SbYiHpw57Mfs/8/8L19QFxx2RtlQMOqkJIsTKhxERTJghHGnpSjQ1GUSQ1kLNahFYBWCM5RK2I1Kv1v53bnfnfuVsBnB0hBJJGEtGqN75BJEY7cneULjZs5ho0oxYFQwgp2gfH9fhjxVgbf/D6wOfj5b7P26N6vBYh/qN3ERdr3/97j6vdW/d/AEyyolRROsuZanGTcORzucyvH6djn72Hw8LQKpZJaElS0/0K0pDD1VmjxPczkz5B829k98owtDoyspLCrT9y2z2fPMvqD9s1lzOTO01zmq9ulJ0Da6kjoHuiXUc4n5REKDsNgfH1+1Lrr2OcFIYDuhiUwQSR6wLUfYLgS2mAqJJ3bKWYo5mTqr37TuDLo3AgAA[0mlog4j:WARN Please initialize the log4j system properly.
[8mha:AAABfx+LCAAAAAAAAACFkbFOwzAQho9CIWKEDQnJEgKmxgEVBHSiacPSsrQgoU5u6qZpUzvYTomExPMwwMvwBkwVQrwDdpMUIQbOgz+d///uj/LyBWUp4GCUDCRndhwlQcikTZgMfR5xYV9qcg1dc0Uhq5USlFpgLQRtEis4bGV+nPvx0o+Xfi2stWBtQBRRsNUakxnBEWEB7igRsqCWCtjJU/icSR5R283u35shjXXg/f8D64WfzxZ/v+vMS7Dag3I/WITd7v1drl+H5vUenmBdp2RkSg2X0jgRhcM2Djt3vL7dzj92H68WgXQyS8HGXtU1x5DnOboMOY7hrFdQ9fTsuF4tdJ5X6DLyFpWY/VYx2XGKeW7jZ7LhrFfQUfM8n2c6bqPQZdQ8MUdBOVVUTBXQZkr9ROnvQW0yo+wCoUodVYYIz4jAUdjHY8om5oeOeV/ibocS4Y9QBd2wUKEulUriBy4mMiY+xZKKWajvmE/tdBoh3ZyQgG5+AzPumCRkAgAA[0mExecuting Maven:  -B -f /var/lib/jenkins/jobs/TSearch - Unit Tests/workspace/service/pom.xml package
[8mha:AAABSx+LCAAAAAAAAACFj8FKxDAQhsdqtXjUmyAURL2lVaooe9LuVoS6HgqCFA+x261duklNUykIPo8HfRnfwNMi4juYNM2KeHByyMfk/2f+vHyBWTHYuatHFSWoLOosJxXCpMoTWlCGTgT5koaUp6BqwQAjBKsVXOCSw26o/E7nd+Z+Z+4Xwl4ISyPMMYe1cIIfsFNgkjkRZznJeg2DjS5FQklFixT56v69GZpSBN7+P7BY+Pls0ffraGbAYgzmbdaGXY//LhevY/l6D0+wLFISPE0lG01ZM+1A0oE6x+vb1exj8/GsDSSSWRxWtjxfHklB4IqS5LqSVU+Td3i0f+ppXRBonaKgrVrut/Rk19Xz/P7PZMmqp2lvcNzNkx2/r3WKBgfycDAbnrIpBzs+HwaXN3aUYELEr+wxZXbJ6CRNeIUQWv0GRZF5QB8CAAA=[0m[INFO] Scanning for projects...
[8mha:AAABPR+LCAAAAAAAAABb85aBtbiIQS2jNKU4P0+vIKc0PTOvWC8xrzgzOT8nv0jPEchyBrH88ktSGSCAkYmByYeBA6zAN7GghEHdB6JfH6pfH65fH64fqNDah4ElJbEksYRByCcrsSxRPycxL10/uKQoMy/duqKIQQrqiuT8vOL8nFQ9ZwiNajNDRQHQwaqEHQy08PUKjvyHkcHPmRiYoxlYk9LBjhWOxrQcKJsGki1kqGNgA7oyLzE3FcRmqigoLYLp0APp0IPqWHsp7PlL2Wp3sIOALuMoYWBXNnEGQRDLzc0ACEAsAwMQGyIGY5mYWRg5mcDUubnB1EFYbmBQCrKfA2aygQHMPGcXhMkgNkQMxjJ0tYSaBxJxdoGpg7BcTUGwhIG1oiS1KLeEISDa08/NP1aBWoALADftnitPAgAA[0m[INFO]                                                                         
[8mha:AAABPh+LCAAAAAAAAABb85aBtbiIQS2jNKU4P0+vIKc0PTOvWC8xrzgzOT8nv0jPEchyBrH88ktSGSCAkYmByYeBA6zAN7GghEHdB6JfH6pfH65fH64fqNDah4ElJbEksYRByCcrsSxRPycxL10/uKQoMy/duqKIQQrqiuT8vOL8nFQ9ZwiNajNDRQHQwaqEHQy08PUKjvyHkcHPmRiYoxlYk9LBjhWOxrQcKJsGki1kqGNgA7oyLzE3FcRmqigoLYLp0APp0IPqWHsp7PlL2Wp3sIOALuMoYWBXNnEGQRDLzc0ACEAsAwMQGyIGY5mYWRg5mcDUubnB1EFYbmBQCrKfA2aygQHMPGcXhMkgNkQMxjJ0tYSaBxJxdoGpg7BcTUGwhIG1oiS1KLeEISDa08/NP1ZBl0qACwBzBPd0TwIAAA==[0m[INFO] ------------------------------------------------------------------------
[8mha:AAABWB+LCAAAAAAAAACFj9FKwzAUho/VafFS7wRhICpemHYyRdnV1q0q1E2oCDJEsq12lS6paSoFwefxQl/GN/BqiPgOJk0zES88ucjHyf+f8+flCyopg61xNkopQUmchRFJESZpNKQxZagpyJHUpTwAVXMGGB6YheAMJxy2PeW3Sr8181szvxA2PFgYYY45rHh3+AFbMSah5XMWkbCRM1grUwwpSWkcIEfdvzdDnojAm/8HFgs/n036fuVPDZjvQ2UQFmFX+3+Xi9db+XoPT7AoUhI8CSQbeZIx7UDSgUrH69vl9GP98bgIJJKZHJY26o48klzXFiXJtiWrnqb6weFeq651rqt1ityiMrnf1JNtW89z2j+TJaueplrnqJwnO05b6xR19uXhUMl5wCYcdvqnXbd3XW1lUTwSv6qmAWbDcdVGNWTfDGq7frd57p/0Lpa/AenC/usoAgAA[0m[INFO] Building search 0.1.0_b1-SNAPSHOT
[8mha:AAABPh+LCAAAAAAAAABb85aBtbiIQS2jNKU4P0+vIKc0PTOvWC8xrzgzOT8nv0jPEchyBrH88ktSGSCAkYmByYeBA6zAN7GghEHdB6JfH6pfH65fH64fqNDah4ElJbEksYRByCcrsSxRPycxL10/uKQoMy/duqKIQQrqiuT8vOL8nFQ9ZwiNajNDRQHQwaqEHQy08PUKjvyHkcHPmRiYoxlYk9LBjhWOxrQcKJsGki1kqGNgA7oyLzE3FcRmqigoLYLp0APp0IPqWHsp7PlL2Wp3sIOALuMoYWBXNnEGQRDLzc0ACEAsAwMQGyIGY5mYWRg5mcDUubnB1EFYbmBQCrKfA2aygQHMPGcXhMkgNkQMxjJ0tYSaBxJxdoGpg7BcTUGwhIG1oiS1KLeEISDa08/NP1ZBl0qACwBzBPd0TwIAAA==[0m[INFO] ------------------------------------------------------------------------
[8mha:AAABOR+LCAAAAAAAAACFjsFKxDAQhsdqtXjUmyAIot7SKlWUPbndrQh1PSwIUjzE3Vor3aSmqRQEn8eDvoxv4GkR8R3MNM2KeHDmkI/J/8/8L19glwK2b6txyRkp8irNWEkoK7MRz7kgx4oCpAGXCeias8CKwGkEZ7SQsBNpv9v63ZnfnfmVsBPBwphKKmEluqMP1M0pS92hFBlLO7WAtTbFiLOS5wkJ9Pv7MtSFCrz1f2B18PPZ4e+Xw6kF8zHY12kTdjX+e1z93uDvPTzBokrJ6CRBtuqiEsZB0EFax+vbxfRj/fGkCaSSORKWNv0AGykMPVVInoesZ4b8g8O9rm90YWh0msKmKrzvmM2eZ/YFvZ/NyHpmaLd/1O7DSdAzOk39fWwJdi0TMZHgxKeD8PxqY/kbaqkK+wcCAAA=[0m[INFO] 
[8mha:AAAB6R+LCAAAAAAAAACFkU2L00AYx8dqtXjUm4sQEN8ozcuSurHLgs20Cd2NbZZosBv2MEln08S81GQSUgU/jwf9Ml49eVpE/A7OJM2KePCZw/x45vk//z/M51+gm2fg0bpY5WnCb6LCD5KcR0keeGmUZvyYEmQ0TwkGTV3rgI4BevXAS7Qh4LHR6IWdXrjSC1d6OnhogBsrRBABd4wQlUiIUOILFsmCxD+sMnBvl8JLkzyNMA+b+29nUG1o4If/D0wNf37qpd+X1mUHXHdA1/XrsHedf83p6wV7fQc+gps0ZYJizLhTbYqsVfBMwe8UX77alz/uf9DrQDRZj4BbD2TIDiNNE2kxEkXGTa8l+Zmyr8rtnKa1cw1pdRXMv9duFsV2H5z82cy46bUkTZ/v9rEOnLRzDU2H7BDQrQjOYgK+ObO5tjjn9hwlXqPRmNZS7Rtw3JbqKkOkEjeYnVpxOD95LZtivzw2pnIh+aUZ4sqY2Ob7ajXVyzI+6785GJ7ht0a0sC/KV6GnaOaxj/QgmOknKNCH5laRy61nT6QEjiVrSw1CCDX1FNr7B4twWXseHe05YjwYDDg/RiVOBs0fjyReHvk4wRki2CKFm3NP3CKIVnqWpmWA86fcCy7HKPPWHBXf/g0x8s5m2gIAAA==[0m[INFO] [8mha:AAAAYB+LCAAAAAAAAABb85aBtbiIQSmjNKU4P0+vJLE4u1gvPjexLDVPzxdEGvvmZ+X75ZekLlOVfvTjc8FPJgaGiiIGKaiG5Py84vycVD1nCA1SyAABjCCFBQCV27OjYAAAAA==[0m--- gmaven-plugin:1.4:generateStubs (buildGroovies) @ search ---
[8mha:AAABSx+LCAAAAAAAAACFj0FLwzAUx5/VavGoN0EpiHprq0yZ7KTdOpQ6DwNBhodsjXXSJV2SSkHw83jQL+M38DRE/A4mTTMRD74c8uPl/3/vn5cvsDmD3bsi4ZR4eVakY8I9RPh4RDPKvBNJoaIeFRh0LVhgxeBUgguUC9iLtd+v/f7c78/9UtiKYSlBAglYi+/RA/IzRFK/L9iYpK2SwUadYkQJpxn2Qn3/3gxlLgPv/B9YLvx8duj7dX9mweIA7GFahV0f/F0uX2/V6xSeYFmmJGiCFVtlXjDj8JTDqx2vb1ezj83HbhVIJnMErGw3QnUURVEgS1EQKNY9Q42j5sFpw+iiyOg0RVUVar9jJgeBmRe2fyYr1j1D+53jep7qhG2j09Q5VEeAXQrMJgK2Bme96PLG7WKCGRI4cZvuufypy0Ux5Kvfqhb7rh0CAAA=[0m[INFO] Generated 8 Java stubs
[8mha:AAABOR+LCAAAAAAAAACFjsFKxDAQhsdqtXjUmyAIot7SKlWUPbndrQh1PSwIUjzE3Vor3aSmqRQEn8eDvoxv4GkR8R3MNM2KeHDmkI/J/8/8L19glwK2b6txyRkp8irNWEkoK7MRz7kgx4oCpAGXCeias8CKwGkEZ7SQsBNpv9v63ZnfnfmVsBPBwphKKmEluqMP1M0pS92hFBlLO7WAtTbFiLOS5wkJ9Pv7MtSFCrz1f2B18PPZ4e+Xw6kF8zHY12kTdjX+e1z93uDvPTzBokrJ6CRBtuqiEsZB0EFax+vbxfRj/fGkCaSSORKWNv0AGykMPVVInoesZ4b8g8O9rm90YWh0msKmKrzvmM2eZ/YFvZ/NyHpmaLd/1O7DSdAzOk39fWwJdi0TMZHgxKeD8PxqY/kbaqkK+wcCAAA=[0m[INFO] 
[8mha:AAAB6R+LCAAAAAAAAACFkctu00AUhodAIGIJOyokS4ibIl8SOa1JVYl4EltpTeIqYJFaLCbO1LHxDXtsHJB4HhbwMrwBYlEhxDswY8etEAvOLPzNmfOf/5f85TdoZyl4tMnXWRwJSZC7XpQJKMo8Jw7iVBhRgoxmMcGgrmst0DJApxp4gRICHhu1XtzpxUu9eKmng4cGuLFGBBFwx/BRgcQARa64IKkXuYdlCu7tUjhxlMUBFmD9/dsZlAkN/PD/ganhr8+d+PtycdEC123QXrlV2Lv2v+b09Zy9vgOfwE2aMkIhZtwqkzxtFAJTCDvF12/Wxc/7H/UqEE3WIeDWAxmyw0jTJFqMJIlx3WtI3lf6qtzMaVozV5NWVc78O81mSWr2wfHVZsZ1r6He5NluH+vAcTNX02TADgHtkuA0JOCHPZ1p8zfcnq2EGzQc0VqqXQOOmlJXygCpZOVNTxehPzt5JZtStzg2JnLecwvTx6UxtswP5XqiF0V41n19MDjDb41gbp0XL31H0cxjF+meN9VPkKcPzK0iF1vHGvciOOotttTAh1BTT6HVP5j7y8rz6GjPlkKe57kQFTjiU5zFeergjK9/9rAv7A+dONlevXBPqvt7vEJJ8pR7zmUYpc6Go0tu/wH73NyR4gIAAA==[0m[INFO] [8mha:AAAAYB+LCAAAAAAAAABb85aBtbiIQSmjNKU4P0+vJLE4u1gvPjexLDVPzxdEGvvmZ+X75ZekLlOVfvTjc8FPJgaGiiIGKaiG5Py84vycVD1nCA1SyAABjCCFBQCV27OjYAAAAA==[0m--- maven-resources-plugin:2.6:copy-resources (copy-webapp) @ search ---
[8mha:AAABOR+LCAAAAAAAAACFjsFKxDAQhsdqtXjUmyAIot7SKlWUPbndrQh1PSwIUjzE3Vor3aSmqRQEn8eDvoxv4GkR8R3MNM2KeHDmkI/J/8/8L19glwK2b6txyRkp8irNWEkoK7MRz7kgx4oCpAGXCeias8CKwGkEZ7SQsBNpv9v63ZnfnfmVsBPBwphKKmEluqMP1M0pS92hFBlLO7WAtTbFiLOS5wkJ9Pv7MtSFCrz1f2B18PPZ4e+Xw6kF8zHY12kTdjX+e1z93uDvPTzBokrJ6CRBtuqiEsZB0EFax+vbxfRj/fGkCaSSORKWNv0AGykMPVVInoesZ4b8g8O9rm90YWh0msKmKrzvmM2eZ/YFvZ/NyHpmaLd/1O7DSdAzOk39fWwJdi0TMZHgxKeD8PxqY/kbaqkK+wcCAAA=[0m[INFO] 
[8mha:AAAB4x+LCAAAAAAAAACFUduK00AYHqvV4qXeuQgB8UTJoSXdjV0WbKZN6G5ss1SD3bAX03SaJuZQk0lIFXweL/RlfANBWER8B2eSpot44T8X8/HPd4L58hs00wQ8WWfLNI6ETZC5XpQKKEo9Jw7iRBhQBBmaxASDam40QMMArZLwCm0IeGpUenGnF/d6ca+nxGMD3Foiggi4Z/goR2KAIleckcSL3OMiAQ92LZw4SuMAC7C6/04GxYYWfvz/wjTw1+dW/H0+u2qAmzZoLtyy7H3733D6umKv78EncJu2jFCIGW4UmyypFQJTCDvF12/W1c+HH/WyEG3WIuDOIxmyw5CmSXQYkiSGq12N5EOlq8o1T9NqXoW0cjKW36qdJan2g8NrZ4arXY06oxc7P7aBw5pXoVGPHQKaBcFJSMAPezzRppfcga2Ea9Qf0JmrbQMO6lEXSg+pZOGNz2ehPzl7I5tSOz81RnLWcXPTx4UxtMwPxXKk53l40X571LvA74xgaq3y176jaOapi3TPG+tnyNN75laR861jDTsRHHRmWxrgQ6ip59DqHk39eZl5cnJgSyHP81yIchzxCU7jLHFwylef3e8Kh/39knu2xCuUBeSa95x7yaUYJc6aoy53/wAem74a4wIAAA==[0m[INFO] [8mha:AAAAYB+LCAAAAAAAAABb85aBtbiIQSmjNKU4P0+vJLE4u1gvPjexLDVPzxdEGvvmZ+X75ZekLlOVfvTjc8FPJgaGiiIGKaiG5Py84vycVD1nCA1SyAABjCCFBQCV27OjYAAAAA==[0m--- maven-resources-plugin:2.6:resources (default-resources) @ search ---
[8mha:AAABYB+LCAAAAAAAAACFj0FLwzAUx5/VafGoN0EoiO5kW2XKdCftVhHqPMwJMjzENquVmtQklYrg5/GgX8Zv4GmI+B1M2mYiHnw55MfL///ePy9f0OAMNq7ziFNiZ2keJ4TbiPAkpCll9oEkT1GfCgxVzRhgBGCWghOUCWgGld+p/c7U70z9UtgJYC5CAglYCm7QPXJSRGJnIFhC4k7BYKVOEVLCaYptr7p/b4Yik4HX/w8sF34+m/T9YjAxYHYEjau4DLs8+rtcvo7V6x08wbxMSdAtVmwUWc60w1YOu3a8vp1PPlYfj8pAMpkpYGGt5amjyPddWYpcV3HV09TabW8ftrTO97WuIr+sXO039WTX1fO87s9kxVVP01Zvr56nOl5X6yrq7agjoFEIzG4F7I+O+/7ppTXk8ktWc3jmb7abFiYhjVRDUCuk2YM1TlKpx5HFMKc5CzG3F78Bz0LDdTkCAAA=[0m[INFO] Using 'UTF-8' encoding to copy filtered resources.
[8mha:AAABSR+LCAAAAAAAAACFj8FKxDAQhsdqtXjUmyIURL21Vasoe9LuVoS6HhYEKR5it9ZKN+kmqVQEn8eDvoxv4GkR8R1MmmZFPDg55GPy/zN/Xr7AZBQ2b6shI9gpiyrLMXMQZnlCCkKdI0GBpD7hKaiaMcCIwGoEZ6jksBUpv9v63anfnfqFsBPB3BBxxGEpukP3yC0QztwBpznOOjWFlTZFQjAjReoE6v69GepSBN74P7BY+PlskffLwcSA2RjM66wJuxz/XS5eb+TrGJ5gXqTEaJRKNuqyotrhSIfTOl7fLiYfa48nTSCRzOKwsO4H8kgKQ0+UJM+TrHqa/P2DnWNf68JQ6xSFTVVyv6Une56eF3R/JktWPU3bvcN2nuwEXa1T1NuTh4NZ85SOOKzGp/3w/MoOSPkgPmXv2jRlpKJJyha/AWKwgQgaAgAA[0m[INFO] Copying 3 resources
[8mha:AAABYB+LCAAAAAAAAACFj0FLwzAUx5/VafGoN0EoiO5kW2XKdCftVhHqPMwJMjzENquVmtQklYrg5/GgX8Zv4GmI+B1M2mYiHnw55MfL///ePy9f0OAMNq7ziFNiZ2keJ4TbiPAkpCll9oEkT1GfCgxVzRhgBGCWghOUCWgGld+p/c7U70z9UtgJYC5CAglYCm7QPXJSRGJnIFhC4k7BYKVOEVLCaYptr7p/b4Yik4HX/w8sF34+m/T9YjAxYHYEjau4DLs8+rtcvo7V6x08wbxMSdAtVmwUWc60w1YOu3a8vp1PPlYfj8pAMpkpYGGt5amjyPddWYpcV3HV09TabW8ftrTO97WuIr+sXO039WTX1fO87s9kxVVP01Zvr56nOl5X6yrq7agjoFEIzG4F7I+O+/7ppTXk8ktWc3jmb7abFiYhjVRDUCuk2YM1TlKpx5HFMKc5CzG3F78Bz0LDdTkCAAA=[0m[INFO] Using 'UTF-8' encoding to copy filtered resources.
[8mha:AAABSR+LCAAAAAAAAACFj8FKxDAQhsdqtXjUmyIURL21Vaq47Em7WxHqelgQpHiI3Vor3aSbpFIRfB4P+jK+gadFxHcwaZoV8eDkkI/J/8/8efkCk1HYvq1GjGCnLKosx8xBmOUJKQh1jgQFkgaEp6BqzgAjAqsRnKGSw06k/G7rd2d+d+YXwm4ECyPEEYeV6A7dI7dAOHOHnOY469YU1toUCcGMFKkTqPv3ZqhLEXjr/8Bi4eezRd4vh1MD5mMwr7Mm7Gr8d7l4vZGvE3iCRZESo3Eq2ajLimqHIx1O63h9u5h+bDyeNIFEMovD0qYfyCMpDD1RkjxPsupp8g8O9459rQtDrVMUNlXJ/Zae7Hl6XtD7mSxZ9TTt9jvtPNkJelqnqL8vDwez5ikdc1iPTwfh+ZUdkPJBfMru2DRlpKJJypa/AQNYtuIaAgAA[0m[INFO] Copying 9 resources
[8mha:AAABTx+LCAAAAAAAAACFj81KxDAUha/VanGpO0EoiD+rtCNVlFlpZypCHRcDghQXsVNrpZN00lQqgs/jQl/GN3A1iPgOJk0zIi68WeTj5px7T16+wCwZbN1Wo5ISVORVmpESYVJmMc0pQ0eCfEkDyhNQNWeAEYLVCM5wwWE7VH6n9TszvzPzC2E3hIUR5pjDSniH77GTY5I6Q84yknZrBmttipiSkuYJ8tX9ezPUhQi8+X9gsfDz2aLvl8OpAfMRmNdpE3Y1+rtcvN7I1wk8waJISfA4kWzURcW0A0kHah2vbxfTj/XHkyaQSGZxWNrwfHkkBYErSpLrSlY9Td7+we6xp3VBoHWKgqYqud/Sk11Xz/N7P5Mlq56mTv+wnSc7fk/rFPX35OFg1jxhYw470ekgOL+y28unxYP4m92xWVLSisWJzamNkLP8DSA3rr4nAgAA[0m[INFO] [INFO] Copying 1 resource to ../
[8mha:AAABMR+LCAAAAAAAAACFjrFOwzAQhq+BQMQIGxITAjY7oIBAnSBtWAJLJSTUybQhBKV2cJwqEhLPw9C+DG/AVCHEO+CL4yLEwN3gT+f/v/tnX+CWEvYfqnEpOCnyKs14SRgvs5HIhSTnmkKka6ESMNVxwInBawRXrFBwEBs/bf106adLvxZ2Y1gdM8UUbMaPbMpoznhKB0pmPO3WErbbFCPBS5EnJDTv78tQFzrw3v+B9cHPV0+83w4WDqwMwb1Lm7Bbw7/H9e89/j7BC6zplJxNEmSnLippHQQdpHXM324WHzvPl00gncxTsL4bhNhIUeTrQvJ9ZDOzFJycHl0EVhdFVmcoaqrC+57d7Pt2X9j72YxsZpYO+2ftPpyEPasz1D/GVuDWKpETBZ2Nbxim58gAAgAA[0m
[8mha:AAAB4h+LCAAAAAAAAACFUduK00AYHqvV4qXeuQgB8UTJoTV1Y5cFm2kTuhvbLNVgN3gxTdM0MSeTSUgVfB4v9GV8g71aRHwHZ5rMinjhPxfz8c93gvn6C7TzDDzaFus8iYU0LDw/zgUU576ThEkmjAiCFM0S7IJ6rrVAywCdPeEVSjF4bNR6sdGLV3rxSk+IRwa4sUYYYXDHCFCJxBDFnrjAmR97R1UG7jUtnCTOk9AVYH3/nQyqlBR++P/CJPDnl05ysVxctsB1G7RX3r7sXfvfcPK6oa8fwGdwk7SMUeRS3KrSImMKgSqERvHtu3X54/4nfV+INOtgcOuBDOmhSNMkMhRJEsX1jiH5udJXZcbTNMarkbafguZ3mLMkMT84/uNMcb1jqDd50fjRDRwzXo0mA3owaFfYzSIMLuzpTJu/4w5sJdqi4YjMUu0acMRGXSkDpOKVPz1bRMHs9I1sSt3yxJjIRc8rzcCtjLFlfqzWE70so/Pu28PBufveCOfWpnwdOIpmnnhI9/2pfop8fWDuFLncOda4F8NRb7EjAQGEmnoGrf7hPFjuM4+PD2wp4nmei1DpxryTRKkfuhlf//WwLzwT+sNmyz1ZuxtUhJjRnnIvudxFmbPliMXt3ybVCs7gAgAA[0m[INFO] [8mha:AAAAYB+LCAAAAAAAAABb85aBtbiIQSmjNKU4P0+vJLE4u1gvPjexLDVPzxdEGvvmZ+X75ZekLlOVfvTjc8FPJgaGiiIGKaiG5Py84vycVD1nCA1SyAABjCCFBQCV27OjYAAAAA==[0m--- maven-compiler-plugin:2.3.2:compile (default-compile) @ search ---
[8mha:AAABiB+LCAAAAAAAAACFkUFLwzAUx5/TafGoN0EIiHqyqXOKspN2qwhzHjYFGR6yLuu6dUlN0jkQ/Dwe9Mv4DTwNEb+DSbtOxIMvh/x4+f/f+5e+fEFRCtjpJ13JmR1HSRAyaRMmQ59HXNinmlxDDa4oZLVQgEIdrFRwSWIFu/XMj2d+PPfjuV8LK3VY6hJFFKzVB2RMcERYgJtKhCyoTARszFL4nEkeUdvN7t+bYRLrwNv/B9YLP58t/n7bnBZgsQ3FTpCGXW//Xa5fe+b1Hp5gWadkZEQNFyZxInKHbRz2zPH6djP92Hw8TwPpZJaCla2ya44hz3N0GXIcw1kvp/LRcemsnOs8L9dl5KWVmP1WPtlx8nlu9Wey4ayX037tZDbPdNxqrsuodmiOguJEUTFSELcvGt7VHXL5KA4j/VmodIAkT4RPUS+MqESKIzwmAkdhBw8oG5qfO+AdiVtNSoTfR3vomoUKtahUEj9wMZQx8SmWVIxDfSsiAqqwHxEpqVz9BtKkvTdvAgAA[0m[INFO] Compiling 23 source files to /var/lib/jenkins/jobs/TSearch - Unit Tests/workspace/service/target/classes
[8mha:AAABOR+LCAAAAAAAAACFjsFKxDAQhsdqtXjUmyAIot7SKlWUPbndrQh1PSwIUjzE3Vor3aSmqRQEn8eDvoxv4GkR8R3MNM2KeHDmkI/J/8/8L19glwK2b6txyRkp8irNWEkoK7MRz7kgx4oCpAGXCeias8CKwGkEZ7SQsBNpv9v63ZnfnfmVsBPBwphKKmEluqMP1M0pS92hFBlLO7WAtTbFiLOS5wkJ9Pv7MtSFCrz1f2B18PPZ4e+Xw6kF8zHY12kTdjX+e1z93uDvPTzBokrJ6CRBtuqiEsZB0EFax+vbxfRj/fGkCaSSORKWNv0AGykMPVVInoesZ4b8g8O9rm90YWh0msKmKrzvmM2eZ/YFvZ/NyHpmaLd/1O7DSdAzOk39fWwJdi0TMZHgxKeD8PxqY/kbaqkK+wcCAAA=[0m[INFO] 
[8mha:AAAB5R+LCAAAAAAAAACFkd+K00AUxsdqtXipdy5CQPxHaf4sqRu7LNikTehubLNUg92yF9N0Np2YZGIyCamCz+OFvozgA3i1iPgOziTNinjhmYv5ceZ85/tgPv8C7SwFjzb5OiOxmIS5j+NMhHGGPRKSVBwyMjhNCUWgrmst0LJBpxp4CRMKHtu1XtrppSu9dKVng4c2uLGGFFJwxw5gAaUQxr40pymO/cMyBfd2KTwSZyREolHffzuDMmGBH/4/MDP8+alDvi/mly1wfQnaK78Ke3f5rzl7veCv78BHcJOljGGEOLfKJE8bhcgV4k7x5at7+eP+B6sKxJJ1KLj1QDX44WSaMitOssy57jWkPtP2dbWZM81mriazqpz7d5rNstzsM0Z/NnOuew0p4+e7fbxjjJq5msZ9fiholxSlEQXflpOpOTsX9pZatIGDIauF3rWNYVP6SutDna7w5HQeBdOT16ojd4tje6zmil84ASrtkeu8L9djqyiis+6bg/4ZemuHM/eieBV4mukc+9DCeGKdQGz1na2mFlvPHSmxMVTmW2YQGIapnxru/sEsWFSeR0d7Sznq9XqCH8ECxb36jweKqA48EiU4RMKTVY7DtZUSUmCUPRVeCBmCqbcRmOz2b0B37vrUAgAA[0m[INFO] [8mha:AAAAYB+LCAAAAAAAAABb85aBtbiIQSmjNKU4P0+vJLE4u1gvPjexLDVPzxdEGvvmZ+X75ZekLlOVfvTjc8FPJgaGiiIGKaiG5Py84vycVD1nCA1SyAABjCCFBQCV27OjYAAAAA==[0m--- gmaven-plugin:1.4:compile (buildGroovies) @ search ---
[8mha:AAABOR+LCAAAAAAAAACFjsFKxDAQhsdqtXjUmyAIot7SKlWUPbndrQh1PSwIUjzE3Vor3aSmqRQEn8eDvoxv4GkR8R3MNM2KeHDmkI/J/8/8L19glwK2b6txyRkp8irNWEkoK7MRz7kgx4oCpAGXCeias8CKwGkEZ7SQsBNpv9v63ZnfnfmVsBPBwphKKmEluqMP1M0pS92hFBlLO7WAtTbFiLOS5wkJ9Pv7MtSFCrz1f2B18PPZ4e+Xw6kF8zHY12kTdjX+e1z93uDvPTzBokrJ6CRBtuqiEsZB0EFax+vbxfRj/fGkCaSSORKWNv0AGykMPVVInoesZ4b8g8O9rm90YWh0msKmKrzvmM2eZ/YFvZ/NyHpmaLd/1O7DSdAzOk39fWwJdi0TMZHgxKeD8PxqY/kbaqkK+wcCAAA=[0m[INFO] 
[8mha:AAAB5x+LCAAAAAAAAACFkc1u00AUhYdAaMQSdlRIlqpSUBT/VA51U1UinsRWWpO4BCxSi8XEmTg2/kntseWAxPOwgJdhw5pVhRDvwIwdFyEW3Fn405177jkjf/4FmmkCHq+yRRpH/DrIXC9KeRSlnhMHccL3KUFG45hgUNWtBmgYoFUOvEBrAg6MSi9s9cKNXrjR08ETA9xZIIIIuG/4KEdCgCJXmJLEi9yTIgEPtymcOErjAPOw+v7tDIo1Dbz//8DU8OenVvx9Nr1ugNs2aM7dMuwD+19zertkt1fgI7hLU0YoxIwbxTpLagXPFPxW8eWrdf3j0Qe9DESTtQjY2ZMhO4w0TaTFSBQZV72a5GfKoSrXc5pWz1WklZUx/1a9WRTrfXDwZzPjqleTNDze7mMdOKjnKhp22SGgWRCchAR8s0djbfKW27WVcIV6fVoztW3Afl3qXOkilcy90cU09Mfnr2VTbOdnxlDOJDc3fVwYA8t8XyyGep6Hl+03R91L/M4IJtYyf+U7imaeuUj3vJF+jjy9a24UOd841kCKYF+abqiBD6GmXkDr8Gjiz0rP09NdWww7nQ7nhijHUaf6xz2Jl3u4wE5GMPdk6QX0CS9xGmeJg9On3HMuxShxVhwV3vsNLfAUdtYCAAA=[0m[INFO] [8mha:AAAAYB+LCAAAAAAAAABb85aBtbiIQSmjNKU4P0+vJLE4u1gvPjexLDVPzxdEGvvmZ+X75ZekLlOVfvTjc8FPJgaGiiIGKaiG5Py84vycVD1nCA1SyAABjCCFBQCV27OjYAAAAA==[0m--- gmaven-plugin:1.4:execute (filterResources) @ search ---
[8mha:AAABTx+LCAAAAAAAAACFjsFKw0AQhsdoNHjUmyAERb0lsUZRetK0KUKsh4IgwcPaxhhJd+PupkQEn8eDvoxv4KmI+A7uZrMV8eDMYT9m/3/mf/kCk1HYvi1HjGCnyMs0w8xBmGVDkhPqHAsKJPUJT0DVnAFGBFYtOEMFh51I+d3G78787swvhO0IFkaIIw4r0R2aIDdHOHUHnGY4bVcU1poUQ4IZyRMnUO/vy1AVIvDW/4HFwc9ni7xfDqYGzMdgXqd12NX473HxeyN/7+EJFkVKjMaJZKMqSqodjnQ4jeP17WL6sf7YqwOJZBaHpU0/kC0pDD1RkjxPsppp8g8OWye+1oWh1ikK6yrlfUtv9jy9L+j8bJasZpp2u0fNPjkJOlqnqLsvm4NZ8YSOOWzEp/3w/MoOyLjI8mRkt/bsHiVk8mAPc8RYwpa/ATov5tUhAgAA[0m[INFO] Compiled 23 Groovy classes
[8mha:AAABOR+LCAAAAAAAAACFjsFKxDAQhsdqtXjUmyAIot7SKlWUPbndrQh1PSwIUjzE3Vor3aSmqRQEn8eDvoxv4GkR8R3MNM2KeHDmkI/J/8/8L19glwK2b6txyRkp8irNWEkoK7MRz7kgx4oCpAGXCeias8CKwGkEZ7SQsBNpv9v63ZnfnfmVsBPBwphKKmEluqMP1M0pS92hFBlLO7WAtTbFiLOS5wkJ9Pv7MtSFCrz1f2B18PPZ4e+Xw6kF8zHY12kTdjX+e1z93uDvPTzBokrJ6CRBtuqiEsZB0EFax+vbxfRj/fGkCaSSORKWNv0AGykMPVVInoesZ4b8g8O9rm90YWh0msKmKrzvmM2eZ/YFvZ/NyHpmaLd/1O7DSdAzOk39fWwJdi0TMZHgxKeD8PxqY/kbaqkK+wcCAAA=[0m[INFO] 
[8mha:AAAB7B+LCAAAAAAAAACFkd+Ok0AUxsdqtfFS79yYkBj/pSl/NtTFbjax0EK6iy0bVmKXeDHQWQrCUGEgVBOfxwt9GV/AeLUxxndwBsoa44VnLuaXM+c735fM51+gm2fg0bpY5SnmN3ERhDjnIc5DP43TjB9T0hjNU4JAU9c6oGOCXj3wEm4IeGw2emGnF670wpWeDh6a4MYKEkjAHTOCJRRiiAPBJlmIg8MqA/d2KfwU52mMeK25/3YG1YYGfvj/wNTw56de+n1pX3bAdRd0vaAOe9f915y+XrDXd+AjuElTYpggxp1qU2StgmcKfqf48tW5/HH/g1EHosl6BNx6IGvsMNJ1kRYjUWTc9FqSnyn7qtzO6Xo715BeV8H8e+1mUWz3aZM/mxk3vZak6fPdPtbRJu1cQ9MhOwR0K4KyhIBv7myuL95we66SrOFoTGup9k1t3JbqKUOoEi+cndpJND95JVtivzw2p3IhBaUVocqcONb7ajU1yjI5778+GJ6jt2a8cC7Ks8hXdOs4gEYYzowTGBpDa6vI5dZ3JhLWxpK9pQaRpunqqebsHyyiZe15dLTnislgMOCCBJYID5o/Hkm8PAoQRhkk6AzlxCaFl3NPvCKMV0aWpmWI8qfcCy5HMPPXHF1w+zfWq68m3gIAAA==[0m[INFO] [8mha:AAAAYB+LCAAAAAAAAABb85aBtbiIQSmjNKU4P0+vJLE4u1gvPjexLDVPzxdEGvvmZ+X75ZekLlOVfvTjc8FPJgaGiiIGKaiG5Py84vycVD1nCA1SyAABjCCFBQCV27OjYAAAAA==[0m--- gmaven-plugin:1.4:generateTestStubs (buildGroovies) @ search ---
[8mha:AAABOR+LCAAAAAAAAACFjsFKxDAQhsdqtXjUmyAIot7SKlWUPbndrQh1PSwIUjzE3Vor3aSmqRQEn8eDvoxv4GkR8R3MNM2KeHDmkI/J/8/8L19glwK2b6txyRkp8irNWEkoK7MRz7kgx4oCpAGXCeias8CKwGkEZ7SQsBNpv9v63ZnfnfmVsBPBwphKKmEluqMP1M0pS92hFBlLO7WAtTbFiLOS5wkJ9Pv7MtSFCrz1f2B18PPZ4e+Xw6kF8zHY12kTdjX+e1z93uDvPTzBokrJ6CRBtuqiEsZB0EFax+vbxfRj/fGkCaSSORKWNv0AGykMPVVInoesZ4b8g8O9rm90YWh0msKmKrzvmM2eZ/YFvZ/NyHpmaLd/1O7DSdAzOk39fWwJdi0TMZHgxKeD8PxqY/kbaqkK+wcCAAA=[0m[INFO] 
[8mha:AAAB6h+LCAAAAAAAAACFkctu00AUhodAIGIJOyokS6hcFPmSyGlNqkrETmylNYlLwCK1WEyciWPXl2CPLQcknocFvAxvwKpCwDswY2eKKhacWfjTOec//y/5y2/QzFLweJ0vsyQWNmHu+XEmwDjz3SRMUmFASKM0STACdd1ogIYJWtXCS7jB4IlZ68WdXrzSi1d6snhkgltLiCEG98wAFlAMYeyJM5z6sXdUpuDBLoWbxFkSIkGrv9edQbkhgff/H5gY/vzcSr7PZ5cNcNMBzYVXhb3v/GtOpis6fQ8+gdskZQwjRLlRbvKUKQSqEHaKr9/syx8PPxpVIJKshcGdR7JGHyVdl0hRkiTKdY+RfKB0VZnt6Trbq0mvKqf+LXZZktg9bfj3MuW6x6gzer67RzvakO3VNOrRh0GzxCiNMPjljCf69B235yjRGvYHpOZq29QGrNSF0oMqXvjjs1kUTE7fyJbULk7MkZx3vMIKUGkObetDuRwZRRGdt98e9s7RhRlO7VXxOnAV3TrxoOH7Y+MU+kbP2ipysXXtYSfWBp3ZlhgEmqarZ5rdPZwG88rz+HjPkSKe57kIFijmU5QleeqijK9/dr8rHPQxyvArNuCeLtEK5iHmr7WfcS+4DMHUXXPk2t0/tPG+XusCAAA=[0m[INFO] [8mha:AAAAYB+LCAAAAAAAAABb85aBtbiIQSmjNKU4P0+vJLE4u1gvPjexLDVPzxdEGvvmZ+X75ZekLlOVfvTjc8FPJgaGiiIGKaiG5Py84vycVD1nCA1SyAABjCCFBQCV27OjYAAAAA==[0m--- maven-resources-plugin:2.6:testResources (default-testResources) @ search ---
[8mha:AAABOR+LCAAAAAAAAACFjsFKxDAQhsdqtXjUmyAIot7SKlWUPbndrQh1PSwIUjzE3Vor3aSmqRQEn8eDvoxv4GkR8R3MNM2KeHDmkI/J/8/8L19glwK2b6txyRkp8irNWEkoK7MRz7kgx4oCpAGXCeias8CKwGkEZ7SQsBNpv9v63ZnfnfmVsBPBwphKKmEluqMP1M0pS92hFBlLO7WAtTbFiLOS5wkJ9Pv7MtSFCrz1f2B18PPZ4e+Xw6kF8zHY12kTdjX+e1z93uDvPTzBokrJ6CRBtuqiEsZB0EFax+vbxfRj/fGkCaSSORKWNv0AGykMPVVInoesZ4b8g8O9rm90YWh0msKmKrzvmM2eZ/YFvZ/NyHpmaLd/1O7DSdAzOk39fWwJdi0TMZHgxKeD8PxqY/kbaqkK+wcCAAA=[0m[INFO] 
[8mha:AAAB6x+LCAAAAAAAAACFkctu00AUhodAIGIJOyokS6hcFPmS4FCTqhLxJLbSmiRVwCK1upg4E8eub9hjywGJ52EBL8MbsKoqxDswY8cFxIIzC3865/zn/yV/+QmaaQIeb7JVGoVC7GeOG6YCClPXjvwoEQaUIKNJRDCo6kYDNAzQKhdeo5iAJ0alF3d68VovXuvp4qEBbq0QQQTcMzyUI9FHoSPOSeKGzmGRgAe7FHYUppGPBVh9/3YGRUwD7/8/MDX88bkVfV/MLxvgpgWaS6cMe9/615xO12z6HnwCt2nKEAWYcaOIs6RWCEwh7BRfv5mXVw8/6mUgmqxFwJ1HMmSPkaZJtBhJEuOqV5P8Qumqcr2nafVeRVpZGfNv1Zclqb4Hh78vM656NXVGL3f3WAcO672KRj32CGgWBCcBAVfWeKJNz7k9Swk2qD+gtVDbBhzUpS6VHlLJ0h2fzgNvcvJWnknt/NgYyVnHyWceLoyhOftQrEZ6ngdn7XcHvTN8YfhTc52/8WxFmx07SHfdsX6CXL032ypyvrXNYSeEg858Sw08CDX1FJrdg6m3KD2PjvYsKeB5ngtQjkPejoLY9XHCV/+63xWeC90+wSmB1YR7usJrlPmE/6P5jHvFpRgl9oajp+7+An8RNufoAgAA[0m[INFO] [8mha:AAAAYB+LCAAAAAAAAABb85aBtbiIQSmjNKU4P0+vJLE4u1gvPjexLDVPzxdEGvvmZ+X75ZekLlOVfvTjc8FPJgaGiiIGKaiG5Py84vycVD1nCA1SyAABjCCFBQCV27OjYAAAAA==[0m--- maven-compiler-plugin:2.3.2:testCompile (default-testCompile) @ search ---
[8mha:AAABOR+LCAAAAAAAAACFjsFKxDAQhsdqtXjUmyAIot7SKlWUPbndrQh1PSwIUjzE3Vor3aSmqRQEn8eDvoxv4GkR8R3MNM2KeHDmkI/J/8/8L19glwK2b6txyRkp8irNWEkoK7MRz7kgx4oCpAGXCeias8CKwGkEZ7SQsBNpv9v63ZnfnfmVsBPBwphKKmEluqMP1M0pS92hFBlLO7WAtTbFiLOS5wkJ9Pv7MtSFCrz1f2B18PPZ4e+Xw6kF8zHY12kTdjX+e1z93uDvPTzBokrJ6CRBtuqiEsZB0EFax+vbxfRj/fGkCaSSORKWNv0AGykMPVVInoesZ4b8g8O9rm90YWh0msKmKrzvmM2eZ/YFvZ/NyHpmaLd/1O7DSdAzOk39fWwJdi0TMZHgxKeD8PxqY/kbaqkK+wcCAAA=[0m[INFO] 
[8mha:AAAB5x+LCAAAAAAAAACFkU2L00AYx8dqtXjUm4sQEN8ozcuSurHLgs20Cd2NbZZqsFv2ME1n04l5M5mEVMHP40G/jDePnhYRv4MzSbMiHnzmMD+eef7P/w/z+RdoZyl4tMnXWRyJSZB7JMpEFGXEjYM4FYeMIKdpTDGo61oLtCzQqQZeooSCx1atl3Z66UovXenZ4KEFbqwRRRTcsXxUIClAkSfNaUoi77BMwb1dCjeOsjjAIqzvv51BmbDAD/8fmBn+/NSJvy/mly1wfQnaK68Ke3f5rzl7veCv78BHcJOljFCIObfKJE8bhcgV4k7x5atz+eP+B7MKxJJ1KLj1QIX8cDIMmRUnWeZc9xpSn2n7utrMGUYzV5NRVc79O81mWW72wdGfzZzrXkPK+PluH+/AUTNX07jPDwXtkuI0pODbcjI1ZufC3lILN2gwZLXQuxYcNqWvtD7S6YpMTuehPz15rdpytzi2xmqueIXt49IaOfb7cj02iyI867456J/ht1Ywcy6KV76rGfaxh0xCJuYJImbf3mpqsXWdkRLBoTLfMgMfQkM/hc7+wcxfVJ5HR3tLOez1eoIXogJHvfqPB4qoDijOKIzDhARYeLLKSbA20zguCM6eCi+EDKPU3QhMevs3ZTG7ctgCAAA=[0m[INFO] [8mha:AAAAYB+LCAAAAAAAAABb85aBtbiIQSmjNKU4P0+vJLE4u1gvPjexLDVPzxdEGvvmZ+X75ZekLlOVfvTjc8FPJgaGiiIGKaiG5Py84vycVD1nCA1SyAABjCCFBQCV27OjYAAAAA==[0m--- gmaven-plugin:1.4:testCompile (buildGroovies) @ search ---
[8mha:AAABOR+LCAAAAAAAAACFjsFKxDAQhsdqtXjUmyAIot7SKlWUPbndrQh1PSwIUjzE3Vor3aSmqRQEn8eDvoxv4GkR8R3MNM2KeHDmkI/J/8/8L19glwK2b6txyRkp8irNWEkoK7MRz7kgx4oCpAGXCeias8CKwGkEZ7SQsBNpv9v63ZnfnfmVsBPBwphKKmEluqMP1M0pS92hFBlLO7WAtTbFiLOS5wkJ9Pv7MtSFCrz1f2B18PPZ4e+Xw6kF8zHY12kTdjX+e1z93uDvPTzBokrJ6CRBtuqiEsZB0EFax+vbxfRj/fGkCaSSORKWNv0AGykMPVVInoesZ4b8g8O9rm90YWh0msKmKrzvmM2eZ/YFvZ/NyHpmaLd/1O7DSdAzOk39fWwJdi0TMZHgxKeD8PxqY/kbaqkK+wcCAAA=[0m[INFO] 
[8mha:AAAB5h+LCAAAAAAAAACFkU2L00AYx8dqtXjUm4sQEN8oeSupG7ss2Eyb0N3YZqkGu2EP03SaJualJpOQKvh5POiX8ejN0yLid3AmaVbEg88c8ptnnv/z/0M+/wLtLAWPNvkqS2JhG+aeH2cCijPfTcIkFYaUIKNpQjCo61oLtEzQqQZeoi0Bj81aL+714pVevNLTwSMT3Fghggi4YwaoQGKIYk+ck9SPvaMyBff2KdwkzpIQC7D+/u0Myi0N/PD/ganhz0+d5PtiftkC1x3QXnpV2LvOv+b0dc1e34GP4CZNGaMIM26V2zxtFAJTCHvFl6/25Y/7H4wqEE3WIeDWAwWyw0jXJVqMJIlx3WtIeab2NKWZ0/Vmria9qpz5d5rNktTsg6M/mxnXvYbk8fP9PtaBo2aupnGfHQLaJcFpRMA3ZzLVZxfcgaNGGzQY0lpoXRMOm9KWah9pZOlPzuZRMD19rVhStzgxx0oue4UV4NIc2db7cjU2iiI677457J/jt2Y4s9fFq8BVdevEQ4bvT4xT5Bt9a6cqxc61R3IMh/J8Rw0CCHXtDNq9w1mwqDyPjw8cKeJ5notQgWM+y1O89lPM1/960BNkaUBwRrgnK7xGeUh4dnvKveAyjFJ3w1Ht7d8mUkaL2QIAAA==[0m[INFO] [8mha:AAAAYB+LCAAAAAAAAABb85aBtbiIQSmjNKU4P0+vJLE4u1gvPjexLDVPzxdEGvvmZ+X75ZekLlOVfvTjc8FPJgaGiiIGKaiG5Py84vycVD1nCA1SyAABjCCFBQCV27OjYAAAAA==[0m--- maven-surefire-plugin:2.10:test (default-test) @ search ---
[8mha:AAABSx+LCAAAAAAAAACFj0FLwzAUx5/VavGoN0EpiHprq0yZ7KTdOpQ6DwNBhodsjXXSJV2SSkHw83jQL+M38DRE/A4mTTMRD74c8uPl/3/vn5cvsDmD3bsi4ZR4eVakY8I9RPh4RDPKvBNJoaIeFRh0LVhgxeBUgguUC9iLtd+v/f7c78/9UtiKYSlBAglYi+/RA/IzRFK/L9iYpK2SwUadYkQJpxn2Qn3/3gxlLgPv/B9YLvx8duj7dX9mweIA7GFahV0f/F0uX2/V6xSeYFmmJGiCFVtlXjDj8JTDqx2vb1ezj83HbhVIJnMErGw3QnUURVEgS1EQKNY9Q42j5sFpw+iiyOg0RVUVar9jJgeBmRe2fyYr1j1D+53jep7qhG2j09Q5VEeAXQrMJgK2Bme96PLG7WKCGRI4cZvuufypy0Ux5Kvfqhb7rh0CAAA=[0m[INFO] Generated 8 Java stubs
[8mha:AAABYB+LCAAAAAAAAACFj0FLwzAUx5/VafGoN0EoiO5kW2XKdCftVhHqPMwJMjzENquVmtQklYrg5/GgX8Zv4GmI+B1M2mYiHnw55MfL///ePy9f0OAMNq7ziFNiZ2keJ4TbiPAkpCll9oEkT1GfCgxVzRhgBGCWghOUCWgGld+p/c7U70z9UtgJYC5CAglYCm7QPXJSRGJnIFhC4k7BYKVOEVLCaYptr7p/b4Yik4HX/w8sF34+m/T9YjAxYHYEjau4DLs8+rtcvo7V6x08wbxMSdAtVmwUWc60w1YOu3a8vp1PPlYfj8pAMpkpYGGt5amjyPddWYpcV3HV09TabW8ftrTO97WuIr+sXO039WTX1fO87s9kxVVP01Zvr56nOl5X6yrq7agjoFEIzG4F7I+O+/7ppTXk8ktWc3jmb7abFiYhjVRDUCuk2YM1TlKpx5HFMKc5CzG3F78Bz0LDdTkCAAA=[0m[INFO] Using 'UTF-8' encoding to copy filtered resources.
[8mha:AAABSR+LCAAAAAAAAACFj8FKxDAQhsdqtXjUmyIURL21dami7Em7WxHqelgQpHiI3Vor3aSbpFIRfB4P+jK+gadFxHcwaZoV8eDkkI/J/8/8efkCk1HYvq1GjGCnLKosx8xBmOUJKQh1jgQFkgaEp6BqzgAjAqsRnKGSw06k/G7rd2d+d+YXwm4ECyPEEYeV6A7dI7dAOHOHnOY469YU1toUCcGMFKkTqPv3ZqhLEXjr/8Bi4eezRd4vh1MD5mMwr7Mm7Gr8d7l4vZGvE3iCRZESo3Eq2ajLimqHIx1O63h9u5h+bDyeNIFEMovD0qYfyCMpDD1RkjxPsupp8vcPOse+1oWh1ikKm6rkfktP9jw9L+j9TJasepp2+4ftPNkJelqnqL8nDwez5ikdc1iPTwfh+ZUdkPJBfMru2DRlpKJJypa/AQ38JJMaAgAA[0m[INFO] Copying 2 resources
[8mha:AAABih+LCAAAAAAAAACFkcFKAzEQhsdqtXjUmyAERD11s0qVSk+67Yqw1kOrIMVDuk23226TNcnWguDzeNCX8Q08FRHfwaS7WxEPTg75mJl/5g95+YKiFLA3SHqSMyuOkiBk0iJMhj6PuLBONTmGmlxRSGOpAAUPSvOGSxIr2PdSPc70eKHHC71urHmw0iOKKNjwhmRCcERYgFtKhCyoTQVsZS58ziSPqOWk9+/NMI214d3/DeuFn88l/n7bmhVguQPFbjA3u9n5u1xX+6Z6D0+wql0yMqaGC9M4EbnCMgorU7y+3cw+th/P54a0s5KCtZ2KY44h17V1GLJtw2kup8px9fCskve5bt6XkjuPxOwv5ZNtO5/n1H8mG05zOR00TrJ5JuPU876UGkfmKChOFRVjBapz0XSv7pDDx3EY6WehKpI8ET5F/TCiEimO8IQIHIVdPKRsZP52yLsSt1uUCH+AyuiahQq1qVQSP3AxkjHxKZZUTEJ9KyICqrDS5bIfESmpXP8G+hVVFXMCAAA=[0m[INFO] Compiling 8 source files to /var/lib/jenkins/jobs/TSearch - Unit Tests/workspace/service/target/test-classes
[8mha:AAABTh+LCAAAAAAAAACFjsFKw0AQhsdoNHjUmyAERb0lqUSx9KRpU4RYDwVBgoe1jTGS7sbdTYkIPo8HfRnfwFMR8R3czWYr4sGZw37M/v/M//IFJqOwe1uOGcFOkZdphpmDMMtGJCfUORYUSBoQnoCqBQOMCKxacIYKDnuR8ruN35373blfCDsRLI0RRxzWojs0RW6OcOoOOc1w2qkobDQpRgQzkidOoN7fl6EqROCd/wOLg5/PFnm/HM4MWIzBvE7rsOvx3+Pi90b+3sMTLIuUGE0SyUZVlFQ7HOlwGsfr28XsY/OxXwcSySwOK9t+IFtSGHqiJHmeZDXT5B8e7Z/4WheGWqcorKuU9y292fP0vqD7s1mymmlq9drNPjkJulqnqHcgm4NZ8YROOGzFp4Pw/MoOyKTI8mRst9p2nxIyfbBHOWIsYavfAS1MDSECAAA=[0m[INFO] Compiled 19 Groovy classes
[8mha:AAABhx+LCAAAAAAAAACFkc1KAzEUha/VanGpO0EYEHXVyShV1K502hGh1sVUQYqLdJpOp50mY5JpK4LP40JfxjdwVUR8B5P5qYgLbxb5uLnn3AN5+YKi4LDTj7uCUTMKYz+gwsRUBB4LGTdPFdmamkwSSGuhAIUGlJKBSxxJ2G2kepTp0VyP5no1WG3AUhdLLGGtMcBjjEJMfeRKHlC/OuWwkaXwGBUsJKad3r83wzRSgbf/D6wWfj6X2PutOyvAYhuKHT8Ju97+u1y99vTrPTzBskpJ8YhoLkyjmOcKUyvMTPH6djP72Hw8TwKpZCUJK1sVWx9NjmOp0mRZmtNeTpXDo/2zSj7nOPlcSk5Ssd5fyp0tK/ezaz/OmtNeTnv148xPd+xaPpdS/UAfCcWpJHwkYdK+aDpXd4Ybc9ILODE4iRiXRlexJxl/ODHQGHMUBh00IHSov3bAOgK1XIK51zfKxjUNpNEiQgo0YXwoIuwRJAgfB+qWmPtEIpHZl1N7sfoNqEMjaXYCAAA=[0m[INFO] Surefire report directory: /var/lib/jenkins/jobs/TSearch - Unit Tests/workspace/service/target/surefire-reports
[8mha:AAABMR+LCAAAAAAAAACFjrFOwzAQhq+BQMQIGxITAjY7oIBAnSBtWAJLJSTUybQhBKV2cJwqEhLPw9C+DG/AVCHEO+CL4yLEwN3gT+f/v/tnX+CWEvYfqnEpOCnyKs14SRgvs5HIhSTnmkKka6ESMNVxwInBawRXrFBwEBs/bf106adLvxZ2Y1gdM8UUbMaPbMpoznhKB0pmPO3WErbbFCPBS5EnJDTv78tQFzrw3v+B9cHPV0+83w4WDqwMwb1Lm7Bbw7/H9e89/j7BC6zplJxNEmSnLippHQQdpHXM324WHzvPl00gncxTsL4bhNhIUeTrQvJ9ZDOzFJycHl0EVhdFVmcoaqrC+57d7Pt2X9j72YxsZpYO+2ftPpyEPasz1D/GVuDWKpETBZ2Nbxim58gAAgAA[0m
[8mha:AAABNR+LCAAAAAAAAACdjrFKxEAQhsdoNFhqJ1iJWrkbJcrJVZq72ESbA0GuWu9ijOR242ZzBASfx0JfxjewOkR8B3ey2ROxEJwp9mP2/2f+509wSwk7t9W4FJwUeZVmvCSMl9lI5EKSE00h0oVQCZhacMCJwWsE56xQsBsbP239dO6nc78WdmNYGjPFFKzFd2zKaM54SgdKZjzt1hI22hQjwUuRJyQ078/LUBc68PbfgfXBjydPvF0NZg4sDsG9Tpuw68Pfx/XvDf7ewyMs65ScTRJkpy4qaR0EHaR1vLxezt43H86aQDqZp2BlKwixkaLI14Xk+8hmZik46hycBlYXRVZnKGqqwvue3ez7dl/Y+96MbGaW9vvH7T6chD2rM9Q/xFbg1iqREwWdvf/V6hdjsPiwNwIAAA==[0m-------------------------------------------------------
[8mha:AAABOR+LCAAAAAAAAACFjsFKxDAQhsdqtehNb4JQEPWWVqmi7Em7rZfqpSLInuJurSvdpKapFASfx4O+jG/gaRHxHcw0zYp4cALJx+T/Z/6XL7ArAdu39ajijJRFnY9ZRSirxkNecEGOFYVI51xmoGvOAisBpxWc0VLCTqL9Xuf3Zn5v5lfCXgILIyqphNXkjj5Qr6As91IpxizvNQLWuxRDzipeZCTU7+/N0JQq8Nb/gdXCz2eHv1+lUwvmB2Bf523YtcHf5er3Bn/v4QkWVUpGJxmy1ZS1MA6CDtI5Xt8upx8bj6dtIJXMkbC0GYR4kOLYV4Xk+8i6Zyg4ONw7CYwujo1OU9xWjfsdM9n3zbyw/zMZWfcM7UZH3TzshH2j0xTt45FgNzITEwkr7oUbuam60+Vv763aYgoCAAA=[0m T E S T S
[8mha:AAABNR+LCAAAAAAAAACdjrFKxEAQhsdoNFhqJ1iJWrkbJcrJVZq72ESbA0GuWu9ijOR242ZzBASfx0JfxjewOkR8B3ey2ROxEJwp9mP2/2f+509wSwk7t9W4FJwUeZVmvCSMl9lI5EKSE00h0oVQCZhacMCJwWsE56xQsBsbP239dO6nc78WdmNYGjPFFKzFd2zKaM54SgdKZjzt1hI22hQjwUuRJyQ078/LUBc68PbfgfXBjydPvF0NZg4sDsG9Tpuw68Pfx/XvDf7ewyMs65ScTRJkpy4qaR0EHaR1vLxezt43H86aQDqZp2BlKwixkaLI14Xk+8hmZik46hycBlYXRVZnKGqqwvue3ez7dl/Y+96MbGaW9vvH7T6chD2rM9Q/xFbg1iqREwWdvf/V6hdjsPiwNwIAAA==[0m-------------------------------------------------------
[8mha:AAABWh+LCAAAAAAAAACFj8FKxDAQhsfqavGoN0EQRL2lVVZRxIN2t16qB7sIsqfYjd263aQm6VIQfB4P+jK+gadFxHcwaZoV8eDkkK+T/5/5+/IFLcFhe1gOBKOoyMs0owJhKrKE5YyjU0WBpksmCZiac8CJwK0FF7iQsBMZv9f4vZnfm/mV8DiChQGWWMJKdI8n2MsxTb1Y8oymxxWHtSZFwqhgOUGBuX9vhqpQgbf+D6wWfj677P0mnjow34fWbVqHXe3/Xa5e7/TrAzzBokpJ8Zhodqqi5NaBtAM1jte36+nH+uN5HUglcyUsbbYDfTSFoa9Kk+9rNj1L7YPDvbO21YWh1RkK6yr1ftdO9n07L+j8TNZsepZ2u0fNPN0JOlZnqLuvj4RWJQkfSzi5KilVf7ORsDHiOBmJAicECYJ5MlQXn2Tqs5clIyLjuhmbXo8IufwN9/e/zjwCAAA=[0mRunning com.rackspace.search.service.TicketSearchServiceTest
[8mha:AAABih+LCAAAAAAAAACFkc1Kw0AUha/VanGpO0EYEHVjJ1FTf1eaNiLEdqEIUlyMyTRG40ycTEpE8Xlc6Mv4Bq6KiO/gTNNRxIV3Fvm4c8+5h8nzJ1QzAUuXeZhxhtMkj2KWYcKyOOAJF3hPkaupzSWFssYqUPGhNhw4IqmEZb/UWyO99a23vvVqcNeHiZBIImHGvyJ9YiWERdaxFDGLdgsBc6MUAWcZTyh2y+/vzVCkKvDi/4HVwo+nGn87Ox5UYLwL1YtoGHa2+3e5uu3p21t4hEmVkpEbqrlSpLkwCqwVeKR4eT0dvM/fHwwDqWQ1CVMLjquPJs+zVWmybc1lz5CzsbW275g5zzNzJXnDyvX+mnG2bePnNn+cNZc9Q6ut7ZGf7rhNM1dSq6GPhGohqbiRkK5u7DQaO87mirPuoIf6YdvroJih4BLf8gwnPLogwTUOEpKp58U+jyIq1F+RtJDdkPZInshzVEcuz5MQtTsnqBezEAma8VwEFHWNQyQ479+dT38BId4OqG8CAAA=[0m16:55:47,434 |-INFO in ch.qos.logback.classic.LoggerContext[default] - Could NOT find resource [logback.groovy]
[8mha:AAABix+LCAAAAAAAAACFkU8vxEAYxl/LsnHkJpFMIrjYadH1Z50oFUmtA5HIxmG0s1VmZ9bMVJoQn8eBL+MbOImI72Bm2xJx8M6hv7zzPs/7ZPr0CXUlYeEyi5XgeMCyJOUKE67SSDAh8bYh31JHaApFjdSgFkJjOHBIBhoWw0LvlHrnW+98683gVghjMdFEw1R4RW6JwwhPnGMtU55s5RJmyhSR4Eowiv3i+3sz5AMTeP7/wGbhx2NDvJ4dv9VgtAv1i2QYdrr7d7m57dnbG3iAcZOSkz61XMsHmawU2CpwqXh+OX17n73bHwYyyRoaJuY83x5LQeCasuS6loteRd7axsqOV80FQTVXUDCszO5vVM6uW/n5uz/OloteRct7m6Wf7fi71VxBey17NNRzTWVfg1xea7dabW99yVv10H3zoBMcoZSj6BLfCIWZSC5IdI0jRpR5XhyKJKHS/BVNc92NaY9kTJ+jJvJFxmLUOTpBvZTHSFIlMhlR1C0dmpoqjfM+O5/8Al81GXdxAgAA[0m16:55:47,434 |-INFO in ch.qos.logback.classic.LoggerContext[default] - Could NOT find resource [logback-test.xml]
[8mha:AAAByR+LCAAAAAAAAACFkkFv0zAUx9+6FSqO44aEZAmNXaidjXRAd4JsQUhhO3QgoWgHN3XTtK6d2U6JtInPwwG+CSe+AacJIb4DdlIPEAeeFb2fnt//vb+SfPoJXa3g4ayaaClwyau8EBpToYtMcqnwc0uRoxNpGLSx0YFOAr2m4TUtDewmrZ6s9eRGT270tvEwga0JNdTAdjKnK0o4FTkZGVWI/LBWcG/tIpNCS85w1Oa/N0NdWsM7/zdsF/742JPf3o2uO7CZQnecN2bvpv8ut7dTd3sBH+CWdSnokjnu1GWlvAI7BV4rPn99e/39/uXLxpB11jNw+0EYueMojgMbjoLAcVvzFB483X8R+r449n0txU1Ubn/PTw4CPy86+j3ZcVvztHf8bD3PVaIj39fS8cAdA93aMLU08GXvYDgYDMMnj8LHIbrqvzqJT1EhUDbDF1JjLvMxzRY441Tb14sTmedM2a9iWG3SCZvSiptz1EexrMQEKaZlpTKGUi+sl/wcUYPSacHZkKyoIrwYkzkTC/eXzOVYk7MRoyqb7ewHffu8EYWx6Yxpo8l7qRa6pBkjmqlVYbOhKmeGNIaYJn/uufMLUM5xgssCAAA=[0m16:55:47,434 |-INFO in ch.qos.logback.classic.LoggerContext[default] - Found resource [logback.xml] at [file:/var/lib/jenkins/jobs/TSearch%20-%20Unit%20Tests/workspace/service/target/classes/logback.xml]
[8mha:AAABgx+LCAAAAAAAAACFkc9Kw0AQxsdoNXjUmyAERL3YTSpJq+2ppo0IsR4KgvS0SdM0Ne6myUYCis/jQV/GN/BURHwHd/OnIh6cPeS3s/PNfExevqCWxHAwTccJJSgKUz8gCcIkCVwa0hh1OZmCBpR5UMSKBJINcl5wiSMGh3ahV0u9utSrSz0v7NiwNsYMM9iyZ/geqyEmvjpkcUD8ThbDTunCpSShoYfM4vt7MmQRN7z/v2E+8PNZpu83w4UEqyOoOX5udnv0dzh/nYjXOTzBOndJ8J0nWMqiNK4USChQqXh9u1587D6c54a4M5nBxp5uiiPIsjQegjRNcJGrSG+eHJ/pVZ1lVXUFWXmkYr5cdda0qp/Z++ksuMhV1Oiflv1ExuxVdQX1DXEY1DLmxXcMgkazbRhtvXVkNFvKY/1iYF0pAVHcKZrTBIXUd7B7i9wQJ3y9aEZjTBB2WcA3z3/OJPDTGItbN88pdWXsOamvYMaX5KTMUwhlSuKxzW/O+1DNaAIAAA==[0m16:55:47,567 |-INFO in ch.qos.logback.classic.joran.action.ConfigurationAction - debug attribute not set
[8mha:AAABlx+LCAAAAAAAAACFUUFLwzAY/ZxOh0e9CUJA1ItLO9nUzdOsVoQ5QUGQ4SHrYtfZJV2aykTxv3jzoH/Gf+BJRPwPJm2jiIJfDnn58t77HsnjBxRjASv9pBdzhqMw8QMWY8LiwOMhF7ipkKNRm0sKWU0UoNCCUko4JJGE1Vamt3K99aW3vvSKuN2CqR6RRMJca0CuiBUS5lsnUgTM3x4LWMhTeJzFPKTYyfafk2EcqcDL/wdWA98fSvzl7OS1AJMdKHb9NOx85/dwdXuhb0dwB9MqJSNDqnFhHCXCKLBW4Fzx9Hz6+rZ4s58GUslKEmaWqo5eGrmurUoj29Y46xlU3dha36kanusaXobctBI9v2Scbdv4ObvfzhpnPYMqe/XcT3ecXcPL0F5NLwnFsaRiKOG+stGo1RrVzbVavYJuywdt9wgFDHl9POIxDrnfJd6l+g9B8YALwjDxZKCevRlFlPWoaKZHVEbNLk8kklypY0mYDIikiOQsxC+QvI4o6vxlLHgYqhfFx9nuBiE19uezn7YL+xSgAgAA[0m16:55:47,591 |-INFO in ch.qos.logback.core.joran.action.AppenderAction - About to instantiate appender of type [ch.qos.logback.core.rolling.RollingFileAppender]
[8mha:AAABgx+LCAAAAAAAAACFkc9Kw0AQxsdqtXjUmyAERL3YTSppa9tTTZtSiClYEKR42KZpGk13081WCorP40FfxjfwVER8B3fzpyIenD3sb2fnm/nYffmCfMTgaDIfRZSgMJh7PokQJpHv0IAy1BRkSLIpdyGJtRzkLCjEBRc45HBsJXo11asrvbrSi8KGBRsjzDGHHesW32M1wMRT+5z5xGssGOylLhxKIhq4yEj235NhEQrDh/8bFgM/nwv0/bq/zMH6APJDLza7O/g7XNyO5e0MnmBTuCR46krOLcI5yxRIKlCqeH27Wn7sP3RiQ8JZgcPWgW7IJck0NRGSNE1ykstIr5ydnutZnWlmdQmZcczl/ELWWdOyfkbrp7PkJJdRqV1L+8mM0crqEmqX5eKQX3CXTTmMS5V6uVzXqyflWlV5LHZts6f4RHEmaEYjFFBviJ078R/MRbeUYYKww33x7M0wdMnIZc34qBQVG0/Fqyg4zSs4UgaXPcvq2p2b7W/bRVJTZQIAAA==[0m16:55:47,597 |-INFO in ch.qos.logback.core.joran.action.AppenderAction - Naming appender as [ROLLING]
[8mha:AAABfB+LCAAAAAAAAACFkc1Kw0AUha/VanGpO0EIiLqxk1T6o+3Kpo0ItYoVRboa0zFGpjPpzETqDz6PC30Z38BVEfEdnGmairjwziIfd8659wx5+YKsFLBxHfckZyiicRAyiTCToc8pF2hPk2uozRWBpGYykGlBbiw4xJGCzVbityd+e+q3p34trLVgrocVVrDUusG32KaYBXZHiZAFtaGAlUkKnzPJKUFu8v29GYaRDrz+f2C98PM5x98vOqMMzHYhexmMwy53/y7Xt1fmdgBPMK9TMtwnhjPDKBapAxkHmjhe385GH6sP++NAOllOwcJa0TXHkOc5ugw5juGkl1KxvLNdL6Y6z0t1CXnjis3+XDrZcdJ5buNnsuGkl1KhuTuZZzpuI9Ul1CyZoyA7VET0FXQL5WqpVC1WtipOwXrMH7S9Iytklo8GiOrfIAgSnFL9XnQa9kkdS9I7SRrHnIb+nZW3zkNKrVgSK7i3fN6PBJEy5GzxGw3ZekpaAgAA[0m16:55:47,701 |-INFO in c.q.l.core.rolling.TimeBasedRollingPolicy - Will use gz compression
[8mha:AAABwB+LCAAAAAAAAACFkc1OGzEUhW/ThkYs210lJEso7YbxDG3C76pMMlWkJFSkP6pYIDPjTIwce7A9KIjS5+miSH2WvgErhBDvgD2ToUIsuF7Mp+t7zj0j/7mFulbwdpInWgqc8TxlQmMiNIsllwp/tBQ6GkpDoaxnNaj1oVEMDEhm4F2/1PtzvX+v9+/1dnC7Dy8SYoiBV/0jckJ8TkTqj4xiIt2eKXgzTxFLoSWnOCy/DzfDLLOBm08Htgtvfjfk5Y/RVQ2e70P9MC3Cvt5/vNzejt3tMfyCBZtSkCl1XJtluaoU2CnwXHHx79vV9dLZpyKQTdYw8HK5FbrjKIoCW46CwHHZq6i1tvF+p1XNRVE1V1JUVO72NyrnIKj8ws5/Z8dlr6LV7ubcz3XCTjVXUrftjoH6zFA1NfB3dW2r3d5qra+sBx/QT683jHYREyjGx5jbZ1AUK8m5/V/8hU3pDtE02SsbnyVn8Sny0HfGOco1RWZCUUaMdbYGcop1LjAhGtvnMUTEdE9Kc9AbHXwddrpRb9jt+Fym2teUqHjiNZOzU1veYOAlyTluMjSWqvAksWEnFI0Zp4t3CFp5ga8CAAA=[0m16:55:47,703 |-INFO in c.q.l.core.rolling.TimeBasedRollingPolicy - Will use the pattern com.sun.aas.instanceRoot_IS_UNDEFINED/logs/search-%d{yyyy-MM-dd}.%i for the active file
[8mha:AAAB1x+LCAAAAAAAAACFUdFu0zAUvRQKFY/whoRkCZW8ECeFdlu3F7q0QZXagGhBQnuYvMRNPRI7sx1UNuB7eICfQeIDeJoQ4h+wm6YT4oHrhxxdn3Puce6X39BUEh4uy0QJjousTBlXmHDFYpEJiQcGBRZFQlOo6loDGhNorQlTUmhwJpXe2+i9rd7b6g3xYAI3EqKJhjuTU/KOeBnhqTfTkvH0YCXh3iZFLLgSGcVB9f17MqwKE7j9/8Bm4K/PLfHjzeyyAdePoHmSrsPePfp3uLld2Nsz+AQ3TUpOcmpxY1WUslZgq8Abxddvry9/3r94tg5kkrU03HrQDeyxKAx9Uxb5vsVVr0bdnb3Hh92aF4Y1r0Lhuko7v1U7+37tFwyvnC2uejXqjPobP9sJhjWvQqOePRqaK01lruF7Z2e/19vv7j7a9ffQB3cchc8R4yhe4jOhcCbSExK/NfuQFEuRZcy+n53TAU/mLKeHRNEkjAbzF09J58mi3+8gF82XFJklU1QQbaZwxBRy3ptyp1M3SRy0kCJHC5ZRZP/ylubEIseq5JgQhc1KNeExfSmEPh7Pjl9Fw1E4jkZDz2RSnqJExku3nVxcGX/EbYbTcwff/gNIi7yP1AIAAA==[0m16:55:47,708 |-INFO in ch.qos.logback.core.rolling.SizeAndTimeBasedFNATP@a13f991 - The date pattern is 'yyyy-MM-dd' from file name pattern 'com.sun.aas.instanceRoot_IS_UNDEFINED/logs/search-%d{yyyy-MM-dd}.%i.gz'.
[8mha:AAABix+LCAAAAAAAAACFkc1Kw0AUha/VanGpO0EIiLqxk1T73401NiLUKrYI0tW0maZTk5k6mUpR8Xlc6Mv4Bq6KiO/gTNNUxIV3Fvm4c869Z8jLFyRDATv9kRtyhob+yKMsRJiFtMt9LlBVka2pwSWBqBYSkKhDaio4w0MJu/XIb8785txvzv1KWKnDkosllrBWH+A7bPqYeWZTCsq8yljAxixFl7OQ+wTZ0ff3ZhgPVeDt/wOrhZ/PKf5+3ZwkYLENyY43Dbve/rtc3fb07S08wbJKyXBANCfGw5GIHUg70Mzx+nY1+dh8OJkGUslSEla2srY+mhzHUqXJsjRHvZiy+eL+UTbWOU6si8iZ1kjvT8WTLSueZx//TNYc9WLK1EqzebpjH8e6iGo5fSQkx5KIQMIgky/ncuVsYa9gFY3H9GnDOTcoM7p9dMtD5HOvg7s36n8IggT3farfT+9JlbktGpAjHBLXaVRbF4c4c9ArlTJG2rhUujS/I8LA0gioy6jXl2j1G1puvktpAgAA[0m16:55:47,708 |-INFO in ch.qos.logback.core.rolling.SizeAndTimeBasedFNATP@a13f991 - Roll-over at midnight.
[8mha:AAABnh+LCAAAAAAAAACFkdEuA0EUho9SGpfcSSSTCG6Y3dWWlhu1rEjakrQk4mp0xxq2M2t2Kg3iATyJC17GG7gSEe9gptsh4sKZi/1y5v/P+Sf79An5VMLCeS9MBcdJ3IsYTzHhKeuIWEhc0+QbagpFIauRHOTqUBgIGiRRsFjP/M7Q73z7nW+/Fm7UYSwkiiiYql+Qa+LEhEdOS0nGo42+hJlhio7gqYgp9rPv783QT3Tg+f8D64UfjwXxetx6y8HoCeRPo0HY6ZO/y/Xtmbm9gnsY1yk56VLDuX7Sk9aBjQMPHc8vR2/vs7e7g0A6WUHBxFzJN8dQELi6DLmu4axnqbRaWdkqWV0QWF1GwaB6Zn/BTnZdO8/f/plsOOtZ8naqw3mm429bXUY7ZXMU5PuKyq6CB291vVxeL60trXlFdLe81wz2EeOoc46vRIpjEZ2SzqX+H5JiKeKYmfezG1rjYZt16RZJaRg0a+2DTeIVz6pVDy2jFlVK6/QYphiJUUIlEyFSAjUERw0ikVdBdi86bPtoxfWKk1/JdRbmiQIAAA==[0m16:55:47,713 |-INFO in ch.qos.logback.core.rolling.SizeAndTimeBasedFNATP@a13f991 - Setting initial period to Mon Mar 18 16:55:47 UTC 2013
[8mha:AAABrx+LCAAAAAAAAACFkcFO4zAQhocuXSqOcENCsrRa9tI6AaWwwKkEUq0UilQQaFXtwU28acC1g+2gIhCPgzjsvsy+ASeEEO+A3SQgtAfGB3+amX/mt/znGepKwsooj5XgOGN5knKFCVdpJJiQuGPIt9QTmkIRMzWohdCYNuyTTMO3sNA7pd551TuvetO4HcJsTDTRsBCekgviMMIT51DLlCfbEwlLpYtIcCUYxX5xv98Mk8wY/vqxYbPw6a4h7n8ePtTg0wDqw2RqdnHw/3JT/W2r53ADn41LTsbUcm2S5bJSYKvApeLvv+OHx+Wr7tSQcdbQMPfF8+2xFASuCUuua7nIVeStf1/b8aq+IKj6Cgqmkdv9jWqy61bz/N23yZaLXEWre5vlPJvxd6u+gvba9mioTzSVYw23q+tb7faWt9Hc8NbQdeuk0++hlKNohM+FwkwkQxKdmf+QFEvBmHk47hd3kDLayTLKYyoH/YMw/NHr/kItdDRKFSJlAXGBmOCJIRKPU20qiJFLkWtELKt82IrEOBOcct1Eipo8R5RHworNv2pKYjz/Au+ppySlAgAA[0m16:55:47,742 |-WARN in ch.qos.logback.core.rolling.RollingFileAppender[ROLLING] - This appender no longer admits a layout as a sub-component, set an encoder instead.
[8mha:AAABqB+LCAAAAAAAAACFkc9K5EAQxsvR2R086m1hoUF2vWgnSkZXPc3GiQhxhFEUGfbQk+mN0Z7uttPREcUH8Qk86Mv4Bp5ExHewO38U8WD1oX5U1Vf1hdy+QD1V8PswG6SCY8myOOEpJjxNIsGEwi1DvqWO0BSKGKtBLYRGPrBFpIbZsNA7pd550ztvejO4FsLEgGiiYSo8IqfEYYTHzo5WCY/XRgp+lC4iwVPBKPaL/PEyjKQx/Otrw+bg801DPBzsPNZgvAf1fpybne59Pm66/233BK7gm3HJyZBaro1kpioFtgpcKu7u9x6ffl5s5IaMs4aG7zOeb5+lIHBNWHJdy0WtIm/pz+Jfr5oLgmquoCCPzN5vVJtdt9rnr79vtlzUKlpor5T7bMVfr+YKajft01AfaaqGGq4XllabzVVveW7ZW0SX8/utbgclHEWH+ESkmIm4T6Jj8z8UxUowZj4cd4scJIy2pKR8QFWvux2Gm52Nf2ge7QpEeZopiiIxlEQn/YQl+nwOnSkipRGic5EpxIhJ2t4Kc9ovu20eCbMRT74Cw2YOXZkCAAA=[0m16:55:47,742 |-WARN in ch.qos.logback.core.rolling.RollingFileAppender[ROLLING] - To ensure compatibility, wrapping your layout in LayoutWrappingEncoder.
[8mha:AAABrh+LCAAAAAAAAACFkUFP2zAUx9/KOiqO223SJEsIuIATUAqjnEpoEFIoUittmqodTOImGa4dbAcVgfgqXDnAl+EbcELTxHeY3dRM0w57Pvin5/f/v3+U+xdoKgmreZUqwXHJqqzgChOuikQwIXHXUGipLzSFut40oBFDazZwTEoNa3Gt9+Z671XvverN4F4Mb1OiiYb38Q9yQTxGeOYNtSx4tjeV8HGeIhFcCUZxWN9/b4ZpaQKv/D+wWfjrriWevg2fG7AwguZpNgv7YfTvcvM6tq/ncAPvTEpOJtRyY1pW0imwVeC54uHxy/PPT1eHs0AmWUvD4nIQ2mMpinxTlnzfct1zFGx/3toP3FwUubmaollVdn/LOfu+8wsP/jhbrnuONnu7cz/bCQ/cXE29tj0amlNN5UTD7eZ2p93uBDvrO8EWut742h30UcFRkuNzoTAT2SlJzsz/kBRLwZj5cDyo76hgtFuWlKdUjgYncXzUP/yONtCQUkSYEijXuux4nvOwfknuJSKlCud6wpYZuRSVPuJKU5KejHvcvkk0FhKlVJOCqaXfz6ulwp4CAAA=[0m16:55:47,742 |-WARN in ch.qos.logback.core.rolling.RollingFileAppender[ROLLING] - See also http://logback.qos.ch/codes.html#layoutInsteadOfEncoder for details
[8mha:AAABsx+LCAAAAAAAAACFkUFr2zAYhr+mzRp27G6DgWBsvayysznJmp5SJy4Bz4GEDkYYQXEUx6sjOZIcAiv9KT33sP6Z/oOdwhj7D5XiOGPsUOmgh0/v+32vrR9/oCwFvJ1lE8kZTpMsipnEhMk45AkXuKXJNRRwRSFfeyUo+VDZCD6RVMGxn/utrd/a+a2dXwvPfDiYEEUUHPnfyJJYCWGRNVAiZtHZSsDLbYqQM8kTit38/HcyrFId+M3TgfXA33cV/vPLYF2C/SGUx9Em7Ivh/8P17dTcLuAGnumUjMyp4dIqzUThwMaBt477h8/rX6++X2wC6WQVBYevHddsQ55n62XItg3ntYKc+sf3506h87xCl5O3WZmZXyk623bRz23/7Ww4rxVU7Zxu+5mK2y50OXVqZisorxQVcwW31XqzVms6jXcN5wO6PukGXg/FDIUzvOASJzwak/BKv4egWPAk0R+O+/npxQltpSllEyqG/Z7vd4OLr+gEtUIVLynSVjTVEmT+ZBOFfI5lxjAhEuvnUoSFtM+5GnUHo8ug3fG6QadtaZO0JCVCz9f8/BEoJ71dnQIAAA==[0m16:55:47,743 |-INFO in ch.qos.logback.core.rolling.RollingFileAppender[ROLLING] - Active log file name: com.sun.aas.instanceRoot_IS_UNDEFINED/logs/search.log
[8mha:AAABrh+LCAAAAAAAAACFkc9KxDAQxsfV1cWj3gQhIOpF06pd/560u5WFWmEXBVlEYjfWajepSSorig/jyYO+jG/gSUR8B5PtVhEPzhzyYzLfzBfy9AllKWDuPOtIznCaZFHMJCZMxiFPuMDbmlxDAVcU8hgqQcmHSr9hj6QK5v1cbw301rfe+tbrxi0fRjpEEQUT/gW5JlZCWGS1lIhZtNUTMDVwEXImeUKxm5+/N0Mv1YZn/zesF348VvjrUeutBMNtKJ9GfbOT7b/L9e2Zub2CexjVLhnpUsOlXpqJQoGNAg8Uzy+Hb+/Tt7t9Q9pZRcHYjOOaNOR5tg5Dtm04rxXkrK4v7zhFn+cVfTl5/cjM/kox2baLeW7tZ7LhvFbQUn1jMM9U3FrRl1O9alJBuaeo6Cp4WFrdrFY3nbWFNWcF3S02Am8fxQyF5/iKS5zw6JSEl/o/BMWCJ4l+OG7mpxcndDtNKetQ0W7u+34j2D1Gi8jUUSp4SoW6QbFEkiqkOGqHvItlxjAhEusfU4SFtMm5Omm0Tg6CWt1rBPWapVdKS1IitAXNx+NfAlw5uqECAAA=[0m16:55:47,743 |-INFO in ch.qos.logback.core.rolling.RollingFileAppender[ROLLING] - File property is set to [com.sun.aas.instanceRoot_IS_UNDEFINED/logs/search.log]
[8mha:AAABiB+LCAAAAAAAAACFkM1KAzEUha/VanGpO0EIiLqxmVGm9W9lp50ijHVRFMRVTON0dJpMk1QKis/jQl/GN3BVRHwHk5mOIi68WeTj5px7D3n+hLKSsNEf9ZTgOE1GUcwVJlzFVCRC4iNDvqWO0AzymilBKYRKJjghqYbNMPc7U7/z7Xe+/UZ4GMJcj2iiYSm8IXfESQiPnK6WMY8OxxJWpimo4EokDPv5/XszjFMTeP3/wGbhx1NFvF10JyWYvYTyVZSFXb78u9y8XtvXITzCvEnJyYBZLo3TkSwc2Drw1PHyej55X71vZ4FMsoqGhTXPt8dSELimLLmu5bxXkFff22l4hS4ICl1OQVYju79STHbdYp7f/JlsOe8VtN3an86zHb9Z6HJq1ezRUB5rJgcahtv1g1rtwNvd2vVq6KF63AlOUcwR7eOhUDgR0RWht5gmRJnvxTdCEo4J1bH5+ZDdseQoY1RFVAywNFqVEsqwYkTSPkqsBCmmkRao2WqctRe/AO6WmNBwAgAA[0m16:55:47,745 |-INFO in ch.qos.logback.classic.joran.action.LevelAction - com.rackspace.search level set to DEBUG
[8mha:AAABfx+LCAAAAAAAAACFkMFOwkAQhkcUJR71ZmKyiVEvsi2mBYUTFEpMKiSiJobTUmqplt3SLqSJxufxoC/jG3gixvgO7rYUYzw4e9gvs/8/82dfviAfhXAwmg4jRnHgT12PRpjQyLOZz0JcF2RI6jDuQForOchZUEgE5yTgcGilfmXhV5Z+ZekXwpoFa0PCCYct647MiOIT6io9HnrUrcUh7CxS2IxGzHewkd6/N0MciMD7/wcWCz+fC+z9pjfPwWof8gM3Cbvd/7tcvN7K1wk8wbpIScnYkZyLg2mYObB04IXj9e16/rH70E4CiWQFDht7miGPJNNURUlSVclpLyOtfHLc0DKdaWa6lMykpnJ/IZusqtk8o/kzWXLay6jUOl3Mkx2jmelSaunycMjH3AnHHEipXNX1qlY5qmg6eiyedcwu8iiyR3jCIuwzd0Dse2z7JBLfi+9YSCgmNvfEz1vOzPHrCaMiuuh2L5EvWyhyOOIMNVuNq/bmNxDNzstgAgAA[0m16:55:47,745 |-INFO in ch.qos.logback.classic.joran.action.LevelAction - ROOT level set to DEBUG
[8mha:AAABlB+LCAAAAAAAAACFkc1Kw0AQx8dqtXjUmyAsiHrRTSpp68cpRiNCbEFFkNLDNt2mqelu3GyloOjreNCX8Q08iYjv4G4+FPHg7CE/ZuY/82fy9AnlRMDaYNxLOMNxNA5ClmDCktDnERfYVuRoanJJIYupEpQ8qKQNJySWsO5leiPXG99641uvGvc8mOkRSSQseENyQ4yIsMA4kyJkwd5EwFLuwucs4RHFTvb9vRkmsTK8+r9htfDjscJfL8/eSjDdhnI3SM0utv8uV9W+rl7DPcwql4yMqObSJB6LQoG1AueK55eLt/fl26PUkHJWkTC3Yjn6aXJdU4Um09Sc5Qqy6ttb+1bR57pFX0ZuGmO9v1JMNs1innPwM1lzliuoeriTz9MZ56Doy+iwpp+E8kRSMZLwUK3v1mq7VmOjYdXR3eZx022hkCF/gK95giMedIl/pf6HoHjIBWGY+DJUZ7fjmLIeFae0b6cZtIlsKYk/ULdBJK8ifcYeap+2PO+4edRBkiOPBwEVKtU678x/AROBHyR+AgAA[0m16:55:47,746 |-INFO in ch.qos.logback.core.joran.action.AppenderRefAction - Attaching appender named [ROLLING] to Logger[ROOT]
[8mha:AAABMR+LCAAAAAAAAACFjrFOwzAQhq+BQMQIGxITAjY7oIBAnSBtWAJLJSTUybQhBKV2cJwqEhLPw9C+DG/AVCHEO+CL4yLEwN3gT+f/v/tnX+CWEvYfqnEpOCnyKs14SRgvs5HIhSTnmkKka6ESMNVxwInBawRXrFBwEBs/bf106adLvxZ2Y1gdM8UUbMaPbMpoznhKB0pmPO3WErbbFCPBS5EnJDTv78tQFzrw3v+B9cHPV0+83w4WDqwMwb1Lm7Bbw7/H9e89/j7BC6zplJxNEmSnLippHQQdpHXM324WHzvPl00gncxTsL4bhNhIUeTrQvJ9ZDOzFJycHl0EVhdFVmcoaqrC+57d7Pt2X9j72YxsZpYO+2ftPpyEPasz1D/GVuDWKpETBZ2Nbxim58gAAgAA[0m
[8mha:AAABZR+LCAAAAAAAAACFjs9Kw0AQxsdoNXjUmyAERL2UJIb6rz1p2ngwemkRpKe1XWM03Y27GwkIPo8HfRnfwFMR8R3czWYr4sGZw/6Y/b6Z7+ULGpzB1k0x5pS4eVYkKeEuIjwd0Ywy90hSqOicCgy65iywYrArwRnKBWzH2u/Vfm/m92Z+KezEsDBGAglYiW/RA/IyRBKvL1hKkk7JYK1OMaKE0wy7oX5/X4Yyl4E3/w8sD34+2/T9sj+1YH4IjaukCrs6/Htc/l6r33t4gkWZkqAJVmyVecGMw1UOt3a8vl1MP9YfT6pAMpktYGmjFapWFEW+LEW+r1jPDLX2DoLjltFFkdFpiqoq1H3bbPZ9sy/s/mxWrGeGdnqH9T41CbtGp6m3q1pAoxSYTQScDjAX3GEFaTtB04lQmhUM87bjN50eY5Rp7N+leY7HFQ/SCXZwhnKuBkHgHuwHDsej5W+2T1VTSgIAAA==[0mTests run: 2, Failures: 0, Errors: 0, Skipped: 0, Time elapsed: 22.872 sec
[8mha:AAABXh+LCAAAAAAAAACFkUFLwzAUx5/VafGoN0EQRL2lVaooA2F26y7VgxNBdopd7KZdUpNUK4Kfx4N+Gb+BpyHidzBpmol48OXQHy///3v/kpcvaAgOm8NiIBhFeVakIyoQpmKUsIxx1FIUajphkoCpGQecGNxKcIxzCVux8Xu135v6valfCZsxzA2wxBKW4mt8h70M09TrST6iabPksFKnSBgVLCMoNN/fm6HMVeCN/wOrhZ/PLnu/6E0cmO1D4zKtwi73/y5Xt1f69haeYF6lpHhMNDtlXnDrQNqBasfr2/nkY/WxWwVSyVwJC+tBqI+mKPJVafJ9zaZnKdjb3zkKrC6KrM5QVFWh97t2su/beWH7Z7Jm07O03Tmo5+lO2LY6Q51dfSQ0Skn4WMLhaUGp+pu1hI0Rx8mNyHFCkCCYJ0OUYknu8YN6Dq7fgpNWIYdd0zwjQi5+A48TGAA9AgAA[0mRunning com.rackspace.search.gateway.core.CoreAuthGatewayTest
[8mha:AAABYx+LCAAAAAAAAACFjs9Kw0AQxsdoNXjUmyAERL2UJJb4rz1p2ggSvbQI0tParjGa7sbdjQQEn8eDvoxv4KmI+A7uZrMV8eDMYX/Mft/M9/IFDc5g66YYc0rcPCuSlHAXEZ6OaEaZeyQpVHROBQZdcxZYMdiV4AzlArZj7fdqvzfzezO/FHZiWBgjgQSsxLfoAXkZIonXFywlSadksFanGFHCaYbdUL+/L0OZy8Cb/weWBz+fbfp+2Z9aMD+ExlVShV0d/j0uf6/V7z08waJMSdAEK7bKvGDG4SqHWzte3y6mH+uPJ1UgmcwWsLQRhKoVRZEvS5HvK9YzQ8HeQes4MLooMjpNUVWFum+bzb5v9oXdn82K9czQTu+w3qcmYdfoNPV2VQtolAKziYDTAeaCO6wgbafVdCKUZgXDvO34TafHGGUa+3dpnuNxxYN0gh2coZxXAzfYDxyOR8vfqbpJf0kCAAA=[0mTests run: 2, Failures: 0, Errors: 0, Skipped: 0, Time elapsed: 0.474 sec
[8mha:AAABXx+LCAAAAAAAAACFkUFLwzAUx5/VafGoN0EQRL2lVaYoXtRu3aV6cEOQnWIXu7ouqUmqFcHP40G/jN/A0xDxO5g0zUQ8+HLoj5f//71/ycsXNASHzWExEIyiPCuSlAqEqUhjljGOjhUFms6YJGBqxgEnArcSnOJcwlZk/F7t96Z+b+pXwsMI5gZYYglL0Q2+w16GaeJ1JU9pclhyWKlTxIwKlhEUmO/vzVDmKvDG/4HVws9nl71fdicOzPahcZVUYZf7f5er22t9ewtPMK9SUjwmmp0yL7h1IO1AteP17WLysfrYqQKpZK6EhfVmoI+mMPRVafJ9zaZnqbm3v3PStLowtDpDYVWF3u/ayb5v5wWtn8maTc/Sdvugnqc7QcvqDLV39ZHQKCXhYwlH5wWl6m/WYjZGHMcjkeOYIEEwj4cowZLc4wf1HFy/BSe9NB4R2THtHhFy8Rshky2yPwIAAA==[0mRunning com.rackspace.search.gateway.core.CoreTicketGatewayTest
[8mha:AAABYh+LCAAAAAAAAACFjsFKw0AQhsdoNXjUmyAERL2UJJZUtD1p2ogQvbQI0tParjGa7sbdjQQEn8eDvoxv4KmI+A7uZrMV8eDMYT9m/3/mf/mCBmewc1NMOCVunhVJSriLCE/HNKPMPZIUKjqnAoOuBQusGOxKcIZyAbux9nu135v7vblfCrsxLE2QQALW4lv0gLwMkcQbCJaSpFsy2KhTjCnhNMNuqN/fl6HMZeDt/wPLg5/PNn2/HMwsWBxB4yqpwq6P/h6Xv9fq9x6eYFmmJGiKFVtlXjDjcJXDrR2vbxezj83HkyqQTGYLWNkKQtWKosiXpcj3FeuZoWD/oHUcGF0UGZ2mqKpC3bfNZt83+8Lez2bFemZor39Y71OTsGd0mvpt1QIapcBsKuB0iLngDitIxwmaToTSrGCYdxy/6fQZo0zj4C7NczypeJhOsYMzlPNq4LZbDsfj1W/foDscSAIAAA==[0mTests run: 4, Failures: 0, Errors: 0, Skipped: 0, Time elapsed: 0.52 sec
[8mha:AAABaR+LCAAAAAAAAACFkc1Kw0AUha/RanCpO0EQRN1NolRRuqpp4yb+YIsgXY3TMY1NZ+LMRAKCz+NCX8Y3cFVEfAdnkkxFXHhnkS93zrn3hLx8QUMK2B7lQ8kZytI8TphEmMmE8JQL1NYUGDrjikJVcw44Ebil4BRnCnaiyu/Vfm/m92Z+LWxFsDDECitYie7wA/ZSzGKvp0TC4lYhYK1OQTiTPKUoqJ6/N0OR6cBb/wfWCz+fXf5+3Zs6MD+Axk1chl0d/F2ub2/N7T08waJOyfCEGnaKLBfWgYwD1Y7Xt6vpx/rjSRlIJ3MVLG02A3MMhaGvy5DvG656lpoHh3vHTasLQ6urKCwrN/tdO9n37byg8zPZcNWztNs9queZTtCxuoq6++YoaBSKiomC88ucMf01G4RPkMBkLDNMKJIUCzJCNMVSJaR+I2lCmdL/RNB+QsZUXQhOqJRctIniok+lWv4GfNBEBE4CAAA=[0mRunning com.rackspace.search.elasticsearch.client.CoreTicketProcessorActorTest
[8mha:AAABYx+LCAAAAAAAAACFjsFKw0AQhsdoNXjUmyAERL2UJNUq2p40TQSJXloE6Wlt1xhNd+PuRgKCz+NBX8Y38FREfAd3s9mKeHDmsB+z/z/zv3xBgzPYuinGnBI3z4okJdxFhKcjmlHmHkkKFJ1TgUHXnAVWDHYlOEO5gO1Y+73a78383swvhd0YFsZIIAEr8S16QF6GSOL1BUtJ0i0ZrNUpRpRwmmE30O/vy1DmMvDm/4Hlwc9nm75f9qcWzA+hcZVUYVeHf4/L32v1ew9PsChTEjTBiq0yL5hxuMrh1o7Xt4vpx/rjSRVIJrMFLG20A9WKosiXpcj3FeuZofb+wc5x2+iiyOg0RVUV6r5tNvu+2Rf0fjYr1jNDrfCw3qcmQc/oNIV7qgU0SoHZRMDpAHPBHVaQjrPbdCKUZgXDvOP4TSdkjDKN/bs0z/G44kE6wQ7OUM6rgdvyWw7Ho+VvLHFw8kkCAAA=[0mTests run: 3, Failures: 0, Errors: 0, Skipped: 0, Time elapsed: 0.101 sec
[8mha:AAABZR+LCAAAAAAAAACFj7FOwzAQho9CIWKEDQkJCQGbE1BBoE40bVgCAwUk1Mm4Jg2kdrAdFITE8zDAy/AGTBVCvAN2HBchBs5DPv++/+7Pyxc0pYDNUTGUnKE8K5KUSYSZTAnPuECHmkJDJ1xRsDXTgEYMXtVwjHMFW7H1+7Xfn/r9qV83tmOYG2KFFSzFN/ge+xlmid9XImVJuxSwUqcgnEmeURTa7+/NUOY68Mb/gfXCz2ePv1/2Jw2YHUDzKqnCLg/+Ltev1+b1Dp5gXqdkeEwNN8q8EM6BjAPVjte3i8nH6uNRFUgn8xQsrLdCcwxFUaDLUBAYtpqj1t7+Tqfl+qLI9VmKqirMfs9NDgI3L+z+TDZsNUfbvYN6nlHCruuz1Ns1R0GzVFSMFZyfFozpv1kjfIwEJrcyx4QiSbEgI0QzLFVK6hvJUsoU6lmxX4lhpUWYKC4eOhSzMyrV4jdjihW8VAIAAA==[0mRunning com.rackspace.search.elasticsearch.client.ElasticSearchClientFactoryBeanTest
[8mha:AAABZB+LCAAAAAAAAACFjsFKw0AQhsdoNXjUmyAERL2UJNoqtj1p2ggSvbQI0tParjGa7qa7GwkIPo8HfRnfwFMR8R3czWYr4sGZw37M/v/M//IFNc5g5zYfc0rcLM3jhHAXEZ6MaEqZeywpUHRBBQZdCxZYEdil4BxlAnYj7fcqvzf3e3O/FHYiWBojgQSsRXfoAXkpIrHXFywhcadgsFGlGFHCaYrdQL+/L0ORycDb/weWBz+fbfp+1Z9ZsDiE2nVchl0f/j0uf2/U7xSeYFmmJGiCFVtFljPjcJXDrRyvb5ezj83H0zKQTGYLWNlqBqoVhaEvS5HvK9YzQ83Do/2TptGFodFpCsvK1X3bbPZ9sy/o/mxWrGeG9nqtap+aBF2j09Q7UC2gVgjMJgLOBpgL7rCctJ1G3QlRkuYM87bj150eY5Rp7N8nWYbHJQ+SCXZwijKuBg235Tccjker35FwaodJAgAA[0mTests run: 3, Failures: 0, Errors: 0, Skipped: 0, Time elapsed: 3.903 sec
[8mha:AAABWh+LCAAAAAAAAACFkcFKxDAQhsfqavGoN0EQRL2lVVZR9uR2t16qB1cE2VPMxm61m9QklYLg83jQl/ENPC0ivoNJ06yIByeHfp38/8xf+vIFLSlge1yOJGeoyMs0YxJhJjPCcy7QsabI0BlXFGzNeeAl4NeCU1wo2EmsP2j8wcwfzPxa2ElgYYQVVrCS3OIHHOSYpcFAiYylnUrAWpOCcCZ5TlFkn783Q1XowFv/B9YLP599/n41mHowP4TWdVqHXR3+Xa5vb8ztPTzBok7J8IQa9qqiFM6BjAM1jte3y+nH+uNJHUgn8xUsbbYjcwzFcajLUBgatj1H7YPDvW7b6eLY6SzFdZVmv+8mh6GbF/V+Jhu2PUe7/aNmnulEPaez1N83R0GrUlRMFHTOS8b012wQPkECkztZYEKRpFiQMaI5liojzRvJM8qU/ieCXlCplr8BoYmQDDoCAAA=[0mRunning com.rackspace.search.elasticsearch.client.CoreTest
[8mha:AAABXB+LCAAAAAAAAACFjs1KxDAUha/V0eJSd4JQEHUjbZVR1FlpZ+qmuplBkFnFmVirnSQmqRQEn8eFvoxv4GoQ8R3MT6OIC28W+XJzzr3n+RNagsPGdTUWlISsrPKCiBARUYxoSXl4pCjRdEYlBlszHngZ+EZwipiEzcz6o8Yfffujb78SdjKYGyOJJCxlN+geRSUiedSXvCB5p+aw0qQYUSJoicPE3r83Q81U4PX/A6uFH08+fbvoTz2YHULrMjdhl4d/l6vfK/17B48wr1ISNMGavZpV3DlC7Qgbx8vr+fR99eHEBFLJfAkLa+1EH01pGqvSFMeabc9Re29/57jtdGnqdJZSU5Xe77vJcezmJd2fyZptz9F276CZpztJ1+ks9Xb1kdCqJeYTCekACykCXpHDIN4KUlSUFcfCPHqcU26xf1swhseGB8UEB7hETJhGIPBo8QvHIjQARQIAAA==[0mTests run: 0, Failures: 0, Errors: 0, Skipped: 0, Time elapsed: 0 sec
[8mha:AAABXR+LCAAAAAAAAACFj8FKxDAQhsfqavGoN0EQRL2lVVZR9qTdrSDVgyuC7ClmY7faTWqSSkHweTzoy/gGnhYR38GkaVbEg5NDv/yZf+bvyxe0pIDNUTmUnKEiL9OMSYSZzAjPuUCHmiJDZ1xRsDXjgZeAXzec4kLBVmL9QeMPpv5g6teNnQTmhlhhBUvJLX7AQY5ZGvSVyFjaqQSsNCkIZ5LnFEX2+3szVIUOvPF/YL3w89nn71f9iQezA2hdp3XY5cHf5fr1xrzewxPM65QMj6lhrypK4RzIOFDjeH27nHysPh7XgXQyX8HCejsyx1Ach7oMhaFhqzlq7+3vHLVdXxy7PktxXaXZ77vJYejmRd2fyYat5mi7d9DMM0rUdX2WervmKGhVioqxgpPzkjH9N2uEj5HA5E4WmFAkKRZkhGiOpcpIcyN5RplCPSv2azGqtQsq1eI3bhR0LkkCAAA=[0mRunning com.rackspace.search.elasticsearch.client.ElasticSearchClientTest
[8mha:AAABdh+LCAAAAAAAAACFjs9Kw0AQxsdoNXjUmyCsiHopSaqx1raXmiYiRA+2itLT2q4xmiZxdyMBwefxoC/jG3gqIr6Du/lTEQ/OHPbH7PfNfC9fUGEUNm+SEYtCLQ4Szw+ZhkPmD6MgolpHkCXpJOIE8ppRQHFBzQTHOOaw5eZ+vfDrU78+9Qthy4W5EeaYw5J7ix+wHuDQ03uc+qHXSimsFCmGUciigGhW/v6+DGksAm/8H1gc/HxWo/fL3kSB2QFUrrws7PLg73Hxey1/7+EJ5kXKEI+JZCWNE1o6NOnQCsfr2/nkY/XxMAskkqkcFtZNS7YkxzFESTIMyfmsJLPe2D4wS53jlLqcnKwSeV8tNxtGuc/q/myWnM9Kqtn7xT45sbqlLid7VzaHSsoJHXO46BPGGaJJ2ET1KnKwHySUsCYyqsimNKICa1XUu/PjmIyycd8fE0QCHDM5qJnaXmMHMTJE7XYbOZ0j9+zUXlv8BiYBd0FXAgAA[0mTests run: 6, Failures: 0, Errors: 1, Skipped: 0, Time elapsed: 14.783 sec <<< FAILURE!
[8mha:AAABMR+LCAAAAAAAAACFjrFOwzAQhq+BQMQIGxITAjY7oIBAnSBtWAJLJSTUybQhBKV2cJwqEhLPw9C+DG/AVCHEO+CL4yLEwN3gT+f/v/tnX+CWEvYfqnEpOCnyKs14SRgvs5HIhSTnmkKka6ESMNVxwInBawRXrFBwEBs/bf106adLvxZ2Y1gdM8UUbMaPbMpoznhKB0pmPO3WErbbFCPBS5EnJDTv78tQFzrw3v+B9cHPV0+83w4WDqwMwb1Lm7Bbw7/H9e89/j7BC6zplJxNEmSnLippHQQdpHXM324WHzvPl00gncxTsL4bhNhIUeTrQvJ9ZDOzFJycHl0EVhdFVmcoaqrC+57d7Pt2X9j72YxsZpYO+2ftPpyEPasz1D/GVuDWKpETBZ2Nbxim58gAAgAA[0m
[8mha:AAABOR+LCAAAAAAAAACFjsFKxDAQhsdqtexRb4IgiHpLq1RR96TdrZfqwQVB9hR3a610k5qkUhB8Hg/6Mr6Bp0XEdzDTNCviwZlDPib/P/O/fIErBWzdVmPJGSmLKsuZJJTJfMQLLsixpgjpnKsUTM054CTgNYIzWirYTozfb/3+zO/P/FrYTWBhTBVVsJzc0QfqF5Rl/kCJnGXdWsBqm2LEmeRFSiLz/r4MdakDb/4fWB/8fPb4+9Vg6sD8ENzrrAm7Mvx7XP/e4O89PMGiTsnoJEV26rIS1kHQQVrH69vl9GPt8bQJpJN5CpY2wggbKY4DXUhBgGxmlsL9g92T0Ori2OoMxU1VeN+zm4PA7ot6P5uRzczSTv+w3YeTqGd1hvp72ArcWqVioqBzkcqqUHL9qPMNuwXJUgkCAAA=[0mResults :
[8mha:AAABMR+LCAAAAAAAAACFjrFOwzAQhq+BQMQIGxITAjY7oIBAnSBtWAJLJSTUybQhBKV2cJwqEhLPw9C+DG/AVCHEO+CL4yLEwN3gT+f/v/tnX+CWEvYfqnEpOCnyKs14SRgvs5HIhSTnmkKka6ESMNVxwInBawRXrFBwEBs/bf106adLvxZ2Y1gdM8UUbMaPbMpoznhKB0pmPO3WErbbFCPBS5EnJDTv78tQFzrw3v+B9cHPV0+83w4WDqwMwb1Lm7Bbw7/H9e89/j7BC6zplJxNEmSnLippHQQdpHXM324WHzvPl00gncxTsL4bhNhIUeTrQvJ9ZDOzFJycHl0EVhdFVmcoaqrC+57d7Pt2X9j72YxsZpYO+2ftPpyEPasz1D/GVuDWKpETBZ2Nbxim58gAAgAA[0m
[8mha:AAABPh+LCAAAAAAAAACFjsFKxDAQhsdqtXhTb4JQEPWWVqmi7mntbr1ULyuC7CnuxlrpJjVJpSD4PB70ZXwDT4uI72DSNCviwZlDPib/P/O/fIErOGzfVmPBKCqLKsupQJiKfMQKxlFXUazpnEkCpuYccFLwGsEZLiXspMYftP5g5g9mfiXspLAwxhJLWE3v8AMOCkyzYCB5TrNOzWG9TTFiVLCCoNi8vy9DXarAW/8HVgc/nz32fjWYOjA/BPc6a8KuDf8eV783+vcenmBRpaR4QjQ7dVlx60DagVrH69vl9GPj8bQJpJJ5EpY2o1i3piQJVWkKQ81mZik6ONw7iawuSazOUNJUpe97dnMY2n1x72ezZjOztNs/avfpSdyzOkP9fd0S3FoSPpGwckGEFH5OfcI548f+8jed6nxoEAIAAA==[0mTests in error: 
[8mha:AAABiR+LCAAAAAAAAACFkc0uBEEUha9hmFiyk0gqEYZNdZMhfla0aZthMyIRC6mpKT1NTVWrui0jEgtPY8HLeAMrEfEOuvqHiIVbi/7q1D33nqSfPqFuDSwN0r7ViiYyjWJlKVM25lpqQ3czChwdaRRQ1FgNah1o5A2HLEFodgq/V/q9b7/37c8adzow0WfIEGY6l+yGeZKpyOuiiVW0MzIwV6bgWlktBQ2K7+/NMEqywIv/B84Wfjw29Otp960G42dQ70V52Nmzv8uz1wv3eg33MJmlVGwoHNdGSWoqB3UOWjqeX07e3ufvDvJAWbIGwtRCK3DHURj6WTnyfceFVlFrY3Ntr1X1hWHVV1CYV+r2N6rJvl/NC/Z/JjsutIpW21vlPKcE+1VfQe11dxDqIxRmiPBASKItkl4qr4j7M8tcD6lh/MomjAtqBTN8QIVkFmNe3riMhULaLsRuLga5diwsrmyTgCmlkUQCSWJ0Igzekua51anhokm0IiqVkujepeA4/QVtJCAwgQIAAA==[0m  post bulk data(com.rackspace.search.elasticsearch.client.ElasticSearchClientTest): Cannot get property '_source' on null object
[8mha:AAABMR+LCAAAAAAAAACFjrFOwzAQhq+BQMQIGxITAjY7oIBAnSBtWAJLJSTUybQhBKV2cJwqEhLPw9C+DG/AVCHEO+CL4yLEwN3gT+f/v/tnX+CWEvYfqnEpOCnyKs14SRgvs5HIhSTnmkKka6ESMNVxwInBawRXrFBwEBs/bf106adLvxZ2Y1gdM8UUbMaPbMpoznhKB0pmPO3WErbbFCPBS5EnJDTv78tQFzrw3v+B9cHPV0+83w4WDqwMwb1Lm7Bbw7/H9e89/j7BC6zplJxNEmSnLippHQQdpHXM324WHzvPl00gncxTsL4bhNhIUeTrQvJ9ZDOzFJycHl0EVhdFVmcoaqrC+57d7Pt2X9j72YxsZpYO+2ftPpyEPasz1D/GVuDWKpETBZ2Nbxim58gAAgAA[0m
[8mha:AAABVh+LCAAAAAAAAACFjkFLwzAUx5/VafGoN0EoiHoZbVem6HbSbvVSvUwE2SmusVa7pCapFAQ/jwf9Mn4DT0PE72DSNBPx4Mshv7z8/+/9X76gxRns3JQJp8Qt8jLNCHcR4dmE5pS5R5JCRWdUYNC1YIEVg10LTlEhYDfWfq/xe3O/N/dLYT+GpQQJJGAtvkUPyMsRSb2RYBlJ+xWDjSbFhBJOc+yG+v69GapCBt7+P7Bc+Pls0/fL0cyCxTG0rtI67Pr473L5e61+7+EJlmVKgqZYsVUVJTMOVzncxvH6djH72Hw8qQPJZLaAla1uqI6iKPJlKfJ9xbpnqLt/EBx3jS6KjE5TVFep9ttmsu+beeHgZ7Ji3TPUGR4281QnHBidpuGeOgJalcBsKiA4x1xwh5Wk5wR+24lQlpcM854jH0PGKJPYaTuju6wocCLbq9+sLQGNMQIAAA==[0mTests run: 20, Failures: 0, Errors: 1, Skipped: 0
[8mha:AAABMR+LCAAAAAAAAACFjrFOwzAQhq+BQMQIGxITAjY7oIBAnSBtWAJLJSTUybQhBKV2cJwqEhLPw9C+DG/AVCHEO+CL4yLEwN3gT+f/v/tnX+CWEvYfqnEpOCnyKs14SRgvs5HIhSTnmkKka6ESMNVxwInBawRXrFBwEBs/bf106adLvxZ2Y1gdM8UUbMaPbMpoznhKB0pmPO3WErbbFCPBS5EnJDTv78tQFzrw3v+B9cHPV0+83w4WDqwMwb1Lm7Bbw7/H9e89/j7BC6zplJxNEmSnLippHQQdpHXM324WHzvPl00gncxTsL4bhNhIUeTrQvJ9ZDOzFJycHl0EVhdFVmcoaqrC+57d7Pt2X9j72YxsZpYO+2ftPpyEPasz1D/GVuDWKpETBZ2Nbxim58gAAgAA[0m
[8mha:AAABzh+LCAAAAAAAAACFjkFv0zAYhk2hUHGEGxNSJQQcKiUZSli3aYfETcbatGuTtVAiDm7qpimJ0yZOiUDi93CA237J/gGnCSH+A3ZSDyEOfJblR5/f9/ver79APUvBs2U+zxIiraM8CEkmIZKFfhIlqaQzgpwGCcWgqls1ULNBoxT00ZqC53bll3d++cYv3/iZ8NgGd+aIIgoe2Cu0RXKESCC7NA1JcFyk4NEuhZ+QLImwBKv3782gWLPAT/8fmC38+aWRfJ+61zVw2wP1WVCGfej9u5z9LvjvBnwGd1lKgmLMuVas81Q4JO6Qdo5vV5PrH48/nZaBWLIGBfeeqJAfTpalsOKkKJyrniD1ZfuFoQqdZQldRVZZOd/fEJMVRcyDnT+TOVc9Qfvm4W4e78CO0FVkavxQUC8oTmMKLve8drxERzqrqdGyoS7KmLU1ZNBZeDZy49WgN1aHSmvbtU013w+2wxUu7M5k+LGYm/lyOtGchaa9xe/PI//A6ZFh79XBWdE3RmN/FBjz1yPSPXxDuq2LTe73k7HZO3WhbiL3g67DbGDBzbTceXKy5ymxZzrOufOuebHEKW4idinOaHOBwihPcSbd/w11MQtXswIAAA==[0m[8mha:AAAAYB+LCAAAAAAAAABb85aBtbiIQSmjNKU4P0+vJLE4u1gvPjexLDVPzxdEuhYV5Rf55ZekOlc7RKnPKH7IxMBQUcQgBdWQnJ9XnJ+TqucMoUEKGSCAEaSwAACsNFCqYAAAAA==[0m[ERROR] There are test failures.
[8mha:AAABMR+LCAAAAAAAAACFjrFOwzAQhq+BQMQIGxITAjY7oIBAnSBtWAJLJSTUybQhBKV2cJwqEhLPw9C+DG/AVCHEO+CL4yLEwN3gT+f/v/tnX+CWEvYfqnEpOCnyKs14SRgvs5HIhSTnmkKka6ESMNVxwInBawRXrFBwEBs/bf106adLvxZ2Y1gdM8UUbMaPbMpoznhKB0pmPO3WErbbFCPBS5EnJDTv78tQFzrw3v+B9cHPV0+83w4WDqwMwb1Lm7Bbw7/H9e89/j7BC6zplJxNEmSnLippHQQdpHXM324WHzvPl00gncxTsL4bhNhIUeTrQvJ9ZDOzFJycHl0EVhdFVmcoaqrC+57d7Pt2X9j72YxsZpYO+2ftPpyEPasz1D/GVuDWKpETBZ2Nbxim58gAAgAA[0m
[8mha:AAABmR+LCAAAAAAAAACFkc9qGzEQxqdOnSw9trdAQFDSnrLaBLck5NSuvbm4peC0UHyS7fFa9lraSLOuIZBjnyWH5GX6BjmZUvoOlfaPQ+mho4N+jOb75gPd/Ya2NfBqVkysVmGeFalUNhTKyrHOtAnfOYo9fdSEUNWTFrT6EJQDH0RO8Lpf6Xmt51s93+rd4Hkfnk4ECYLn/blYCZ4JlfIBGanS87WB/TrFWCurMwzj6v57M6xzF/jw/4Hdwl+3gX74Oti0YGcI7VFahn0x/He5e5361yu4gV2XUoklem6t88I0itArwlpx/+PL5ufB9UUZyCULCPZedmJ/PCVJ5MpTFHmueg113p6evO80c0nSzFWUlFX4/UHjHEWNX9x9dPZc9Ro67p3Vfr4Td5u5inpv/CForwnNkuD7pwyFRWZwioaRZnwlDM/kiM9RLfxHzvXI8ssBCjOesSP2WUlil2jJ8m/aLGwuxsgtmpV0NwmTInFbODtp8Mhgrg1ZNtXOe4ZMqolcyUkhMkbOwm21RUY2fPYHbrQpiYUCAAA=[0mPlease refer to /var/lib/jenkins/jobs/TSearch - Unit Tests/workspace/service/target/surefire-reports for the individual test results.
[8mha:AAABTR+LCAAAAAAAAACFj8FKxDAQhsdqtXjUmyCsiHprq6yi7GntbkWte7AgyOIhtrGudJOapFIQfB4P+jK+gadFxHcwaZoV8eDkkI/J/8/8efkCmzPYvC1TTolb5GU2ItxFhI8SmlPmdiUFigZUYNA1Y4EVgVMLzlAhYCvSfq/xe1O/N/VLYSeCuRQJJGApukMPyMsRybxYsBHJOhWDlSZFQgmnOXYDff/eDFUhA2/8H1gu/Hx26PtlPLFgdgj2dVaHXR7+XS5fb9TrPTzBvExJ0BgrtqqiZMbhKofbOF7fLiYfq49HdSCZzBGwsN4O1FEUhr4sRb6vWPcMtff2dw7bRheGRqcprKtU+x0z2ffNvKD3M1mx7hna7h8081Qn6Bmdpv6uOgLsSmA2FrA2POkPTo8H8VXrHCeUpfJnLYG5aDHMy1zwxW9i5kciIAIAAA==[0m[JENKINS] Recording test results
[8mha:AAABOR+LCAAAAAAAAACFjsFKxDAQhsdqtXjUmyAIot7SKlWUPbndrQh1PSwIUjzE3Vor3aSmqRQEn8eDvoxv4GkR8R3MNM2KeHDmkI/J/8/8L19glwK2b6txyRkp8irNWEkoK7MRz7kgx4oCpAGXCeias8CKwGkEZ7SQsBNpv9v63ZnfnfmVsBPBwphKKmEluqMP1M0pS92hFBlLO7WAtTbFiLOS5wkJ9Pv7MtSFCrz1f2B18PPZ4e+Xw6kF8zHY12kTdjX+e1z93uDvPTzBokrJ6CRBtuqiEsZB0EFax+vbxfRj/fGkCaSSORKWNv0AGykMPVVInoesZ4b8g8O9rm90YWh0msKmKrzvmM2eZ/YFvZ/NyHpmaLd/1O7DSdAzOk39fWwJdi0TMZHgxKeD8PxqY/kbaqkK+wcCAAA=[0m[INFO] 
[8mha:AAAB4R+LCAAAAAAAAACFkctu00AUhodAIGIJOyokS6hcFPmS4FCTqhLxJLbSmsRVwCK1upg4jmPXl2CPjQMSz8MCXqZvwKpCiHdgxs4UIRacWfibM+c//y/56y/QzFLweJ0vsyQWNmHu+XEmoDjznSRMUmFACFKaJNgFdd1ogIYBWtXAa7TB4IlR68WdXrzWi9d6MnhogFtLhBEG94wAFUgMUeyJM5z6sXdYpuDBLoWTxFkSugKsv387g3JDAu//PzAx/PmllXyfz64a4KYNmguvCnvf/tecvK7o63vwGdwmKWMUuZQb5SZPmUKgCmGn+HZpXf14+EmvApFkLQzuPJIhPZQ0TSJFSZIo1z1G8gulq8psTtPYXE1aVTn1b7HNksT2weGfzZTrHqPO6OVuH+3AIZuradSjB4Nmid00wuDSHk+06Tm3ZyvRGvUHpOZq24ADVupC6SEVL/zx6SwKJidvZVNqF8fGSM47XmEGbmkMLfNjuRzpRRGdtd8d9M7cCyOcWqviTeAomnnsId33x/oJ8vWeuVXkYutYw04MB53ZlhgEEGrqKbS6B9NgXnkeHe3ZUsTzPBehwo35Dyjl69/c7wrP++TKPV26K5SHmL49415xmYtSZ80Rzd3fxh2x6NECAAA=[0m[INFO] [8mha:AAAAYB+LCAAAAAAAAABb85aBtbiIQSmjNKU4P0+vJLE4u1gvPjexLDVPzxdEGvvmZ+X75ZekLlOVfvTjc8FPJgaGiiIGKaiG5Py84vycVD1nCA1SyAABjCCFBQCV27OjYAAAAA==[0m--- maven-war-plugin:2.3:war (default-war) @ search ---
[8mha:AAABSB+LCAAAAAAAAACFkMFKxDAQhsdqtXjUiwjCgqi3tkoVZU9rdytCXYUFQYqHbLfWajeJaaoFwefxoC/jG3haRHwHk6ZZEQ9ODvmY/P/MT16+wCwYbF6Xo4Jgm+ZlmuHCRrjIYpITZncE+ZL6hCegasYAIwSrFpwgymErVH6n8TtTvzP1C2E7hLkR4ojDUniD7pGTI5w6A84ynLYrBqtNipjgguSJ7av792aoqAi88X9gsfDz2SLvF4OJAbMRmMO0Drsc/V0uXq/k6x08wbxIidE4kWxUtGTaYUuH3The384nH2uPR3UgkczisLDu+fJICgJXlCTXlax6mry9/Z1DT+uCQOsUBXWVcr+lJ7uunud3fyZLVj1N272DZp7s+F2tU9TblYeDWfGEjTmsRMf94PSydYbiWyT+MW09JENE6eI3T7JTuRcCAAA=[0m[INFO] Packaging webapp
[8mha:AAABmB+LCAAAAAAAAACFkc1Kw0AUha/VanCpO0EIiLpqJpUqiqsajQq1CqmChCKTdkzTpjNxZvoDgisfxoW+jG/gqoj4Ds4kjSIuvLOYjzvn3HtCnj+hKDhsdAZtwaiVxIMwosLCVEQtFjNuVRU5mupMEshqpgCFGhip4AwnEjZrmR9N/ejbj779Srhfg7k2lljCUq2LhxjFmIbIkzyi4f6Yw8o0RYtRwWJiOdn9ezOMExV4/f/AauHHk8Herr1JAWZ9KAZhGnbZ/7tcvd7q1zt4gHmVkuI+0VwYJwOeOyztsKaOl9eryfvq/XEaSCUzJCysVRx9NLmurUqTbWvOejlVdna3Diq5znVzXUZuWgO938gn23Y+zzn8maw56+VUPtqbztMd5zDXZXS0rY+E4lgS3pfw6J/W3fOmWRWC9INYfZc5IgFOEtMXBPNWp2lG1PTREHMURwHqEtrTv7fLAoEaXioxS+YljaTZIEIKNGK8JxLcIkgQPozULTEPiUTZvJJtlS37JiiXvHr1wjs5bzQXvwBJJc0KgwIAAA==[0m[INFO] Assembling webapp [search] in [/var/lib/jenkins/jobs/TSearch - Unit Tests/workspace/service/target/search-0.1.0_b1-SNAPSHOT]
[8mha:AAABSh+LCAAAAAAAAACFj8FKxDAQhsdqtXjUm6AURL21Vaooe9LuVoS6CguCFA+xW2uXblKTVAuCz+NBX8Y38LSI+A4mTbMiHpwc8jH5/5k/L19gMgqbt9WQEeyURZXlmDkIszwhBaHOoaBAUp/wFFTNGGBEYDWCU1Ry2IqU32397tTvTv1C2Ilgbog44rAUjdA9cguEM3fAaY6zTk1hpU2REMxIkTqBun9vhroUgTf+DywWfj5b5P1yMDFgNgbzOmvCLsd/l4vXG/l6B08wL1JiNE4lG3VZUe1wpMNpHa9vF5OP1cfjJpBIZnFYWPcDeSSFoSdKkudJVj1N/t7+zpGvdWGodYrCpiq539KTPU/PC7o/kyWrnqbt3kE7T3aCrtYp6u3Kw8GseUrHHNbik354dmWfU5KkjIl/2Q+I2iUlozThi9+LL6nHHQIAAA==[0m[INFO] Processing war project
[8mha:AAABVB+LCAAAAAAAAACFkc1KxDAUha/V0eJSd4JQEHXXVp3xh1lpZypCHRcDipRZpDOxVtqkNqkUBJ/Hhb6Mb+BqEPEdTJpmRFx4s8jHzTn3HsjLF7RYAVu35YRRYudpGSeE2YiwZExTWtjHgjxJA8oxqJozwAjArAXnKOewHSi/0/idmd+Z+YWwG8DCBHHEYSW4Qw/ISRGJnSEvEhJ3qwLWmhRjShhNse2p+/dmqHIRePP/wGLh57NJ36+HUwPmQ2hFcR12Nfy7XLzeyNd7eIJFkZKgDEs2qrwstMOWDrtxvL5dTj/WH0/rQCKZyWFpo+3JI8n3XVGSXFey6mlq7x/unrS1zve1TpFfVyn3m3qy6+p5Xu9nsmTV07TTP2rmyY7X0zpF/Y48HFoVx0Um/i08G/gXI+sKRyjPLcQYzqIUT6yEWOFe58DKGB6z0fI3Opz3VSYCAAA=[0m[INFO] Webapp assembled in [357 msecs]
[8mha:AAABjx+LCAAAAAAAAACFkc1KAzEUha/VanGpO0EYEHXVZCpV/Fm1044KtQpTBSkiaRvHacdkTDK1IPg8LvRlfANXIuI7mMyPIi68WeRLcs69Z5inTyhKAWvX8UByhqIw9gMmEWEy6POQC1TT5Bhqc0UhrakCFFpQSgRHJFKw3kr9OPPjbz/+9mvhXgtmBkQRBQutIRkTHBLmY0+JgPl7EwFLWYo+Z5KHFDnp/nsyTCIdePX/wHrgx2OJv557bwWY7kKx5ydhF7t/h+vXK/N6Cw8wq1MyckMNFyZRLHIHMg6UOZ5fzt7el+/3k0A6WUnB3ErVMcuQ69q6DNm24fQup+rW9ka9mutcN9el5CYVm/mlvLNt5/2cxk9nw+ldTpXmTtbP3DiNXJdSc9MsBcWJouJGwbh72HaPL6x6HIQD/VXWHRG7Fh4TgcOgh4eUjczfHPKexB2PEtG/tsrWKQuU1aFSSXzHxUhGpE+xpGIc6F0R4VOlj0ZctlEF2Ze9Stlr1068g+MO0hPmvwCmAi2MdQIAAA==[0m[INFO] Building war: /var/lib/jenkins/jobs/TSearch - Unit Tests/workspace/service/target/search-0.1.0_b1-SNAPSHOT.war
[8mha:AAABOR+LCAAAAAAAAACFjsFKxDAQhsdqtXjUmyAIot7SKlWUPbndrQh1PSwIUjzE3Vor3aSmqRQEn8eDvoxv4GkR8R3MNM2KeHDmkI/J/8/8L19glwK2b6txyRkp8irNWEkoK7MRz7kgx4oCpAGXCeias8CKwGkEZ7SQsBNpv9v63ZnfnfmVsBPBwphKKmEluqMP1M0pS92hFBlLO7WAtTbFiLOS5wkJ9Pv7MtSFCrz1f2B18PPZ4e+Xw6kF8zHY12kTdjX+e1z93uDvPTzBokrJ6CRBtuqiEsZB0EFax+vbxfRj/fGkCaSSORKWNv0AGykMPVVInoesZ4b8g8O9rm90YWh0msKmKrzvmM2eZ/YFvZ/NyHpmaLd/1O7DSdAzOk39fWwJdi0TMZHgxKeD8PxqY/kbaqkK+wcCAAA=[0m[INFO] 
[8mha:AAAB5R+LCAAAAAAAAACFUc1u00AYXFICEUe4USFZQtCiyD+JHGpSVSLexFZak7gKWKQWh42zdez6J7XXlgMSz8MBXoYzF04VQrwDu3YchDgwe9jRtzPfjLSff4FmmoCnq2yZxpGwDjLXi1IBRannxEGcCAPKIGOTmGBQ4VYDNAzQKgWv0JqAA6Pyi1u/uPOLOz8VHhvg9hIRRMB9w0c5EgMUueKMJF7kHhcJeLht4cRRGgdYgNX9dzIo1rTwk/8XpoE/P7Xi7/PZTQPs2aC5cMuyD+x/w+nrJXu9Bh/BHdoyQiFmvFGss6R2CMwhbB1fvlo3Px590MtCtFmLgLuPZcgOY5omUTAmSYxXs5rJz5WuKtc6Tat1FdNKZCy/VW+WpHofHP7ZzHg1q1ln9GK7j03gsNZVbNRjh4BmQXASEvDNHk+06Ttu31bCFeoPKOZq24CDGupC6SGVLLzx+Sz0J2dvZFNq56fGSM46bm76uDCGlvm+WI70PA8v2m+Pehf4ygim1mX+2ncUzTx1ke55Y/0MeXrP3ChyvnGsYSeCg85sQwN8CDX1HFrdo6k/LzNPTvZtKeR5ngtRjiMepSkOF8GGr/663xW6/ZR+QYC5wxBd4Z3gGfeSSzFKnBVH3fd+A9IogSbbAgAA[0m[INFO] [8mha:AAAAYB+LCAAAAAAAAABb85aBtbiIQSmjNKU4P0+vJLE4u1gvPjexLDVPzxdEGvvmZ+X75ZekLlOVfvTjc8FPJgaGiiIGKaiG5Py84vycVD1nCA1SyAABjCCFBQCV27OjYAAAAA==[0m--- maven-assembly-plugin:2.2:single (make-assembly) @ search ---
[8mha:AAABjR+LCAAAAAAAAACFkcFKAzEQhsdqtXjUmyAsiHpys0oVtSfddkVYK9gqSPGQbmO77W6yJmldEfo8HvRlfANPRcR3MOluFPHg5JCPmfln/pDnTygKDhu9YUcwaifRsBtSYWMqwoBFjNtHilxNdSYJZDFTgIIPpWnDGU4kbPqZHuV69K1H33rVWPFhroMllrDk9/EIowjTLmpIHtJuJeWwkrsIGBUsIrab3b83Q5oow+v/G1YLP55K7O26MSnAbAuK7e7U7HLr73JVvdXVOxjDvHJJcUw0F9JkyI3C1go7V7y8Xk3eVx9PpoaUs5KEhbWyq48mz3NUaHIczVnOUHlvf+e4bPo8z/Rl5E1jqPeXzGTHMfPc6s9kzVnO0HbtIJ+nM27V9GVU29VHQjGVhMcSxq3Tund+Y10Q3FGPsrAQJG5HD1aHiICHiWT80EIjzFEUtlGf0IH+3D5rC9RsEMyDnrVlXdJQWk0ipED3jA9EggOCBOGjUN88QDEOKTKjVUXr7DSOFr8AK0Yokn0CAAA=[0m[INFO] Reading assembly descriptor: /var/lib/jenkins/jobs/TSearch - Unit Tests/workspace/service/src/main/assembly/search.xml
[8mha:AAABkR+LCAAAAAAAAACFkdFKwzAUho/T6fBS7wShIOrVkk6mqLvSblVhTqFTkCGSbbF265KapHMg7Hm80JfxDbwaIr6Dydoq4oUnF/mS/P85f+nzJ+SlgI27uCs5Q1EY+wGTiDAZdHjIBTrQ5BhqcEUhqZkc5OpQmApOSaRgs574cerH33787dfCSh3mukQRBUv1HhkSHBLmY0+JgPmVkYCVNEWHM8lDipxk/z0ZRpEOvP5/YD3w46nA3668SQ5mW5Bv+9Owy62/w/XrrXm9hzHM65SMDKjh3CiKReZAxoFSx8vr5eR99fFoGkgnKyhYWCs7ZhlyXVuXIds2nNxlVN7Z3TosZzrXzXQJudOKzfxC1tm2s35O9aez4eQuo1JtL+1nbpxqpkuotm2WgvxIUTFQMG6dNNyza+swDsKu/iqrR8S+hYdE4DBo4x5lffM3e7wtcdOjRHTurKJ1wQJlNalUEj9w0ZcR6VAsqRgGeldE+FTpoxEXbVRC9k27VPQaB+fe8VmzmOqQnrT4BYnsG2B9AgAA[0m[INFO] Building jar: /var/lib/jenkins/jobs/TSearch - Unit Tests/workspace/service/target/search-0.1.0_b1-SNAPSHOT-service.jar
[8mha:AAABPh+LCAAAAAAAAABb85aBtbiIQS2jNKU4P0+vIKc0PTOvWC8xrzgzOT8nv0jPEchyBrH88ktSGSCAkYmByYeBA6zAN7GghEHdB6JfH6pfH65fH64fqNDah4ElJbEksYRByCcrsSxRPycxL10/uKQoMy/duqKIQQrqiuT8vOL8nFQ9ZwiNajNDRQHQwaqEHQy08PUKjvyHkcHPmRiYoxlYk9LBjhWOxrQcKJsGki1kqGNgA7oyLzE3FcRmqigoLYLp0APp0IPqWHsp7PlL2Wp3sIOALuMoYWBXNnEGQRDLzc0ACEAsAwMQGyIGY5mYWRg5mcDUubnB1EFYbmBQCrKfA2aygQHMPGcXhMkgNkQMxjJ0tYSaBxJxdoGpg7BcTUGwhIG1oiS1KLeEISDa08/NP1ZBl0qACwBzBPd0TwIAAA==[0m[INFO] ------------------------------------------------------------------------
[8mha:AAABRh+LCAAAAAAAAACFjsFKw0AQhsdoNHhUvAhCQdRbEiWK0pPdJFKI9RAqSPCwtjFG0t002UhA8Hk86Mv4Bp6KiO/gbjZbEQ/OHPZj9v9n/pcv0MsCdu+qcUmJmWdVkpLSxKRMRzSjhXnKCQkaUBaDrAUNtACMRnCOcwZ7gfRbrd+a+625nwu7ASyNMcMM1oJ7/ICtDJPEClmRkqRbF7DZphhRUtIsNpF8f1+GOueBd/4PzA9+Phv0/SqcabAYgX6TNGHXo7/H+e+t+J3CEyzzlARPYsFanVeFcpjCYbaO17fL2cfW41kTiCczGKxsO0i0IN+3eQmybcFypsg5Oj7oOUrn+0onyW+qEvcNtdm21T7k/mwWLGeK9r2Tdp+YIFfpJHmHohnoNYuLCYONqD/wL647vWE/cDvhECEvDFe/AYw5bAIUAgAA[0m[INFO] BUILD SUCCESS
[8mha:AAABPh+LCAAAAAAAAABb85aBtbiIQS2jNKU4P0+vIKc0PTOvWC8xrzgzOT8nv0jPEchyBrH88ktSGSCAkYmByYeBA6zAN7GghEHdB6JfH6pfH65fH64fqNDah4ElJbEksYRByCcrsSxRPycxL10/uKQoMy/duqKIQQrqiuT8vOL8nFQ9ZwiNajNDRQHQwaqEHQy08PUKjvyHkcHPmRiYoxlYk9LBjhWOxrQcKJsGki1kqGNgA7oyLzE3FcRmqigoLYLp0APp0IPqWHsp7PlL2Wp3sIOALuMoYWBXNnEGQRDLzc0ACEAsAwMQGyIGY5mYWRg5mcDUubnB1EFYbmBQCrKfA2aygQHMPGcXhMkgNkQMxjJ0tYSaBxJxdoGpg7BcTUGwhIG1oiS1KLeEISDa08/NP1ZBl0qACwBzBPd0TwIAAA==[0m[INFO] ------------------------------------------------------------------------
[8mha:AAABTB+LCAAAAAAAAACFjsFKw0AQhsdoNXjUm1AIiHrbpKWV2p407YoQ66EiSPCwtjFGkt2YbCQg+Dwe9GV8A09FxHdwN5utiAdnDvsx+/8z/8sXNPIMdm+LWc4oSuMijGiOCM2jKYtZhg4FuZLGjAegaskAwwOzEpySlMOep/x27bcXfnvhF8KBByszwgmHDe+OPBA7JjS0JzyLaDgoM9iqU0wZzVkcIFe9vy9DmYrAO/8HFgc/n032fjmZG7DsQ+M6rMJu+n+Pi98b+XsPT7AqUlKSBJKNMi0y7UDSgWrH69vF/KP5eFwFEslMDmvbHVe2JIwdUZIcR7Kaaers99pHHa3DWOsU4aoKed/Umx1H73OHP5slq5mm1uig3icn7lDrFI26sjk0Sh5kCYemfzLGZ1fWOeMktniUBH2r1W/3UK/bzde/AQXHzv0cAgAA[0m[INFO] Total time: 1:28.855s
[8mha:AAABXB+LCAAAAAAAAACFjs1Kw0AUha/RanCpO0EYEHWXn/5Z25WmjQhpXVQFKS7GNqaRdCZOJhIQfB4X+jK+gasi4js4k2Qq4sJ7F/Nx55x7z8sXVBIGe9N0klBixFEahCQxMEnCMY0oM44EOZIGlPtQ1JIGmgd6LujjmMO+V/jN0m8u/ObCL4QdD1YmmGMOG94dfsBmhElgDjkLSdDJGGyVKcaUJDTyDad4f1+GLBaBd/8PLA5+Puv0/Wo412B5BJWbIA+7Ofp7XPzeyt97eIJVkZLgmS9Zy+KUKYchHUbpeH27nH9sP57kgUQyncPaTt2RLcl1LVGSLEtyMVNUb7aqx3Wlc12lK8jNK5X3dbXZstQ+p/uzWXIxU2T3Dst9cuJ0la6gXkM2h0rGfTbjYI9OB+7ZNXJDEiZTf4Iwb6M+JaiPGbJbyG62G8127QBdnDuoatm19W+HnEg4MAIAAA==[0m[INFO] Finished at: Mon Mar 18 16:56:37 UTC 2013
[8mha:AAABTB+LCAAAAAAAAACFjsFKw0AQhsdoNHjUm1AoiHpLolaN7UnTrghJPRQEKR7WNsZIuhs3G4kIPo8HfRnfwFMR8R3czWYr4sGZw37M/v/M//IFZs5g86YY55TYWVrECcltTPJkRFPK7CNBvqQ+5RGomjPACMCqBCHOOGwFyu/Ufmfmd2Z+IewEsDDGHHNYCW7xPXZSTGJnwFlC4k7JYK1OMaIkp2lk++r9fRnKTATe+D+wOPj5bNH3i8HUgPkhmFdxFXZ1+Pe4+L2Wv3fwBIsiJcGTSLJRZgXTDls67Nrx+nY+/Wg8nlSBRDKLw9J6y5ctCSFXlCTXlaxmmlr73s5xS+sQ0jpFqKpC3rf0ZtfV+/zuz2bJaqZpu3dY75MTv6t1inp7sjmYJY/YhENjeNpHZ5dNlBCcNsNoQtlDu7l7EDqeFy5/A7PJ6UEcAgAA[0m[INFO] Final Memory: 37M/88M
[8mha:AAABPh+LCAAAAAAAAABb85aBtbiIQS2jNKU4P0+vIKc0PTOvWC8xrzgzOT8nv0jPEchyBrH88ktSGSCAkYmByYeBA6zAN7GghEHdB6JfH6pfH65fH64fqNDah4ElJbEksYRByCcrsSxRPycxL10/uKQoMy/duqKIQQrqiuT8vOL8nFQ9ZwiNajNDRQHQwaqEHQy08PUKjvyHkcHPmRiYoxlYk9LBjhWOxrQcKJsGki1kqGNgA7oyLzE3FcRmqigoLYLp0APp0IPqWHsp7PlL2Wp3sIOALuMoYWBXNnEGQRDLzc0ACEAsAwMQGyIGY5mYWRg5mcDUubnB1EFYbmBQCrKfA2aygQHMPGcXhMkgNkQMxjJ0tYSaBxJxdoGpg7BcTUGwhIG1oiS1KLeEISDa08/NP1ZBl0qACwBzBPd0TwIAAA==[0m[INFO] ------------------------------------------------------------------------
[8mha:AAAByx+LCAAAAAAAAACVUd1O2zAYNR3dKi7hbtKkSGzjKrYDLQJxVUIzBqWblG7SVE3ISb3iktiZ7XSRJu15drG9DG/AFUKId8DOD9PUi2mfL3z0feec71j+dQ/aSoLXF/lUCQ6zJJ8xriDhisUiERL2DfItGglNQVUrLdAagk5JOCOZBlvDSo9qPXrUo0e9IR4MweqUaKLB+nBOFgQlhM9QqCXjs4NCgud1ilhwJRIK/er+ezMoMhP41b8Dm4V3Pzvi+lN40wJPJqAdzcqwG5Pl5Wb6xU6/gh/gqUnJSUotbhVZLhsFtApYK35ffby5ffH9TRnIJOto8Gyz69tjURBgUxZhbHHVa1B3d2/7sNvwgqDhVSgoK7f7O40zxo2ff/TH2eKq1yBvsF/72Y5/1PAqNOjZo0G70FSmemVjcjIYnb4dhZ+dvowv2MK8zEELIlHCIjSn/NJ+5lxECo1DSgzFcZ0PnGlnTJVW6JuQlyojMUWKygUzdyZSWKSJo8X/+KRimidUodioJYkrT0gy9lKVbBTlLJkqtI29HRfvuN7eubfr9nou9hApg9NlLaq1GHoQn0eeG47678Pjd+N64C4NoEm/9gDsNgRFEgMAAA==[0m[JENKINS] Archiving /var/lib/jenkins/jobs/TSearch - Unit Tests/workspace/service/pom.xml to /var/lib/jenkins/jobs/TSearch - Unit Tests/modules/com.rackspace.api$search/builds/2013-03-18_16-55-01/archive/com.rackspace.api/search/0.1.0_b1-SNAPSHOT/search-0.1.0_b1-SNAPSHOT.pom
[8mha:AAABzh+LCAAAAAAAAACVUdFu0zAU9ToKFY/whoQUicGeYjtbOw3tqcuabVAKUgoSqtDkpCZzl9rBdrpKk/Y9e9h+hj/gaUKIf8COkyFUCcT1g4+vz7nnWL7+CdpKghen5VQJDou8zBhXkHDFUpELCfsGhRaNhKbA1VoLtIagUxHekEKDzaHTo1qP7vToTm+Ie0Nwb0o00eDRcEYWBOWEZyjWkvFsbynBkzpFKrgSOYWh2/90BsvCBH7+78DG8MdVR3z7GN+2wPoEtJOsCvt4smpubj/b2y/gEtw3KTmZU4tby6KUjQJaBawVN18/3H5/enFYBTLJOho8eNYN7bIoirApizC22PUa1N3Z3drvNrwoangORVWV1r/TTMa4mRce/J5sses1KBi8rOfZTnjQ8Bwa9OzSoL3UVM71Gpq8GoxeH4/iT15fpqdsYV7moQWRKGcJmlF+Zj9zJhKFxjElhuL53nvOtDemSit0LuSZKkhKkaJywcyuicyoNkdL9jEMID5JAj8e9d/FR2/H8JxIT4v/8ZiLaZlThVIxh5Kkzg+Sgm04E5SULJ8qtIWDbR9v+8HuSbDj93o+DhCpHkVXtXVAtBLwr8kf/gJAQc13LgMAAA==[0m[JENKINS] Archiving /var/lib/jenkins/jobs/TSearch - Unit Tests/workspace/service/target/search-0.1.0_b1-SNAPSHOT.war to /var/lib/jenkins/jobs/TSearch - Unit Tests/modules/com.rackspace.api$search/builds/2013-03-18_16-55-01/archive/com.rackspace.api/search/0.1.0_b1-SNAPSHOT/search-0.1.0_b1-SNAPSHOT.war
[8mha:AAAB0h+LCAAAAAAAAACVUdFu0zAU9QqFikd4Q0KKNDaeYjtbOw3tYSpZw2ClIKUgoQpNTmoyd6kdbKdUQuJ79gA/sz/Y04Sm/cPsOBlCfQCuH3xyfc495yo/rkFbSbB5Uk6V4LDIy4xxBQlXLBW5kLBvUGjRSGgKXK21QGsIOhXhDSk0eDZ0elTr0a0e3eoNcW8I7k6JJho8HM7IgqCc8AzFWjKe7S0leFynSAVXIqcwdPefzmBZmMAbfw9sDK/OOuLiY3zZAncmoJ1kVdhHk1Vz8/rZvn4B38E9k5KTObW4tSxK2SigVcBa8fP8w+WvJ99eVoFMso4G99e7oT0WRRE2ZRHGFrteg7o7u1svug0vihqeQ1FVpfXvNJMxbuaFB78nW+x6DQoGz+t5thMeNDyHBj17NGgvNZVzvbY/eT0YHb0axZ+8vkxP2MJs5qEFkShnCZpRfmp/5kwkCo1jSgzF8733nGlvTJVW6KuQp6ogKUWKygUztyYyo9p8WrKPYQDxcRL48aj/Lj58O/ZrHpwR6WnxP15zMS1zqlAq5lCS1PlCUrCnzgwlJcunCm3hYNvH236wexzs+L2ejwNEquXoqrYOilaC/tMGD24AP4nw3D4DAAA=[0m[JENKINS] Archiving /var/lib/jenkins/jobs/TSearch - Unit Tests/workspace/service/target/search-0.1.0_b1-SNAPSHOT-service.jar to /var/lib/jenkins/jobs/TSearch - Unit Tests/modules/com.rackspace.api$search/builds/2013-03-18_16-55-01/archive/com.rackspace.api/search/0.1.0_b1-SNAPSHOT/search-0.1.0_b1-SNAPSHOT-service.jar
[8mha:AAABUx+LCAAAAAAAAACFkUFLwzAUx5/VafGoN0EoiHpLq0xRdnLdKkj1MlBkp9h1XbVLappKQfDzeNAv4zfwNET8DuY1zUQ8mBz64+X/f++f9OULWoWAnUk5KjgjeVYmKSsIZUUa8YwLcqLIR7rgMga9FiywQrBrwTnNJeyG2u82fnfud+d+JeyEsDSikkpYC2/pA3UzyhJ3IEXKkk4lYKNJEXFW8Cwmvv7+ngxVrgJv/x9YDfx8tvn79WBmweIQWjdJHXZ9+He4Oh3j6T08wbJKyeg0RraqvBTGQdBBGsfr2+XsY/PxtA6kktkSVrbaPm6kIPDUQvI8ZF0z1D482u+2jS4IjE5TUK8S59ums+eZfn7vpzOyrhna6x83/bDi94xOU/8At4RWJWMxlUCuaCrVbZwxF85ZzO7UUzqSO+OUpcXEUQ+axVEtwN+2+g0wYBqzLQIAAA==[0mWaiting for Jenkins to finish collecting data
[8mha:AAABPR+LCAAAAAAAAACFjsFKxDAQhsdqtXgSvQmCIOotrVJF2dPa3XqpXhYE2VNsa7fSTWKSSkHweTzoy/gGnhYR38GkaVbEgzOHfEz+f+Z/+QJXcNib1JmgBLGqLkoiECaiTGlFOeorijRdUpmDqQUHnAS8VnCBmYT9xPj9zu/P/f7cr4S9BJYyLLGE9eQOP2C/wqTwR5KXpOg1HDa7FCklglY5isz7+zI0TAXe/T+wOvj57NH369HMgcUxuDdFG3Zj/Pe4+r3Vv/fwBMsqJcHTXLPTsJpbB9IO1Dle365mH1uP520glcyTsLITRro1xXGgSlMQaDYzS+HxyeFZaHVxbHWG4rZqfd+zm4PA7osGP5s1m5mlg+Fpt09PooHVGRoe6ZbgNjLnUwlr6QQTklfbQlLG8mz1Gz4JNyQPAgAA[0mchannel stopped
[8mha:AAABQh+LCAAAAAAAAACFkMFKxDAQhsfqavGoN0EQRL21Vaqoe9rtNl7qXqqC7Clua7fSTWqSSkHweTzoy/gGnhYR38GkaVbEg5NDPib/P/OTly/ocAa7kyrhlDhlUWU54Q4mPB/TgjKnJylQNKQiBV0LFlgR2I3gHJcC9iLtd1u/O/e7c78UdiNYSrDAAtaiO/yA3QKTzI0Fy0nWrRlstCnGlHBapE6g79+boS5l4J3/A8uFn882fb+OZxYsjqBzkzVh10d/l8vXW/V6D0+wLFMSPE0VW3VZMeNwlMNpHa9vV7OPzcezJpBMZgtY2fYDdRQh5MlS5HmKdc+Qf3R80PeNDiGj04SaqtR+20z2PDMvGPxMVqx7hvbDk3ae6gQDo9MUHqojoFOLlE3lV6Cc5HySJqdbl8P4otePwtVvvtQoJBICAAA=[0mFinished: UNSTABLE
